TpTrace Verbose: 0 : 6860, 1, 2024/04/25, 16:17:08.724, 6234956466917, testhost.dll, Version: 17.5.0 Current process architecture: X64
TpTrace Verbose: 0 : 6860, 1, 2024/04/25, 16:17:08.726, 6234956488083, testhost.dll, Runtime location: C:\Program Files\dotnet\shared\Microsoft.NETCore.App\6.0.29
TpTrace Information: 0 : 6860, 1, 2024/04/25, 16:17:08.729, 6234956518459, testhost.dll, DefaultEngineInvoker.Invoke: Testhost process started with args :[--port, 49364],[--endpoint, 127.0.0.1:049364],[--role, client],[--parentprocessid, 48368],[--diag, C:\Users\VC\codestack\GenSpark\day11\ShoppingSolution\ShoppingBLTets\bin\Debug\net6.0\fine-code-coverage\coverage-tool-output\diagnostics.host.24-04-25_16-17-08_46075_5.log],[--tracelevel, 4],[--datacollectionport, 49363],[--telemetryoptedin, false]
TpTrace Information: 0 : 6860, 1, 2024/04/25, 16:17:08.732, 6234956548726, testhost.dll, Setting up debug trace listener.
TpTrace Verbose: 0 : 6860, 1, 2024/04/25, 16:17:08.733, 6234956550868, testhost.dll, TestPlatformTraceListener.Setup: Replacing listener System.Diagnostics.DefaultTraceListener with TestHostTraceListener.
TpTrace Verbose: 0 : 6860, 1, 2024/04/25, 16:17:08.733, 6234956551316, testhost.dll, TestPlatformTraceListener.Setup: Added test platform trace listener.
TpTrace Information: 0 : 6860, 1, 2024/04/25, 16:17:08.733, 6234956553962, testhost.dll, DefaultEngineInvoker.SetParentProcessExitCallback: Monitoring parent process with id: '48368'
TpTrace Information: 0 : 6860, 1, 2024/04/25, 16:17:08.738, 6234956604604, testhost.dll, DefaultEngineInvoker.GetConnectionInfo: Initialize communication on endpoint address: '127.0.0.1:049364'
TpTrace Information: 0 : 6860, 1, 2024/04/25, 16:17:08.750, 6234956720446, testhost.dll, SocketClient.Start: connecting to server endpoint: 127.0.0.1:049364
TpTrace Information: 0 : 6860, 1, 2024/04/25, 16:17:08.760, 6234956827632, testhost.dll, DefaultEngineInvoker.ConnectToDatacollector: Connecting to datacollector, port: 49363
TpTrace Information: 0 : 6860, 10, 2024/04/25, 16:17:08.762, 6234956845147, testhost.dll, SocketClient.OnServerConnected: connected to server endpoint: 127.0.0.1:049364
TpTrace Information: 0 : 6860, 1, 2024/04/25, 16:17:08.764, 6234956864896, testhost.dll, Trying to connect to server on socket : 127.0.0.1:49363 
TpTrace Verbose: 0 : 6860, 1, 2024/04/25, 16:17:08.764, 6234956868115, testhost.dll, SocketCommunicationManager : SetupClientAsync : Attempting to connect to the server.
TpTrace Verbose: 0 : 6860, 10, 2024/04/25, 16:17:08.766, 6234956883109, testhost.dll, MulticastDelegateUtilities.SafeInvoke: SocketClient: ServerConnected: Invoking callback 1/1 for Microsoft.VisualStudio.TestPlatform.CommunicationUtilities.TestRequestHandler., took 0 ms.
TpTrace Verbose: 0 : 6860, 10, 2024/04/25, 16:17:08.766, 6234956884418, testhost.dll, Connected to server, and starting MessageLoopAsync
TpTrace Information: 0 : 6860, 9, 2024/04/25, 16:17:08.766, 6234956883475, testhost.dll, Connected to the server successfully 
TpTrace Information: 0 : 6860, 9, 2024/04/25, 16:17:08.766, 6234956885729, testhost.dll, Using the buffer size of 16384 bytes
TpTrace Verbose: 0 : 6860, 1, 2024/04/25, 16:17:08.766, 6234956887457, testhost.dll, SocketCommunicationManager.WaitForServerConnection took: 0 ms, with 90000 ms timeout, and finished with True.
TpTrace Information: 0 : 6860, 1, 2024/04/25, 16:17:08.766, 6234956888517, testhost.dll, DefaultEngineInvoker.Invoke: Start Request Processing.
TpTrace Information: 0 : 6860, 12, 2024/04/25, 16:17:08.767, 6234956896807, testhost.dll, DefaultEngineInvoker.StartProcessingAsync: Connected to vstest.console, Starting process requests.
TpTrace Verbose: 0 : 6860, 9, 2024/04/25, 16:17:08.770, 6234956929978, testhost.dll, TcpClientExtensions.MessageLoopAsync: Polling on remoteEndPoint: [::ffff:127.0.0.1]:49364 localEndPoint: [::ffff:127.0.0.1]:49365
TpTrace Verbose: 0 : 6860, 9, 2024/04/25, 16:17:08.771, 6234956934249, testhost.dll, TcpClientExtensions.MessageLoopAsync: NotifyDataAvailable remoteEndPoint: [::ffff:127.0.0.1]:49364 localEndPoint: [::ffff:127.0.0.1]:49365
TpTrace Information: 0 : 6860, 9, 2024/04/25, 16:17:08.777, 6234956994244, testhost.dll, TestRequestHandler.OnMessageReceived: received message: (ProtocolVersion) -> {"MessageType":"ProtocolVersion","Payload":7}
TpTrace Verbose: 0 : 6860, 9, 2024/04/25, 16:17:08.961, 6234958836642, testhost.dll, TestRequestHandler.SendData: sending data from testhost: {"Version":7,"MessageType":"TestSession.Message","Payload":{"MessageLevel":0,"Message":"Logging TestHost Diagnostics in file: C:\\Users\\VC\\codestack\\GenSpark\\day11\\ShoppingSolution\\ShoppingBLTets\\bin\\Debug\\net6.0\\fine-code-coverage\\coverage-tool-output\\diagnostics.host.24-04-25_16-17-08_46075_5.log"}}
TpTrace Verbose: 0 : 6860, 9, 2024/04/25, 16:17:08.961, 6234958839084, testhost.dll, MulticastDelegateUtilities.SafeInvoke: LengthPrefixCommunicationChannel: MessageReceived: Invoking callback 1/1 for Microsoft.VisualStudio.TestPlatform.CommunicationUtilities.TestRequestHandler., took 188 ms.
TpTrace Verbose: 0 : 6860, 9, 2024/04/25, 16:17:08.961, 6234958840097, testhost.dll, TcpClientExtensions.MessageLoopAsync: Polling on remoteEndPoint: [::ffff:127.0.0.1]:49364 localEndPoint: [::ffff:127.0.0.1]:49365
TpTrace Verbose: 0 : 6860, 9, 2024/04/25, 16:17:08.962, 6234958840844, testhost.dll, TcpClientExtensions.MessageLoopAsync: NotifyDataAvailable remoteEndPoint: [::ffff:127.0.0.1]:49364 localEndPoint: [::ffff:127.0.0.1]:49365
TpTrace Information: 0 : 6860, 9, 2024/04/25, 16:17:08.962, 6234958842026, testhost.dll, TestRequestHandler.OnMessageReceived: received message: (TestExecution.Initialize) -> {"Version":7,"MessageType":"TestExecution.Initialize","Payload":["C:\\Users\\VC\\codestack\\GenSpark\\day11\\ShoppingSolution\\ShoppingBLTets\\bin\\Debug\\net6.0\\fine-code-coverage\\build-output\\NUnit3.TestAdapter.dll"]}
TpTrace Verbose: 0 : 6860, 9, 2024/04/25, 16:17:08.971, 6234958930604, testhost.dll, MulticastDelegateUtilities.SafeInvoke: LengthPrefixCommunicationChannel: MessageReceived: Invoking callback 1/1 for Microsoft.VisualStudio.TestPlatform.CommunicationUtilities.TestRequestHandler., took 8 ms.
TpTrace Verbose: 0 : 6860, 9, 2024/04/25, 16:17:08.971, 6234958931798, testhost.dll, TcpClientExtensions.MessageLoopAsync: Polling on remoteEndPoint: [::ffff:127.0.0.1]:49364 localEndPoint: [::ffff:127.0.0.1]:49365
TpTrace Information: 0 : 6860, 4, 2024/04/25, 16:17:08.971, 6234958936663, testhost.dll, TestRequestHandler.OnMessageReceived: Running job 'TestExecution.Initialize'.
TpTrace Verbose: 0 : 6860, 4, 2024/04/25, 16:17:08.974, 6234958964628, testhost.dll, TestExecutorService: Loading the extensions
TpTrace Verbose: 0 : 6860, 9, 2024/04/25, 16:17:08.976, 6234958990097, testhost.dll, TcpClientExtensions.MessageLoopAsync: NotifyDataAvailable remoteEndPoint: [::ffff:127.0.0.1]:49364 localEndPoint: [::ffff:127.0.0.1]:49365
TpTrace Verbose: 0 : 6860, 4, 2024/04/25, 16:17:08.977, 6234958993166, testhost.dll, TestPluginCache.DiscoverTestExtensions: finding test extensions in assemblies ends with: TestAdapter.dll TPluginInfo: Microsoft.VisualStudio.TestPlatform.Common.ExtensionFramework.Utilities.TestExecutorPluginInformation TExtension: Microsoft.VisualStudio.TestPlatform.ObjectModel.Adapter.ITestExecutor
TpTrace Information: 0 : 6860, 9, 2024/04/25, 16:17:08.977, 6234958993236, testhost.dll, TestRequestHandler.OnMessageReceived: received message: (TestExecution.StartWithSources) -> {"Version":7,"MessageType":"TestExecution.StartWithSources","Payload":{"AdapterSourceMap":{"_none_":["C:\\Users\\VC\\codestack\\GenSpark\\day11\\ShoppingSolution\\ShoppingBLTets\\bin\\Debug\\net6.0\\fine-code-coverage\\build-output\\ShoppingBLTets.dll"]},"RunSettings":"<RunSettings>\r\n  <RunConfiguration>\r\n    <ResultsDirectory>C:\\Users\\VC\\codestack\\GenSpark\\day11\\ShoppingSolution\\ShoppingBLTets\\bin\\Debug\\net6.0\\fine-code-coverage\\coverage-tool-output</ResultsDirectory>\r\n    <TargetFrameworkVersion>.NETCoreApp,Version=v6.0</TargetFrameworkVersion>\r\n    <DesignMode>False</DesignMode>\r\n    <CollectSourceInformation>False</CollectSourceInformation>\r\n  </RunConfiguration>\r\n  <LoggerRunSettings>\r\n    <Loggers>\r\n      <Logger friendlyName=\"blame\" enabled=\"True\" />\r\n      <Logger friendlyName=\"Console\" uri=\"logger://microsoft/TestPlatform/ConsoleLogger/v1\" assemblyQualifiedName=\"Microsoft.VisualStudio.TestPlatform.CommandLine.Internal.ConsoleLogger, vstest.console, Version=15.0.0.0, Culture=neutral, PublicKeyToken=b03f5f7f11d50a3a\" codeBase=\"C:\\Program Files\\dotnet\\sdk\\8.0.202\\vstest.console.dll\" enabled=\"True\" />\r\n    </Loggers>\r\n  </LoggerRunSettings>\r\n  <DataCollectionRunSettings>\r\n    <DataCollectors>\r\n      <DataCollector friendlyName=\"blame\" enabled=\"True\">\r\n        <Configuration>\r\n          <ResultsDirectory>C:\\Users\\VC\\codestack\\GenSpark\\day11\\ShoppingSolution\\ShoppingBLTets\\bin\\Debug\\net6.0\\fine-code-coverage\\coverage-tool-output</ResultsDirectory>\r\n        </Configuration>\r\n      </DataCollector>\r\n    </DataCollectors>\r\n  </DataCollectionRunSettings>\r\n</RunSettings>","TestExecutionContext":{"FrequencyOfRunStatsChangeEvent":10,"RunStatsChangeEventTimeout":"00:00:01.5000000","InIsolation":false,"KeepAlive":false,"AreTestCaseLevelEventsRequired":false,"IsDebug":false,"TestCaseFilter":null,"FilterOptions":null},"Package":null}}
TpTrace Verbose: 0 : 6860, 4, 2024/04/25, 16:17:08.979, 6234959012793, testhost.dll, TestPluginCache.GetExtensionPaths: Filtered extension paths: 
TpTrace Verbose: 0 : 6860, 4, 2024/04/25, 16:17:08.979, 6234959017991, testhost.dll, TestPluginCache.GetExtensionPaths: Added default extension paths: C:\Users\VC\codestack\GenSpark\day11\ShoppingSolution\ShoppingBLTets\bin\Debug\net6.0\fine-code-coverage\build-output\NUnit3.TestAdapter.dll
TpTrace Verbose: 0 : 6860, 4, 2024/04/25, 16:17:08.979, 6234959018558, testhost.dll, TestPluginCache.GetExtensionPaths: Added unfilterableExtensionPaths: 
TpTrace Information: 0 : 6860, 4, 2024/04/25, 16:17:08.981, 6234959031142, testhost.dll, AssemblyResolver.ctor: Creating AssemblyResolver with searchDirectories C:\Users\VC\codestack\GenSpark\day11\ShoppingSolution\ShoppingBLTets\bin\Debug\net6.0\fine-code-coverage\build-output
TpTrace Verbose: 0 : 6860, 4, 2024/04/25, 16:17:08.982, 6234959049974, testhost.dll, TestPluginCache.DiscoverTestExtensions: Discovering the extensions using extension path.
TpTrace Verbose: 0 : 6860, 4, 2024/04/25, 16:17:08.983, 6234959051925, testhost.dll, TestPluginCache.GetExtensionPaths: Filtered extension paths: 
TpTrace Verbose: 0 : 6860, 4, 2024/04/25, 16:17:08.983, 6234959052457, testhost.dll, TestPluginCache.GetExtensionPaths: Added default extension paths: C:\Users\VC\codestack\GenSpark\day11\ShoppingSolution\ShoppingBLTets\bin\Debug\net6.0\fine-code-coverage\build-output\NUnit3.TestAdapter.dll
TpTrace Verbose: 0 : 6860, 4, 2024/04/25, 16:17:08.983, 6234959052728, testhost.dll, TestPluginCache.GetExtensionPaths: Added unfilterableExtensionPaths: 
TpTrace Verbose: 0 : 6860, 4, 2024/04/25, 16:17:08.983, 6234959053198, testhost.dll, TestPluginCache.DiscoverTestExtensions: Discovering the extensions using allExtensionPaths: C:\Users\VC\codestack\GenSpark\day11\ShoppingSolution\ShoppingBLTets\bin\Debug\net6.0\fine-code-coverage\build-output\NUnit3.TestAdapter.dll
TpTrace Information: 0 : 6860, 4, 2024/04/25, 16:17:08.984, 6234959061068, testhost.dll, AssemblyResolver.AddSearchDirectories: Adding more searchDirectories C:\Users\VC\codestack\GenSpark\day11\ShoppingSolution\ShoppingBLTets\bin\Debug\net6.0\fine-code-coverage\build-output
TpTrace Information: 0 : 6860, 4, 2024/04/25, 16:17:08.989, 6234959111617, testhost.dll, AssemblyResolver.OnResolve: NUnit3.TestAdapter: Resolving assembly.
TpTrace Information: 0 : 6860, 4, 2024/04/25, 16:17:08.989, 6234959112999, testhost.dll, AssemblyResolver.OnResolve: NUnit3.TestAdapter: Searching in: 'C:\Users\VC\codestack\GenSpark\day11\ShoppingSolution\ShoppingBLTets\bin\Debug\net6.0\fine-code-coverage\build-output'.
TpTrace Information: 0 : 6860, 4, 2024/04/25, 16:17:08.990, 6234959127313, testhost.dll, AssemblyResolver.OnResolve: NUnit3.TestAdapter: Loading assembly 'C:\Users\VC\codestack\GenSpark\day11\ShoppingSolution\ShoppingBLTets\bin\Debug\net6.0\fine-code-coverage\build-output\NUnit3.TestAdapter.dll'.
TpTrace Information: 0 : 6860, 4, 2024/04/25, 16:17:08.991, 6234959134569, testhost.dll, AssemblyResolver.OnResolve: Resolved assembly: NUnit3.TestAdapter, from path: C:\Users\VC\codestack\GenSpark\day11\ShoppingSolution\ShoppingBLTets\bin\Debug\net6.0\fine-code-coverage\build-output\NUnit3.TestAdapter.dll
TpTrace Verbose: 0 : 6860, 9, 2024/04/25, 16:17:09.014, 6234959362475, testhost.dll, MulticastDelegateUtilities.SafeInvoke: LengthPrefixCommunicationChannel: MessageReceived: Invoking callback 1/1 for Microsoft.VisualStudio.TestPlatform.CommunicationUtilities.TestRequestHandler., took 36 ms.
TpTrace Verbose: 0 : 6860, 9, 2024/04/25, 16:17:09.014, 6234959364188, testhost.dll, TcpClientExtensions.MessageLoopAsync: Polling on remoteEndPoint: [::ffff:127.0.0.1]:49364 localEndPoint: [::ffff:127.0.0.1]:49365
TpTrace Verbose: 0 : 6860, 4, 2024/04/25, 16:17:09.019, 6234959411466, testhost.dll, MetadataReaderExtensionsHelper: Discovering extensions inside assembly 'NUnit3.TestAdapter, Version=4.4.0.0, Culture=neutral, PublicKeyToken=4cb40d35494691ac' file path 'C:\Users\VC\codestack\GenSpark\day11\ShoppingSolution\ShoppingBLTets\bin\Debug\net6.0\fine-code-coverage\build-output\NUnit3.TestAdapter.dll'
TpTrace Information: 0 : 6860, 4, 2024/04/25, 16:17:09.029, 6234959515960, testhost.dll, AssemblyResolver.OnResolve: nunit.engine.api: Resolving assembly.
TpTrace Information: 0 : 6860, 4, 2024/04/25, 16:17:09.029, 6234959517461, testhost.dll, AssemblyResolver.OnResolve: nunit.engine.api: Searching in: 'C:\Users\VC\codestack\GenSpark\day11\ShoppingSolution\ShoppingBLTets\bin\Debug\net6.0\fine-code-coverage\build-output'.
TpTrace Information: 0 : 6860, 4, 2024/04/25, 16:17:09.030, 6234959520609, testhost.dll, AssemblyResolver.OnResolve: nunit.engine.api: Loading assembly 'C:\Users\VC\codestack\GenSpark\day11\ShoppingSolution\ShoppingBLTets\bin\Debug\net6.0\fine-code-coverage\build-output\nunit.engine.api.dll'.
TpTrace Information: 0 : 6860, 4, 2024/04/25, 16:17:09.030, 6234959526143, testhost.dll, AssemblyResolver.OnResolve: Resolved assembly: nunit.engine.api, from path: C:\Users\VC\codestack\GenSpark\day11\ShoppingSolution\ShoppingBLTets\bin\Debug\net6.0\fine-code-coverage\build-output\nunit.engine.api.dll
TpTrace Information: 0 : 6860, 4, 2024/04/25, 16:17:09.033, 6234959554991, testhost.dll, GetTestExtensionFromType: Register extension with identifier data 'executor://NUnit3TestExecutor' and type 'NUnit.VisualStudio.TestAdapter.NUnit3TestExecutor, NUnit3.TestAdapter, Version=4.4.0.0, Culture=neutral, PublicKeyToken=4cb40d35494691ac' inside file 'C:\Users\VC\codestack\GenSpark\day11\ShoppingSolution\ShoppingBLTets\bin\Debug\net6.0\fine-code-coverage\build-output\NUnit3.TestAdapter.dll'
TpTrace Verbose: 0 : 6860, 4, 2024/04/25, 16:17:09.036, 6234959582506, testhost.dll, TestPluginCache: Discovered the extensions using extension path ''.
TpTrace Verbose: 0 : 6860, 4, 2024/04/25, 16:17:09.036, 6234959587318, testhost.dll, TestPluginCache: Discoverers are ''.
TpTrace Verbose: 0 : 6860, 4, 2024/04/25, 16:17:09.036, 6234959588236, testhost.dll, TestPluginCache: Executors are 'executor://NUnit3TestExecutor'.
TpTrace Verbose: 0 : 6860, 4, 2024/04/25, 16:17:09.036, 6234959588771, testhost.dll, TestPluginCache: Executors2 are ''.
TpTrace Verbose: 0 : 6860, 4, 2024/04/25, 16:17:09.036, 6234959589168, testhost.dll, TestPluginCache: Setting providers are ''.
TpTrace Verbose: 0 : 6860, 4, 2024/04/25, 16:17:09.036, 6234959589527, testhost.dll, TestPluginCache: Loggers are ''.
TpTrace Verbose: 0 : 6860, 4, 2024/04/25, 16:17:09.036, 6234959589946, testhost.dll, TestPluginCache: TestHosts are ''.
TpTrace Verbose: 0 : 6860, 4, 2024/04/25, 16:17:09.036, 6234959590297, testhost.dll, TestPluginCache: DataCollectors are ''.
TpTrace Verbose: 0 : 6860, 4, 2024/04/25, 16:17:09.039, 6234959613140, testhost.dll, TestPluginCache.DiscoverTestExtensions: finding test extensions in assemblies ends with: TestAdapter.dll TPluginInfo: Microsoft.VisualStudio.TestPlatform.Common.ExtensionFramework.Utilities.TestExecutorPluginInformation2 TExtension: Microsoft.VisualStudio.TestPlatform.ObjectModel.Adapter.ITestExecutor2
TpTrace Verbose: 0 : 6860, 4, 2024/04/25, 16:17:09.039, 6234959617960, testhost.dll, TestPluginCache.GetExtensionPaths: Filtered extension paths: 
TpTrace Verbose: 0 : 6860, 4, 2024/04/25, 16:17:09.039, 6234959619012, testhost.dll, TestPluginCache.GetExtensionPaths: Added default extension paths: C:\Users\VC\codestack\GenSpark\day11\ShoppingSolution\ShoppingBLTets\bin\Debug\net6.0\fine-code-coverage\build-output\NUnit3.TestAdapter.dll
TpTrace Verbose: 0 : 6860, 4, 2024/04/25, 16:17:09.039, 6234959619446, testhost.dll, TestPluginCache.GetExtensionPaths: Added unfilterableExtensionPaths: 
TpTrace Information: 0 : 6860, 4, 2024/04/25, 16:17:09.040, 6234959621732, testhost.dll, AssemblyResolver.AddSearchDirectories: Adding more searchDirectories C:\Users\VC\codestack\GenSpark\day11\ShoppingSolution\ShoppingBLTets\bin\Debug\net6.0\fine-code-coverage\build-output
TpTrace Verbose: 0 : 6860, 4, 2024/04/25, 16:17:09.040, 6234959622427, testhost.dll, TestPluginCache.DiscoverTestExtensions: Discovering the extensions using extension path.
TpTrace Verbose: 0 : 6860, 4, 2024/04/25, 16:17:09.040, 6234959622822, testhost.dll, TestPluginCache.GetExtensionPaths: Filtered extension paths: 
TpTrace Verbose: 0 : 6860, 4, 2024/04/25, 16:17:09.040, 6234959623147, testhost.dll, TestPluginCache.GetExtensionPaths: Added default extension paths: C:\Users\VC\codestack\GenSpark\day11\ShoppingSolution\ShoppingBLTets\bin\Debug\net6.0\fine-code-coverage\build-output\NUnit3.TestAdapter.dll
TpTrace Verbose: 0 : 6860, 4, 2024/04/25, 16:17:09.040, 6234959623533, testhost.dll, TestPluginCache.GetExtensionPaths: Added unfilterableExtensionPaths: 
TpTrace Verbose: 0 : 6860, 4, 2024/04/25, 16:17:09.040, 6234959623927, testhost.dll, TestPluginCache.DiscoverTestExtensions: Discovering the extensions using allExtensionPaths: C:\Users\VC\codestack\GenSpark\day11\ShoppingSolution\ShoppingBLTets\bin\Debug\net6.0\fine-code-coverage\build-output\NUnit3.TestAdapter.dll
TpTrace Information: 0 : 6860, 4, 2024/04/25, 16:17:09.040, 6234959624577, testhost.dll, AssemblyResolver.AddSearchDirectories: Adding more searchDirectories C:\Users\VC\codestack\GenSpark\day11\ShoppingSolution\ShoppingBLTets\bin\Debug\net6.0\fine-code-coverage\build-output
TpTrace Verbose: 0 : 6860, 4, 2024/04/25, 16:17:09.040, 6234959625477, testhost.dll, MetadataReaderExtensionsHelper: Discovering extensions inside assembly 'NUnit3.TestAdapter, Version=4.4.0.0, Culture=neutral, PublicKeyToken=4cb40d35494691ac' file path 'C:\Users\VC\codestack\GenSpark\day11\ShoppingSolution\ShoppingBLTets\bin\Debug\net6.0\fine-code-coverage\build-output\NUnit3.TestAdapter.dll'
TpTrace Verbose: 0 : 6860, 4, 2024/04/25, 16:17:09.041, 6234959633732, testhost.dll, TestPluginCache: Discovered the extensions using extension path ''.
TpTrace Verbose: 0 : 6860, 4, 2024/04/25, 16:17:09.041, 6234959634491, testhost.dll, TestPluginCache: Discoverers are ''.
TpTrace Verbose: 0 : 6860, 4, 2024/04/25, 16:17:09.041, 6234959635018, testhost.dll, TestPluginCache: Executors are 'executor://NUnit3TestExecutor'.
TpTrace Verbose: 0 : 6860, 4, 2024/04/25, 16:17:09.041, 6234959635900, testhost.dll, TestPluginCache: Executors2 are ''.
TpTrace Verbose: 0 : 6860, 4, 2024/04/25, 16:17:09.041, 6234959636322, testhost.dll, TestPluginCache: Setting providers are ''.
TpTrace Verbose: 0 : 6860, 4, 2024/04/25, 16:17:09.041, 6234959636671, testhost.dll, TestPluginCache: Loggers are ''.
TpTrace Verbose: 0 : 6860, 4, 2024/04/25, 16:17:09.041, 6234959637022, testhost.dll, TestPluginCache: TestHosts are ''.
TpTrace Verbose: 0 : 6860, 4, 2024/04/25, 16:17:09.041, 6234959637411, testhost.dll, TestPluginCache: DataCollectors are ''.
TpTrace Information: 0 : 6860, 4, 2024/04/25, 16:17:09.047, 6234959697390, testhost.dll, TestPluginManager.CreateTestExtension: Attempting to load test extension: NUnit.VisualStudio.TestAdapter.NUnit3TestExecutor
TpTrace Verbose: 0 : 6860, 4, 2024/04/25, 16:17:09.048, 6234959708243, testhost.dll, TestExecutorExtensionManager: Loading executor Microsoft.VisualStudio.TestPlatform.Common.ExtensionDecorators.SerialTestRunDecorator
TpTrace Verbose: 0 : 6860, 4, 2024/04/25, 16:17:09.048, 6234959709274, testhost.dll, TestExecutorService: Loaded the executors
TpTrace Verbose: 0 : 6860, 4, 2024/04/25, 16:17:09.050, 6234959724884, testhost.dll, TestPluginCache.DiscoverTestExtensions: finding test extensions in assemblies ends with: TestAdapter.dll TPluginInfo: Microsoft.VisualStudio.TestPlatform.Common.ExtensionFramework.Utilities.TestSettingsProviderPluginInformation TExtension: Microsoft.VisualStudio.TestPlatform.ObjectModel.Adapter.ISettingsProvider
TpTrace Verbose: 0 : 6860, 4, 2024/04/25, 16:17:09.050, 6234959726517, testhost.dll, TestPluginCache.GetExtensionPaths: Filtered extension paths: 
TpTrace Verbose: 0 : 6860, 4, 2024/04/25, 16:17:09.050, 6234959727057, testhost.dll, TestPluginCache.GetExtensionPaths: Added default extension paths: C:\Users\VC\codestack\GenSpark\day11\ShoppingSolution\ShoppingBLTets\bin\Debug\net6.0\fine-code-coverage\build-output\NUnit3.TestAdapter.dll
TpTrace Verbose: 0 : 6860, 4, 2024/04/25, 16:17:09.050, 6234959727521, testhost.dll, TestPluginCache.GetExtensionPaths: Added unfilterableExtensionPaths: 
TpTrace Information: 0 : 6860, 4, 2024/04/25, 16:17:09.050, 6234959729151, testhost.dll, AssemblyResolver.AddSearchDirectories: Adding more searchDirectories C:\Users\VC\codestack\GenSpark\day11\ShoppingSolution\ShoppingBLTets\bin\Debug\net6.0\fine-code-coverage\build-output
TpTrace Verbose: 0 : 6860, 4, 2024/04/25, 16:17:09.050, 6234959729793, testhost.dll, TestPluginCache.DiscoverTestExtensions: Discovering the extensions using extension path.
TpTrace Verbose: 0 : 6860, 4, 2024/04/25, 16:17:09.050, 6234959730280, testhost.dll, TestPluginCache.GetExtensionPaths: Filtered extension paths: 
TpTrace Verbose: 0 : 6860, 4, 2024/04/25, 16:17:09.051, 6234959730718, testhost.dll, TestPluginCache.GetExtensionPaths: Added default extension paths: C:\Users\VC\codestack\GenSpark\day11\ShoppingSolution\ShoppingBLTets\bin\Debug\net6.0\fine-code-coverage\build-output\NUnit3.TestAdapter.dll
TpTrace Verbose: 0 : 6860, 4, 2024/04/25, 16:17:09.051, 6234959731134, testhost.dll, TestPluginCache.GetExtensionPaths: Added unfilterableExtensionPaths: 
TpTrace Verbose: 0 : 6860, 4, 2024/04/25, 16:17:09.051, 6234959731577, testhost.dll, TestPluginCache.DiscoverTestExtensions: Discovering the extensions using allExtensionPaths: C:\Users\VC\codestack\GenSpark\day11\ShoppingSolution\ShoppingBLTets\bin\Debug\net6.0\fine-code-coverage\build-output\NUnit3.TestAdapter.dll
TpTrace Information: 0 : 6860, 4, 2024/04/25, 16:17:09.051, 6234959732330, testhost.dll, AssemblyResolver.AddSearchDirectories: Adding more searchDirectories C:\Users\VC\codestack\GenSpark\day11\ShoppingSolution\ShoppingBLTets\bin\Debug\net6.0\fine-code-coverage\build-output
TpTrace Verbose: 0 : 6860, 4, 2024/04/25, 16:17:09.051, 6234959733336, testhost.dll, MetadataReaderExtensionsHelper: Discovering extensions inside assembly 'NUnit3.TestAdapter, Version=4.4.0.0, Culture=neutral, PublicKeyToken=4cb40d35494691ac' file path 'C:\Users\VC\codestack\GenSpark\day11\ShoppingSolution\ShoppingBLTets\bin\Debug\net6.0\fine-code-coverage\build-output\NUnit3.TestAdapter.dll'
TpTrace Verbose: 0 : 6860, 4, 2024/04/25, 16:17:09.052, 6234959740540, testhost.dll, TestPluginCache: Discovered the extensions using extension path ''.
TpTrace Verbose: 0 : 6860, 4, 2024/04/25, 16:17:09.052, 6234959741673, testhost.dll, TestPluginCache: Discoverers are ''.
TpTrace Verbose: 0 : 6860, 4, 2024/04/25, 16:17:09.052, 6234959742228, testhost.dll, TestPluginCache: Executors are 'executor://NUnit3TestExecutor'.
TpTrace Verbose: 0 : 6860, 4, 2024/04/25, 16:17:09.052, 6234959742839, testhost.dll, TestPluginCache: Executors2 are ''.
TpTrace Verbose: 0 : 6860, 4, 2024/04/25, 16:17:09.052, 6234959743459, testhost.dll, TestPluginCache: Setting providers are ''.
TpTrace Verbose: 0 : 6860, 4, 2024/04/25, 16:17:09.052, 6234959744714, testhost.dll, TestPluginCache: Loggers are ''.
TpTrace Verbose: 0 : 6860, 4, 2024/04/25, 16:17:09.052, 6234959745161, testhost.dll, TestPluginCache: TestHosts are ''.
TpTrace Verbose: 0 : 6860, 4, 2024/04/25, 16:17:09.052, 6234959745498, testhost.dll, TestPluginCache: DataCollectors are ''.
TpTrace Verbose: 0 : 6860, 4, 2024/04/25, 16:17:09.053, 6234959759223, testhost.dll, TestExecutorService: Loaded the settings providers
TpTrace Information: 0 : 6860, 4, 2024/04/25, 16:17:09.054, 6234959760695, testhost.dll, TestExecutorService: Loaded the extensions
TpTrace Information: 0 : 6860, 4, 2024/04/25, 16:17:09.054, 6234959769914, testhost.dll, TestRequestHandler.OnMessageReceived: Running job 'TestExecution.StartWithSources'.
TpTrace Verbose: 0 : 6860, 4, 2024/04/25, 16:17:09.124, 6234960469588, testhost.dll, MulticastDelegateUtilities.SafeInvoke: TestCaseEventsHandler.RaiseSessionStart: Invoking callbacks was skipped because there are no subscribers.
TpTrace Information: 0 : 6860, 4, 2024/04/25, 16:17:09.128, 6234960504926, testhost.dll, TestDiscoveryManager: Discovering tests from sources C:\Users\VC\codestack\GenSpark\day11\ShoppingSolution\ShoppingBLTets\bin\Debug\net6.0\fine-code-coverage\build-output\ShoppingBLTets.dll
TpTrace Verbose: 0 : 6860, 4, 2024/04/25, 16:17:09.132, 6234960544528, testhost.dll, TestPluginCache.DiscoverTestExtensions: finding test extensions in assemblies ends with: TestAdapter.dll TPluginInfo: Microsoft.VisualStudio.TestPlatform.Common.ExtensionFramework.Utilities.TestDiscovererPluginInformation TExtension: Microsoft.VisualStudio.TestPlatform.ObjectModel.Adapter.ITestDiscoverer
TpTrace Verbose: 0 : 6860, 4, 2024/04/25, 16:17:09.132, 6234960548036, testhost.dll, TestPluginCache.GetExtensionPaths: Filtered extension paths: 
TpTrace Verbose: 0 : 6860, 4, 2024/04/25, 16:17:09.132, 6234960548695, testhost.dll, TestPluginCache.GetExtensionPaths: Added default extension paths: C:\Users\VC\codestack\GenSpark\day11\ShoppingSolution\ShoppingBLTets\bin\Debug\net6.0\fine-code-coverage\build-output\NUnit3.TestAdapter.dll
TpTrace Verbose: 0 : 6860, 4, 2024/04/25, 16:17:09.132, 6234960549133, testhost.dll, TestPluginCache.GetExtensionPaths: Added unfilterableExtensionPaths: 
TpTrace Information: 0 : 6860, 4, 2024/04/25, 16:17:09.133, 6234960552708, testhost.dll, AssemblyResolver.AddSearchDirectories: Adding more searchDirectories C:\Users\VC\codestack\GenSpark\day11\ShoppingSolution\ShoppingBLTets\bin\Debug\net6.0\fine-code-coverage\build-output
TpTrace Verbose: 0 : 6860, 4, 2024/04/25, 16:17:09.133, 6234960553480, testhost.dll, TestPluginCache.DiscoverTestExtensions: Discovering the extensions using extension path.
TpTrace Verbose: 0 : 6860, 4, 2024/04/25, 16:17:09.133, 6234960553956, testhost.dll, TestPluginCache.GetExtensionPaths: Filtered extension paths: 
TpTrace Verbose: 0 : 6860, 4, 2024/04/25, 16:17:09.133, 6234960554341, testhost.dll, TestPluginCache.GetExtensionPaths: Added default extension paths: C:\Users\VC\codestack\GenSpark\day11\ShoppingSolution\ShoppingBLTets\bin\Debug\net6.0\fine-code-coverage\build-output\NUnit3.TestAdapter.dll
TpTrace Verbose: 0 : 6860, 4, 2024/04/25, 16:17:09.133, 6234960554744, testhost.dll, TestPluginCache.GetExtensionPaths: Added unfilterableExtensionPaths: 
TpTrace Verbose: 0 : 6860, 4, 2024/04/25, 16:17:09.133, 6234960555362, testhost.dll, TestPluginCache.DiscoverTestExtensions: Discovering the extensions using allExtensionPaths: C:\Users\VC\codestack\GenSpark\day11\ShoppingSolution\ShoppingBLTets\bin\Debug\net6.0\fine-code-coverage\build-output\NUnit3.TestAdapter.dll
TpTrace Information: 0 : 6860, 4, 2024/04/25, 16:17:09.133, 6234960556164, testhost.dll, AssemblyResolver.AddSearchDirectories: Adding more searchDirectories C:\Users\VC\codestack\GenSpark\day11\ShoppingSolution\ShoppingBLTets\bin\Debug\net6.0\fine-code-coverage\build-output
TpTrace Verbose: 0 : 6860, 4, 2024/04/25, 16:17:09.133, 6234960557853, testhost.dll, MetadataReaderExtensionsHelper: Discovering extensions inside assembly 'NUnit3.TestAdapter, Version=4.4.0.0, Culture=neutral, PublicKeyToken=4cb40d35494691ac' file path 'C:\Users\VC\codestack\GenSpark\day11\ShoppingSolution\ShoppingBLTets\bin\Debug\net6.0\fine-code-coverage\build-output\NUnit3.TestAdapter.dll'
TpTrace Information: 0 : 6860, 4, 2024/04/25, 16:17:09.139, 6234960619834, testhost.dll, GetTestExtensionFromType: Register extension with identifier data 'NUnit.VisualStudio.TestAdapter.NUnit3TestDiscoverer, NUnit3.TestAdapter, Version=4.4.0.0, Culture=neutral, PublicKeyToken=4cb40d35494691ac' and type 'NUnit.VisualStudio.TestAdapter.NUnit3TestDiscoverer, NUnit3.TestAdapter, Version=4.4.0.0, Culture=neutral, PublicKeyToken=4cb40d35494691ac' inside file 'C:\Users\VC\codestack\GenSpark\day11\ShoppingSolution\ShoppingBLTets\bin\Debug\net6.0\fine-code-coverage\build-output\NUnit3.TestAdapter.dll'
TpTrace Verbose: 0 : 6860, 4, 2024/04/25, 16:17:09.140, 6234960622732, testhost.dll, TestPluginCache: Discovered the extensions using extension path ''.
TpTrace Verbose: 0 : 6860, 4, 2024/04/25, 16:17:09.140, 6234960623679, testhost.dll, TestPluginCache: Discoverers are 'NUnit.VisualStudio.TestAdapter.NUnit3TestDiscoverer, NUnit3.TestAdapter, Version=4.4.0.0, Culture=neutral, PublicKeyToken=4cb40d35494691ac'.
TpTrace Verbose: 0 : 6860, 4, 2024/04/25, 16:17:09.140, 6234960624233, testhost.dll, TestPluginCache: Executors are 'executor://NUnit3TestExecutor'.
TpTrace Verbose: 0 : 6860, 4, 2024/04/25, 16:17:09.140, 6234960624717, testhost.dll, TestPluginCache: Executors2 are ''.
TpTrace Verbose: 0 : 6860, 4, 2024/04/25, 16:17:09.140, 6234960625172, testhost.dll, TestPluginCache: Setting providers are ''.
TpTrace Verbose: 0 : 6860, 4, 2024/04/25, 16:17:09.140, 6234960625618, testhost.dll, TestPluginCache: Loggers are ''.
TpTrace Verbose: 0 : 6860, 4, 2024/04/25, 16:17:09.140, 6234960626058, testhost.dll, TestPluginCache: TestHosts are ''.
TpTrace Verbose: 0 : 6860, 4, 2024/04/25, 16:17:09.140, 6234960626490, testhost.dll, TestPluginCache: DataCollectors are ''.
TpTrace Information: 0 : 6860, 4, 2024/04/25, 16:17:09.146, 6234960681313, testhost.dll, PEReaderHelper.GetAssemblyType: Determined assemblyType:'Managed' for source: 'C:\Users\VC\codestack\GenSpark\day11\ShoppingSolution\ShoppingBLTets\bin\Debug\net6.0\fine-code-coverage\build-output\ShoppingBLTets.dll'
TpTrace Verbose: 0 : 6860, 4, 2024/04/25, 16:17:09.152, 6234960745349, testhost.dll, BaseRunTests.RunTestInternalWithExecutors: Running tests for executor://NUnit3TestExecutor
TpTrace Information: 0 : 6860, 4, 2024/04/25, 16:17:09.159, 6234960818804, testhost.dll, AssemblyResolver.OnResolve: nunit.engine: Resolving assembly.
TpTrace Information: 0 : 6860, 4, 2024/04/25, 16:17:09.159, 6234960820272, testhost.dll, AssemblyResolver.OnResolve: nunit.engine: Searching in: 'C:\Users\VC\codestack\GenSpark\day11\ShoppingSolution\ShoppingBLTets\bin\Debug\net6.0\fine-code-coverage\build-output'.
TpTrace Information: 0 : 6860, 4, 2024/04/25, 16:17:09.160, 6234960823448, testhost.dll, AssemblyResolver.OnResolve: nunit.engine: Loading assembly 'C:\Users\VC\codestack\GenSpark\day11\ShoppingSolution\ShoppingBLTets\bin\Debug\net6.0\fine-code-coverage\build-output\nunit.engine.dll'.
TpTrace Information: 0 : 6860, 4, 2024/04/25, 16:17:09.160, 6234960829814, testhost.dll, AssemblyResolver.OnResolve: Resolved assembly: nunit.engine, from path: C:\Users\VC\codestack\GenSpark\day11\ShoppingSolution\ShoppingBLTets\bin\Debug\net6.0\fine-code-coverage\build-output\nunit.engine.dll
TpTrace Information: 0 : 6860, 4, 2024/04/25, 16:17:09.161, 6234960830958, testhost.dll, AssemblyResolver.OnResolve: nunit.engine.core: Resolving assembly.
TpTrace Information: 0 : 6860, 4, 2024/04/25, 16:17:09.161, 6234960831441, testhost.dll, AssemblyResolver.OnResolve: nunit.engine.core: Searching in: 'C:\Users\VC\codestack\GenSpark\day11\ShoppingSolution\ShoppingBLTets\bin\Debug\net6.0\fine-code-coverage\build-output'.
TpTrace Information: 0 : 6860, 4, 2024/04/25, 16:17:09.161, 6234960834103, testhost.dll, AssemblyResolver.OnResolve: nunit.engine.core: Loading assembly 'C:\Users\VC\codestack\GenSpark\day11\ShoppingSolution\ShoppingBLTets\bin\Debug\net6.0\fine-code-coverage\build-output\nunit.engine.core.dll'.
TpTrace Information: 0 : 6860, 4, 2024/04/25, 16:17:09.161, 6234960840191, testhost.dll, AssemblyResolver.OnResolve: Resolved assembly: nunit.engine.core, from path: C:\Users\VC\codestack\GenSpark\day11\ShoppingSolution\ShoppingBLTets\bin\Debug\net6.0\fine-code-coverage\build-output\nunit.engine.core.dll
TpTrace Information: 0 : 6860, 4, 2024/04/25, 16:17:09.181, 6234961037724, testhost.dll, NUnit Adapter 4.4.0.0: Test execution started
TpTrace Verbose: 0 : 6860, 4, 2024/04/25, 16:17:09.181, 6234961039530, testhost.dll, TestRequestHandler.SendData: sending data from testhost: {"Version":7,"MessageType":"TestSession.Message","Payload":{"MessageLevel":0,"Message":"NUnit Adapter 4.4.0.0: Test execution started"}}
TpTrace Verbose: 0 : 6860, 4, 2024/04/25, 16:17:09.182, 6234961041363, testhost.dll, MulticastDelegateUtilities.SafeInvoke: TestRunMessageLoggerProxy.SendMessage: Invoking callback 1/1 for Microsoft.VisualStudio.TestPlatform.CrossPlatEngine.Execution.RunTestsWithSources., took 0 ms.
TpTrace Information: 0 : 6860, 4, 2024/04/25, 16:17:09.215, 6234961373304, testhost.dll, Running all tests in C:\Users\VC\codestack\GenSpark\day11\ShoppingSolution\ShoppingBLTets\bin\Debug\net6.0\fine-code-coverage\build-output\ShoppingBLTets.dll
TpTrace Verbose: 0 : 6860, 4, 2024/04/25, 16:17:09.215, 6234961375358, testhost.dll, TestRequestHandler.SendData: sending data from testhost: {"Version":7,"MessageType":"TestSession.Message","Payload":{"MessageLevel":0,"Message":"Running all tests in C:\\Users\\VC\\codestack\\GenSpark\\day11\\ShoppingSolution\\ShoppingBLTets\\bin\\Debug\\net6.0\\fine-code-coverage\\build-output\\ShoppingBLTets.dll"}}
TpTrace Verbose: 0 : 6860, 4, 2024/04/25, 16:17:09.215, 6234961376811, testhost.dll, MulticastDelegateUtilities.SafeInvoke: TestRunMessageLoggerProxy.SendMessage: Invoking callback 1/1 for Microsoft.VisualStudio.TestPlatform.CrossPlatEngine.Execution.RunTestsWithSources., took 0 ms.
TpTrace Information: 0 : 6860, 4, 2024/04/25, 16:17:09.222, 6234961441640, testhost.dll, AssemblyResolver.OnResolve: testcentric.engine.metadata: Resolving assembly.
TpTrace Information: 0 : 6860, 4, 2024/04/25, 16:17:09.222, 6234961442650, testhost.dll, AssemblyResolver.OnResolve: testcentric.engine.metadata: Searching in: 'C:\Users\VC\codestack\GenSpark\day11\ShoppingSolution\ShoppingBLTets\bin\Debug\net6.0\fine-code-coverage\build-output'.
TpTrace Information: 0 : 6860, 4, 2024/04/25, 16:17:09.222, 6234961445340, testhost.dll, AssemblyResolver.OnResolve: testcentric.engine.metadata: Loading assembly 'C:\Users\VC\codestack\GenSpark\day11\ShoppingSolution\ShoppingBLTets\bin\Debug\net6.0\fine-code-coverage\build-output\testcentric.engine.metadata.dll'.
TpTrace Information: 0 : 6860, 4, 2024/04/25, 16:17:09.223, 6234961451311, testhost.dll, AssemblyResolver.OnResolve: Resolved assembly: testcentric.engine.metadata, from path: C:\Users\VC\codestack\GenSpark\day11\ShoppingSolution\ShoppingBLTets\bin\Debug\net6.0\fine-code-coverage\build-output\testcentric.engine.metadata.dll
TpTrace Information: 0 : 6860, 4, 2024/04/25, 16:17:09.374, 6234962966506, testhost.dll,    NUnit3TestExecutor discovered 4 of 4 NUnit test cases using Current Discovery mode, Non-Explicit run
TpTrace Verbose: 0 : 6860, 4, 2024/04/25, 16:17:09.374, 6234962968364, testhost.dll, TestRequestHandler.SendData: sending data from testhost: {"Version":7,"MessageType":"TestSession.Message","Payload":{"MessageLevel":0,"Message":"   NUnit3TestExecutor discovered 4 of 4 NUnit test cases using Current Discovery mode, Non-Explicit run"}}
TpTrace Verbose: 0 : 6860, 4, 2024/04/25, 16:17:09.374, 6234962969766, testhost.dll, MulticastDelegateUtilities.SafeInvoke: TestRunMessageLoggerProxy.SendMessage: Invoking callback 1/1 for Microsoft.VisualStudio.TestPlatform.CrossPlatEngine.Execution.RunTestsWithSources., took 0 ms.
TpTrace Verbose: 0 : 6860, 14, 2024/04/25, 16:17:09.401, 6234963234771, testhost.dll, TestExecutionRecorder.RecordStart: Starting test: ShoppingBLTets.CustomerBLTest.AddCustomerTest.
TpTrace Verbose: 0 : 6860, 14, 2024/04/25, 16:17:09.451, 6234963740354, testhost.dll, MulticastDelegateUtilities.SafeInvoke: TestCaseEventsHandler.RaiseTestCaseStart: Invoking callback 1/1 for Microsoft.VisualStudio.TestPlatform.CrossPlatEngine.DataCollection.ProxyOutOfProcDataCollectionManager., took 39 ms.
TpTrace Verbose: 0 : 6860, 14, 2024/04/25, 16:17:09.469, 6234963913807, testhost.dll, TestExecutionRecorder.RecordEnd: test: ShoppingBLTets.CustomerBLTest.AddCustomerTest execution completed.
TpTrace Verbose: 0 : 6860, 14, 2024/04/25, 16:17:09.482, 6234964047284, testhost.dll, MulticastDelegateUtilities.SafeInvoke: TestCaseEventsHandler.RaiseTestCaseEnd: Invoking callback 1/1 for Microsoft.VisualStudio.TestPlatform.CrossPlatEngine.DataCollection.ProxyOutOfProcDataCollectionManager., took 12 ms.
TpTrace Verbose: 0 : 6860, 14, 2024/04/25, 16:17:09.483, 6234964058873, testhost.dll, TestExecutionRecorder.RecordResult: Received result for test: ShoppingBLTets.CustomerBLTest.AddCustomerTest.
TpTrace Verbose: 0 : 6860, 14, 2024/04/25, 16:17:09.485, 6234964078088, testhost.dll, MulticastDelegateUtilities.SafeInvoke: TestCaseEventsHandler.RaiseTestCaseEnd: Invoking callback 1/1 for Microsoft.VisualStudio.TestPlatform.CrossPlatEngine.DataCollection.ProxyOutOfProcDataCollectionManager., took 1 ms.
TpTrace Warning: 0 : 6860, 14, 2024/04/25, 16:17:09.488, 6234964106431, testhost.dll, TestRunCache: InProgressTests is null
TpTrace Warning: 0 : 6860, 14, 2024/04/25, 16:17:09.488, 6234964108628, testhost.dll, TestRunCache: No test found corresponding to testResult 'AddCustomerTest' in inProgress list.
TpTrace Verbose: 0 : 6860, 14, 2024/04/25, 16:17:09.489, 6234964110564, testhost.dll, TestExecutionRecorder.RecordStart: Starting test: ShoppingBLTets.CustomerBLTest.DeleteCustomerTest.
TpTrace Verbose: 0 : 6860, 14, 2024/04/25, 16:17:09.490, 6234964126695, testhost.dll, MulticastDelegateUtilities.SafeInvoke: TestCaseEventsHandler.RaiseTestCaseStart: Invoking callback 1/1 for Microsoft.VisualStudio.TestPlatform.CrossPlatEngine.DataCollection.ProxyOutOfProcDataCollectionManager., took 1 ms.
TpTrace Verbose: 0 : 6860, 14, 2024/04/25, 16:17:09.490, 6234964130119, testhost.dll, TestExecutionRecorder.RecordEnd: test: ShoppingBLTets.CustomerBLTest.DeleteCustomerTest execution completed.
TpTrace Verbose: 0 : 6860, 14, 2024/04/25, 16:17:09.492, 6234964143465, testhost.dll, MulticastDelegateUtilities.SafeInvoke: TestCaseEventsHandler.RaiseTestCaseEnd: Invoking callback 1/1 for Microsoft.VisualStudio.TestPlatform.CrossPlatEngine.DataCollection.ProxyOutOfProcDataCollectionManager., took 1 ms.
TpTrace Verbose: 0 : 6860, 14, 2024/04/25, 16:17:09.492, 6234964144240, testhost.dll, TestExecutionRecorder.RecordResult: Received result for test: ShoppingBLTets.CustomerBLTest.DeleteCustomerTest.
TpTrace Verbose: 0 : 6860, 14, 2024/04/25, 16:17:09.492, 6234964144705, testhost.dll, MulticastDelegateUtilities.SafeInvoke: TestCaseEventsHandler.RaiseTestCaseEnd: Invoking callback 1/1 for Microsoft.VisualStudio.TestPlatform.CrossPlatEngine.DataCollection.ProxyOutOfProcDataCollectionManager., took 0 ms.
TpTrace Warning: 0 : 6860, 14, 2024/04/25, 16:17:09.492, 6234964145107, testhost.dll, TestRunCache: InProgressTests is null
TpTrace Warning: 0 : 6860, 14, 2024/04/25, 16:17:09.492, 6234964145413, testhost.dll, TestRunCache: No test found corresponding to testResult 'DeleteCustomerTest' in inProgress list.
TpTrace Verbose: 0 : 6860, 14, 2024/04/25, 16:17:09.492, 6234964146422, testhost.dll, TestExecutionRecorder.RecordStart: Starting test: ShoppingBLTets.CustomerBLTest.GetCustomerTest.
TpTrace Verbose: 0 : 6860, 14, 2024/04/25, 16:17:09.495, 6234964171787, testhost.dll, MulticastDelegateUtilities.SafeInvoke: TestCaseEventsHandler.RaiseTestCaseStart: Invoking callback 1/1 for Microsoft.VisualStudio.TestPlatform.CrossPlatEngine.DataCollection.ProxyOutOfProcDataCollectionManager., took 2 ms.
TpTrace Verbose: 0 : 6860, 14, 2024/04/25, 16:17:09.495, 6234964175236, testhost.dll, TestExecutionRecorder.RecordEnd: test: ShoppingBLTets.CustomerBLTest.GetCustomerTest execution completed.
TpTrace Verbose: 0 : 6860, 14, 2024/04/25, 16:17:09.497, 6234964191478, testhost.dll, MulticastDelegateUtilities.SafeInvoke: TestCaseEventsHandler.RaiseTestCaseEnd: Invoking callback 1/1 for Microsoft.VisualStudio.TestPlatform.CrossPlatEngine.DataCollection.ProxyOutOfProcDataCollectionManager., took 1 ms.
TpTrace Verbose: 0 : 6860, 14, 2024/04/25, 16:17:09.497, 6234964192481, testhost.dll, TestExecutionRecorder.RecordResult: Received result for test: ShoppingBLTets.CustomerBLTest.GetCustomerTest.
TpTrace Verbose: 0 : 6860, 14, 2024/04/25, 16:17:09.497, 6234964192994, testhost.dll, MulticastDelegateUtilities.SafeInvoke: TestCaseEventsHandler.RaiseTestCaseEnd: Invoking callback 1/1 for Microsoft.VisualStudio.TestPlatform.CrossPlatEngine.DataCollection.ProxyOutOfProcDataCollectionManager., took 0 ms.
TpTrace Warning: 0 : 6860, 14, 2024/04/25, 16:17:09.497, 6234964193337, testhost.dll, TestRunCache: InProgressTests is null
TpTrace Warning: 0 : 6860, 14, 2024/04/25, 16:17:09.497, 6234964193566, testhost.dll, TestRunCache: No test found corresponding to testResult 'GetCustomerTest' in inProgress list.
TpTrace Verbose: 0 : 6860, 14, 2024/04/25, 16:17:09.497, 6234964194602, testhost.dll, TestExecutionRecorder.RecordStart: Starting test: ShoppingBLTets.CustomerBLTest.UpdateCustomerTest.
TpTrace Verbose: 0 : 6860, 14, 2024/04/25, 16:17:09.498, 6234964205730, testhost.dll, MulticastDelegateUtilities.SafeInvoke: TestCaseEventsHandler.RaiseTestCaseStart: Invoking callback 1/1 for Microsoft.VisualStudio.TestPlatform.CrossPlatEngine.DataCollection.ProxyOutOfProcDataCollectionManager., took 1 ms.
TpTrace Warning: 0 : 6860, 14, 2024/04/25, 16:17:09.511, 6234964332186, testhost.dll, 1 John 0 

TpTrace Verbose: 0 : 6860, 14, 2024/04/25, 16:17:09.511, 6234964334288, testhost.dll, TestRequestHandler.SendData: sending data from testhost: {"Version":7,"MessageType":"TestSession.Message","Payload":{"MessageLevel":1,"Message":"1 John 0 \r\n"}}
TpTrace Verbose: 0 : 6860, 14, 2024/04/25, 16:17:09.511, 6234964335788, testhost.dll, MulticastDelegateUtilities.SafeInvoke: TestRunMessageLoggerProxy.SendMessage: Invoking callback 1/1 for Microsoft.VisualStudio.TestPlatform.CrossPlatEngine.Execution.RunTestsWithSources., took 0 ms.
TpTrace Verbose: 0 : 6860, 14, 2024/04/25, 16:17:09.511, 6234964336255, testhost.dll, TestExecutionRecorder.RecordEnd: test: ShoppingBLTets.CustomerBLTest.UpdateCustomerTest execution completed.
TpTrace Verbose: 0 : 6860, 14, 2024/04/25, 16:17:09.513, 6234964352957, testhost.dll, MulticastDelegateUtilities.SafeInvoke: TestCaseEventsHandler.RaiseTestCaseEnd: Invoking callback 1/1 for Microsoft.VisualStudio.TestPlatform.CrossPlatEngine.DataCollection.ProxyOutOfProcDataCollectionManager., took 1 ms.
TpTrace Verbose: 0 : 6860, 14, 2024/04/25, 16:17:09.513, 6234964354095, testhost.dll, TestExecutionRecorder.RecordResult: Received result for test: ShoppingBLTets.CustomerBLTest.UpdateCustomerTest.
TpTrace Verbose: 0 : 6860, 14, 2024/04/25, 16:17:09.513, 6234964354744, testhost.dll, MulticastDelegateUtilities.SafeInvoke: TestCaseEventsHandler.RaiseTestCaseEnd: Invoking callback 1/1 for Microsoft.VisualStudio.TestPlatform.CrossPlatEngine.DataCollection.ProxyOutOfProcDataCollectionManager., took 0 ms.
TpTrace Warning: 0 : 6860, 14, 2024/04/25, 16:17:09.513, 6234964355169, testhost.dll, TestRunCache: InProgressTests is null
TpTrace Warning: 0 : 6860, 14, 2024/04/25, 16:17:09.513, 6234964355470, testhost.dll, TestRunCache: No test found corresponding to testResult 'UpdateCustomerTest' in inProgress list.
TpTrace Information: 0 : 6860, 4, 2024/04/25, 16:17:09.518, 6234964405270, testhost.dll, NUnit Adapter 4.4.0.0: Test execution complete
TpTrace Verbose: 0 : 6860, 4, 2024/04/25, 16:17:09.518, 6234964406658, testhost.dll, TestRequestHandler.SendData: sending data from testhost: {"Version":7,"MessageType":"TestSession.Message","Payload":{"MessageLevel":0,"Message":"NUnit Adapter 4.4.0.0: Test execution complete"}}
TpTrace Verbose: 0 : 6860, 4, 2024/04/25, 16:17:09.518, 6234964408011, testhost.dll, MulticastDelegateUtilities.SafeInvoke: TestRunMessageLoggerProxy.SendMessage: Invoking callback 1/1 for Microsoft.VisualStudio.TestPlatform.CrossPlatEngine.Execution.RunTestsWithSources., took 0 ms.
TpTrace Verbose: 0 : 6860, 4, 2024/04/25, 16:17:09.525, 6234964476423, testhost.dll, BaseRunTests.RunTestInternalWithExecutors: Completed running tests for executor://NUnit3TestExecutor
TpTrace Verbose: 0 : 6860, 4, 2024/04/25, 16:17:09.526, 6234964487654, testhost.dll, MulticastDelegateUtilities.SafeInvoke: TestCaseEventsHandler.RaiseSessionEnd: Invoking callback 1/1 for Microsoft.VisualStudio.TestPlatform.CrossPlatEngine.DataCollection.ProxyOutOfProcDataCollectionManager., took 0 ms.
TpTrace Information: 0 : 6860, 4, 2024/04/25, 16:17:09.530, 6234964530297, testhost.dll, Sending test run complete
TpTrace Verbose: 0 : 6860, 4, 2024/04/25, 16:17:09.558, 6234964805354, testhost.dll, TestRequestHandler.SendData: sending data from testhost: {"Version":7,"MessageType":"TestExecution.Completed","Payload":{"TestRunCompleteArgs":{"TestRunStatistics":{"ExecutedTests":4,"Stats":{"Passed":3,"Failed":1}},"IsCanceled":false,"IsAborted":false,"Error":null,"AttachmentSets":[],"InvokedDataCollectors":[],"ElapsedTimeInRunningTests":"00:00:00.3777172","Metrics":{},"DiscoveredExtensions":{"TestDiscoverers":["NUnit.VisualStudio.TestAdapter.NUnit3TestDiscoverer, NUnit3.TestAdapter, Version=4.4.0.0, Culture=neutral, PublicKeyToken=4cb40d35494691ac"],"TestExecutors":["executor://NUnit3TestExecutor"],"TestExecutors2":[],"TestSettingsProviders":[]}},"LastRunTests":{"NewTestResults":[{"TestCase":{"Id":"8dd508c0-a8ab-b798-a64c-68f1ba8c5eee","FullyQualifiedName":"ShoppingBLTets.CustomerBLTest.AddCustomerTest","DisplayName":"AddCustomerTest","ExecutorUri":"executor://NUnit3TestExecutor","Source":"C:\\Users\\VC\\codestack\\GenSpark\\day11\\ShoppingSolution\\ShoppingBLTets\\bin\\Debug\\net6.0\\fine-code-coverage\\build-output\\ShoppingBLTets.dll","CodeFilePath":null,"LineNumber":0,"Properties":[{"Key":{"Id":"NUnit.Seed","Label":"Seed","Category":"","Description":"","Attributes":0,"ValueType":"System.String"},"Value":"678194026"}]},"Attachments":[],"Outcome":1,"ErrorMessage":null,"ErrorStackTrace":null,"DisplayName":"AddCustomerTest","Messages":[],"ComputerName":"J9GCBX3","Duration":"00:00:00.0186630","StartTime":"2024-04-25T10:47:09.3998205+00:00","EndTime":"2024-04-25T10:47:09.4184085+00:00","Properties":[{"Key":{"Id":"NUnit.Seed","Label":"Seed","Category":"","Description":"","Attributes":0,"ValueType":"System.String"},"Value":"678194026"}]},{"TestCase":{"Id":"05d1e830-e1a1-6a72-b85f-0d533931ef6e","FullyQualifiedName":"ShoppingBLTets.CustomerBLTest.DeleteCustomerTest","DisplayName":"DeleteCustomerTest","ExecutorUri":"executor://NUnit3TestExecutor","Source":"C:\\Users\\VC\\codestack\\GenSpark\\day11\\ShoppingSolution\\ShoppingBLTets\\bin\\Debug\\net6.0\\fine-code-coverage\\build-output\\ShoppingBLTets.dll","CodeFilePath":null,"LineNumber":0,"Properties":[{"Key":{"Id":"NUnit.Seed","Label":"Seed","Category":"","Description":"","Attributes":0,"ValueType":"System.String"},"Value":"1784504807"}]},"Attachments":[],"Outcome":1,"ErrorMessage":null,"ErrorStackTrace":null,"DisplayName":"DeleteCustomerTest","Messages":[],"ComputerName":"J9GCBX3","Duration":"00:00:00.0060570","StartTime":"2024-04-25T10:47:09.4200716+00:00","EndTime":"2024-04-25T10:47:09.4261288+00:00","Properties":[{"Key":{"Id":"NUnit.Seed","Label":"Seed","Category":"","Description":"","Attributes":0,"ValueType":"System.String"},"Value":"1784504807"}]},{"TestCase":{"Id":"8c645aae-a328-0315-c220-9c2fcb64a384","FullyQualifiedName":"ShoppingBLTets.CustomerBLTest.GetCustomerTest","DisplayName":"GetCustomerTest","ExecutorUri":"executor://NUnit3TestExecutor","Source":"C:\\Users\\VC\\codestack\\GenSpark\\day11\\ShoppingSolution\\ShoppingBLTets\\bin\\Debug\\net6.0\\fine-code-coverage\\build-output\\ShoppingBLTets.dll","CodeFilePath":null,"LineNumber":0,"Properties":[{"Key":{"Id":"NUnit.Seed","Label":"Seed","Category":"","Description":"","Attributes":0,"ValueType":"System.String"},"Value":"418480491"}]},"Attachments":[],"Outcome":1,"ErrorMessage":null,"ErrorStackTrace":null,"DisplayName":"GetCustomerTest","Messages":[],"ComputerName":"J9GCBX3","Duration":"00:00:00.0001840","StartTime":"2024-04-25T10:47:09.4261702+00:00","EndTime":"2024-04-25T10:47:09.4263542+00:00","Properties":[{"Key":{"Id":"NUnit.Seed","Label":"Seed","Category":"","Description":"","Attributes":0,"ValueType":"System.String"},"Value":"418480491"}]},{"TestCase":{"Id":"eefe311c-2fe1-4ace-23c4-249c1f1d7663","FullyQualifiedName":"ShoppingBLTets.CustomerBLTest.UpdateCustomerTest","DisplayName":"UpdateCustomerTest","ExecutorUri":"executor://NUnit3TestExecutor","Source":"C:\\Users\\VC\\codestack\\GenSpark\\day11\\ShoppingSolution\\ShoppingBLTets\\bin\\Debug\\net6.0\\fine-code-coverage\\build-output\\ShoppingBLTets.dll","CodeFilePath":null,"LineNumber":0,"Properties":[{"Key":{"Id":"NUnit.Seed","Label":"Seed","Category":"","Description":"","Attributes":0,"ValueType":"System.String"},"Value":"549882862"}]},"Attachments":[],"Outcome":2,"ErrorMessage":"  String lengths are both 4. Strings differ at index 1.\r\n  Expected: \"Jane\"\r\n  But was:  \"John\"\r\n  ------------^\r\n","ErrorStackTrace":"   at ShoppingBLTets.CustomerBLTest.UpdateCustomerTest() in C:\\Users\\VC\\codestack\\GenSpark\\day11\\ShoppingSolution\\ShoppingBLTets\\CustomerBLTest.cs:line 40\r\n\n1)    at ShoppingBLTets.CustomerBLTest.UpdateCustomerTest() in C:\\Users\\VC\\codestack\\GenSpark\\day11\\ShoppingSolution\\ShoppingBLTets\\CustomerBLTest.cs:line 40\r\n\n","DisplayName":"UpdateCustomerTest","Messages":[{"Category":"StdOutMsgs","Text":"1 John 0 \r\n"}],"ComputerName":"J9GCBX3","Duration":"00:00:00.0409370","StartTime":"2024-04-25T10:47:09.4263677+00:00","EndTime":"2024-04-25T10:47:09.4673037+00:00","Properties":[{"Key":{"Id":"NUnit.Seed","Label":"Seed","Category":"","Description":"","Attributes":0,"ValueType":"System.String"},"Value":"549882862"}]}],"TestRunStatistics":{"ExecutedTests":4,"Stats":{"Passed":3,"Failed":1}},"ActiveTests":[]},"RunAttachments":[],"ExecutorUris":["executor://nunit3testexecutor/"]}}
TpTrace Verbose: 0 : 6860, 4, 2024/04/25, 16:17:09.558, 6234964809240, testhost.dll, BaseRunTests.RunTests: Run is complete.
TpTrace Verbose: 0 : 6860, 9, 2024/04/25, 16:17:09.559, 6234964818081, testhost.dll, TcpClientExtensions.MessageLoopAsync: NotifyDataAvailable remoteEndPoint: [::ffff:127.0.0.1]:49364 localEndPoint: [::ffff:127.0.0.1]:49365
TpTrace Information: 0 : 6860, 9, 2024/04/25, 16:17:09.559, 6234964820082, testhost.dll, TestRequestHandler.OnMessageReceived: received message: (TestSession.Terminate) -> {"MessageType":"TestSession.Terminate","Payload":null}
TpTrace Information: 0 : 6860, 9, 2024/04/25, 16:17:09.560, 6234964820546, testhost.dll, Session End message received from server. Closing the connection.
TpTrace Information: 0 : 6860, 9, 2024/04/25, 16:17:09.560, 6234964823988, testhost.dll, SocketClient.Stop: Stop communication from server endpoint: 127.0.0.1:049364
TpTrace Information: 0 : 6860, 9, 2024/04/25, 16:17:09.560, 6234964824449, testhost.dll, SocketClient: Stop: Cancellation requested. Stopping message loop.
TpTrace Verbose: 0 : 6860, 9, 2024/04/25, 16:17:09.560, 6234964826084, testhost.dll, LengthPrefixCommunicationChannel.Dispose: Dispose reader and writer.
TpTrace Information: 0 : 6860, 9, 2024/04/25, 16:17:09.560, 6234964826568, testhost.dll, Closing the connection !
TpTrace Verbose: 0 : 6860, 9, 2024/04/25, 16:17:09.560, 6234964826937, testhost.dll, MulticastDelegateUtilities.SafeInvoke: LengthPrefixCommunicationChannel: MessageReceived: Invoking callback 1/1 for Microsoft.VisualStudio.TestPlatform.CommunicationUtilities.TestRequestHandler., took 0 ms.
TpTrace Information: 0 : 6860, 9, 2024/04/25, 16:17:09.560, 6234964829009, testhost.dll, SocketClient.PrivateStop: Stop communication from server endpoint: 127.0.0.1:049364, error:
TpTrace Verbose: 0 : 6860, 9, 2024/04/25, 16:17:09.561, 6234964833243, testhost.dll, LengthPrefixCommunicationChannel.Dispose: Dispose reader and writer.
TpTrace Information: 0 : 6860, 1, 2024/04/25, 16:17:09.561, 6234964833268, testhost.dll, Closing the connection!
TpTrace Verbose: 0 : 6860, 9, 2024/04/25, 16:17:09.561, 6234964834267, testhost.dll, TcpClientExtensions.MessageLoopAsync: exiting MessageLoopAsync remoteEndPoint: [::ffff:127.0.0.1]:49364 localEndPoint: [::ffff:127.0.0.1]:49365
TpTrace Information: 0 : 6860, 1, 2024/04/25, 16:17:09.561, 6234964835234, testhost.dll, Testhost process exiting.
