TpTrace Verbose: 0 : 46352, 1, 2024/04/25, 22:34:08.192, 6461150750045, testhost.dll, Version: 17.5.0 Current process architecture: X64
TpTrace Verbose: 0 : 46352, 1, 2024/04/25, 22:34:08.195, 6461150772448, testhost.dll, Runtime location: C:\Program Files\dotnet\shared\Microsoft.NETCore.App\6.0.29
TpTrace Information: 0 : 46352, 1, 2024/04/25, 22:34:08.197, 6461150791523, testhost.dll, DefaultEngineInvoker.Invoke: Testhost process started with args :[--port, 60766],[--endpoint, 127.0.0.1:060766],[--role, client],[--parentprocessid, 45360],[--diag, C:\Users\VC\codestack\GenSpark\day11\ShoppingSolution\ShoppingBLTets\bin\Debug\net6.0\fine-code-coverage\coverage-tool-output\diagnostics.host.24-04-25_22-34-07_90779_5.log],[--tracelevel, 4],[--datacollectionport, 60765],[--telemetryoptedin, false]
TpTrace Information: 0 : 46352, 1, 2024/04/25, 22:34:08.198, 6461150804915, testhost.dll, Setting up debug trace listener.
TpTrace Verbose: 0 : 46352, 1, 2024/04/25, 22:34:08.198, 6461150806343, testhost.dll, TestPlatformTraceListener.Setup: Replacing listener System.Diagnostics.DefaultTraceListener with TestHostTraceListener.
TpTrace Verbose: 0 : 46352, 1, 2024/04/25, 22:34:08.198, 6461150806668, testhost.dll, TestPlatformTraceListener.Setup: Added test platform trace listener.
TpTrace Information: 0 : 46352, 1, 2024/04/25, 22:34:08.198, 6461150808525, testhost.dll, DefaultEngineInvoker.SetParentProcessExitCallback: Monitoring parent process with id: '45360'
TpTrace Information: 0 : 46352, 1, 2024/04/25, 22:34:08.202, 6461150843121, testhost.dll, DefaultEngineInvoker.GetConnectionInfo: Initialize communication on endpoint address: '127.0.0.1:060766'
TpTrace Information: 0 : 46352, 1, 2024/04/25, 22:34:08.210, 6461150928449, testhost.dll, SocketClient.Start: connecting to server endpoint: 127.0.0.1:060766
TpTrace Information: 0 : 46352, 1, 2024/04/25, 22:34:08.217, 6461150995944, testhost.dll, DefaultEngineInvoker.ConnectToDatacollector: Connecting to datacollector, port: 60765
TpTrace Information: 0 : 46352, 10, 2024/04/25, 22:34:08.218, 6461151005376, testhost.dll, SocketClient.OnServerConnected: connected to server endpoint: 127.0.0.1:060766
TpTrace Information: 0 : 46352, 1, 2024/04/25, 22:34:08.220, 6461151025404, testhost.dll, Trying to connect to server on socket : 127.0.0.1:60765 
TpTrace Verbose: 0 : 46352, 1, 2024/04/25, 22:34:08.220, 6461151028281, testhost.dll, SocketCommunicationManager : SetupClientAsync : Attempting to connect to the server.
TpTrace Verbose: 0 : 46352, 10, 2024/04/25, 22:34:08.220, 6461151029157, testhost.dll, MulticastDelegateUtilities.SafeInvoke: SocketClient: ServerConnected: Invoking callback 1/1 for Microsoft.VisualStudio.TestPlatform.CommunicationUtilities.TestRequestHandler., took 0 ms.
TpTrace Verbose: 0 : 46352, 10, 2024/04/25, 22:34:08.220, 6461151029741, testhost.dll, Connected to server, and starting MessageLoopAsync
TpTrace Information: 0 : 46352, 10, 2024/04/25, 22:34:08.222, 6461151041724, testhost.dll, Connected to the server successfully 
TpTrace Information: 0 : 46352, 10, 2024/04/25, 22:34:08.222, 6461151042718, testhost.dll, Using the buffer size of 16384 bytes
TpTrace Verbose: 0 : 46352, 1, 2024/04/25, 22:34:08.222, 6461151044199, testhost.dll, SocketCommunicationManager.WaitForServerConnection took: 0 ms, with 90000 ms timeout, and finished with True.
TpTrace Information: 0 : 46352, 1, 2024/04/25, 22:34:08.222, 6461151045515, testhost.dll, DefaultEngineInvoker.Invoke: Start Request Processing.
TpTrace Information: 0 : 46352, 12, 2024/04/25, 22:34:08.223, 6461151054722, testhost.dll, DefaultEngineInvoker.StartProcessingAsync: Connected to vstest.console, Starting process requests.
TpTrace Verbose: 0 : 46352, 9, 2024/04/25, 22:34:08.225, 6461151074168, testhost.dll, TcpClientExtensions.MessageLoopAsync: Polling on remoteEndPoint: [::ffff:127.0.0.1]:60766 localEndPoint: [::ffff:127.0.0.1]:60767
TpTrace Verbose: 0 : 46352, 9, 2024/04/25, 22:34:08.225, 6461151078336, testhost.dll, TcpClientExtensions.MessageLoopAsync: NotifyDataAvailable remoteEndPoint: [::ffff:127.0.0.1]:60766 localEndPoint: [::ffff:127.0.0.1]:60767
TpTrace Information: 0 : 46352, 9, 2024/04/25, 22:34:08.231, 6461151132304, testhost.dll, TestRequestHandler.OnMessageReceived: received message: (ProtocolVersion) -> {"MessageType":"ProtocolVersion","Payload":7}
TpTrace Verbose: 0 : 46352, 9, 2024/04/25, 22:34:08.360, 6461152421296, testhost.dll, TestRequestHandler.SendData: sending data from testhost: {"Version":7,"MessageType":"TestSession.Message","Payload":{"MessageLevel":0,"Message":"Logging TestHost Diagnostics in file: C:\\Users\\VC\\codestack\\GenSpark\\day11\\ShoppingSolution\\ShoppingBLTets\\bin\\Debug\\net6.0\\fine-code-coverage\\coverage-tool-output\\diagnostics.host.24-04-25_22-34-07_90779_5.log"}}
TpTrace Verbose: 0 : 46352, 9, 2024/04/25, 22:34:08.360, 6461152423920, testhost.dll, MulticastDelegateUtilities.SafeInvoke: LengthPrefixCommunicationChannel: MessageReceived: Invoking callback 1/1 for Microsoft.VisualStudio.TestPlatform.CommunicationUtilities.TestRequestHandler., took 132 ms.
TpTrace Verbose: 0 : 46352, 9, 2024/04/25, 22:34:08.360, 6461152424478, testhost.dll, TcpClientExtensions.MessageLoopAsync: Polling on remoteEndPoint: [::ffff:127.0.0.1]:60766 localEndPoint: [::ffff:127.0.0.1]:60767
TpTrace Verbose: 0 : 46352, 9, 2024/04/25, 22:34:08.361, 6461152436019, testhost.dll, TcpClientExtensions.MessageLoopAsync: NotifyDataAvailable remoteEndPoint: [::ffff:127.0.0.1]:60766 localEndPoint: [::ffff:127.0.0.1]:60767
TpTrace Information: 0 : 46352, 9, 2024/04/25, 22:34:08.361, 6461152437467, testhost.dll, TestRequestHandler.OnMessageReceived: received message: (TestExecution.Initialize) -> {"Version":7,"MessageType":"TestExecution.Initialize","Payload":["C:\\Users\\VC\\codestack\\GenSpark\\day11\\ShoppingSolution\\ShoppingBLTets\\bin\\Debug\\net6.0\\fine-code-coverage\\build-output\\NUnit3.TestAdapter.dll"]}
TpTrace Verbose: 0 : 46352, 9, 2024/04/25, 22:34:08.369, 6461152517519, testhost.dll, MulticastDelegateUtilities.SafeInvoke: LengthPrefixCommunicationChannel: MessageReceived: Invoking callback 1/1 for Microsoft.VisualStudio.TestPlatform.CommunicationUtilities.TestRequestHandler., took 8 ms.
TpTrace Verbose: 0 : 46352, 9, 2024/04/25, 22:34:08.369, 6461152518818, testhost.dll, TcpClientExtensions.MessageLoopAsync: Polling on remoteEndPoint: [::ffff:127.0.0.1]:60766 localEndPoint: [::ffff:127.0.0.1]:60767
TpTrace Information: 0 : 46352, 4, 2024/04/25, 22:34:08.370, 6461152521933, testhost.dll, TestRequestHandler.OnMessageReceived: Running job 'TestExecution.Initialize'.
TpTrace Verbose: 0 : 46352, 4, 2024/04/25, 22:34:08.372, 6461152540491, testhost.dll, TestExecutorService: Loading the extensions
TpTrace Verbose: 0 : 46352, 4, 2024/04/25, 22:34:08.373, 6461152554598, testhost.dll, TestPluginCache.DiscoverTestExtensions: finding test extensions in assemblies ends with: TestAdapter.dll TPluginInfo: Microsoft.VisualStudio.TestPlatform.Common.ExtensionFramework.Utilities.TestExecutorPluginInformation TExtension: Microsoft.VisualStudio.TestPlatform.ObjectModel.Adapter.ITestExecutor
TpTrace Verbose: 0 : 46352, 4, 2024/04/25, 22:34:08.374, 6461152565002, testhost.dll, TestPluginCache.GetExtensionPaths: Filtered extension paths: 
TpTrace Verbose: 0 : 46352, 4, 2024/04/25, 22:34:08.374, 6461152568756, testhost.dll, TestPluginCache.GetExtensionPaths: Added default extension paths: C:\Users\VC\codestack\GenSpark\day11\ShoppingSolution\ShoppingBLTets\bin\Debug\net6.0\fine-code-coverage\build-output\NUnit3.TestAdapter.dll
TpTrace Verbose: 0 : 46352, 4, 2024/04/25, 22:34:08.374, 6461152569325, testhost.dll, TestPluginCache.GetExtensionPaths: Added unfilterableExtensionPaths: 
TpTrace Verbose: 0 : 46352, 9, 2024/04/25, 22:34:08.375, 6461152578867, testhost.dll, TcpClientExtensions.MessageLoopAsync: NotifyDataAvailable remoteEndPoint: [::ffff:127.0.0.1]:60766 localEndPoint: [::ffff:127.0.0.1]:60767
TpTrace Information: 0 : 46352, 9, 2024/04/25, 22:34:08.376, 6461152580533, testhost.dll, TestRequestHandler.OnMessageReceived: received message: (TestExecution.StartWithSources) -> {"Version":7,"MessageType":"TestExecution.StartWithSources","Payload":{"AdapterSourceMap":{"_none_":["C:\\Users\\VC\\codestack\\GenSpark\\day11\\ShoppingSolution\\ShoppingBLTets\\bin\\Debug\\net6.0\\fine-code-coverage\\build-output\\ShoppingBLTets.dll"]},"RunSettings":"<RunSettings>\r\n  <RunConfiguration>\r\n    <ResultsDirectory>C:\\Users\\VC\\codestack\\GenSpark\\day11\\ShoppingSolution\\ShoppingBLTets\\bin\\Debug\\net6.0\\fine-code-coverage\\coverage-tool-output</ResultsDirectory>\r\n    <TargetFrameworkVersion>.NETCoreApp,Version=v6.0</TargetFrameworkVersion>\r\n    <DesignMode>False</DesignMode>\r\n    <CollectSourceInformation>False</CollectSourceInformation>\r\n  </RunConfiguration>\r\n  <LoggerRunSettings>\r\n    <Loggers>\r\n      <Logger friendlyName=\"blame\" enabled=\"True\" />\r\n      <Logger friendlyName=\"Console\" uri=\"logger://microsoft/TestPlatform/ConsoleLogger/v1\" assemblyQualifiedName=\"Microsoft.VisualStudio.TestPlatform.CommandLine.Internal.ConsoleLogger, vstest.console, Version=15.0.0.0, Culture=neutral, PublicKeyToken=b03f5f7f11d50a3a\" codeBase=\"C:\\Program Files\\dotnet\\sdk\\8.0.202\\vstest.console.dll\" enabled=\"True\" />\r\n    </Loggers>\r\n  </LoggerRunSettings>\r\n  <DataCollectionRunSettings>\r\n    <DataCollectors>\r\n      <DataCollector friendlyName=\"blame\" enabled=\"True\">\r\n        <Configuration>\r\n          <ResultsDirectory>C:\\Users\\VC\\codestack\\GenSpark\\day11\\ShoppingSolution\\ShoppingBLTets\\bin\\Debug\\net6.0\\fine-code-coverage\\coverage-tool-output</ResultsDirectory>\r\n        </Configuration>\r\n      </DataCollector>\r\n    </DataCollectors>\r\n  </DataCollectionRunSettings>\r\n</RunSettings>","TestExecutionContext":{"FrequencyOfRunStatsChangeEvent":10,"RunStatsChangeEventTimeout":"00:00:01.5000000","InIsolation":false,"KeepAlive":false,"AreTestCaseLevelEventsRequired":false,"IsDebug":false,"TestCaseFilter":null,"FilterOptions":null},"Package":null}}
TpTrace Information: 0 : 46352, 4, 2024/04/25, 22:34:08.376, 6461152589181, testhost.dll, AssemblyResolver.ctor: Creating AssemblyResolver with searchDirectories C:\Users\VC\codestack\GenSpark\day11\ShoppingSolution\ShoppingBLTets\bin\Debug\net6.0\fine-code-coverage\build-output
TpTrace Verbose: 0 : 46352, 4, 2024/04/25, 22:34:08.379, 6461152610912, testhost.dll, TestPluginCache.DiscoverTestExtensions: Discovering the extensions using extension path.
TpTrace Verbose: 0 : 46352, 4, 2024/04/25, 22:34:08.379, 6461152612377, testhost.dll, TestPluginCache.GetExtensionPaths: Filtered extension paths: 
TpTrace Verbose: 0 : 46352, 4, 2024/04/25, 22:34:08.379, 6461152612923, testhost.dll, TestPluginCache.GetExtensionPaths: Added default extension paths: C:\Users\VC\codestack\GenSpark\day11\ShoppingSolution\ShoppingBLTets\bin\Debug\net6.0\fine-code-coverage\build-output\NUnit3.TestAdapter.dll
TpTrace Verbose: 0 : 46352, 4, 2024/04/25, 22:34:08.379, 6461152613291, testhost.dll, TestPluginCache.GetExtensionPaths: Added unfilterableExtensionPaths: 
TpTrace Verbose: 0 : 46352, 4, 2024/04/25, 22:34:08.379, 6461152616434, testhost.dll, TestPluginCache.DiscoverTestExtensions: Discovering the extensions using allExtensionPaths: C:\Users\VC\codestack\GenSpark\day11\ShoppingSolution\ShoppingBLTets\bin\Debug\net6.0\fine-code-coverage\build-output\NUnit3.TestAdapter.dll
TpTrace Information: 0 : 46352, 4, 2024/04/25, 22:34:08.380, 6461152625227, testhost.dll, AssemblyResolver.AddSearchDirectories: Adding more searchDirectories C:\Users\VC\codestack\GenSpark\day11\ShoppingSolution\ShoppingBLTets\bin\Debug\net6.0\fine-code-coverage\build-output
TpTrace Information: 0 : 46352, 4, 2024/04/25, 22:34:08.384, 6461152665907, testhost.dll, AssemblyResolver.OnResolve: NUnit3.TestAdapter: Resolving assembly.
TpTrace Information: 0 : 46352, 4, 2024/04/25, 22:34:08.384, 6461152667143, testhost.dll, AssemblyResolver.OnResolve: NUnit3.TestAdapter: Searching in: 'C:\Users\VC\codestack\GenSpark\day11\ShoppingSolution\ShoppingBLTets\bin\Debug\net6.0\fine-code-coverage\build-output'.
TpTrace Information: 0 : 46352, 4, 2024/04/25, 22:34:08.385, 6461152676648, testhost.dll, AssemblyResolver.OnResolve: NUnit3.TestAdapter: Loading assembly 'C:\Users\VC\codestack\GenSpark\day11\ShoppingSolution\ShoppingBLTets\bin\Debug\net6.0\fine-code-coverage\build-output\NUnit3.TestAdapter.dll'.
TpTrace Information: 0 : 46352, 4, 2024/04/25, 22:34:08.386, 6461152682951, testhost.dll, AssemblyResolver.OnResolve: Resolved assembly: NUnit3.TestAdapter, from path: C:\Users\VC\codestack\GenSpark\day11\ShoppingSolution\ShoppingBLTets\bin\Debug\net6.0\fine-code-coverage\build-output\NUnit3.TestAdapter.dll
TpTrace Verbose: 0 : 46352, 9, 2024/04/25, 22:34:08.406, 6461152883083, testhost.dll, MulticastDelegateUtilities.SafeInvoke: LengthPrefixCommunicationChannel: MessageReceived: Invoking callback 1/1 for Microsoft.VisualStudio.TestPlatform.CommunicationUtilities.TestRequestHandler., took 30 ms.
TpTrace Verbose: 0 : 46352, 9, 2024/04/25, 22:34:08.406, 6461152883970, testhost.dll, TcpClientExtensions.MessageLoopAsync: Polling on remoteEndPoint: [::ffff:127.0.0.1]:60766 localEndPoint: [::ffff:127.0.0.1]:60767
TpTrace Verbose: 0 : 46352, 4, 2024/04/25, 22:34:08.410, 6461152920422, testhost.dll, MetadataReaderExtensionsHelper: Discovering extensions inside assembly 'NUnit3.TestAdapter, Version=4.4.0.0, Culture=neutral, PublicKeyToken=4cb40d35494691ac' file path 'C:\Users\VC\codestack\GenSpark\day11\ShoppingSolution\ShoppingBLTets\bin\Debug\net6.0\fine-code-coverage\build-output\NUnit3.TestAdapter.dll'
TpTrace Information: 0 : 46352, 4, 2024/04/25, 22:34:08.419, 6461153011501, testhost.dll, AssemblyResolver.OnResolve: nunit.engine.api: Resolving assembly.
TpTrace Information: 0 : 46352, 4, 2024/04/25, 22:34:08.419, 6461153012648, testhost.dll, AssemblyResolver.OnResolve: nunit.engine.api: Searching in: 'C:\Users\VC\codestack\GenSpark\day11\ShoppingSolution\ShoppingBLTets\bin\Debug\net6.0\fine-code-coverage\build-output'.
TpTrace Information: 0 : 46352, 4, 2024/04/25, 22:34:08.419, 6461153015365, testhost.dll, AssemblyResolver.OnResolve: nunit.engine.api: Loading assembly 'C:\Users\VC\codestack\GenSpark\day11\ShoppingSolution\ShoppingBLTets\bin\Debug\net6.0\fine-code-coverage\build-output\nunit.engine.api.dll'.
TpTrace Information: 0 : 46352, 4, 2024/04/25, 22:34:08.420, 6461153021532, testhost.dll, AssemblyResolver.OnResolve: Resolved assembly: nunit.engine.api, from path: C:\Users\VC\codestack\GenSpark\day11\ShoppingSolution\ShoppingBLTets\bin\Debug\net6.0\fine-code-coverage\build-output\nunit.engine.api.dll
TpTrace Information: 0 : 46352, 4, 2024/04/25, 22:34:08.424, 6461153066718, testhost.dll, GetTestExtensionFromType: Register extension with identifier data 'executor://NUnit3TestExecutor' and type 'NUnit.VisualStudio.TestAdapter.NUnit3TestExecutor, NUnit3.TestAdapter, Version=4.4.0.0, Culture=neutral, PublicKeyToken=4cb40d35494691ac' inside file 'C:\Users\VC\codestack\GenSpark\day11\ShoppingSolution\ShoppingBLTets\bin\Debug\net6.0\fine-code-coverage\build-output\NUnit3.TestAdapter.dll'
TpTrace Verbose: 0 : 46352, 4, 2024/04/25, 22:34:08.427, 6461153094208, testhost.dll, TestPluginCache: Discovered the extensions using extension path ''.
TpTrace Verbose: 0 : 46352, 4, 2024/04/25, 22:34:08.428, 6461153100656, testhost.dll, TestPluginCache: Discoverers are ''.
TpTrace Verbose: 0 : 46352, 4, 2024/04/25, 22:34:08.428, 6461153101430, testhost.dll, TestPluginCache: Executors are 'executor://NUnit3TestExecutor'.
TpTrace Verbose: 0 : 46352, 4, 2024/04/25, 22:34:08.428, 6461153101990, testhost.dll, TestPluginCache: Executors2 are ''.
TpTrace Verbose: 0 : 46352, 4, 2024/04/25, 22:34:08.428, 6461153102482, testhost.dll, TestPluginCache: Setting providers are ''.
TpTrace Verbose: 0 : 46352, 4, 2024/04/25, 22:34:08.428, 6461153103022, testhost.dll, TestPluginCache: Loggers are ''.
TpTrace Verbose: 0 : 46352, 4, 2024/04/25, 22:34:08.428, 6461153103566, testhost.dll, TestPluginCache: TestHosts are ''.
TpTrace Verbose: 0 : 46352, 4, 2024/04/25, 22:34:08.428, 6461153104024, testhost.dll, TestPluginCache: DataCollectors are ''.
TpTrace Verbose: 0 : 46352, 4, 2024/04/25, 22:34:08.431, 6461153133826, testhost.dll, TestPluginCache.DiscoverTestExtensions: finding test extensions in assemblies ends with: TestAdapter.dll TPluginInfo: Microsoft.VisualStudio.TestPlatform.Common.ExtensionFramework.Utilities.TestExecutorPluginInformation2 TExtension: Microsoft.VisualStudio.TestPlatform.ObjectModel.Adapter.ITestExecutor2
TpTrace Verbose: 0 : 46352, 4, 2024/04/25, 22:34:08.431, 6461153136723, testhost.dll, TestPluginCache.GetExtensionPaths: Filtered extension paths: 
TpTrace Verbose: 0 : 46352, 4, 2024/04/25, 22:34:08.431, 6461153137329, testhost.dll, TestPluginCache.GetExtensionPaths: Added default extension paths: C:\Users\VC\codestack\GenSpark\day11\ShoppingSolution\ShoppingBLTets\bin\Debug\net6.0\fine-code-coverage\build-output\NUnit3.TestAdapter.dll
TpTrace Verbose: 0 : 46352, 4, 2024/04/25, 22:34:08.431, 6461153137659, testhost.dll, TestPluginCache.GetExtensionPaths: Added unfilterableExtensionPaths: 
TpTrace Information: 0 : 46352, 4, 2024/04/25, 22:34:08.431, 6461153139220, testhost.dll, AssemblyResolver.AddSearchDirectories: Adding more searchDirectories C:\Users\VC\codestack\GenSpark\day11\ShoppingSolution\ShoppingBLTets\bin\Debug\net6.0\fine-code-coverage\build-output
TpTrace Verbose: 0 : 46352, 4, 2024/04/25, 22:34:08.431, 6461153139826, testhost.dll, TestPluginCache.DiscoverTestExtensions: Discovering the extensions using extension path.
TpTrace Verbose: 0 : 46352, 4, 2024/04/25, 22:34:08.431, 6461153140157, testhost.dll, TestPluginCache.GetExtensionPaths: Filtered extension paths: 
TpTrace Verbose: 0 : 46352, 4, 2024/04/25, 22:34:08.432, 6461153140454, testhost.dll, TestPluginCache.GetExtensionPaths: Added default extension paths: C:\Users\VC\codestack\GenSpark\day11\ShoppingSolution\ShoppingBLTets\bin\Debug\net6.0\fine-code-coverage\build-output\NUnit3.TestAdapter.dll
TpTrace Verbose: 0 : 46352, 4, 2024/04/25, 22:34:08.432, 6461153140752, testhost.dll, TestPluginCache.GetExtensionPaths: Added unfilterableExtensionPaths: 
TpTrace Verbose: 0 : 46352, 4, 2024/04/25, 22:34:08.432, 6461153141095, testhost.dll, TestPluginCache.DiscoverTestExtensions: Discovering the extensions using allExtensionPaths: C:\Users\VC\codestack\GenSpark\day11\ShoppingSolution\ShoppingBLTets\bin\Debug\net6.0\fine-code-coverage\build-output\NUnit3.TestAdapter.dll
TpTrace Information: 0 : 46352, 4, 2024/04/25, 22:34:08.432, 6461153141570, testhost.dll, AssemblyResolver.AddSearchDirectories: Adding more searchDirectories C:\Users\VC\codestack\GenSpark\day11\ShoppingSolution\ShoppingBLTets\bin\Debug\net6.0\fine-code-coverage\build-output
TpTrace Verbose: 0 : 46352, 4, 2024/04/25, 22:34:08.432, 6461153142225, testhost.dll, MetadataReaderExtensionsHelper: Discovering extensions inside assembly 'NUnit3.TestAdapter, Version=4.4.0.0, Culture=neutral, PublicKeyToken=4cb40d35494691ac' file path 'C:\Users\VC\codestack\GenSpark\day11\ShoppingSolution\ShoppingBLTets\bin\Debug\net6.0\fine-code-coverage\build-output\NUnit3.TestAdapter.dll'
TpTrace Verbose: 0 : 46352, 4, 2024/04/25, 22:34:08.432, 6461153147950, testhost.dll, TestPluginCache: Discovered the extensions using extension path ''.
TpTrace Verbose: 0 : 46352, 4, 2024/04/25, 22:34:08.432, 6461153148484, testhost.dll, TestPluginCache: Discoverers are ''.
TpTrace Verbose: 0 : 46352, 4, 2024/04/25, 22:34:08.432, 6461153148858, testhost.dll, TestPluginCache: Executors are 'executor://NUnit3TestExecutor'.
TpTrace Verbose: 0 : 46352, 4, 2024/04/25, 22:34:08.432, 6461153149627, testhost.dll, TestPluginCache: Executors2 are ''.
TpTrace Verbose: 0 : 46352, 4, 2024/04/25, 22:34:08.432, 6461153149982, testhost.dll, TestPluginCache: Setting providers are ''.
TpTrace Verbose: 0 : 46352, 4, 2024/04/25, 22:34:08.432, 6461153150324, testhost.dll, TestPluginCache: Loggers are ''.
TpTrace Verbose: 0 : 46352, 4, 2024/04/25, 22:34:08.433, 6461153150576, testhost.dll, TestPluginCache: TestHosts are ''.
TpTrace Verbose: 0 : 46352, 4, 2024/04/25, 22:34:08.433, 6461153150820, testhost.dll, TestPluginCache: DataCollectors are ''.
TpTrace Information: 0 : 46352, 4, 2024/04/25, 22:34:08.437, 6461153191882, testhost.dll, TestPluginManager.CreateTestExtension: Attempting to load test extension: NUnit.VisualStudio.TestAdapter.NUnit3TestExecutor
TpTrace Verbose: 0 : 46352, 4, 2024/04/25, 22:34:08.437, 6461153197838, testhost.dll, TestExecutorExtensionManager: Loading executor Microsoft.VisualStudio.TestPlatform.Common.ExtensionDecorators.SerialTestRunDecorator
TpTrace Verbose: 0 : 46352, 4, 2024/04/25, 22:34:08.437, 6461153198326, testhost.dll, TestExecutorService: Loaded the executors
TpTrace Verbose: 0 : 46352, 4, 2024/04/25, 22:34:08.439, 6461153211449, testhost.dll, TestPluginCache.DiscoverTestExtensions: finding test extensions in assemblies ends with: TestAdapter.dll TPluginInfo: Microsoft.VisualStudio.TestPlatform.Common.ExtensionFramework.Utilities.TestSettingsProviderPluginInformation TExtension: Microsoft.VisualStudio.TestPlatform.ObjectModel.Adapter.ISettingsProvider
TpTrace Verbose: 0 : 46352, 4, 2024/04/25, 22:34:08.439, 6461153212972, testhost.dll, TestPluginCache.GetExtensionPaths: Filtered extension paths: 
TpTrace Verbose: 0 : 46352, 4, 2024/04/25, 22:34:08.439, 6461153213534, testhost.dll, TestPluginCache.GetExtensionPaths: Added default extension paths: C:\Users\VC\codestack\GenSpark\day11\ShoppingSolution\ShoppingBLTets\bin\Debug\net6.0\fine-code-coverage\build-output\NUnit3.TestAdapter.dll
TpTrace Verbose: 0 : 46352, 4, 2024/04/25, 22:34:08.439, 6461153213857, testhost.dll, TestPluginCache.GetExtensionPaths: Added unfilterableExtensionPaths: 
TpTrace Information: 0 : 46352, 4, 2024/04/25, 22:34:08.439, 6461153215482, testhost.dll, AssemblyResolver.AddSearchDirectories: Adding more searchDirectories C:\Users\VC\codestack\GenSpark\day11\ShoppingSolution\ShoppingBLTets\bin\Debug\net6.0\fine-code-coverage\build-output
TpTrace Verbose: 0 : 46352, 4, 2024/04/25, 22:34:08.439, 6461153216027, testhost.dll, TestPluginCache.DiscoverTestExtensions: Discovering the extensions using extension path.
TpTrace Verbose: 0 : 46352, 4, 2024/04/25, 22:34:08.439, 6461153216423, testhost.dll, TestPluginCache.GetExtensionPaths: Filtered extension paths: 
TpTrace Verbose: 0 : 46352, 4, 2024/04/25, 22:34:08.439, 6461153216856, testhost.dll, TestPluginCache.GetExtensionPaths: Added default extension paths: C:\Users\VC\codestack\GenSpark\day11\ShoppingSolution\ShoppingBLTets\bin\Debug\net6.0\fine-code-coverage\build-output\NUnit3.TestAdapter.dll
TpTrace Verbose: 0 : 46352, 4, 2024/04/25, 22:34:08.439, 6461153217270, testhost.dll, TestPluginCache.GetExtensionPaths: Added unfilterableExtensionPaths: 
TpTrace Verbose: 0 : 46352, 4, 2024/04/25, 22:34:08.439, 6461153217672, testhost.dll, TestPluginCache.DiscoverTestExtensions: Discovering the extensions using allExtensionPaths: C:\Users\VC\codestack\GenSpark\day11\ShoppingSolution\ShoppingBLTets\bin\Debug\net6.0\fine-code-coverage\build-output\NUnit3.TestAdapter.dll
TpTrace Information: 0 : 46352, 4, 2024/04/25, 22:34:08.439, 6461153218539, testhost.dll, AssemblyResolver.AddSearchDirectories: Adding more searchDirectories C:\Users\VC\codestack\GenSpark\day11\ShoppingSolution\ShoppingBLTets\bin\Debug\net6.0\fine-code-coverage\build-output
TpTrace Verbose: 0 : 46352, 4, 2024/04/25, 22:34:08.439, 6461153219692, testhost.dll, MetadataReaderExtensionsHelper: Discovering extensions inside assembly 'NUnit3.TestAdapter, Version=4.4.0.0, Culture=neutral, PublicKeyToken=4cb40d35494691ac' file path 'C:\Users\VC\codestack\GenSpark\day11\ShoppingSolution\ShoppingBLTets\bin\Debug\net6.0\fine-code-coverage\build-output\NUnit3.TestAdapter.dll'
TpTrace Verbose: 0 : 46352, 4, 2024/04/25, 22:34:08.440, 6461153226525, testhost.dll, TestPluginCache: Discovered the extensions using extension path ''.
TpTrace Verbose: 0 : 46352, 4, 2024/04/25, 22:34:08.440, 6461153227189, testhost.dll, TestPluginCache: Discoverers are ''.
TpTrace Verbose: 0 : 46352, 4, 2024/04/25, 22:34:08.440, 6461153227578, testhost.dll, TestPluginCache: Executors are 'executor://NUnit3TestExecutor'.
TpTrace Verbose: 0 : 46352, 4, 2024/04/25, 22:34:08.440, 6461153228009, testhost.dll, TestPluginCache: Executors2 are ''.
TpTrace Verbose: 0 : 46352, 4, 2024/04/25, 22:34:08.440, 6461153228519, testhost.dll, TestPluginCache: Setting providers are ''.
TpTrace Verbose: 0 : 46352, 4, 2024/04/25, 22:34:08.440, 6461153229599, testhost.dll, TestPluginCache: Loggers are ''.
TpTrace Verbose: 0 : 46352, 4, 2024/04/25, 22:34:08.440, 6461153230001, testhost.dll, TestPluginCache: TestHosts are ''.
TpTrace Verbose: 0 : 46352, 4, 2024/04/25, 22:34:08.440, 6461153230328, testhost.dll, TestPluginCache: DataCollectors are ''.
TpTrace Verbose: 0 : 46352, 4, 2024/04/25, 22:34:08.442, 6461153242826, testhost.dll, TestExecutorService: Loaded the settings providers
TpTrace Information: 0 : 46352, 4, 2024/04/25, 22:34:08.442, 6461153243673, testhost.dll, TestExecutorService: Loaded the extensions
TpTrace Information: 0 : 46352, 4, 2024/04/25, 22:34:08.442, 6461153249375, testhost.dll, TestRequestHandler.OnMessageReceived: Running job 'TestExecution.StartWithSources'.
TpTrace Verbose: 0 : 46352, 4, 2024/04/25, 22:34:08.504, 6461153868824, testhost.dll, MulticastDelegateUtilities.SafeInvoke: TestCaseEventsHandler.RaiseSessionStart: Invoking callbacks was skipped because there are no subscribers.
TpTrace Information: 0 : 46352, 4, 2024/04/25, 22:34:08.508, 6461153902884, testhost.dll, TestDiscoveryManager: Discovering tests from sources C:\Users\VC\codestack\GenSpark\day11\ShoppingSolution\ShoppingBLTets\bin\Debug\net6.0\fine-code-coverage\build-output\ShoppingBLTets.dll
TpTrace Verbose: 0 : 46352, 4, 2024/04/25, 22:34:08.511, 6461153933999, testhost.dll, TestPluginCache.DiscoverTestExtensions: finding test extensions in assemblies ends with: TestAdapter.dll TPluginInfo: Microsoft.VisualStudio.TestPlatform.Common.ExtensionFramework.Utilities.TestDiscovererPluginInformation TExtension: Microsoft.VisualStudio.TestPlatform.ObjectModel.Adapter.ITestDiscoverer
TpTrace Verbose: 0 : 46352, 4, 2024/04/25, 22:34:08.511, 6461153935078, testhost.dll, TestPluginCache.GetExtensionPaths: Filtered extension paths: 
TpTrace Verbose: 0 : 46352, 4, 2024/04/25, 22:34:08.511, 6461153935406, testhost.dll, TestPluginCache.GetExtensionPaths: Added default extension paths: C:\Users\VC\codestack\GenSpark\day11\ShoppingSolution\ShoppingBLTets\bin\Debug\net6.0\fine-code-coverage\build-output\NUnit3.TestAdapter.dll
TpTrace Verbose: 0 : 46352, 4, 2024/04/25, 22:34:08.511, 6461153935642, testhost.dll, TestPluginCache.GetExtensionPaths: Added unfilterableExtensionPaths: 
TpTrace Information: 0 : 46352, 4, 2024/04/25, 22:34:08.511, 6461153936693, testhost.dll, AssemblyResolver.AddSearchDirectories: Adding more searchDirectories C:\Users\VC\codestack\GenSpark\day11\ShoppingSolution\ShoppingBLTets\bin\Debug\net6.0\fine-code-coverage\build-output
TpTrace Verbose: 0 : 46352, 4, 2024/04/25, 22:34:08.511, 6461153937025, testhost.dll, TestPluginCache.DiscoverTestExtensions: Discovering the extensions using extension path.
TpTrace Verbose: 0 : 46352, 4, 2024/04/25, 22:34:08.511, 6461153937303, testhost.dll, TestPluginCache.GetExtensionPaths: Filtered extension paths: 
TpTrace Verbose: 0 : 46352, 4, 2024/04/25, 22:34:08.511, 6461153937523, testhost.dll, TestPluginCache.GetExtensionPaths: Added default extension paths: C:\Users\VC\codestack\GenSpark\day11\ShoppingSolution\ShoppingBLTets\bin\Debug\net6.0\fine-code-coverage\build-output\NUnit3.TestAdapter.dll
TpTrace Verbose: 0 : 46352, 4, 2024/04/25, 22:34:08.511, 6461153937796, testhost.dll, TestPluginCache.GetExtensionPaths: Added unfilterableExtensionPaths: 
TpTrace Verbose: 0 : 46352, 4, 2024/04/25, 22:34:08.511, 6461153938036, testhost.dll, TestPluginCache.DiscoverTestExtensions: Discovering the extensions using allExtensionPaths: C:\Users\VC\codestack\GenSpark\day11\ShoppingSolution\ShoppingBLTets\bin\Debug\net6.0\fine-code-coverage\build-output\NUnit3.TestAdapter.dll
TpTrace Information: 0 : 46352, 4, 2024/04/25, 22:34:08.511, 6461153938369, testhost.dll, AssemblyResolver.AddSearchDirectories: Adding more searchDirectories C:\Users\VC\codestack\GenSpark\day11\ShoppingSolution\ShoppingBLTets\bin\Debug\net6.0\fine-code-coverage\build-output
TpTrace Verbose: 0 : 46352, 4, 2024/04/25, 22:34:08.511, 6461153939405, testhost.dll, MetadataReaderExtensionsHelper: Discovering extensions inside assembly 'NUnit3.TestAdapter, Version=4.4.0.0, Culture=neutral, PublicKeyToken=4cb40d35494691ac' file path 'C:\Users\VC\codestack\GenSpark\day11\ShoppingSolution\ShoppingBLTets\bin\Debug\net6.0\fine-code-coverage\build-output\NUnit3.TestAdapter.dll'
TpTrace Information: 0 : 46352, 4, 2024/04/25, 22:34:08.514, 6461153963128, testhost.dll, GetTestExtensionFromType: Register extension with identifier data 'NUnit.VisualStudio.TestAdapter.NUnit3TestDiscoverer, NUnit3.TestAdapter, Version=4.4.0.0, Culture=neutral, PublicKeyToken=4cb40d35494691ac' and type 'NUnit.VisualStudio.TestAdapter.NUnit3TestDiscoverer, NUnit3.TestAdapter, Version=4.4.0.0, Culture=neutral, PublicKeyToken=4cb40d35494691ac' inside file 'C:\Users\VC\codestack\GenSpark\day11\ShoppingSolution\ShoppingBLTets\bin\Debug\net6.0\fine-code-coverage\build-output\NUnit3.TestAdapter.dll'
TpTrace Verbose: 0 : 46352, 4, 2024/04/25, 22:34:08.514, 6461153964580, testhost.dll, TestPluginCache: Discovered the extensions using extension path ''.
TpTrace Verbose: 0 : 46352, 4, 2024/04/25, 22:34:08.514, 6461153965096, testhost.dll, TestPluginCache: Discoverers are 'NUnit.VisualStudio.TestAdapter.NUnit3TestDiscoverer, NUnit3.TestAdapter, Version=4.4.0.0, Culture=neutral, PublicKeyToken=4cb40d35494691ac'.
TpTrace Verbose: 0 : 46352, 4, 2024/04/25, 22:34:08.514, 6461153965355, testhost.dll, TestPluginCache: Executors are 'executor://NUnit3TestExecutor'.
TpTrace Verbose: 0 : 46352, 4, 2024/04/25, 22:34:08.514, 6461153965598, testhost.dll, TestPluginCache: Executors2 are ''.
TpTrace Verbose: 0 : 46352, 4, 2024/04/25, 22:34:08.514, 6461153965827, testhost.dll, TestPluginCache: Setting providers are ''.
TpTrace Verbose: 0 : 46352, 4, 2024/04/25, 22:34:08.514, 6461153966117, testhost.dll, TestPluginCache: Loggers are ''.
TpTrace Verbose: 0 : 46352, 4, 2024/04/25, 22:34:08.514, 6461153966332, testhost.dll, TestPluginCache: TestHosts are ''.
TpTrace Verbose: 0 : 46352, 4, 2024/04/25, 22:34:08.514, 6461153966548, testhost.dll, TestPluginCache: DataCollectors are ''.
TpTrace Information: 0 : 46352, 4, 2024/04/25, 22:34:08.517, 6461153998397, testhost.dll, PEReaderHelper.GetAssemblyType: Determined assemblyType:'Managed' for source: 'C:\Users\VC\codestack\GenSpark\day11\ShoppingSolution\ShoppingBLTets\bin\Debug\net6.0\fine-code-coverage\build-output\ShoppingBLTets.dll'
TpTrace Verbose: 0 : 46352, 4, 2024/04/25, 22:34:08.522, 6461154045430, testhost.dll, BaseRunTests.RunTestInternalWithExecutors: Running tests for executor://NUnit3TestExecutor
TpTrace Information: 0 : 46352, 4, 2024/04/25, 22:34:08.528, 6461154101659, testhost.dll, AssemblyResolver.OnResolve: nunit.engine: Resolving assembly.
TpTrace Information: 0 : 46352, 4, 2024/04/25, 22:34:08.528, 6461154102696, testhost.dll, AssemblyResolver.OnResolve: nunit.engine: Searching in: 'C:\Users\VC\codestack\GenSpark\day11\ShoppingSolution\ShoppingBLTets\bin\Debug\net6.0\fine-code-coverage\build-output'.
TpTrace Information: 0 : 46352, 4, 2024/04/25, 22:34:08.528, 6461154104772, testhost.dll, AssemblyResolver.OnResolve: nunit.engine: Loading assembly 'C:\Users\VC\codestack\GenSpark\day11\ShoppingSolution\ShoppingBLTets\bin\Debug\net6.0\fine-code-coverage\build-output\nunit.engine.dll'.
TpTrace Information: 0 : 46352, 4, 2024/04/25, 22:34:08.528, 6461154109623, testhost.dll, AssemblyResolver.OnResolve: Resolved assembly: nunit.engine, from path: C:\Users\VC\codestack\GenSpark\day11\ShoppingSolution\ShoppingBLTets\bin\Debug\net6.0\fine-code-coverage\build-output\nunit.engine.dll
TpTrace Information: 0 : 46352, 4, 2024/04/25, 22:34:08.529, 6461154110420, testhost.dll, AssemblyResolver.OnResolve: nunit.engine.core: Resolving assembly.
TpTrace Information: 0 : 46352, 4, 2024/04/25, 22:34:08.529, 6461154110933, testhost.dll, AssemblyResolver.OnResolve: nunit.engine.core: Searching in: 'C:\Users\VC\codestack\GenSpark\day11\ShoppingSolution\ShoppingBLTets\bin\Debug\net6.0\fine-code-coverage\build-output'.
TpTrace Information: 0 : 46352, 4, 2024/04/25, 22:34:08.529, 6461154112503, testhost.dll, AssemblyResolver.OnResolve: nunit.engine.core: Loading assembly 'C:\Users\VC\codestack\GenSpark\day11\ShoppingSolution\ShoppingBLTets\bin\Debug\net6.0\fine-code-coverage\build-output\nunit.engine.core.dll'.
TpTrace Information: 0 : 46352, 4, 2024/04/25, 22:34:08.529, 6461154117463, testhost.dll, AssemblyResolver.OnResolve: Resolved assembly: nunit.engine.core, from path: C:\Users\VC\codestack\GenSpark\day11\ShoppingSolution\ShoppingBLTets\bin\Debug\net6.0\fine-code-coverage\build-output\nunit.engine.core.dll
TpTrace Information: 0 : 46352, 4, 2024/04/25, 22:34:08.540, 6461154225809, testhost.dll, NUnit Adapter 4.4.0.0: Test execution started
TpTrace Verbose: 0 : 46352, 4, 2024/04/25, 22:34:08.540, 6461154227066, testhost.dll, TestRequestHandler.SendData: sending data from testhost: {"Version":7,"MessageType":"TestSession.Message","Payload":{"MessageLevel":0,"Message":"NUnit Adapter 4.4.0.0: Test execution started"}}
TpTrace Verbose: 0 : 46352, 4, 2024/04/25, 22:34:08.540, 6461154228728, testhost.dll, MulticastDelegateUtilities.SafeInvoke: TestRunMessageLoggerProxy.SendMessage: Invoking callback 1/1 for Microsoft.VisualStudio.TestPlatform.CrossPlatEngine.Execution.RunTestsWithSources., took 0 ms.
TpTrace Information: 0 : 46352, 4, 2024/04/25, 22:34:08.570, 6461154522336, testhost.dll, Running all tests in C:\Users\VC\codestack\GenSpark\day11\ShoppingSolution\ShoppingBLTets\bin\Debug\net6.0\fine-code-coverage\build-output\ShoppingBLTets.dll
TpTrace Verbose: 0 : 46352, 4, 2024/04/25, 22:34:08.570, 6461154523763, testhost.dll, TestRequestHandler.SendData: sending data from testhost: {"Version":7,"MessageType":"TestSession.Message","Payload":{"MessageLevel":0,"Message":"Running all tests in C:\\Users\\VC\\codestack\\GenSpark\\day11\\ShoppingSolution\\ShoppingBLTets\\bin\\Debug\\net6.0\\fine-code-coverage\\build-output\\ShoppingBLTets.dll"}}
TpTrace Verbose: 0 : 46352, 4, 2024/04/25, 22:34:08.570, 6461154524971, testhost.dll, MulticastDelegateUtilities.SafeInvoke: TestRunMessageLoggerProxy.SendMessage: Invoking callback 1/1 for Microsoft.VisualStudio.TestPlatform.CrossPlatEngine.Execution.RunTestsWithSources., took 0 ms.
TpTrace Information: 0 : 46352, 4, 2024/04/25, 22:34:08.577, 6461154599036, testhost.dll, AssemblyResolver.OnResolve: testcentric.engine.metadata: Resolving assembly.
TpTrace Information: 0 : 46352, 4, 2024/04/25, 22:34:08.577, 6461154600098, testhost.dll, AssemblyResolver.OnResolve: testcentric.engine.metadata: Searching in: 'C:\Users\VC\codestack\GenSpark\day11\ShoppingSolution\ShoppingBLTets\bin\Debug\net6.0\fine-code-coverage\build-output'.
TpTrace Information: 0 : 46352, 4, 2024/04/25, 22:34:08.578, 6461154602610, testhost.dll, AssemblyResolver.OnResolve: testcentric.engine.metadata: Loading assembly 'C:\Users\VC\codestack\GenSpark\day11\ShoppingSolution\ShoppingBLTets\bin\Debug\net6.0\fine-code-coverage\build-output\testcentric.engine.metadata.dll'.
TpTrace Information: 0 : 46352, 4, 2024/04/25, 22:34:08.578, 6461154608577, testhost.dll, AssemblyResolver.OnResolve: Resolved assembly: testcentric.engine.metadata, from path: C:\Users\VC\codestack\GenSpark\day11\ShoppingSolution\ShoppingBLTets\bin\Debug\net6.0\fine-code-coverage\build-output\testcentric.engine.metadata.dll
TpTrace Information: 0 : 46352, 4, 2024/04/25, 22:34:08.675, 6461155578748, testhost.dll,    NUnit3TestExecutor discovered 11 of 11 NUnit test cases using Current Discovery mode, Non-Explicit run
TpTrace Verbose: 0 : 46352, 4, 2024/04/25, 22:34:08.675, 6461155580018, testhost.dll, TestRequestHandler.SendData: sending data from testhost: {"Version":7,"MessageType":"TestSession.Message","Payload":{"MessageLevel":0,"Message":"   NUnit3TestExecutor discovered 11 of 11 NUnit test cases using Current Discovery mode, Non-Explicit run"}}
TpTrace Verbose: 0 : 46352, 4, 2024/04/25, 22:34:08.676, 6461155581008, testhost.dll, MulticastDelegateUtilities.SafeInvoke: TestRunMessageLoggerProxy.SendMessage: Invoking callback 1/1 for Microsoft.VisualStudio.TestPlatform.CrossPlatEngine.Execution.RunTestsWithSources., took 0 ms.
TpTrace Verbose: 0 : 46352, 14, 2024/04/25, 22:34:08.705, 6461155873726, testhost.dll, TestExecutionRecorder.RecordStart: Starting test: ShoppingBLTets.CartBLTest.AddCartTest.
TpTrace Verbose: 0 : 46352, 14, 2024/04/25, 22:34:08.746, 6461156287847, testhost.dll, MulticastDelegateUtilities.SafeInvoke: TestCaseEventsHandler.RaiseTestCaseStart: Invoking callback 1/1 for Microsoft.VisualStudio.TestPlatform.CrossPlatEngine.DataCollection.ProxyOutOfProcDataCollectionManager., took 33 ms.
TpTrace Verbose: 0 : 46352, 14, 2024/04/25, 22:34:08.779, 6461156617789, testhost.dll, TestExecutionRecorder.RecordEnd: test: ShoppingBLTets.CartBLTest.AddCartTest execution completed.
TpTrace Verbose: 0 : 46352, 14, 2024/04/25, 22:34:08.791, 6461156732901, testhost.dll, MulticastDelegateUtilities.SafeInvoke: TestCaseEventsHandler.RaiseTestCaseEnd: Invoking callback 1/1 for Microsoft.VisualStudio.TestPlatform.CrossPlatEngine.DataCollection.ProxyOutOfProcDataCollectionManager., took 10 ms.
TpTrace Verbose: 0 : 46352, 14, 2024/04/25, 22:34:08.792, 6461156742958, testhost.dll, TestExecutionRecorder.RecordResult: Received result for test: ShoppingBLTets.CartBLTest.AddCartTest.
TpTrace Verbose: 0 : 46352, 14, 2024/04/25, 22:34:08.793, 6461156758406, testhost.dll, MulticastDelegateUtilities.SafeInvoke: TestCaseEventsHandler.RaiseTestCaseEnd: Invoking callback 1/1 for Microsoft.VisualStudio.TestPlatform.CrossPlatEngine.DataCollection.ProxyOutOfProcDataCollectionManager., took 1 ms.
TpTrace Warning: 0 : 46352, 14, 2024/04/25, 22:34:08.796, 6461156784904, testhost.dll, TestRunCache: InProgressTests is null
TpTrace Warning: 0 : 46352, 14, 2024/04/25, 22:34:08.796, 6461156786356, testhost.dll, TestRunCache: No test found corresponding to testResult 'AddCartTest' in inProgress list.
TpTrace Verbose: 0 : 46352, 14, 2024/04/25, 22:34:08.797, 6461156794261, testhost.dll, TestExecutionRecorder.RecordStart: Starting test: ShoppingBLTets.CustomerBLTest.AddCustomerTest.
TpTrace Verbose: 0 : 46352, 14, 2024/04/25, 22:34:08.798, 6461156810270, testhost.dll, MulticastDelegateUtilities.SafeInvoke: TestCaseEventsHandler.RaiseTestCaseStart: Invoking callback 1/1 for Microsoft.VisualStudio.TestPlatform.CrossPlatEngine.DataCollection.ProxyOutOfProcDataCollectionManager., took 1 ms.
TpTrace Verbose: 0 : 46352, 14, 2024/04/25, 22:34:08.799, 6461156812994, testhost.dll, TestExecutionRecorder.RecordEnd: test: ShoppingBLTets.CustomerBLTest.AddCustomerTest execution completed.
TpTrace Verbose: 0 : 46352, 14, 2024/04/25, 22:34:08.800, 6461156828131, testhost.dll, MulticastDelegateUtilities.SafeInvoke: TestCaseEventsHandler.RaiseTestCaseEnd: Invoking callback 1/1 for Microsoft.VisualStudio.TestPlatform.CrossPlatEngine.DataCollection.ProxyOutOfProcDataCollectionManager., took 1 ms.
TpTrace Verbose: 0 : 46352, 14, 2024/04/25, 22:34:08.800, 6461156828801, testhost.dll, TestExecutionRecorder.RecordResult: Received result for test: ShoppingBLTets.CustomerBLTest.AddCustomerTest.
TpTrace Verbose: 0 : 46352, 14, 2024/04/25, 22:34:08.800, 6461156829231, testhost.dll, MulticastDelegateUtilities.SafeInvoke: TestCaseEventsHandler.RaiseTestCaseEnd: Invoking callback 1/1 for Microsoft.VisualStudio.TestPlatform.CrossPlatEngine.DataCollection.ProxyOutOfProcDataCollectionManager., took 0 ms.
TpTrace Warning: 0 : 46352, 14, 2024/04/25, 22:34:08.800, 6461156829563, testhost.dll, TestRunCache: InProgressTests is null
TpTrace Warning: 0 : 46352, 14, 2024/04/25, 22:34:08.800, 6461156829790, testhost.dll, TestRunCache: No test found corresponding to testResult 'AddCustomerTest' in inProgress list.
TpTrace Verbose: 0 : 46352, 14, 2024/04/25, 22:34:08.801, 6461156830561, testhost.dll, TestExecutionRecorder.RecordStart: Starting test: ShoppingBLTets.CustomerBLTest.DeleteCustomerTest.
TpTrace Verbose: 0 : 46352, 14, 2024/04/25, 22:34:08.802, 6461156842562, testhost.dll, MulticastDelegateUtilities.SafeInvoke: TestCaseEventsHandler.RaiseTestCaseStart: Invoking callback 1/1 for Microsoft.VisualStudio.TestPlatform.CrossPlatEngine.DataCollection.ProxyOutOfProcDataCollectionManager., took 1 ms.
TpTrace Verbose: 0 : 46352, 14, 2024/04/25, 22:34:08.802, 6461156844774, testhost.dll, TestExecutionRecorder.RecordEnd: test: ShoppingBLTets.CustomerBLTest.DeleteCustomerTest execution completed.
TpTrace Verbose: 0 : 46352, 14, 2024/04/25, 22:34:08.803, 6461156855386, testhost.dll, MulticastDelegateUtilities.SafeInvoke: TestCaseEventsHandler.RaiseTestCaseEnd: Invoking callback 1/1 for Microsoft.VisualStudio.TestPlatform.CrossPlatEngine.DataCollection.ProxyOutOfProcDataCollectionManager., took 1 ms.
TpTrace Verbose: 0 : 46352, 14, 2024/04/25, 22:34:08.803, 6461156855989, testhost.dll, TestExecutionRecorder.RecordResult: Received result for test: ShoppingBLTets.CustomerBLTest.DeleteCustomerTest.
TpTrace Verbose: 0 : 46352, 14, 2024/04/25, 22:34:08.803, 6461156856360, testhost.dll, MulticastDelegateUtilities.SafeInvoke: TestCaseEventsHandler.RaiseTestCaseEnd: Invoking callback 1/1 for Microsoft.VisualStudio.TestPlatform.CrossPlatEngine.DataCollection.ProxyOutOfProcDataCollectionManager., took 0 ms.
TpTrace Warning: 0 : 46352, 14, 2024/04/25, 22:34:08.803, 6461156856660, testhost.dll, TestRunCache: InProgressTests is null
TpTrace Warning: 0 : 46352, 14, 2024/04/25, 22:34:08.803, 6461156856887, testhost.dll, TestRunCache: No test found corresponding to testResult 'DeleteCustomerTest' in inProgress list.
TpTrace Verbose: 0 : 46352, 14, 2024/04/25, 22:34:08.803, 6461156857666, testhost.dll, TestExecutionRecorder.RecordStart: Starting test: ShoppingBLTets.CustomerBLTest.GetAllCustomerTest.
TpTrace Verbose: 0 : 46352, 14, 2024/04/25, 22:34:08.804, 6461156867917, testhost.dll, MulticastDelegateUtilities.SafeInvoke: TestCaseEventsHandler.RaiseTestCaseStart: Invoking callback 1/1 for Microsoft.VisualStudio.TestPlatform.CrossPlatEngine.DataCollection.ProxyOutOfProcDataCollectionManager., took 0 ms.
TpTrace Verbose: 0 : 46352, 14, 2024/04/25, 22:34:08.804, 6461156870090, testhost.dll, TestExecutionRecorder.RecordEnd: test: ShoppingBLTets.CustomerBLTest.GetAllCustomerTest execution completed.
TpTrace Verbose: 0 : 46352, 14, 2024/04/25, 22:34:08.806, 6461156880984, testhost.dll, MulticastDelegateUtilities.SafeInvoke: TestCaseEventsHandler.RaiseTestCaseEnd: Invoking callback 1/1 for Microsoft.VisualStudio.TestPlatform.CrossPlatEngine.DataCollection.ProxyOutOfProcDataCollectionManager., took 1 ms.
TpTrace Verbose: 0 : 46352, 14, 2024/04/25, 22:34:08.806, 6461156881988, testhost.dll, TestExecutionRecorder.RecordResult: Received result for test: ShoppingBLTets.CustomerBLTest.GetAllCustomerTest.
TpTrace Verbose: 0 : 46352, 14, 2024/04/25, 22:34:08.806, 6461156882584, testhost.dll, MulticastDelegateUtilities.SafeInvoke: TestCaseEventsHandler.RaiseTestCaseEnd: Invoking callback 1/1 for Microsoft.VisualStudio.TestPlatform.CrossPlatEngine.DataCollection.ProxyOutOfProcDataCollectionManager., took 0 ms.
TpTrace Warning: 0 : 46352, 14, 2024/04/25, 22:34:08.806, 6461156882961, testhost.dll, TestRunCache: InProgressTests is null
TpTrace Warning: 0 : 46352, 14, 2024/04/25, 22:34:08.806, 6461156883242, testhost.dll, TestRunCache: No test found corresponding to testResult 'GetAllCustomerTest' in inProgress list.
TpTrace Verbose: 0 : 46352, 14, 2024/04/25, 22:34:08.806, 6461156884159, testhost.dll, TestExecutionRecorder.RecordStart: Starting test: ShoppingBLTets.CustomerBLTest.GetCustomerTest.
TpTrace Verbose: 0 : 46352, 14, 2024/04/25, 22:34:08.807, 6461156896435, testhost.dll, MulticastDelegateUtilities.SafeInvoke: TestCaseEventsHandler.RaiseTestCaseStart: Invoking callback 1/1 for Microsoft.VisualStudio.TestPlatform.CrossPlatEngine.DataCollection.ProxyOutOfProcDataCollectionManager., took 1 ms.
TpTrace Verbose: 0 : 46352, 14, 2024/04/25, 22:34:08.807, 6461156898692, testhost.dll, TestExecutionRecorder.RecordEnd: test: ShoppingBLTets.CustomerBLTest.GetCustomerTest execution completed.
TpTrace Verbose: 0 : 46352, 14, 2024/04/25, 22:34:08.809, 6461156910882, testhost.dll, MulticastDelegateUtilities.SafeInvoke: TestCaseEventsHandler.RaiseTestCaseEnd: Invoking callback 1/1 for Microsoft.VisualStudio.TestPlatform.CrossPlatEngine.DataCollection.ProxyOutOfProcDataCollectionManager., took 1 ms.
TpTrace Verbose: 0 : 46352, 14, 2024/04/25, 22:34:08.809, 6461156911802, testhost.dll, TestExecutionRecorder.RecordResult: Received result for test: ShoppingBLTets.CustomerBLTest.GetCustomerTest.
TpTrace Verbose: 0 : 46352, 14, 2024/04/25, 22:34:08.809, 6461156912353, testhost.dll, MulticastDelegateUtilities.SafeInvoke: TestCaseEventsHandler.RaiseTestCaseEnd: Invoking callback 1/1 for Microsoft.VisualStudio.TestPlatform.CrossPlatEngine.DataCollection.ProxyOutOfProcDataCollectionManager., took 0 ms.
TpTrace Warning: 0 : 46352, 14, 2024/04/25, 22:34:08.809, 6461156912765, testhost.dll, TestRunCache: InProgressTests is null
TpTrace Warning: 0 : 46352, 14, 2024/04/25, 22:34:08.809, 6461156913042, testhost.dll, TestRunCache: No test found corresponding to testResult 'GetCustomerTest' in inProgress list.
TpTrace Verbose: 0 : 46352, 14, 2024/04/25, 22:34:08.809, 6461156914074, testhost.dll, TestExecutionRecorder.RecordStart: Starting test: ShoppingBLTets.CustomerBLTest.UpdateCustomerTest.
TpTrace Verbose: 0 : 46352, 14, 2024/04/25, 22:34:08.810, 6461156925815, testhost.dll, MulticastDelegateUtilities.SafeInvoke: TestCaseEventsHandler.RaiseTestCaseStart: Invoking callback 1/1 for Microsoft.VisualStudio.TestPlatform.CrossPlatEngine.DataCollection.ProxyOutOfProcDataCollectionManager., took 1 ms.
TpTrace Verbose: 0 : 46352, 14, 2024/04/25, 22:34:08.810, 6461156928075, testhost.dll, TestExecutionRecorder.RecordEnd: test: ShoppingBLTets.CustomerBLTest.UpdateCustomerTest execution completed.
TpTrace Verbose: 0 : 46352, 14, 2024/04/25, 22:34:08.811, 6461156939180, testhost.dll, MulticastDelegateUtilities.SafeInvoke: TestCaseEventsHandler.RaiseTestCaseEnd: Invoking callback 1/1 for Microsoft.VisualStudio.TestPlatform.CrossPlatEngine.DataCollection.ProxyOutOfProcDataCollectionManager., took 1 ms.
TpTrace Verbose: 0 : 46352, 14, 2024/04/25, 22:34:08.811, 6461156939857, testhost.dll, TestExecutionRecorder.RecordResult: Received result for test: ShoppingBLTets.CustomerBLTest.UpdateCustomerTest.
TpTrace Verbose: 0 : 46352, 14, 2024/04/25, 22:34:08.811, 6461156940294, testhost.dll, MulticastDelegateUtilities.SafeInvoke: TestCaseEventsHandler.RaiseTestCaseEnd: Invoking callback 1/1 for Microsoft.VisualStudio.TestPlatform.CrossPlatEngine.DataCollection.ProxyOutOfProcDataCollectionManager., took 0 ms.
TpTrace Warning: 0 : 46352, 14, 2024/04/25, 22:34:08.812, 6461156940673, testhost.dll, TestRunCache: InProgressTests is null
TpTrace Warning: 0 : 46352, 14, 2024/04/25, 22:34:08.812, 6461156940970, testhost.dll, TestRunCache: No test found corresponding to testResult 'UpdateCustomerTest' in inProgress list.
TpTrace Verbose: 0 : 46352, 14, 2024/04/25, 22:34:08.812, 6461156943145, testhost.dll, TestExecutionRecorder.RecordStart: Starting test: ShoppingBLTets.ProductBLTest.AddProductTest.
TpTrace Verbose: 0 : 46352, 14, 2024/04/25, 22:34:08.813, 6461156953947, testhost.dll, MulticastDelegateUtilities.SafeInvoke: TestCaseEventsHandler.RaiseTestCaseStart: Invoking callback 1/1 for Microsoft.VisualStudio.TestPlatform.CrossPlatEngine.DataCollection.ProxyOutOfProcDataCollectionManager., took 1 ms.
TpTrace Verbose: 0 : 46352, 14, 2024/04/25, 22:34:08.813, 6461156956516, testhost.dll, TestExecutionRecorder.RecordEnd: test: ShoppingBLTets.ProductBLTest.AddProductTest execution completed.
TpTrace Verbose: 0 : 46352, 14, 2024/04/25, 22:34:08.814, 6461156966368, testhost.dll, MulticastDelegateUtilities.SafeInvoke: TestCaseEventsHandler.RaiseTestCaseEnd: Invoking callback 1/1 for Microsoft.VisualStudio.TestPlatform.CrossPlatEngine.DataCollection.ProxyOutOfProcDataCollectionManager., took 0 ms.
TpTrace Verbose: 0 : 46352, 14, 2024/04/25, 22:34:08.814, 6461156967052, testhost.dll, TestExecutionRecorder.RecordResult: Received result for test: ShoppingBLTets.ProductBLTest.AddProductTest.
TpTrace Verbose: 0 : 46352, 14, 2024/04/25, 22:34:08.814, 6461156967485, testhost.dll, MulticastDelegateUtilities.SafeInvoke: TestCaseEventsHandler.RaiseTestCaseEnd: Invoking callback 1/1 for Microsoft.VisualStudio.TestPlatform.CrossPlatEngine.DataCollection.ProxyOutOfProcDataCollectionManager., took 0 ms.
TpTrace Warning: 0 : 46352, 14, 2024/04/25, 22:34:08.814, 6461156967908, testhost.dll, TestRunCache: InProgressTests is null
TpTrace Warning: 0 : 46352, 14, 2024/04/25, 22:34:08.814, 6461156968239, testhost.dll, TestRunCache: No test found corresponding to testResult 'AddProductTest' in inProgress list.
TpTrace Verbose: 0 : 46352, 14, 2024/04/25, 22:34:08.814, 6461156969092, testhost.dll, TestExecutionRecorder.RecordStart: Starting test: ShoppingBLTets.ProductBLTest.DeleteProductTest.
TpTrace Verbose: 0 : 46352, 14, 2024/04/25, 22:34:08.816, 6461156982378, testhost.dll, MulticastDelegateUtilities.SafeInvoke: TestCaseEventsHandler.RaiseTestCaseStart: Invoking callback 1/1 for Microsoft.VisualStudio.TestPlatform.CrossPlatEngine.DataCollection.ProxyOutOfProcDataCollectionManager., took 1 ms.
TpTrace Verbose: 0 : 46352, 14, 2024/04/25, 22:34:08.816, 6461156985348, testhost.dll, TestExecutionRecorder.RecordEnd: test: ShoppingBLTets.ProductBLTest.DeleteProductTest execution completed.
TpTrace Verbose: 0 : 46352, 14, 2024/04/25, 22:34:08.817, 6461156999764, testhost.dll, MulticastDelegateUtilities.SafeInvoke: TestCaseEventsHandler.RaiseTestCaseEnd: Invoking callback 1/1 for Microsoft.VisualStudio.TestPlatform.CrossPlatEngine.DataCollection.ProxyOutOfProcDataCollectionManager., took 1 ms.
TpTrace Verbose: 0 : 46352, 14, 2024/04/25, 22:34:08.817, 6461157000234, testhost.dll, TestExecutionRecorder.RecordResult: Received result for test: ShoppingBLTets.ProductBLTest.DeleteProductTest.
TpTrace Verbose: 0 : 46352, 14, 2024/04/25, 22:34:08.818, 6461157000579, testhost.dll, MulticastDelegateUtilities.SafeInvoke: TestCaseEventsHandler.RaiseTestCaseEnd: Invoking callback 1/1 for Microsoft.VisualStudio.TestPlatform.CrossPlatEngine.DataCollection.ProxyOutOfProcDataCollectionManager., took 0 ms.
TpTrace Warning: 0 : 46352, 14, 2024/04/25, 22:34:08.818, 6461157000876, testhost.dll, TestRunCache: InProgressTests is null
TpTrace Warning: 0 : 46352, 14, 2024/04/25, 22:34:08.818, 6461157001105, testhost.dll, TestRunCache: No test found corresponding to testResult 'DeleteProductTest' in inProgress list.
TpTrace Verbose: 0 : 46352, 14, 2024/04/25, 22:34:08.818, 6461157001836, testhost.dll, TestExecutionRecorder.RecordStart: Starting test: ShoppingBLTets.ProductBLTest.GetAllProductTest.
TpTrace Verbose: 0 : 46352, 14, 2024/04/25, 22:34:08.819, 6461157013834, testhost.dll, MulticastDelegateUtilities.SafeInvoke: TestCaseEventsHandler.RaiseTestCaseStart: Invoking callback 1/1 for Microsoft.VisualStudio.TestPlatform.CrossPlatEngine.DataCollection.ProxyOutOfProcDataCollectionManager., took 1 ms.
TpTrace Verbose: 0 : 46352, 14, 2024/04/25, 22:34:08.819, 6461157015305, testhost.dll, TestExecutionRecorder.RecordEnd: test: ShoppingBLTets.ProductBLTest.GetAllProductTest execution completed.
TpTrace Verbose: 0 : 46352, 14, 2024/04/25, 22:34:08.820, 6461157027147, testhost.dll, MulticastDelegateUtilities.SafeInvoke: TestCaseEventsHandler.RaiseTestCaseEnd: Invoking callback 1/1 for Microsoft.VisualStudio.TestPlatform.CrossPlatEngine.DataCollection.ProxyOutOfProcDataCollectionManager., took 1 ms.
TpTrace Verbose: 0 : 46352, 14, 2024/04/25, 22:34:08.820, 6461157027519, testhost.dll, TestExecutionRecorder.RecordResult: Received result for test: ShoppingBLTets.ProductBLTest.GetAllProductTest.
TpTrace Verbose: 0 : 46352, 14, 2024/04/25, 22:34:08.820, 6461157027816, testhost.dll, MulticastDelegateUtilities.SafeInvoke: TestCaseEventsHandler.RaiseTestCaseEnd: Invoking callback 1/1 for Microsoft.VisualStudio.TestPlatform.CrossPlatEngine.DataCollection.ProxyOutOfProcDataCollectionManager., took 0 ms.
TpTrace Warning: 0 : 46352, 14, 2024/04/25, 22:34:08.820, 6461157028081, testhost.dll, TestRunCache: InProgressTests is null
TpTrace Warning: 0 : 46352, 14, 2024/04/25, 22:34:08.820, 6461157029391, testhost.dll, TestRunCache: No test found corresponding to testResult 'GetAllProductTest' in inProgress list.
TpTrace Verbose: 0 : 46352, 14, 2024/04/25, 22:34:08.820, 6461157030026, testhost.dll, TestExecutionRecorder.RecordStart: Starting test: ShoppingBLTets.ProductBLTest.GetProductTest.
TpTrace Information: 0 : 46352, 14, 2024/04/25, 22:34:08.822, 6461157048435, testhost.dll, Sending test run statistics
TpTrace Verbose: 0 : 46352, 14, 2024/04/25, 22:34:08.842, 6461157245861, testhost.dll, TestRequestHandler.SendData: sending data from testhost: {"Version":7,"MessageType":"TestExecution.StatsChange","Payload":{"NewTestResults":[{"TestCase":{"Id":"ff905401-f899-5a70-2ceb-cfce89c44474","FullyQualifiedName":"ShoppingBLTets.CartBLTest.AddCartTest","DisplayName":"AddCartTest","ExecutorUri":"executor://NUnit3TestExecutor","Source":"C:\\Users\\VC\\codestack\\GenSpark\\day11\\ShoppingSolution\\ShoppingBLTets\\bin\\Debug\\net6.0\\fine-code-coverage\\build-output\\ShoppingBLTets.dll","CodeFilePath":null,"LineNumber":0,"Properties":[{"Key":{"Id":"NUnit.Seed","Label":"Seed","Category":"","Description":"","Attributes":0,"ValueType":"System.String"},"Value":"1320829623"}]},"Attachments":[],"Outcome":2,"ErrorMessage":"  Expected: 1\r\n  But was:  0\r\n","ErrorStackTrace":"   at ShoppingBLTets.CartBLTest.AddCartTest() in C:\\Users\\VC\\codestack\\GenSpark\\day11\\ShoppingSolution\\ShoppingBLTets\\CartBLTest.cs:line 39\r\n\n1)    at ShoppingBLTets.CartBLTest.AddCartTest() in C:\\Users\\VC\\codestack\\GenSpark\\day11\\ShoppingSolution\\ShoppingBLTets\\CartBLTest.cs:line 39\r\n\n","DisplayName":"AddCartTest","Messages":[],"ComputerName":"J9GCBX3","Duration":"00:00:00.0531400","StartTime":"2024-04-25T17:04:08.7035578+00:00","EndTime":"2024-04-25T17:04:08.7566362+00:00","Properties":[{"Key":{"Id":"NUnit.Seed","Label":"Seed","Category":"","Description":"","Attributes":0,"ValueType":"System.String"},"Value":"1320829623"}]},{"TestCase":{"Id":"8dd508c0-a8ab-b798-a64c-68f1ba8c5eee","FullyQualifiedName":"ShoppingBLTets.CustomerBLTest.AddCustomerTest","DisplayName":"AddCustomerTest","ExecutorUri":"executor://NUnit3TestExecutor","Source":"C:\\Users\\VC\\codestack\\GenSpark\\day11\\ShoppingSolution\\ShoppingBLTets\\bin\\Debug\\net6.0\\fine-code-coverage\\build-output\\ShoppingBLTets.dll","CodeFilePath":null,"LineNumber":0,"Properties":[{"Key":{"Id":"NUnit.Seed","Label":"Seed","Category":"","Description":"","Attributes":0,"ValueType":"System.String"},"Value":"1653077143"}]},"Attachments":[],"Outcome":1,"ErrorMessage":null,"ErrorStackTrace":null,"DisplayName":"AddCustomerTest","Messages":[],"ComputerName":"J9GCBX3","Duration":"00:00:00.0002990","StartTime":"2024-04-25T17:04:08.7595157+00:00","EndTime":"2024-04-25T17:04:08.7598142+00:00","Properties":[{"Key":{"Id":"NUnit.Seed","Label":"Seed","Category":"","Description":"","Attributes":0,"ValueType":"System.String"},"Value":"1653077143"}]},{"TestCase":{"Id":"05d1e830-e1a1-6a72-b85f-0d533931ef6e","FullyQualifiedName":"ShoppingBLTets.CustomerBLTest.DeleteCustomerTest","DisplayName":"DeleteCustomerTest","ExecutorUri":"executor://NUnit3TestExecutor","Source":"C:\\Users\\VC\\codestack\\GenSpark\\day11\\ShoppingSolution\\ShoppingBLTets\\bin\\Debug\\net6.0\\fine-code-coverage\\build-output\\ShoppingBLTets.dll","CodeFilePath":null,"LineNumber":0,"Properties":[{"Key":{"Id":"NUnit.Seed","Label":"Seed","Category":"","Description":"","Attributes":0,"ValueType":"System.String"},"Value":"234225200"}]},"Attachments":[],"Outcome":1,"ErrorMessage":null,"ErrorStackTrace":null,"DisplayName":"DeleteCustomerTest","Messages":[],"ComputerName":"J9GCBX3","Duration":"00:00:00.0019610","StartTime":"2024-04-25T17:04:08.759826+00:00","EndTime":"2024-04-25T17:04:08.7617871+00:00","Properties":[{"Key":{"Id":"NUnit.Seed","Label":"Seed","Category":"","Description":"","Attributes":0,"ValueType":"System.String"},"Value":"234225200"}]},{"TestCase":{"Id":"20c41af1-bffc-483f-a2b1-08da04bc7026","FullyQualifiedName":"ShoppingBLTets.CustomerBLTest.GetAllCustomerTest","DisplayName":"GetAllCustomerTest","ExecutorUri":"executor://NUnit3TestExecutor","Source":"C:\\Users\\VC\\codestack\\GenSpark\\day11\\ShoppingSolution\\ShoppingBLTets\\bin\\Debug\\net6.0\\fine-code-coverage\\build-output\\ShoppingBLTets.dll","CodeFilePath":null,"LineNumber":0,"Properties":[{"Key":{"Id":"NUnit.Seed","Label":"Seed","Category":"","Description":"","Attributes":0,"ValueType":"System.String"},"Value":"381476009"}]},"Attachments":[],"Outcome":1,"ErrorMessage":null,"ErrorStackTrace":null,"DisplayName":"GetAllCustomerTest","Messages":[],"ComputerName":"J9GCBX3","Duration":"00:00:00.0003680","StartTime":"2024-04-25T17:04:08.7618074+00:00","EndTime":"2024-04-25T17:04:08.7621748+00:00","Properties":[{"Key":{"Id":"NUnit.Seed","Label":"Seed","Category":"","Description":"","Attributes":0,"ValueType":"System.String"},"Value":"381476009"}]},{"TestCase":{"Id":"8c645aae-a328-0315-c220-9c2fcb64a384","FullyQualifiedName":"ShoppingBLTets.CustomerBLTest.GetCustomerTest","DisplayName":"GetCustomerTest","ExecutorUri":"executor://NUnit3TestExecutor","Source":"C:\\Users\\VC\\codestack\\GenSpark\\day11\\ShoppingSolution\\ShoppingBLTets\\bin\\Debug\\net6.0\\fine-code-coverage\\build-output\\ShoppingBLTets.dll","CodeFilePath":null,"LineNumber":0,"Properties":[{"Key":{"Id":"NUnit.Seed","Label":"Seed","Category":"","Description":"","Attributes":0,"ValueType":"System.String"},"Value":"1584261366"}]},"Attachments":[],"Outcome":1,"ErrorMessage":null,"ErrorStackTrace":null,"DisplayName":"GetCustomerTest","Messages":[],"ComputerName":"J9GCBX3","Duration":"00:00:00.0001080","StartTime":"2024-04-25T17:04:08.7621853+00:00","EndTime":"2024-04-25T17:04:08.7622932+00:00","Properties":[{"Key":{"Id":"NUnit.Seed","Label":"Seed","Category":"","Description":"","Attributes":0,"ValueType":"System.String"},"Value":"1584261366"}]},{"TestCase":{"Id":"eefe311c-2fe1-4ace-23c4-249c1f1d7663","FullyQualifiedName":"ShoppingBLTets.CustomerBLTest.UpdateCustomerTest","DisplayName":"UpdateCustomerTest","ExecutorUri":"executor://NUnit3TestExecutor","Source":"C:\\Users\\VC\\codestack\\GenSpark\\day11\\ShoppingSolution\\ShoppingBLTets\\bin\\Debug\\net6.0\\fine-code-coverage\\build-output\\ShoppingBLTets.dll","CodeFilePath":null,"LineNumber":0,"Properties":[{"Key":{"Id":"NUnit.Seed","Label":"Seed","Category":"","Description":"","Attributes":0,"ValueType":"System.String"},"Value":"948609565"}]},"Attachments":[],"Outcome":1,"ErrorMessage":null,"ErrorStackTrace":null,"DisplayName":"UpdateCustomerTest","Messages":[],"ComputerName":"J9GCBX3","Duration":"00:00:00.0001900","StartTime":"2024-04-25T17:04:08.7623058+00:00","EndTime":"2024-04-25T17:04:08.7624957+00:00","Properties":[{"Key":{"Id":"NUnit.Seed","Label":"Seed","Category":"","Description":"","Attributes":0,"ValueType":"System.String"},"Value":"948609565"}]},{"TestCase":{"Id":"52dc3b23-0320-646b-9fc8-5d0883e6726a","FullyQualifiedName":"ShoppingBLTets.ProductBLTest.AddProductTest","DisplayName":"AddProductTest","ExecutorUri":"executor://NUnit3TestExecutor","Source":"C:\\Users\\VC\\codestack\\GenSpark\\day11\\ShoppingSolution\\ShoppingBLTets\\bin\\Debug\\net6.0\\fine-code-coverage\\build-output\\ShoppingBLTets.dll","CodeFilePath":null,"LineNumber":0,"Properties":[{"Key":{"Id":"NUnit.Seed","Label":"Seed","Category":"","Description":"","Attributes":0,"ValueType":"System.String"},"Value":"886824982"}]},"Attachments":[],"Outcome":1,"ErrorMessage":null,"ErrorStackTrace":null,"DisplayName":"AddProductTest","Messages":[],"ComputerName":"J9GCBX3","Duration":"00:00:00.0002190","StartTime":"2024-04-25T17:04:08.762602+00:00","EndTime":"2024-04-25T17:04:08.7628208+00:00","Properties":[{"Key":{"Id":"NUnit.Seed","Label":"Seed","Category":"","Description":"","Attributes":0,"ValueType":"System.String"},"Value":"886824982"}]},{"TestCase":{"Id":"03825b12-8698-fecf-ab5d-a98d661ec4af","FullyQualifiedName":"ShoppingBLTets.ProductBLTest.DeleteProductTest","DisplayName":"DeleteProductTest","ExecutorUri":"executor://NUnit3TestExecutor","Source":"C:\\Users\\VC\\codestack\\GenSpark\\day11\\ShoppingSolution\\ShoppingBLTets\\bin\\Debug\\net6.0\\fine-code-coverage\\build-output\\ShoppingBLTets.dll","CodeFilePath":null,"LineNumber":0,"Properties":[{"Key":{"Id":"NUnit.Seed","Label":"Seed","Category":"","Description":"","Attributes":0,"ValueType":"System.String"},"Value":"2124853771"}]},"Attachments":[],"Outcome":1,"ErrorMessage":null,"ErrorStackTrace":null,"DisplayName":"DeleteProductTest","Messages":[],"ComputerName":"J9GCBX3","Duration":"00:00:00.0005470","StartTime":"2024-04-25T17:04:08.7628294+00:00","EndTime":"2024-04-25T17:04:08.7633762+00:00","Properties":[{"Key":{"Id":"NUnit.Seed","Label":"Seed","Category":"","Description":"","Attributes":0,"ValueType":"System.String"},"Value":"2124853771"}]},{"TestCase":{"Id":"6c492d13-77b1-3acb-3b51-dc0a4d58d844","FullyQualifiedName":"ShoppingBLTets.ProductBLTest.GetAllProductTest","DisplayName":"GetAllProductTest","ExecutorUri":"executor://NUnit3TestExecutor","Source":"C:\\Users\\VC\\codestack\\GenSpark\\day11\\ShoppingSolution\\ShoppingBLTets\\bin\\Debug\\net6.0\\fine-code-coverage\\build-output\\ShoppingBLTets.dll","CodeFilePath":null,"LineNumber":0,"Properties":[{"Key":{"Id":"NUnit.Seed","Label":"Seed","Category":"","Description":"","Attributes":0,"ValueType":"System.String"},"Value":"1508341605"}]},"Attachments":[],"Outcome":1,"ErrorMessage":null,"ErrorStackTrace":null,"DisplayName":"GetAllProductTest","Messages":[],"ComputerName":"J9GCBX3","Duration":"00:00:00.0001650","StartTime":"2024-04-25T17:04:08.7633869+00:00","EndTime":"2024-04-25T17:04:08.7635513+00:00","Properties":[{"Key":{"Id":"NUnit.Seed","Label":"Seed","Category":"","Description":"","Attributes":0,"ValueType":"System.String"},"Value":"1508341605"}]}],"TestRunStatistics":{"ExecutedTests":9,"Stats":{"Failed":1,"Passed":8}},"ActiveTests":[{"Id":"31d9a262-143b-6659-6fe4-f4d5cbd54eaf","FullyQualifiedName":"ShoppingBLTets.ProductBLTest.GetProductTest","DisplayName":"GetProductTest","ExecutorUri":"executor://NUnit3TestExecutor","Source":"C:\\Users\\VC\\codestack\\GenSpark\\day11\\ShoppingSolution\\ShoppingBLTets\\bin\\Debug\\net6.0\\fine-code-coverage\\build-output\\ShoppingBLTets.dll","CodeFilePath":null,"LineNumber":0,"Properties":[{"Key":{"Id":"NUnit.Seed","Label":"Seed","Category":"","Description":"","Attributes":0,"ValueType":"System.String"},"Value":"741422680"}]}]}}
TpTrace Verbose: 0 : 46352, 14, 2024/04/25, 22:34:08.842, 6461157248933, testhost.dll, TestRunCache: OnNewTestResult: Notified the onCacheHit callback.
TpTrace Verbose: 0 : 46352, 14, 2024/04/25, 22:34:08.844, 6461157263957, testhost.dll, MulticastDelegateUtilities.SafeInvoke: TestCaseEventsHandler.RaiseTestCaseStart: Invoking callback 1/1 for Microsoft.VisualStudio.TestPlatform.CrossPlatEngine.DataCollection.ProxyOutOfProcDataCollectionManager., took 1 ms.
TpTrace Verbose: 0 : 46352, 14, 2024/04/25, 22:34:08.844, 6461157267211, testhost.dll, TestExecutionRecorder.RecordEnd: test: ShoppingBLTets.ProductBLTest.GetProductTest execution completed.
TpTrace Warning: 0 : 46352, 14, 2024/04/25, 22:34:08.844, 6461157267661, testhost.dll, TestRunCache: InProgressTests is null
TpTrace Verbose: 0 : 46352, 14, 2024/04/25, 22:34:08.845, 6461157276693, testhost.dll, MulticastDelegateUtilities.SafeInvoke: TestCaseEventsHandler.RaiseTestCaseEnd: Invoking callback 1/1 for Microsoft.VisualStudio.TestPlatform.CrossPlatEngine.DataCollection.ProxyOutOfProcDataCollectionManager., took 0 ms.
TpTrace Verbose: 0 : 46352, 14, 2024/04/25, 22:34:08.845, 6461157277282, testhost.dll, TestExecutionRecorder.RecordResult: Received result for test: ShoppingBLTets.ProductBLTest.GetProductTest.
TpTrace Verbose: 0 : 46352, 14, 2024/04/25, 22:34:08.845, 6461157277617, testhost.dll, MulticastDelegateUtilities.SafeInvoke: TestCaseEventsHandler.RaiseTestCaseEnd: Invoking callback 1/1 for Microsoft.VisualStudio.TestPlatform.CrossPlatEngine.DataCollection.ProxyOutOfProcDataCollectionManager., took 0 ms.
TpTrace Warning: 0 : 46352, 14, 2024/04/25, 22:34:08.845, 6461157277933, testhost.dll, TestRunCache: InProgressTests is null
TpTrace Warning: 0 : 46352, 14, 2024/04/25, 22:34:08.845, 6461157278184, testhost.dll, TestRunCache: No test found corresponding to testResult 'GetProductTest' in inProgress list.
TpTrace Verbose: 0 : 46352, 14, 2024/04/25, 22:34:08.845, 6461157279192, testhost.dll, TestExecutionRecorder.RecordStart: Starting test: ShoppingBLTets.ProductBLTest.UpdateProductTest.
TpTrace Verbose: 0 : 46352, 14, 2024/04/25, 22:34:08.847, 6461157293721, testhost.dll, MulticastDelegateUtilities.SafeInvoke: TestCaseEventsHandler.RaiseTestCaseStart: Invoking callback 1/1 for Microsoft.VisualStudio.TestPlatform.CrossPlatEngine.DataCollection.ProxyOutOfProcDataCollectionManager., took 1 ms.
TpTrace Verbose: 0 : 46352, 14, 2024/04/25, 22:34:08.847, 6461157297037, testhost.dll, TestExecutionRecorder.RecordEnd: test: ShoppingBLTets.ProductBLTest.UpdateProductTest execution completed.
TpTrace Verbose: 0 : 46352, 14, 2024/04/25, 22:34:08.848, 6461157308630, testhost.dll, MulticastDelegateUtilities.SafeInvoke: TestCaseEventsHandler.RaiseTestCaseEnd: Invoking callback 1/1 for Microsoft.VisualStudio.TestPlatform.CrossPlatEngine.DataCollection.ProxyOutOfProcDataCollectionManager., took 1 ms.
TpTrace Verbose: 0 : 46352, 14, 2024/04/25, 22:34:08.848, 6461157309533, testhost.dll, TestExecutionRecorder.RecordResult: Received result for test: ShoppingBLTets.ProductBLTest.UpdateProductTest.
TpTrace Verbose: 0 : 46352, 14, 2024/04/25, 22:34:08.848, 6461157310090, testhost.dll, MulticastDelegateUtilities.SafeInvoke: TestCaseEventsHandler.RaiseTestCaseEnd: Invoking callback 1/1 for Microsoft.VisualStudio.TestPlatform.CrossPlatEngine.DataCollection.ProxyOutOfProcDataCollectionManager., took 0 ms.
TpTrace Warning: 0 : 46352, 14, 2024/04/25, 22:34:08.849, 6461157310522, testhost.dll, TestRunCache: InProgressTests is null
TpTrace Warning: 0 : 46352, 14, 2024/04/25, 22:34:08.849, 6461157310879, testhost.dll, TestRunCache: No test found corresponding to testResult 'UpdateProductTest' in inProgress list.
TpTrace Information: 0 : 46352, 4, 2024/04/25, 22:34:08.854, 6461157369254, testhost.dll, NUnit Adapter 4.4.0.0: Test execution complete
TpTrace Verbose: 0 : 46352, 4, 2024/04/25, 22:34:08.855, 6461157371051, testhost.dll, TestRequestHandler.SendData: sending data from testhost: {"Version":7,"MessageType":"TestSession.Message","Payload":{"MessageLevel":0,"Message":"NUnit Adapter 4.4.0.0: Test execution complete"}}
TpTrace Verbose: 0 : 46352, 4, 2024/04/25, 22:34:08.855, 6461157372389, testhost.dll, MulticastDelegateUtilities.SafeInvoke: TestRunMessageLoggerProxy.SendMessage: Invoking callback 1/1 for Microsoft.VisualStudio.TestPlatform.CrossPlatEngine.Execution.RunTestsWithSources., took 0 ms.
TpTrace Verbose: 0 : 46352, 4, 2024/04/25, 22:34:08.862, 6461157444265, testhost.dll, BaseRunTests.RunTestInternalWithExecutors: Completed running tests for executor://NUnit3TestExecutor
TpTrace Verbose: 0 : 46352, 4, 2024/04/25, 22:34:08.863, 6461157456582, testhost.dll, MulticastDelegateUtilities.SafeInvoke: TestCaseEventsHandler.RaiseSessionEnd: Invoking callback 1/1 for Microsoft.VisualStudio.TestPlatform.CrossPlatEngine.DataCollection.ProxyOutOfProcDataCollectionManager., took 0 ms.
TpTrace Information: 0 : 46352, 4, 2024/04/25, 22:34:08.866, 6461157485388, testhost.dll, Sending test run complete
TpTrace Verbose: 0 : 46352, 4, 2024/04/25, 22:34:08.877, 6461157600373, testhost.dll, TestRequestHandler.SendData: sending data from testhost: {"Version":7,"MessageType":"TestExecution.Completed","Payload":{"TestRunCompleteArgs":{"TestRunStatistics":{"ExecutedTests":11,"Stats":{"Failed":1,"Passed":10}},"IsCanceled":false,"IsAborted":false,"Error":null,"AttachmentSets":[],"InvokedDataCollectors":[],"ElapsedTimeInRunningTests":"00:00:00.3435035","Metrics":{},"DiscoveredExtensions":{"TestDiscoverers":["NUnit.VisualStudio.TestAdapter.NUnit3TestDiscoverer, NUnit3.TestAdapter, Version=4.4.0.0, Culture=neutral, PublicKeyToken=4cb40d35494691ac"],"TestExecutors":["executor://NUnit3TestExecutor"],"TestExecutors2":[],"TestSettingsProviders":[]}},"LastRunTests":{"NewTestResults":[{"TestCase":{"Id":"31d9a262-143b-6659-6fe4-f4d5cbd54eaf","FullyQualifiedName":"ShoppingBLTets.ProductBLTest.GetProductTest","DisplayName":"GetProductTest","ExecutorUri":"executor://NUnit3TestExecutor","Source":"C:\\Users\\VC\\codestack\\GenSpark\\day11\\ShoppingSolution\\ShoppingBLTets\\bin\\Debug\\net6.0\\fine-code-coverage\\build-output\\ShoppingBLTets.dll","CodeFilePath":null,"LineNumber":0,"Properties":[{"Key":{"Id":"NUnit.Seed","Label":"Seed","Category":"","Description":"","Attributes":0,"ValueType":"System.String"},"Value":"741422680"}]},"Attachments":[],"Outcome":1,"ErrorMessage":null,"ErrorStackTrace":null,"DisplayName":"GetProductTest","Messages":[],"ComputerName":"J9GCBX3","Duration":"00:00:00.0001030","StartTime":"2024-04-25T17:04:08.76356+00:00","EndTime":"2024-04-25T17:04:08.7636627+00:00","Properties":[{"Key":{"Id":"NUnit.Seed","Label":"Seed","Category":"","Description":"","Attributes":0,"ValueType":"System.String"},"Value":"741422680"}]},{"TestCase":{"Id":"19d8565b-c8a6-90d6-8012-9c8d77bf3e0a","FullyQualifiedName":"ShoppingBLTets.ProductBLTest.UpdateProductTest","DisplayName":"UpdateProductTest","ExecutorUri":"executor://NUnit3TestExecutor","Source":"C:\\Users\\VC\\codestack\\GenSpark\\day11\\ShoppingSolution\\ShoppingBLTets\\bin\\Debug\\net6.0\\fine-code-coverage\\build-output\\ShoppingBLTets.dll","CodeFilePath":null,"LineNumber":0,"Properties":[{"Key":{"Id":"NUnit.Seed","Label":"Seed","Category":"","Description":"","Attributes":0,"ValueType":"System.String"},"Value":"70810199"}]},"Attachments":[],"Outcome":1,"ErrorMessage":null,"ErrorStackTrace":null,"DisplayName":"UpdateProductTest","Messages":[],"ComputerName":"J9GCBX3","Duration":"00:00:00.0003570","StartTime":"2024-04-25T17:04:08.7636709+00:00","EndTime":"2024-04-25T17:04:08.7640274+00:00","Properties":[{"Key":{"Id":"NUnit.Seed","Label":"Seed","Category":"","Description":"","Attributes":0,"ValueType":"System.String"},"Value":"70810199"}]}],"TestRunStatistics":{"ExecutedTests":11,"Stats":{"Failed":1,"Passed":10}},"ActiveTests":[]},"RunAttachments":[],"ExecutorUris":["executor://nunit3testexecutor/"]}}
TpTrace Verbose: 0 : 46352, 4, 2024/04/25, 22:34:08.878, 6461157606282, testhost.dll, BaseRunTests.RunTests: Run is complete.
TpTrace Verbose: 0 : 46352, 9, 2024/04/25, 22:34:08.879, 6461157611052, testhost.dll, TcpClientExtensions.MessageLoopAsync: NotifyDataAvailable remoteEndPoint: [::ffff:127.0.0.1]:60766 localEndPoint: [::ffff:127.0.0.1]:60767
TpTrace Information: 0 : 46352, 9, 2024/04/25, 22:34:08.879, 6461157612717, testhost.dll, TestRequestHandler.OnMessageReceived: received message: (TestSession.Terminate) -> {"MessageType":"TestSession.Terminate","Payload":null}
TpTrace Information: 0 : 46352, 9, 2024/04/25, 22:34:08.879, 6461157613000, testhost.dll, Session End message received from server. Closing the connection.
TpTrace Information: 0 : 46352, 9, 2024/04/25, 22:34:08.879, 6461157615515, testhost.dll, SocketClient.Stop: Stop communication from server endpoint: 127.0.0.1:060766
TpTrace Information: 0 : 46352, 9, 2024/04/25, 22:34:08.879, 6461157615938, testhost.dll, SocketClient: Stop: Cancellation requested. Stopping message loop.
TpTrace Verbose: 0 : 46352, 9, 2024/04/25, 22:34:08.879, 6461157617530, testhost.dll, LengthPrefixCommunicationChannel.Dispose: Dispose reader and writer.
TpTrace Information: 0 : 46352, 9, 2024/04/25, 22:34:08.879, 6461157617962, testhost.dll, Closing the connection !
TpTrace Verbose: 0 : 46352, 9, 2024/04/25, 22:34:08.879, 6461157618295, testhost.dll, MulticastDelegateUtilities.SafeInvoke: LengthPrefixCommunicationChannel: MessageReceived: Invoking callback 1/1 for Microsoft.VisualStudio.TestPlatform.CommunicationUtilities.TestRequestHandler., took 0 ms.
TpTrace Information: 0 : 46352, 9, 2024/04/25, 22:34:08.879, 6461157619782, testhost.dll, SocketClient.PrivateStop: Stop communication from server endpoint: 127.0.0.1:060766, error:
TpTrace Information: 0 : 46352, 1, 2024/04/25, 22:34:08.880, 6461157622622, testhost.dll, Closing the connection!
TpTrace Verbose: 0 : 46352, 9, 2024/04/25, 22:34:08.880, 6461157622666, testhost.dll, LengthPrefixCommunicationChannel.Dispose: Dispose reader and writer.
TpTrace Verbose: 0 : 46352, 9, 2024/04/25, 22:34:08.880, 6461157623762, testhost.dll, TcpClientExtensions.MessageLoopAsync: exiting MessageLoopAsync remoteEndPoint: [::ffff:127.0.0.1]:60766 localEndPoint: [::ffff:127.0.0.1]:60767
TpTrace Information: 0 : 46352, 1, 2024/04/25, 22:34:08.880, 6461157623892, testhost.dll, Testhost process exiting.
