TpTrace Verbose: 0 : 46024, 1, 2024/04/25, 16:17:08.238, 6234951603256, datacollector.dll, Version: 17.9.0-release-24072-02
TpTrace Information: 0 : 46024, 1, 2024/04/25, 16:17:08.243, 6234951657599, datacollector.dll, DataCollectorMain.Run: Starting data collector run with args: --port,49361,--parentprocessid,48368,--diag,C:\Users\VC\codestack\GenSpark\day11\ShoppingSolution\ShoppingBLTets\bin\Debug\net6.0\fine-code-coverage\coverage-tool-output\diagnostics.datacollector.24-04-25_16-17-07_94707_5.log,--tracelevel,4
TpTrace Information: 0 : 46024, 1, 2024/04/25, 16:17:08.244, 6234951663616, datacollector.dll, DataCollector: Monitoring parent process with id: '48368'
TpTrace Information: 0 : 46024, 1, 2024/04/25, 16:17:08.259, 6234951812247, datacollector.dll, Trying to connect to server on socket : 127.0.0.1:49361 
TpTrace Verbose: 0 : 46024, 1, 2024/04/25, 16:17:08.270, 6234951928392, datacollector.dll, SocketCommunicationManager : SetupClientAsync : Attempting to connect to the server.
TpTrace Information: 0 : 46024, 6, 2024/04/25, 16:17:08.280, 6234952023520, datacollector.dll, Connected to the server successfully 
TpTrace Information: 0 : 46024, 6, 2024/04/25, 16:17:08.280, 6234952030270, datacollector.dll, Using the buffer size of 16384 bytes
TpTrace Information: 0 : 46024, 1, 2024/04/25, 16:17:08.355, 6234952776262, datacollector.dll, DataCollector: Start Request Processing.
TpTrace Verbose: 0 : 46024, 1, 2024/04/25, 16:17:08.356, 6234952780827, datacollector.dll, SocketCommunicationManager.WaitForServerConnection took: 0 ms, with 90000 ms timeout, and finished with True.
TpTrace Information: 0 : 46024, 1, 2024/04/25, 16:17:08.356, 6234952784914, datacollector.dll, DataCollectionRequestHandler.ProcessRequests: Datacollector received message: (DataCollection.BeforeTestRunStart) -> {"MessageType":"DataCollection.BeforeTestRunStart","Payload":{"SettingsXml":"<RunSettings><RunConfiguration><ResultsDirectory>C:\\Users\\VC\\codestack\\GenSpark\\day11\\ShoppingSolution\\ShoppingBLTets\\bin\\Debug\\net6.0\\fine-code-coverage\\coverage-tool-output</ResultsDirectory><TargetPlatform>X64</TargetPlatform><TargetFrameworkVersion>.NETCoreApp,Version=v6.0</TargetFrameworkVersion><DesignMode>False</DesignMode><CollectSourceInformation>False</CollectSourceInformation><TestAdaptersPaths>C:\\Program Files\\dotnet\\sdk\\8.0.202\\Extensions</TestAdaptersPaths></RunConfiguration><LoggerRunSettings><Loggers><Logger friendlyName=\"blame\" enabled=\"True\" /><Logger friendlyName=\"Console\" uri=\"logger://microsoft/TestPlatform/ConsoleLogger/v1\" assemblyQualifiedName=\"Microsoft.VisualStudio.TestPlatform.CommandLine.Internal.ConsoleLogger, vstest.console, Version=15.0.0.0, Culture=neutral, PublicKeyToken=b03f5f7f11d50a3a\" codeBase=\"C:\\Program Files\\dotnet\\sdk\\8.0.202\\vstest.console.dll\" enabled=\"True\" /></Loggers></LoggerRunSettings><DataCollectionRunSettings><DataCollectors><DataCollector friendlyName=\"blame\" enabled=\"True\"><Configuration><ResultsDirectory>C:\\Users\\VC\\codestack\\GenSpark\\day11\\ShoppingSolution\\ShoppingBLTets\\bin\\Debug\\net6.0\\fine-code-coverage\\coverage-tool-output</ResultsDirectory></Configuration></DataCollector></DataCollectors></DataCollectionRunSettings></RunSettings>","Sources":["C:\\Users\\VC\\codestack\\GenSpark\\day11\\ShoppingSolution\\ShoppingBLTets\\bin\\Debug\\net6.0\\fine-code-coverage\\build-output\\ShoppingBLTets.dll"],"IsTelemetryOptedIn":false}}
TpTrace Verbose: 0 : 46024, 1, 2024/04/25, 16:17:08.406, 6234953289841, datacollector.dll, TestPluginCache: Update extensions started. Skip filter = False
TpTrace Verbose: 0 : 46024, 1, 2024/04/25, 16:17:08.407, 6234953298990, datacollector.dll, TestPluginCache: Using directories for assembly resolution 'C:\Program Files\dotnet\sdk\8.0.202\Extensions'.
TpTrace Verbose: 0 : 46024, 1, 2024/04/25, 16:17:08.407, 6234953300067, datacollector.dll, TestPluginCache: Updated the available extensions to 'C:\Program Files\dotnet\sdk\8.0.202\Extensions\Microsoft.TestPlatform.Extensions.BlameDataCollector.dll,C:\Program Files\dotnet\sdk\8.0.202\Extensions\Microsoft.TestPlatform.Extensions.EventLogCollector.dll'.
TpTrace Verbose: 0 : 46024, 1, 2024/04/25, 16:17:08.414, 6234953362936, datacollector.dll, TestPluginCache.DiscoverTestExtensions: finding test extensions in assemblies ends with: Collector.dll TPluginInfo: Microsoft.VisualStudio.TestPlatform.Common.DataCollector.DataCollectorConfig TExtension: Microsoft.VisualStudio.TestPlatform.ObjectModel.DataCollection.DataCollector
TpTrace Verbose: 0 : 46024, 1, 2024/04/25, 16:17:08.416, 6234953381930, datacollector.dll, TestPluginCache.GetExtensionPaths: Filtered extension paths: C:\Program Files\dotnet\sdk\8.0.202\Extensions\Microsoft.TestPlatform.Extensions.BlameDataCollector.dll
C:\Program Files\dotnet\sdk\8.0.202\Extensions\Microsoft.TestPlatform.Extensions.EventLogCollector.dll
TpTrace Verbose: 0 : 46024, 1, 2024/04/25, 16:17:08.416, 6234953383486, datacollector.dll, TestPluginCache.GetExtensionPaths: Added default extension paths: 
TpTrace Verbose: 0 : 46024, 1, 2024/04/25, 16:17:08.416, 6234953383740, datacollector.dll, TestPluginCache.GetExtensionPaths: Added unfilterableExtensionPaths: 
TpTrace Information: 0 : 46024, 1, 2024/04/25, 16:17:08.416, 6234953389314, datacollector.dll, AssemblyResolver.ctor: Creating AssemblyResolver with searchDirectories C:\Program Files\dotnet\sdk\8.0.202\Extensions,C:\Program Files\dotnet\sdk\8.0.202
TpTrace Verbose: 0 : 46024, 1, 2024/04/25, 16:17:08.417, 6234953399161, datacollector.dll, TestPluginCache.DiscoverTestExtensions: Discovering the extensions using extension path.
TpTrace Verbose: 0 : 46024, 1, 2024/04/25, 16:17:08.418, 6234953400831, datacollector.dll, TestPluginCache.GetExtensionPaths: Filtered extension paths: C:\Program Files\dotnet\sdk\8.0.202\Extensions\Microsoft.TestPlatform.Extensions.BlameDataCollector.dll
C:\Program Files\dotnet\sdk\8.0.202\Extensions\Microsoft.TestPlatform.Extensions.EventLogCollector.dll
TpTrace Verbose: 0 : 46024, 1, 2024/04/25, 16:17:08.418, 6234953401282, datacollector.dll, TestPluginCache.GetExtensionPaths: Added default extension paths: 
TpTrace Verbose: 0 : 46024, 1, 2024/04/25, 16:17:08.418, 6234953401550, datacollector.dll, TestPluginCache.GetExtensionPaths: Added unfilterableExtensionPaths: 
TpTrace Verbose: 0 : 46024, 1, 2024/04/25, 16:17:08.418, 6234953401966, datacollector.dll, TestPluginCache.DiscoverTestExtensions: Discovering the extensions using allExtensionPaths: C:\Program Files\dotnet\sdk\8.0.202\Extensions\Microsoft.TestPlatform.Extensions.BlameDataCollector.dll
C:\Program Files\dotnet\sdk\8.0.202\Extensions\Microsoft.TestPlatform.Extensions.EventLogCollector.dll
TpTrace Information: 0 : 46024, 1, 2024/04/25, 16:17:08.418, 6234953402878, datacollector.dll, AssemblyResolver.AddSearchDirectories: Adding more searchDirectories C:\Program Files\dotnet\sdk\8.0.202\Extensions,C:\Program Files\dotnet\sdk\8.0.202
TpTrace Information: 0 : 46024, 1, 2024/04/25, 16:17:08.418, 6234953403341, datacollector.dll, AssemblyResolver.AddSearchDirectories: Adding more searchDirectories C:\Program Files\dotnet\sdk\8.0.202\Extensions,C:\Program Files\dotnet\sdk\8.0.202
TpTrace Information: 0 : 46024, 1, 2024/04/25, 16:17:08.418, 6234953406830, datacollector.dll, AssemblyResolver.OnResolve: Microsoft.TestPlatform.Extensions.BlameDataCollector: Resolving assembly.
TpTrace Information: 0 : 46024, 1, 2024/04/25, 16:17:08.418, 6234953407559, datacollector.dll, AssemblyResolver.OnResolve: Microsoft.TestPlatform.Extensions.BlameDataCollector: Searching in: 'C:\Program Files\dotnet\sdk\8.0.202\Extensions'.
TpTrace Information: 0 : 46024, 1, 2024/04/25, 16:17:08.424, 6234953470282, datacollector.dll, AssemblyResolver.OnResolve: Microsoft.TestPlatform.Extensions.BlameDataCollector: Loading assembly 'C:\Program Files\dotnet\sdk\8.0.202\Extensions\Microsoft.TestPlatform.Extensions.BlameDataCollector.dll'.
TpTrace Information: 0 : 46024, 1, 2024/04/25, 16:17:08.425, 6234953477273, datacollector.dll, AssemblyResolver.OnResolve: Resolved assembly: Microsoft.TestPlatform.Extensions.BlameDataCollector, from path: C:\Program Files\dotnet\sdk\8.0.202\Extensions\Microsoft.TestPlatform.Extensions.BlameDataCollector.dll
TpTrace Verbose: 0 : 46024, 1, 2024/04/25, 16:17:08.429, 6234953519342, datacollector.dll, MetadataReaderExtensionsHelper: Discovering extensions inside assembly 'Microsoft.TestPlatform.Extensions.BlameDataCollector, Version=15.0.0.0, Culture=neutral, PublicKeyToken=b03f5f7f11d50a3a' file path 'C:\Program Files\dotnet\sdk\8.0.202\Extensions\Microsoft.TestPlatform.Extensions.BlameDataCollector.dll'
TpTrace Error: 0 : 46024, 1, 2024/04/25, 16:17:08.432, 6234953540499, datacollector.dll, The type "Microsoft.TestPlatform.Extensions.BlameDataCollector.BlameCollector" defined in "Microsoft.TestPlatform.Extensions.BlameDataCollector.dll" does not have ExtensionUri attribute.
TpTrace Information: 0 : 46024, 1, 2024/04/25, 16:17:08.438, 6234953609861, datacollector.dll, GetTestExtensionFromType: Register extension with identifier data 'datacollector://microsoft/TestPlatform/Extensions/Blame/v1' and type 'Microsoft.TestPlatform.Extensions.BlameDataCollector.BlameCollector, Microsoft.TestPlatform.Extensions.BlameDataCollector, Version=15.0.0.0, Culture=neutral, PublicKeyToken=b03f5f7f11d50a3a' inside file 'C:\Program Files\dotnet\sdk\8.0.202\Extensions\Microsoft.TestPlatform.Extensions.BlameDataCollector.dll'
TpTrace Information: 0 : 46024, 1, 2024/04/25, 16:17:08.439, 6234953612009, datacollector.dll, AssemblyResolver.OnResolve: Microsoft.TestPlatform.Extensions.EventLogCollector: Resolving assembly.
TpTrace Information: 0 : 46024, 1, 2024/04/25, 16:17:08.439, 6234953612489, datacollector.dll, AssemblyResolver.OnResolve: Microsoft.TestPlatform.Extensions.EventLogCollector: Searching in: 'C:\Program Files\dotnet\sdk\8.0.202\Extensions'.
TpTrace Information: 0 : 46024, 1, 2024/04/25, 16:17:08.439, 6234953616606, datacollector.dll, AssemblyResolver.OnResolve: Microsoft.TestPlatform.Extensions.EventLogCollector: Loading assembly 'C:\Program Files\dotnet\sdk\8.0.202\Extensions\Microsoft.TestPlatform.Extensions.EventLogCollector.dll'.
TpTrace Information: 0 : 46024, 1, 2024/04/25, 16:17:08.440, 6234953623820, datacollector.dll, AssemblyResolver.OnResolve: Resolved assembly: Microsoft.TestPlatform.Extensions.EventLogCollector, from path: C:\Program Files\dotnet\sdk\8.0.202\Extensions\Microsoft.TestPlatform.Extensions.EventLogCollector.dll
TpTrace Verbose: 0 : 46024, 1, 2024/04/25, 16:17:08.440, 6234953624855, datacollector.dll, MetadataReaderExtensionsHelper: Discovering extensions inside assembly 'Microsoft.TestPlatform.Extensions.EventLogCollector, Version=15.0.0.0, Culture=neutral, PublicKeyToken=b03f5f7f11d50a3a' file path 'C:\Program Files\dotnet\sdk\8.0.202\Extensions\Microsoft.TestPlatform.Extensions.EventLogCollector.dll'
TpTrace Error: 0 : 46024, 1, 2024/04/25, 16:17:08.442, 6234953649366, datacollector.dll, The type "Microsoft.TestPlatform.Extensions.EventLogCollector.EventLogDataCollector" defined in "Microsoft.TestPlatform.Extensions.EventLogCollector.dll" does not have ExtensionUri attribute.
TpTrace Information: 0 : 46024, 1, 2024/04/25, 16:17:08.443, 6234953653923, datacollector.dll, GetTestExtensionFromType: Register extension with identifier data 'datacollector://microsoft/EventLog/2.0' and type 'Microsoft.TestPlatform.Extensions.EventLogCollector.EventLogDataCollector, Microsoft.TestPlatform.Extensions.EventLogCollector, Version=15.0.0.0, Culture=neutral, PublicKeyToken=b03f5f7f11d50a3a' inside file 'C:\Program Files\dotnet\sdk\8.0.202\Extensions\Microsoft.TestPlatform.Extensions.EventLogCollector.dll'
TpTrace Verbose: 0 : 46024, 1, 2024/04/25, 16:17:08.443, 6234953656300, datacollector.dll, TestPluginCache: Discovered the extensions using extension path 'C:\Program Files\dotnet\sdk\8.0.202\Extensions\Microsoft.TestPlatform.Extensions.BlameDataCollector.dll,C:\Program Files\dotnet\sdk\8.0.202\Extensions\Microsoft.TestPlatform.Extensions.EventLogCollector.dll'.
TpTrace Verbose: 0 : 46024, 1, 2024/04/25, 16:17:08.443, 6234953656824, datacollector.dll, TestPluginCache: Discoverers are ''.
TpTrace Verbose: 0 : 46024, 1, 2024/04/25, 16:17:08.443, 6234953657129, datacollector.dll, TestPluginCache: Executors are ''.
TpTrace Verbose: 0 : 46024, 1, 2024/04/25, 16:17:08.443, 6234953657451, datacollector.dll, TestPluginCache: Executors2 are ''.
TpTrace Verbose: 0 : 46024, 1, 2024/04/25, 16:17:08.443, 6234953657826, datacollector.dll, TestPluginCache: Setting providers are ''.
TpTrace Verbose: 0 : 46024, 1, 2024/04/25, 16:17:08.443, 6234953658114, datacollector.dll, TestPluginCache: Loggers are ''.
TpTrace Verbose: 0 : 46024, 1, 2024/04/25, 16:17:08.443, 6234953658398, datacollector.dll, TestPluginCache: TestHosts are ''.
TpTrace Verbose: 0 : 46024, 1, 2024/04/25, 16:17:08.443, 6234953660290, datacollector.dll, TestPluginCache: DataCollectors are 'datacollector://microsoft/TestPlatform/Extensions/Blame/v1,datacollector://microsoft/EventLog/2.0'.
TpTrace Information: 0 : 46024, 1, 2024/04/25, 16:17:08.445, 6234953677927, datacollector.dll, TestPluginManager.CreateTestExtension: Attempting to load test extension: Microsoft.TestPlatform.Extensions.BlameDataCollector.BlameCollector
TpTrace Information: 0 : 46024, 1, 2024/04/25, 16:17:08.448, 6234953709289, datacollector.dll, [MonitorPostmortemDump]Monitor enabled: 'False'
TpTrace Verbose: 0 : 46024, 1, 2024/04/25, 16:17:08.449, 6234953716648, datacollector.dll, MulticastDelegateUtilities.SafeInvoke: DataCollectionEvents.SessionStart: Invoking callbacks was skipped because there are no subscribers.
TpTrace Information: 0 : 46024, 1, 2024/04/25, 16:17:08.450, 6234953721102, datacollector.dll, Listening on Endpoint : 127.0.0.1:49363
TpTrace Information: 0 : 46024, 1, 2024/04/25, 16:17:08.455, 6234953778134, datacollector.dll, DataCollectionRequestHandler.ProcessRequests : DataCollection started.
TpTrace Information: 0 : 46024, 1, 2024/04/25, 16:17:08.467, 6234953897569, datacollector.dll, DataCollectionRequestHandler.ProcessRequests: Datacollector received message: (DataCollection.TestHostLaunched) -> {"MessageType":"DataCollection.TestHostLaunched","Payload":{"ProcessId":6860}}
TpTrace Verbose: 0 : 46024, 1, 2024/04/25, 16:17:08.469, 6234953912420, datacollector.dll, MulticastDelegateUtilities.SafeInvoke: DataCollectionEvents.TestHostLaunched: Invoking callback 1/1 for Microsoft.TestPlatform.Extensions.BlameDataCollector.BlameCollector., took 0 ms.
TpTrace Verbose: 0 : 46024, 6, 2024/04/25, 16:17:08.767, 6234956893324, datacollector.dll, SocketCommunicationManager.WaitForClientConnection took: 314 ms, with 90000 ms timeout, and finished with True.
TpTrace Information: 0 : 46024, 8, 2024/04/25, 16:17:08.767, 6234956893326, datacollector.dll, Using the buffer size of 16384 bytes
TpTrace Information: 0 : 46024, 8, 2024/04/25, 16:17:08.767, 6234956895839, datacollector.dll, Accepted Client request and set the flag
TpTrace Information: 0 : 46024, 6, 2024/04/25, 16:17:09.439, 6234963612685, datacollector.dll, DataCollectionTestCaseEventHandler: Test case starting.
TpTrace Information: 0 : 46024, 6, 2024/04/25, 16:17:09.451, 6234963734041, datacollector.dll, BlameCollector.EventsTestCaseStart: Test Case Start
TpTrace Verbose: 0 : 46024, 6, 2024/04/25, 16:17:09.451, 6234963736530, datacollector.dll, MulticastDelegateUtilities.SafeInvoke: DataCollectionEvents.TestCaseStart: Invoking callback 1/1 for Microsoft.TestPlatform.Extensions.BlameDataCollector.BlameCollector., took 0 ms.
TpTrace Information: 0 : 46024, 6, 2024/04/25, 16:17:09.451, 6234963738475, datacollector.dll, DataCollectionTestCaseEventHandler: Test case 'AddCustomerTest - 8dd508c0-a8ab-b798-a64c-68f1ba8c5eee' started.
TpTrace Information: 0 : 46024, 6, 2024/04/25, 16:17:09.473, 6234963956560, datacollector.dll, DataCollectionTestCaseEventHandler: Test case completing.
TpTrace Information: 0 : 46024, 6, 2024/04/25, 16:17:09.478, 6234964005271, datacollector.dll, BlameCollector.EventsTestCaseEnd: Test Case End
TpTrace Verbose: 0 : 46024, 6, 2024/04/25, 16:17:09.478, 6234964009429, datacollector.dll, MulticastDelegateUtilities.SafeInvoke: DataCollectionEvents.TestCaseEnd: Invoking callback 1/1 for Microsoft.TestPlatform.Extensions.BlameDataCollector.BlameCollector., took 0 ms.
TpTrace Information: 0 : 46024, 6, 2024/04/25, 16:17:09.480, 6234964024594, datacollector.dll, DataCollectionTestCaseEventHandler: Test case 'AddCustomerTest - 8dd508c0-a8ab-b798-a64c-68f1ba8c5eee' completed
TpTrace Information: 0 : 46024, 6, 2024/04/25, 16:17:09.489, 6234964116235, datacollector.dll, DataCollectionTestCaseEventHandler: Test case starting.
TpTrace Information: 0 : 46024, 6, 2024/04/25, 16:17:09.490, 6234964124089, datacollector.dll, BlameCollector.EventsTestCaseStart: Test Case Start
TpTrace Verbose: 0 : 46024, 6, 2024/04/25, 16:17:09.490, 6234964124953, datacollector.dll, MulticastDelegateUtilities.SafeInvoke: DataCollectionEvents.TestCaseStart: Invoking callback 1/1 for Microsoft.TestPlatform.Extensions.BlameDataCollector.BlameCollector., took 0 ms.
TpTrace Information: 0 : 46024, 6, 2024/04/25, 16:17:09.490, 6234964126327, datacollector.dll, DataCollectionTestCaseEventHandler: Test case 'DeleteCustomerTest - 05d1e830-e1a1-6a72-b85f-0d533931ef6e' started.
TpTrace Information: 0 : 46024, 6, 2024/04/25, 16:17:09.491, 6234964133927, datacollector.dll, DataCollectionTestCaseEventHandler: Test case completing.
TpTrace Information: 0 : 46024, 6, 2024/04/25, 16:17:09.492, 6234964140663, datacollector.dll, BlameCollector.EventsTestCaseEnd: Test Case End
TpTrace Verbose: 0 : 46024, 6, 2024/04/25, 16:17:09.492, 6234964141306, datacollector.dll, MulticastDelegateUtilities.SafeInvoke: DataCollectionEvents.TestCaseEnd: Invoking callback 1/1 for Microsoft.TestPlatform.Extensions.BlameDataCollector.BlameCollector., took 0 ms.
TpTrace Information: 0 : 46024, 6, 2024/04/25, 16:17:09.492, 6234964142720, datacollector.dll, DataCollectionTestCaseEventHandler: Test case 'DeleteCustomerTest - 05d1e830-e1a1-6a72-b85f-0d533931ef6e' completed
TpTrace Information: 0 : 46024, 6, 2024/04/25, 16:17:09.493, 6234964153525, datacollector.dll, DataCollectionTestCaseEventHandler: Test case starting.
TpTrace Information: 0 : 46024, 6, 2024/04/25, 16:17:09.494, 6234964166837, datacollector.dll, BlameCollector.EventsTestCaseStart: Test Case Start
TpTrace Verbose: 0 : 46024, 6, 2024/04/25, 16:17:09.494, 6234964168659, datacollector.dll, MulticastDelegateUtilities.SafeInvoke: DataCollectionEvents.TestCaseStart: Invoking callback 1/1 for Microsoft.TestPlatform.Extensions.BlameDataCollector.BlameCollector., took 0 ms.
TpTrace Information: 0 : 46024, 6, 2024/04/25, 16:17:09.495, 6234964171416, datacollector.dll, DataCollectionTestCaseEventHandler: Test case 'GetCustomerTest - 8c645aae-a328-0315-c220-9c2fcb64a384' started.
TpTrace Information: 0 : 46024, 6, 2024/04/25, 16:17:09.495, 6234964180080, datacollector.dll, DataCollectionTestCaseEventHandler: Test case completing.
TpTrace Information: 0 : 46024, 6, 2024/04/25, 16:17:09.496, 6234964187319, datacollector.dll, BlameCollector.EventsTestCaseEnd: Test Case End
TpTrace Verbose: 0 : 46024, 6, 2024/04/25, 16:17:09.496, 6234964188820, datacollector.dll, MulticastDelegateUtilities.SafeInvoke: DataCollectionEvents.TestCaseEnd: Invoking callback 1/1 for Microsoft.TestPlatform.Extensions.BlameDataCollector.BlameCollector., took 0 ms.
TpTrace Information: 0 : 46024, 6, 2024/04/25, 16:17:09.496, 6234964190251, datacollector.dll, DataCollectionTestCaseEventHandler: Test case 'GetCustomerTest - 8c645aae-a328-0315-c220-9c2fcb64a384' completed
TpTrace Information: 0 : 46024, 6, 2024/04/25, 16:17:09.497, 6234964197622, datacollector.dll, DataCollectionTestCaseEventHandler: Test case starting.
TpTrace Information: 0 : 46024, 6, 2024/04/25, 16:17:09.498, 6234964202385, datacollector.dll, BlameCollector.EventsTestCaseStart: Test Case Start
TpTrace Verbose: 0 : 46024, 6, 2024/04/25, 16:17:09.498, 6234964203310, datacollector.dll, MulticastDelegateUtilities.SafeInvoke: DataCollectionEvents.TestCaseStart: Invoking callback 1/1 for Microsoft.TestPlatform.Extensions.BlameDataCollector.BlameCollector., took 0 ms.
TpTrace Information: 0 : 46024, 6, 2024/04/25, 16:17:09.498, 6234964204579, datacollector.dll, DataCollectionTestCaseEventHandler: Test case 'UpdateCustomerTest - eefe311c-2fe1-4ace-23c4-249c1f1d7663' started.
TpTrace Information: 0 : 46024, 6, 2024/04/25, 16:17:09.511, 6234964340045, datacollector.dll, DataCollectionTestCaseEventHandler: Test case completing.
TpTrace Information: 0 : 46024, 6, 2024/04/25, 16:17:09.512, 6234964348966, datacollector.dll, BlameCollector.EventsTestCaseEnd: Test Case End
TpTrace Verbose: 0 : 46024, 6, 2024/04/25, 16:17:09.512, 6234964350115, datacollector.dll, MulticastDelegateUtilities.SafeInvoke: DataCollectionEvents.TestCaseEnd: Invoking callback 1/1 for Microsoft.TestPlatform.Extensions.BlameDataCollector.BlameCollector., took 0 ms.
TpTrace Information: 0 : 46024, 6, 2024/04/25, 16:17:09.513, 6234964351957, datacollector.dll, DataCollectionTestCaseEventHandler: Test case 'UpdateCustomerTest - eefe311c-2fe1-4ace-23c4-249c1f1d7663' completed
TpTrace Information: 0 : 46024, 6, 2024/04/25, 16:17:09.526, 6234964488511, datacollector.dll, DataCollectionTestCaseEventHandler: Test session ended
TpTrace Information: 0 : 46024, 1, 2024/04/25, 16:17:09.611, 6234965331313, datacollector.dll, DataCollectionRequestHandler.ProcessRequests: Datacollector received message: (DataCollection.AfterTestRunEnd) -> {"MessageType":"DataCollection.AfterTestRunEnd","Payload":false}
TpTrace Information: 0 : 46024, 1, 2024/04/25, 16:17:09.612, 6234965347145, datacollector.dll, Blame Collector: Session End
TpTrace Information: 0 : 46024, 1, 2024/04/25, 16:17:09.612, 6234965348351, datacollector.dll, BlameCollector.CollectDumpAndAbortTesthost: Custom path to dump directory was provided via VSTEST_DUMP_PATH. Skipping attachment upload, the caller is responsible for collecting and uploading the dumps themselves.
TpTrace Verbose: 0 : 46024, 1, 2024/04/25, 16:17:09.612, 6234965349533, datacollector.dll, MulticastDelegateUtilities.SafeInvoke: DataCollectionEvents.SessionEnd: Invoking callback 1/1 for Microsoft.TestPlatform.Extensions.BlameDataCollector.BlameCollector., took 0 ms.
TpTrace Information: 0 : 46024, 1, 2024/04/25, 16:17:09.613, 6234965359830, datacollector.dll, DataCollectionManager.CleanupPlugins: CleanupPlugins called
TpTrace Verbose: 0 : 46024, 1, 2024/04/25, 16:17:09.614, 6234965361126, datacollector.dll, DataCollectionManager.CleanupPlugins: Cleaning up 1 plugins
TpTrace Verbose: 0 : 46024, 1, 2024/04/25, 16:17:09.614, 6234965362441, datacollector.dll, dataCollectorInfo.DisposeDataCollector: calling Dispose() on Microsoft.TestPlatform.Extensions.BlameDataCollector.BlameCollector
TpTrace Information: 0 : 46024, 1, 2024/04/25, 16:17:09.614, 6234965363238, datacollector.dll, DataCollectionManager.CleanupPlugins: CleanupPlugins finished
TpTrace Information: 0 : 46024, 1, 2024/04/25, 16:17:09.618, 6234965410174, datacollector.dll, DataCollectionRequestHandler.ProcessRequests : Session End message received from server. Closing the connection.
TpTrace Information: 0 : 46024, 1, 2024/04/25, 16:17:09.619, 6234965413350, datacollector.dll, Closing the connection !
TpTrace Information: 0 : 46024, 1, 2024/04/25, 16:17:09.619, 6234965413839, datacollector.dll, DataCollectionRequestHandler.ProcessRequests : DataCollection completed
TpTrace Information: 0 : 46024, 1, 2024/04/25, 16:17:09.619, 6234965414277, datacollector.dll, Program.Main: exiting datacollector process.
