TpTrace Verbose: 0 : 58680, 1, 2024/04/26, 07:25:16.481, 6779856087977, datacollector.dll, Version: 17.9.0-release-24072-02
TpTrace Information: 0 : 58680, 1, 2024/04/26, 07:25:16.487, 6779856149667, datacollector.dll, DataCollectorMain.Run: Starting data collector run with args: --port,64561,--parentprocessid,17192,--diag,C:\Users\VC\codestack\GenSpark\day11\ShoppingSolution\ShoppingBLTets\bin\Debug\net6.0\fine-code-coverage\coverage-tool-output\diagnostics.datacollector.24-04-26_07-25-16_33169_5.log,--tracelevel,4
TpTrace Information: 0 : 58680, 1, 2024/04/26, 07:25:16.489, 6779856166329, datacollector.dll, DataCollector: Monitoring parent process with id: '17192'
TpTrace Information: 0 : 58680, 1, 2024/04/26, 07:25:16.498, 6779856257226, datacollector.dll, Trying to connect to server on socket : 127.0.0.1:64561 
TpTrace Verbose: 0 : 58680, 1, 2024/04/26, 07:25:16.511, 6779856384549, datacollector.dll, SocketCommunicationManager : SetupClientAsync : Attempting to connect to the server.
TpTrace Information: 0 : 58680, 6, 2024/04/26, 07:25:16.521, 6779856486583, datacollector.dll, Connected to the server successfully 
TpTrace Information: 0 : 58680, 6, 2024/04/26, 07:25:16.521, 6779856487818, datacollector.dll, Using the buffer size of 16384 bytes
TpTrace Information: 0 : 58680, 1, 2024/04/26, 07:25:16.577, 6779857042178, datacollector.dll, DataCollector: Start Request Processing.
TpTrace Verbose: 0 : 58680, 1, 2024/04/26, 07:25:16.577, 6779857045713, datacollector.dll, SocketCommunicationManager.WaitForServerConnection took: 0 ms, with 90000 ms timeout, and finished with True.
TpTrace Information: 0 : 58680, 1, 2024/04/26, 07:25:16.577, 6779857048464, datacollector.dll, DataCollectionRequestHandler.ProcessRequests: Datacollector received message: (DataCollection.BeforeTestRunStart) -> {"MessageType":"DataCollection.BeforeTestRunStart","Payload":{"SettingsXml":"<RunSettings><RunConfiguration><ResultsDirectory>C:\\Users\\VC\\codestack\\GenSpark\\day11\\ShoppingSolution\\ShoppingBLTets\\bin\\Debug\\net6.0\\fine-code-coverage\\coverage-tool-output</ResultsDirectory><TargetPlatform>X64</TargetPlatform><TargetFrameworkVersion>.NETCoreApp,Version=v6.0</TargetFrameworkVersion><DesignMode>False</DesignMode><CollectSourceInformation>False</CollectSourceInformation><TestAdaptersPaths>C:\\Program Files\\dotnet\\sdk\\8.0.202\\Extensions</TestAdaptersPaths></RunConfiguration><LoggerRunSettings><Loggers><Logger friendlyName=\"blame\" enabled=\"True\" /><Logger friendlyName=\"Console\" uri=\"logger://microsoft/TestPlatform/ConsoleLogger/v1\" assemblyQualifiedName=\"Microsoft.VisualStudio.TestPlatform.CommandLine.Internal.ConsoleLogger, vstest.console, Version=15.0.0.0, Culture=neutral, PublicKeyToken=b03f5f7f11d50a3a\" codeBase=\"C:\\Program Files\\dotnet\\sdk\\8.0.202\\vstest.console.dll\" enabled=\"True\" /></Loggers></LoggerRunSettings><DataCollectionRunSettings><DataCollectors><DataCollector friendlyName=\"blame\" enabled=\"True\"><Configuration><ResultsDirectory>C:\\Users\\VC\\codestack\\GenSpark\\day11\\ShoppingSolution\\ShoppingBLTets\\bin\\Debug\\net6.0\\fine-code-coverage\\coverage-tool-output</ResultsDirectory></Configuration></DataCollector></DataCollectors></DataCollectionRunSettings></RunSettings>","Sources":["C:\\Users\\VC\\codestack\\GenSpark\\day11\\ShoppingSolution\\ShoppingBLTets\\bin\\Debug\\net6.0\\fine-code-coverage\\build-output\\ShoppingBLTets.dll"],"IsTelemetryOptedIn":false}}
TpTrace Verbose: 0 : 58680, 1, 2024/04/26, 07:25:16.607, 6779857349499, datacollector.dll, TestPluginCache: Update extensions started. Skip filter = False
TpTrace Verbose: 0 : 58680, 1, 2024/04/26, 07:25:16.608, 6779857354153, datacollector.dll, TestPluginCache: Using directories for assembly resolution 'C:\Program Files\dotnet\sdk\8.0.202\Extensions'.
TpTrace Verbose: 0 : 58680, 1, 2024/04/26, 07:25:16.608, 6779857354743, datacollector.dll, TestPluginCache: Updated the available extensions to 'C:\Program Files\dotnet\sdk\8.0.202\Extensions\Microsoft.TestPlatform.Extensions.BlameDataCollector.dll,C:\Program Files\dotnet\sdk\8.0.202\Extensions\Microsoft.TestPlatform.Extensions.EventLogCollector.dll'.
TpTrace Verbose: 0 : 58680, 1, 2024/04/26, 07:25:16.612, 6779857393167, datacollector.dll, TestPluginCache.DiscoverTestExtensions: finding test extensions in assemblies ends with: Collector.dll TPluginInfo: Microsoft.VisualStudio.TestPlatform.Common.DataCollector.DataCollectorConfig TExtension: Microsoft.VisualStudio.TestPlatform.ObjectModel.DataCollection.DataCollector
TpTrace Verbose: 0 : 58680, 1, 2024/04/26, 07:25:16.612, 6779857400818, datacollector.dll, TestPluginCache.GetExtensionPaths: Filtered extension paths: C:\Program Files\dotnet\sdk\8.0.202\Extensions\Microsoft.TestPlatform.Extensions.BlameDataCollector.dll
C:\Program Files\dotnet\sdk\8.0.202\Extensions\Microsoft.TestPlatform.Extensions.EventLogCollector.dll
TpTrace Verbose: 0 : 58680, 1, 2024/04/26, 07:25:16.612, 6779857401371, datacollector.dll, TestPluginCache.GetExtensionPaths: Added default extension paths: 
TpTrace Verbose: 0 : 58680, 1, 2024/04/26, 07:25:16.612, 6779857401606, datacollector.dll, TestPluginCache.GetExtensionPaths: Added unfilterableExtensionPaths: 
TpTrace Information: 0 : 58680, 1, 2024/04/26, 07:25:16.613, 6779857406299, datacollector.dll, AssemblyResolver.ctor: Creating AssemblyResolver with searchDirectories C:\Program Files\dotnet\sdk\8.0.202\Extensions,C:\Program Files\dotnet\sdk\8.0.202
TpTrace Verbose: 0 : 58680, 1, 2024/04/26, 07:25:16.614, 6779857417162, datacollector.dll, TestPluginCache.DiscoverTestExtensions: Discovering the extensions using extension path.
TpTrace Verbose: 0 : 58680, 1, 2024/04/26, 07:25:16.614, 6779857418674, datacollector.dll, TestPluginCache.GetExtensionPaths: Filtered extension paths: C:\Program Files\dotnet\sdk\8.0.202\Extensions\Microsoft.TestPlatform.Extensions.BlameDataCollector.dll
C:\Program Files\dotnet\sdk\8.0.202\Extensions\Microsoft.TestPlatform.Extensions.EventLogCollector.dll
TpTrace Verbose: 0 : 58680, 1, 2024/04/26, 07:25:16.614, 6779857419086, datacollector.dll, TestPluginCache.GetExtensionPaths: Added default extension paths: 
TpTrace Verbose: 0 : 58680, 1, 2024/04/26, 07:25:16.614, 6779857419448, datacollector.dll, TestPluginCache.GetExtensionPaths: Added unfilterableExtensionPaths: 
TpTrace Verbose: 0 : 58680, 1, 2024/04/26, 07:25:16.614, 6779857419911, datacollector.dll, TestPluginCache.DiscoverTestExtensions: Discovering the extensions using allExtensionPaths: C:\Program Files\dotnet\sdk\8.0.202\Extensions\Microsoft.TestPlatform.Extensions.BlameDataCollector.dll
C:\Program Files\dotnet\sdk\8.0.202\Extensions\Microsoft.TestPlatform.Extensions.EventLogCollector.dll
TpTrace Information: 0 : 58680, 1, 2024/04/26, 07:25:16.614, 6779857420826, datacollector.dll, AssemblyResolver.AddSearchDirectories: Adding more searchDirectories C:\Program Files\dotnet\sdk\8.0.202\Extensions,C:\Program Files\dotnet\sdk\8.0.202
TpTrace Information: 0 : 58680, 1, 2024/04/26, 07:25:16.614, 6779857421356, datacollector.dll, AssemblyResolver.AddSearchDirectories: Adding more searchDirectories C:\Program Files\dotnet\sdk\8.0.202\Extensions,C:\Program Files\dotnet\sdk\8.0.202
TpTrace Information: 0 : 58680, 1, 2024/04/26, 07:25:16.615, 6779857425357, datacollector.dll, AssemblyResolver.OnResolve: Microsoft.TestPlatform.Extensions.BlameDataCollector: Resolving assembly.
TpTrace Information: 0 : 58680, 1, 2024/04/26, 07:25:16.615, 6779857426106, datacollector.dll, AssemblyResolver.OnResolve: Microsoft.TestPlatform.Extensions.BlameDataCollector: Searching in: 'C:\Program Files\dotnet\sdk\8.0.202\Extensions'.
TpTrace Information: 0 : 58680, 1, 2024/04/26, 07:25:16.621, 6779857490360, datacollector.dll, AssemblyResolver.OnResolve: Microsoft.TestPlatform.Extensions.BlameDataCollector: Loading assembly 'C:\Program Files\dotnet\sdk\8.0.202\Extensions\Microsoft.TestPlatform.Extensions.BlameDataCollector.dll'.
TpTrace Information: 0 : 58680, 1, 2024/04/26, 07:25:16.622, 6779857495409, datacollector.dll, AssemblyResolver.OnResolve: Resolved assembly: Microsoft.TestPlatform.Extensions.BlameDataCollector, from path: C:\Program Files\dotnet\sdk\8.0.202\Extensions\Microsoft.TestPlatform.Extensions.BlameDataCollector.dll
TpTrace Verbose: 0 : 58680, 1, 2024/04/26, 07:25:16.626, 6779857533173, datacollector.dll, MetadataReaderExtensionsHelper: Discovering extensions inside assembly 'Microsoft.TestPlatform.Extensions.BlameDataCollector, Version=15.0.0.0, Culture=neutral, PublicKeyToken=b03f5f7f11d50a3a' file path 'C:\Program Files\dotnet\sdk\8.0.202\Extensions\Microsoft.TestPlatform.Extensions.BlameDataCollector.dll'
TpTrace Error: 0 : 58680, 1, 2024/04/26, 07:25:16.628, 6779857555731, datacollector.dll, The type "Microsoft.TestPlatform.Extensions.BlameDataCollector.BlameCollector" defined in "Microsoft.TestPlatform.Extensions.BlameDataCollector.dll" does not have ExtensionUri attribute.
TpTrace Information: 0 : 58680, 1, 2024/04/26, 07:25:16.631, 6779857588021, datacollector.dll, GetTestExtensionFromType: Register extension with identifier data 'datacollector://microsoft/TestPlatform/Extensions/Blame/v1' and type 'Microsoft.TestPlatform.Extensions.BlameDataCollector.BlameCollector, Microsoft.TestPlatform.Extensions.BlameDataCollector, Version=15.0.0.0, Culture=neutral, PublicKeyToken=b03f5f7f11d50a3a' inside file 'C:\Program Files\dotnet\sdk\8.0.202\Extensions\Microsoft.TestPlatform.Extensions.BlameDataCollector.dll'
TpTrace Information: 0 : 58680, 1, 2024/04/26, 07:25:16.631, 6779857589833, datacollector.dll, AssemblyResolver.OnResolve: Microsoft.TestPlatform.Extensions.EventLogCollector: Resolving assembly.
TpTrace Information: 0 : 58680, 1, 2024/04/26, 07:25:16.631, 6779857590195, datacollector.dll, AssemblyResolver.OnResolve: Microsoft.TestPlatform.Extensions.EventLogCollector: Searching in: 'C:\Program Files\dotnet\sdk\8.0.202\Extensions'.
TpTrace Information: 0 : 58680, 1, 2024/04/26, 07:25:16.632, 6779857593862, datacollector.dll, AssemblyResolver.OnResolve: Microsoft.TestPlatform.Extensions.EventLogCollector: Loading assembly 'C:\Program Files\dotnet\sdk\8.0.202\Extensions\Microsoft.TestPlatform.Extensions.EventLogCollector.dll'.
TpTrace Information: 0 : 58680, 1, 2024/04/26, 07:25:16.632, 6779857598677, datacollector.dll, AssemblyResolver.OnResolve: Resolved assembly: Microsoft.TestPlatform.Extensions.EventLogCollector, from path: C:\Program Files\dotnet\sdk\8.0.202\Extensions\Microsoft.TestPlatform.Extensions.EventLogCollector.dll
TpTrace Verbose: 0 : 58680, 1, 2024/04/26, 07:25:16.632, 6779857599395, datacollector.dll, MetadataReaderExtensionsHelper: Discovering extensions inside assembly 'Microsoft.TestPlatform.Extensions.EventLogCollector, Version=15.0.0.0, Culture=neutral, PublicKeyToken=b03f5f7f11d50a3a' file path 'C:\Program Files\dotnet\sdk\8.0.202\Extensions\Microsoft.TestPlatform.Extensions.EventLogCollector.dll'
TpTrace Error: 0 : 58680, 1, 2024/04/26, 07:25:16.634, 6779857620024, datacollector.dll, The type "Microsoft.TestPlatform.Extensions.EventLogCollector.EventLogDataCollector" defined in "Microsoft.TestPlatform.Extensions.EventLogCollector.dll" does not have ExtensionUri attribute.
TpTrace Information: 0 : 58680, 1, 2024/04/26, 07:25:16.635, 6779857623178, datacollector.dll, GetTestExtensionFromType: Register extension with identifier data 'datacollector://microsoft/EventLog/2.0' and type 'Microsoft.TestPlatform.Extensions.EventLogCollector.EventLogDataCollector, Microsoft.TestPlatform.Extensions.EventLogCollector, Version=15.0.0.0, Culture=neutral, PublicKeyToken=b03f5f7f11d50a3a' inside file 'C:\Program Files\dotnet\sdk\8.0.202\Extensions\Microsoft.TestPlatform.Extensions.EventLogCollector.dll'
TpTrace Verbose: 0 : 58680, 1, 2024/04/26, 07:25:16.635, 6779857625184, datacollector.dll, TestPluginCache: Discovered the extensions using extension path 'C:\Program Files\dotnet\sdk\8.0.202\Extensions\Microsoft.TestPlatform.Extensions.BlameDataCollector.dll,C:\Program Files\dotnet\sdk\8.0.202\Extensions\Microsoft.TestPlatform.Extensions.EventLogCollector.dll'.
TpTrace Verbose: 0 : 58680, 1, 2024/04/26, 07:25:16.635, 6779857625633, datacollector.dll, TestPluginCache: Discoverers are ''.
TpTrace Verbose: 0 : 58680, 1, 2024/04/26, 07:25:16.635, 6779857626292, datacollector.dll, TestPluginCache: Executors are ''.
TpTrace Verbose: 0 : 58680, 1, 2024/04/26, 07:25:16.635, 6779857627065, datacollector.dll, TestPluginCache: Executors2 are ''.
TpTrace Verbose: 0 : 58680, 1, 2024/04/26, 07:25:16.635, 6779857627350, datacollector.dll, TestPluginCache: Setting providers are ''.
TpTrace Verbose: 0 : 58680, 1, 2024/04/26, 07:25:16.635, 6779857627548, datacollector.dll, TestPluginCache: Loggers are ''.
TpTrace Verbose: 0 : 58680, 1, 2024/04/26, 07:25:16.635, 6779857627739, datacollector.dll, TestPluginCache: TestHosts are ''.
TpTrace Verbose: 0 : 58680, 1, 2024/04/26, 07:25:16.635, 6779857629053, datacollector.dll, TestPluginCache: DataCollectors are 'datacollector://microsoft/TestPlatform/Extensions/Blame/v1,datacollector://microsoft/EventLog/2.0'.
TpTrace Information: 0 : 58680, 1, 2024/04/26, 07:25:16.636, 6779857639421, datacollector.dll, TestPluginManager.CreateTestExtension: Attempting to load test extension: Microsoft.TestPlatform.Extensions.BlameDataCollector.BlameCollector
TpTrace Information: 0 : 58680, 1, 2024/04/26, 07:25:16.639, 6779857663075, datacollector.dll, [MonitorPostmortemDump]Monitor enabled: 'False'
TpTrace Verbose: 0 : 58680, 1, 2024/04/26, 07:25:16.639, 6779857668456, datacollector.dll, MulticastDelegateUtilities.SafeInvoke: DataCollectionEvents.SessionStart: Invoking callbacks was skipped because there are no subscribers.
TpTrace Information: 0 : 58680, 1, 2024/04/26, 07:25:16.640, 6779857673113, datacollector.dll, Listening on Endpoint : 127.0.0.1:64563
TpTrace Information: 0 : 58680, 1, 2024/04/26, 07:25:16.645, 6779857723044, datacollector.dll, DataCollectionRequestHandler.ProcessRequests : DataCollection started.
TpTrace Information: 0 : 58680, 1, 2024/04/26, 07:25:16.659, 6779857864933, datacollector.dll, DataCollectionRequestHandler.ProcessRequests: Datacollector received message: (DataCollection.TestHostLaunched) -> {"MessageType":"DataCollection.TestHostLaunched","Payload":{"ProcessId":24256}}
TpTrace Verbose: 0 : 58680, 1, 2024/04/26, 07:25:16.661, 6779857882024, datacollector.dll, MulticastDelegateUtilities.SafeInvoke: DataCollectionEvents.TestHostLaunched: Invoking callback 1/1 for Microsoft.TestPlatform.Extensions.BlameDataCollector.BlameCollector., took 0 ms.
TpTrace Information: 0 : 58680, 8, 2024/04/26, 07:25:16.870, 6779859979395, datacollector.dll, Using the buffer size of 16384 bytes
TpTrace Verbose: 0 : 58680, 6, 2024/04/26, 07:25:16.870, 6779859979397, datacollector.dll, SocketCommunicationManager.WaitForClientConnection took: 227 ms, with 90000 ms timeout, and finished with True.
TpTrace Information: 0 : 58680, 8, 2024/04/26, 07:25:16.870, 6779859980528, datacollector.dll, Accepted Client request and set the flag
TpTrace Information: 0 : 58680, 6, 2024/04/26, 07:25:17.346, 6779864734644, datacollector.dll, DataCollectionTestCaseEventHandler: Test case starting.
TpTrace Information: 0 : 58680, 6, 2024/04/26, 07:25:17.356, 6779864841173, datacollector.dll, BlameCollector.EventsTestCaseStart: Test Case Start
TpTrace Verbose: 0 : 58680, 6, 2024/04/26, 07:25:17.357, 6779864843974, datacollector.dll, MulticastDelegateUtilities.SafeInvoke: DataCollectionEvents.TestCaseStart: Invoking callback 1/1 for Microsoft.TestPlatform.Extensions.BlameDataCollector.BlameCollector., took 0 ms.
TpTrace Information: 0 : 58680, 6, 2024/04/26, 07:25:17.357, 6779864846711, datacollector.dll, DataCollectionTestCaseEventHandler: Test case 'AddCartItemFailTest - 83fb54a5-887f-cbb6-13d2-7b58e5f91bcc' started.
TpTrace Information: 0 : 58680, 6, 2024/04/26, 07:25:17.367, 6779864944907, datacollector.dll, DataCollectionTestCaseEventHandler: Test case completing.
TpTrace Information: 0 : 58680, 6, 2024/04/26, 07:25:17.370, 6779864971997, datacollector.dll, BlameCollector.EventsTestCaseEnd: Test Case End
TpTrace Verbose: 0 : 58680, 6, 2024/04/26, 07:25:17.370, 6779864974059, datacollector.dll, MulticastDelegateUtilities.SafeInvoke: DataCollectionEvents.TestCaseEnd: Invoking callback 1/1 for Microsoft.TestPlatform.Extensions.BlameDataCollector.BlameCollector., took 0 ms.
TpTrace Information: 0 : 58680, 6, 2024/04/26, 07:25:17.371, 6779864987601, datacollector.dll, DataCollectionTestCaseEventHandler: Test case 'AddCartItemFailTest - 83fb54a5-887f-cbb6-13d2-7b58e5f91bcc' completed
TpTrace Information: 0 : 58680, 6, 2024/04/26, 07:25:17.377, 6779865048164, datacollector.dll, DataCollectionTestCaseEventHandler: Test case starting.
TpTrace Information: 0 : 58680, 6, 2024/04/26, 07:25:17.378, 6779865055055, datacollector.dll, BlameCollector.EventsTestCaseStart: Test Case Start
TpTrace Verbose: 0 : 58680, 6, 2024/04/26, 07:25:17.378, 6779865055779, datacollector.dll, MulticastDelegateUtilities.SafeInvoke: DataCollectionEvents.TestCaseStart: Invoking callback 1/1 for Microsoft.TestPlatform.Extensions.BlameDataCollector.BlameCollector., took 0 ms.
TpTrace Information: 0 : 58680, 6, 2024/04/26, 07:25:17.378, 6779865056805, datacollector.dll, DataCollectionTestCaseEventHandler: Test case 'AddCartItemTest - 62353e63-26c7-a811-9b42-7298a81aa895' started.
TpTrace Information: 0 : 58680, 6, 2024/04/26, 07:25:17.379, 6779865062839, datacollector.dll, DataCollectionTestCaseEventHandler: Test case completing.
TpTrace Information: 0 : 58680, 6, 2024/04/26, 07:25:17.379, 6779865067976, datacollector.dll, BlameCollector.EventsTestCaseEnd: Test Case End
TpTrace Verbose: 0 : 58680, 6, 2024/04/26, 07:25:17.379, 6779865068445, datacollector.dll, MulticastDelegateUtilities.SafeInvoke: DataCollectionEvents.TestCaseEnd: Invoking callback 1/1 for Microsoft.TestPlatform.Extensions.BlameDataCollector.BlameCollector., took 0 ms.
TpTrace Information: 0 : 58680, 6, 2024/04/26, 07:25:17.379, 6779865069544, datacollector.dll, DataCollectionTestCaseEventHandler: Test case 'AddCartItemTest - 62353e63-26c7-a811-9b42-7298a81aa895' completed
TpTrace Information: 0 : 58680, 6, 2024/04/26, 07:25:17.380, 6779865075760, datacollector.dll, DataCollectionTestCaseEventHandler: Test case starting.
TpTrace Information: 0 : 58680, 6, 2024/04/26, 07:25:17.380, 6779865078904, datacollector.dll, BlameCollector.EventsTestCaseStart: Test Case Start
TpTrace Verbose: 0 : 58680, 6, 2024/04/26, 07:25:17.380, 6779865079363, datacollector.dll, MulticastDelegateUtilities.SafeInvoke: DataCollectionEvents.TestCaseStart: Invoking callback 1/1 for Microsoft.TestPlatform.Extensions.BlameDataCollector.BlameCollector., took 0 ms.
TpTrace Information: 0 : 58680, 6, 2024/04/26, 07:25:17.380, 6779865080047, datacollector.dll, DataCollectionTestCaseEventHandler: Test case 'CreateCartFailTest - 039254a2-5048-e8fb-5def-c11b9ef10b29' started.
TpTrace Information: 0 : 58680, 6, 2024/04/26, 07:25:17.381, 6779865085307, datacollector.dll, DataCollectionTestCaseEventHandler: Test case completing.
TpTrace Information: 0 : 58680, 6, 2024/04/26, 07:25:17.381, 6779865088472, datacollector.dll, BlameCollector.EventsTestCaseEnd: Test Case End
TpTrace Verbose: 0 : 58680, 6, 2024/04/26, 07:25:17.381, 6779865088928, datacollector.dll, MulticastDelegateUtilities.SafeInvoke: DataCollectionEvents.TestCaseEnd: Invoking callback 1/1 for Microsoft.TestPlatform.Extensions.BlameDataCollector.BlameCollector., took 0 ms.
TpTrace Information: 0 : 58680, 6, 2024/04/26, 07:25:17.381, 6779865089612, datacollector.dll, DataCollectionTestCaseEventHandler: Test case 'CreateCartFailTest - 039254a2-5048-e8fb-5def-c11b9ef10b29' completed
TpTrace Information: 0 : 58680, 6, 2024/04/26, 07:25:17.382, 6779865095591, datacollector.dll, DataCollectionTestCaseEventHandler: Test case starting.
TpTrace Information: 0 : 58680, 6, 2024/04/26, 07:25:17.382, 6779865098558, datacollector.dll, BlameCollector.EventsTestCaseStart: Test Case Start
TpTrace Verbose: 0 : 58680, 6, 2024/04/26, 07:25:17.382, 6779865099228, datacollector.dll, MulticastDelegateUtilities.SafeInvoke: DataCollectionEvents.TestCaseStart: Invoking callback 1/1 for Microsoft.TestPlatform.Extensions.BlameDataCollector.BlameCollector., took 0 ms.
TpTrace Information: 0 : 58680, 6, 2024/04/26, 07:25:17.382, 6779865099861, datacollector.dll, DataCollectionTestCaseEventHandler: Test case 'CreateCartTest - 9efd4c0d-ba49-1d35-ccf1-4fc6cf0f8ff8' started.
TpTrace Information: 0 : 58680, 6, 2024/04/26, 07:25:17.383, 6779865105138, datacollector.dll, DataCollectionTestCaseEventHandler: Test case completing.
TpTrace Information: 0 : 58680, 6, 2024/04/26, 07:25:17.383, 6779865108526, datacollector.dll, BlameCollector.EventsTestCaseEnd: Test Case End
TpTrace Verbose: 0 : 58680, 6, 2024/04/26, 07:25:17.383, 6779865109658, datacollector.dll, MulticastDelegateUtilities.SafeInvoke: DataCollectionEvents.TestCaseEnd: Invoking callback 1/1 for Microsoft.TestPlatform.Extensions.BlameDataCollector.BlameCollector., took 0 ms.
TpTrace Information: 0 : 58680, 6, 2024/04/26, 07:25:17.383, 6779865110377, datacollector.dll, DataCollectionTestCaseEventHandler: Test case 'CreateCartTest - 9efd4c0d-ba49-1d35-ccf1-4fc6cf0f8ff8' completed
TpTrace Information: 0 : 58680, 6, 2024/04/26, 07:25:17.384, 6779865116512, datacollector.dll, DataCollectionTestCaseEventHandler: Test case starting.
TpTrace Information: 0 : 58680, 6, 2024/04/26, 07:25:17.384, 6779865119543, datacollector.dll, BlameCollector.EventsTestCaseStart: Test Case Start
TpTrace Verbose: 0 : 58680, 6, 2024/04/26, 07:25:17.384, 6779865120091, datacollector.dll, MulticastDelegateUtilities.SafeInvoke: DataCollectionEvents.TestCaseStart: Invoking callback 1/1 for Microsoft.TestPlatform.Extensions.BlameDataCollector.BlameCollector., took 0 ms.
TpTrace Information: 0 : 58680, 6, 2024/04/26, 07:25:17.384, 6779865120710, datacollector.dll, DataCollectionTestCaseEventHandler: Test case 'UpdateCartItemFailTest - 116dfd16-9f98-6b72-a53c-c80f7b2ebda8' started.
TpTrace Information: 0 : 58680, 6, 2024/04/26, 07:25:17.396, 6779865232081, datacollector.dll, DataCollectionTestCaseEventHandler: Test case completing.
TpTrace Information: 0 : 58680, 6, 2024/04/26, 07:25:17.396, 6779865237530, datacollector.dll, BlameCollector.EventsTestCaseEnd: Test Case End
TpTrace Verbose: 0 : 58680, 6, 2024/04/26, 07:25:17.396, 6779865238200, datacollector.dll, MulticastDelegateUtilities.SafeInvoke: DataCollectionEvents.TestCaseEnd: Invoking callback 1/1 for Microsoft.TestPlatform.Extensions.BlameDataCollector.BlameCollector., took 0 ms.
TpTrace Information: 0 : 58680, 6, 2024/04/26, 07:25:17.396, 6779865239426, datacollector.dll, DataCollectionTestCaseEventHandler: Test case 'UpdateCartItemFailTest - 116dfd16-9f98-6b72-a53c-c80f7b2ebda8' completed
TpTrace Information: 0 : 58680, 6, 2024/04/26, 07:25:17.397, 6779865245811, datacollector.dll, DataCollectionTestCaseEventHandler: Test case starting.
TpTrace Information: 0 : 58680, 6, 2024/04/26, 07:25:17.397, 6779865250187, datacollector.dll, BlameCollector.EventsTestCaseStart: Test Case Start
TpTrace Verbose: 0 : 58680, 6, 2024/04/26, 07:25:17.397, 6779865250809, datacollector.dll, MulticastDelegateUtilities.SafeInvoke: DataCollectionEvents.TestCaseStart: Invoking callback 1/1 for Microsoft.TestPlatform.Extensions.BlameDataCollector.BlameCollector., took 0 ms.
TpTrace Information: 0 : 58680, 6, 2024/04/26, 07:25:17.397, 6779865251642, datacollector.dll, DataCollectionTestCaseEventHandler: Test case 'UpdateCartItemTest - fb6ba847-8472-3e08-76a2-cebff92a1074' started.
TpTrace Information: 0 : 58680, 6, 2024/04/26, 07:25:17.398, 6779865256664, datacollector.dll, DataCollectionTestCaseEventHandler: Test case completing.
TpTrace Information: 0 : 58680, 6, 2024/04/26, 07:25:17.398, 6779865260912, datacollector.dll, BlameCollector.EventsTestCaseEnd: Test Case End
TpTrace Verbose: 0 : 58680, 6, 2024/04/26, 07:25:17.398, 6779865261517, datacollector.dll, MulticastDelegateUtilities.SafeInvoke: DataCollectionEvents.TestCaseEnd: Invoking callback 1/1 for Microsoft.TestPlatform.Extensions.BlameDataCollector.BlameCollector., took 0 ms.
TpTrace Information: 0 : 58680, 6, 2024/04/26, 07:25:17.399, 6779865262518, datacollector.dll, DataCollectionTestCaseEventHandler: Test case 'UpdateCartItemTest - fb6ba847-8472-3e08-76a2-cebff92a1074' completed
TpTrace Information: 0 : 58680, 6, 2024/04/26, 07:25:17.400, 6779865273343, datacollector.dll, DataCollectionTestCaseEventHandler: Test case starting.
TpTrace Information: 0 : 58680, 6, 2024/04/26, 07:25:17.400, 6779865277819, datacollector.dll, BlameCollector.EventsTestCaseStart: Test Case Start
TpTrace Verbose: 0 : 58680, 6, 2024/04/26, 07:25:17.400, 6779865278467, datacollector.dll, MulticastDelegateUtilities.SafeInvoke: DataCollectionEvents.TestCaseStart: Invoking callback 1/1 for Microsoft.TestPlatform.Extensions.BlameDataCollector.BlameCollector., took 0 ms.
TpTrace Information: 0 : 58680, 6, 2024/04/26, 07:25:17.400, 6779865279361, datacollector.dll, DataCollectionTestCaseEventHandler: Test case 'AddCustomerTest - 8dd508c0-a8ab-b798-a64c-68f1ba8c5eee' started.
TpTrace Information: 0 : 58680, 6, 2024/04/26, 07:25:17.401, 6779865284490, datacollector.dll, DataCollectionTestCaseEventHandler: Test case completing.
TpTrace Information: 0 : 58680, 6, 2024/04/26, 07:25:17.401, 6779865288642, datacollector.dll, BlameCollector.EventsTestCaseEnd: Test Case End
TpTrace Verbose: 0 : 58680, 6, 2024/04/26, 07:25:17.401, 6779865289243, datacollector.dll, MulticastDelegateUtilities.SafeInvoke: DataCollectionEvents.TestCaseEnd: Invoking callback 1/1 for Microsoft.TestPlatform.Extensions.BlameDataCollector.BlameCollector., took 0 ms.
TpTrace Information: 0 : 58680, 6, 2024/04/26, 07:25:17.401, 6779865290249, datacollector.dll, DataCollectionTestCaseEventHandler: Test case 'AddCustomerTest - 8dd508c0-a8ab-b798-a64c-68f1ba8c5eee' completed
TpTrace Information: 0 : 58680, 6, 2024/04/26, 07:25:17.402, 6779865295979, datacollector.dll, DataCollectionTestCaseEventHandler: Test case starting.
TpTrace Information: 0 : 58680, 6, 2024/04/26, 07:25:17.402, 6779865300165, datacollector.dll, BlameCollector.EventsTestCaseStart: Test Case Start
TpTrace Verbose: 0 : 58680, 6, 2024/04/26, 07:25:17.402, 6779865300847, datacollector.dll, MulticastDelegateUtilities.SafeInvoke: DataCollectionEvents.TestCaseStart: Invoking callback 1/1 for Microsoft.TestPlatform.Extensions.BlameDataCollector.BlameCollector., took 0 ms.
TpTrace Information: 0 : 58680, 6, 2024/04/26, 07:25:17.403, 6779865301829, datacollector.dll, DataCollectionTestCaseEventHandler: Test case 'DeleteCustomerTest - 05d1e830-e1a1-6a72-b85f-0d533931ef6e' started.
TpTrace Information: 0 : 58680, 6, 2024/04/26, 07:25:17.403, 6779865306790, datacollector.dll, DataCollectionTestCaseEventHandler: Test case completing.
TpTrace Information: 0 : 58680, 6, 2024/04/26, 07:25:17.403, 6779865310854, datacollector.dll, BlameCollector.EventsTestCaseEnd: Test Case End
TpTrace Verbose: 0 : 58680, 6, 2024/04/26, 07:25:17.403, 6779865311456, datacollector.dll, MulticastDelegateUtilities.SafeInvoke: DataCollectionEvents.TestCaseEnd: Invoking callback 1/1 for Microsoft.TestPlatform.Extensions.BlameDataCollector.BlameCollector., took 0 ms.
TpTrace Information: 0 : 58680, 6, 2024/04/26, 07:25:17.404, 6779865312373, datacollector.dll, DataCollectionTestCaseEventHandler: Test case 'DeleteCustomerTest - 05d1e830-e1a1-6a72-b85f-0d533931ef6e' completed
TpTrace Information: 0 : 58680, 6, 2024/04/26, 07:25:17.404, 6779865318054, datacollector.dll, DataCollectionTestCaseEventHandler: Test case starting.
TpTrace Information: 0 : 58680, 6, 2024/04/26, 07:25:17.405, 6779865321810, datacollector.dll, BlameCollector.EventsTestCaseStart: Test Case Start
TpTrace Verbose: 0 : 58680, 6, 2024/04/26, 07:25:17.405, 6779865322390, datacollector.dll, MulticastDelegateUtilities.SafeInvoke: DataCollectionEvents.TestCaseStart: Invoking callback 1/1 for Microsoft.TestPlatform.Extensions.BlameDataCollector.BlameCollector., took 0 ms.
TpTrace Information: 0 : 58680, 6, 2024/04/26, 07:25:17.405, 6779865323209, datacollector.dll, DataCollectionTestCaseEventHandler: Test case 'GetAllCustomerTest - 20c41af1-bffc-483f-a2b1-08da04bc7026' started.
TpTrace Information: 0 : 58680, 6, 2024/04/26, 07:25:17.405, 6779865328108, datacollector.dll, DataCollectionTestCaseEventHandler: Test case completing.
TpTrace Information: 0 : 58680, 6, 2024/04/26, 07:25:17.406, 6779865331879, datacollector.dll, BlameCollector.EventsTestCaseEnd: Test Case End
TpTrace Verbose: 0 : 58680, 6, 2024/04/26, 07:25:17.406, 6779865332481, datacollector.dll, MulticastDelegateUtilities.SafeInvoke: DataCollectionEvents.TestCaseEnd: Invoking callback 1/1 for Microsoft.TestPlatform.Extensions.BlameDataCollector.BlameCollector., took 0 ms.
TpTrace Information: 0 : 58680, 6, 2024/04/26, 07:25:17.406, 6779865333372, datacollector.dll, DataCollectionTestCaseEventHandler: Test case 'GetAllCustomerTest - 20c41af1-bffc-483f-a2b1-08da04bc7026' completed
TpTrace Information: 0 : 58680, 6, 2024/04/26, 07:25:17.425, 6779865528535, datacollector.dll, DataCollectionTestCaseEventHandler: Test case starting.
TpTrace Information: 0 : 58680, 6, 2024/04/26, 07:25:17.426, 6779865536809, datacollector.dll, BlameCollector.EventsTestCaseStart: Test Case Start
TpTrace Verbose: 0 : 58680, 6, 2024/04/26, 07:25:17.426, 6779865537964, datacollector.dll, MulticastDelegateUtilities.SafeInvoke: DataCollectionEvents.TestCaseStart: Invoking callback 1/1 for Microsoft.TestPlatform.Extensions.BlameDataCollector.BlameCollector., took 0 ms.
TpTrace Information: 0 : 58680, 6, 2024/04/26, 07:25:17.426, 6779865539470, datacollector.dll, DataCollectionTestCaseEventHandler: Test case 'GetCustomerTest - 8c645aae-a328-0315-c220-9c2fcb64a384' started.
TpTrace Information: 0 : 58680, 6, 2024/04/26, 07:25:17.427, 6779865546047, datacollector.dll, DataCollectionTestCaseEventHandler: Test case completing.
TpTrace Information: 0 : 58680, 6, 2024/04/26, 07:25:17.428, 6779865553190, datacollector.dll, BlameCollector.EventsTestCaseEnd: Test Case End
TpTrace Verbose: 0 : 58680, 6, 2024/04/26, 07:25:17.428, 6779865554075, datacollector.dll, MulticastDelegateUtilities.SafeInvoke: DataCollectionEvents.TestCaseEnd: Invoking callback 1/1 for Microsoft.TestPlatform.Extensions.BlameDataCollector.BlameCollector., took 0 ms.
TpTrace Information: 0 : 58680, 6, 2024/04/26, 07:25:17.428, 6779865555738, datacollector.dll, DataCollectionTestCaseEventHandler: Test case 'GetCustomerTest - 8c645aae-a328-0315-c220-9c2fcb64a384' completed
TpTrace Information: 0 : 58680, 6, 2024/04/26, 07:25:17.429, 6779865562167, datacollector.dll, DataCollectionTestCaseEventHandler: Test case starting.
TpTrace Information: 0 : 58680, 6, 2024/04/26, 07:25:17.429, 6779865568989, datacollector.dll, BlameCollector.EventsTestCaseStart: Test Case Start
TpTrace Verbose: 0 : 58680, 6, 2024/04/26, 07:25:17.429, 6779865569993, datacollector.dll, MulticastDelegateUtilities.SafeInvoke: DataCollectionEvents.TestCaseStart: Invoking callback 1/1 for Microsoft.TestPlatform.Extensions.BlameDataCollector.BlameCollector., took 0 ms.
TpTrace Information: 0 : 58680, 6, 2024/04/26, 07:25:17.429, 6779865571340, datacollector.dll, DataCollectionTestCaseEventHandler: Test case 'UpdateCustomerTest - eefe311c-2fe1-4ace-23c4-249c1f1d7663' started.
TpTrace Information: 0 : 58680, 6, 2024/04/26, 07:25:17.430, 6779865576571, datacollector.dll, DataCollectionTestCaseEventHandler: Test case completing.
TpTrace Information: 0 : 58680, 6, 2024/04/26, 07:25:17.431, 6779865583131, datacollector.dll, BlameCollector.EventsTestCaseEnd: Test Case End
TpTrace Verbose: 0 : 58680, 6, 2024/04/26, 07:25:17.431, 6779865584006, datacollector.dll, MulticastDelegateUtilities.SafeInvoke: DataCollectionEvents.TestCaseEnd: Invoking callback 1/1 for Microsoft.TestPlatform.Extensions.BlameDataCollector.BlameCollector., took 0 ms.
TpTrace Information: 0 : 58680, 6, 2024/04/26, 07:25:17.431, 6779865585586, datacollector.dll, DataCollectionTestCaseEventHandler: Test case 'UpdateCustomerTest - eefe311c-2fe1-4ace-23c4-249c1f1d7663' completed
TpTrace Information: 0 : 58680, 6, 2024/04/26, 07:25:17.432, 6779865592636, datacollector.dll, DataCollectionTestCaseEventHandler: Test case starting.
TpTrace Information: 0 : 58680, 6, 2024/04/26, 07:25:17.432, 6779865599219, datacollector.dll, BlameCollector.EventsTestCaseStart: Test Case Start
TpTrace Verbose: 0 : 58680, 6, 2024/04/26, 07:25:17.432, 6779865600214, datacollector.dll, MulticastDelegateUtilities.SafeInvoke: DataCollectionEvents.TestCaseStart: Invoking callback 1/1 for Microsoft.TestPlatform.Extensions.BlameDataCollector.BlameCollector., took 0 ms.
TpTrace Information: 0 : 58680, 6, 2024/04/26, 07:25:17.433, 6779865602347, datacollector.dll, DataCollectionTestCaseEventHandler: Test case 'AddProductTest - 52dc3b23-0320-646b-9fc8-5d0883e6726a' started.
TpTrace Information: 0 : 58680, 6, 2024/04/26, 07:25:17.433, 6779865608422, datacollector.dll, DataCollectionTestCaseEventHandler: Test case completing.
TpTrace Information: 0 : 58680, 6, 2024/04/26, 07:25:17.434, 6779865615260, datacollector.dll, BlameCollector.EventsTestCaseEnd: Test Case End
TpTrace Verbose: 0 : 58680, 6, 2024/04/26, 07:25:17.434, 6779865616147, datacollector.dll, MulticastDelegateUtilities.SafeInvoke: DataCollectionEvents.TestCaseEnd: Invoking callback 1/1 for Microsoft.TestPlatform.Extensions.BlameDataCollector.BlameCollector., took 0 ms.
TpTrace Information: 0 : 58680, 6, 2024/04/26, 07:25:17.434, 6779865617716, datacollector.dll, DataCollectionTestCaseEventHandler: Test case 'AddProductTest - 52dc3b23-0320-646b-9fc8-5d0883e6726a' completed
TpTrace Information: 0 : 58680, 6, 2024/04/26, 07:25:17.435, 6779865623458, datacollector.dll, DataCollectionTestCaseEventHandler: Test case starting.
TpTrace Information: 0 : 58680, 6, 2024/04/26, 07:25:17.435, 6779865629894, datacollector.dll, BlameCollector.EventsTestCaseStart: Test Case Start
TpTrace Verbose: 0 : 58680, 6, 2024/04/26, 07:25:17.435, 6779865630816, datacollector.dll, MulticastDelegateUtilities.SafeInvoke: DataCollectionEvents.TestCaseStart: Invoking callback 1/1 for Microsoft.TestPlatform.Extensions.BlameDataCollector.BlameCollector., took 0 ms.
TpTrace Information: 0 : 58680, 6, 2024/04/26, 07:25:17.439, 6779865670251, datacollector.dll, DataCollectionTestCaseEventHandler: Test case 'DeleteProductTest - 03825b12-8698-fecf-ab5d-a98d661ec4af' started.
TpTrace Information: 0 : 58680, 6, 2024/04/26, 07:25:17.440, 6779865678519, datacollector.dll, DataCollectionTestCaseEventHandler: Test case completing.
TpTrace Information: 0 : 58680, 6, 2024/04/26, 07:25:17.441, 6779865685747, datacollector.dll, BlameCollector.EventsTestCaseEnd: Test Case End
TpTrace Verbose: 0 : 58680, 6, 2024/04/26, 07:25:17.441, 6779865686695, datacollector.dll, MulticastDelegateUtilities.SafeInvoke: DataCollectionEvents.TestCaseEnd: Invoking callback 1/1 for Microsoft.TestPlatform.Extensions.BlameDataCollector.BlameCollector., took 0 ms.
TpTrace Information: 0 : 58680, 6, 2024/04/26, 07:25:17.441, 6779865688290, datacollector.dll, DataCollectionTestCaseEventHandler: Test case 'DeleteProductTest - 03825b12-8698-fecf-ab5d-a98d661ec4af' completed
TpTrace Information: 0 : 58680, 6, 2024/04/26, 07:25:17.442, 6779865696055, datacollector.dll, DataCollectionTestCaseEventHandler: Test case starting.
TpTrace Information: 0 : 58680, 6, 2024/04/26, 07:25:17.442, 6779865701224, datacollector.dll, BlameCollector.EventsTestCaseStart: Test Case Start
TpTrace Verbose: 0 : 58680, 6, 2024/04/26, 07:25:17.443, 6779865701925, datacollector.dll, MulticastDelegateUtilities.SafeInvoke: DataCollectionEvents.TestCaseStart: Invoking callback 1/1 for Microsoft.TestPlatform.Extensions.BlameDataCollector.BlameCollector., took 0 ms.
TpTrace Information: 0 : 58680, 6, 2024/04/26, 07:25:17.443, 6779865703014, datacollector.dll, DataCollectionTestCaseEventHandler: Test case 'GetAllProductTest - 6c492d13-77b1-3acb-3b51-dc0a4d58d844' started.
TpTrace Information: 0 : 58680, 6, 2024/04/26, 07:25:17.443, 6779865708744, datacollector.dll, DataCollectionTestCaseEventHandler: Test case completing.
TpTrace Information: 0 : 58680, 6, 2024/04/26, 07:25:17.444, 6779865715290, datacollector.dll, BlameCollector.EventsTestCaseEnd: Test Case End
TpTrace Verbose: 0 : 58680, 6, 2024/04/26, 07:25:17.444, 6779865715938, datacollector.dll, MulticastDelegateUtilities.SafeInvoke: DataCollectionEvents.TestCaseEnd: Invoking callback 1/1 for Microsoft.TestPlatform.Extensions.BlameDataCollector.BlameCollector., took 0 ms.
TpTrace Information: 0 : 58680, 6, 2024/04/26, 07:25:17.444, 6779865718106, datacollector.dll, DataCollectionTestCaseEventHandler: Test case 'GetAllProductTest - 6c492d13-77b1-3acb-3b51-dc0a4d58d844' completed
TpTrace Information: 0 : 58680, 6, 2024/04/26, 07:25:17.445, 6779865727353, datacollector.dll, DataCollectionTestCaseEventHandler: Test case starting.
TpTrace Information: 0 : 58680, 6, 2024/04/26, 07:25:17.445, 6779865730828, datacollector.dll, BlameCollector.EventsTestCaseStart: Test Case Start
TpTrace Verbose: 0 : 58680, 6, 2024/04/26, 07:25:17.445, 6779865731324, datacollector.dll, MulticastDelegateUtilities.SafeInvoke: DataCollectionEvents.TestCaseStart: Invoking callback 1/1 for Microsoft.TestPlatform.Extensions.BlameDataCollector.BlameCollector., took 0 ms.
TpTrace Information: 0 : 58680, 6, 2024/04/26, 07:25:17.446, 6779865732076, datacollector.dll, DataCollectionTestCaseEventHandler: Test case 'GetProductTest - 31d9a262-143b-6659-6fe4-f4d5cbd54eaf' started.
TpTrace Information: 0 : 58680, 6, 2024/04/26, 07:25:17.446, 6779865738837, datacollector.dll, DataCollectionTestCaseEventHandler: Test case completing.
TpTrace Information: 0 : 58680, 6, 2024/04/26, 07:25:17.447, 6779865744214, datacollector.dll, BlameCollector.EventsTestCaseEnd: Test Case End
TpTrace Verbose: 0 : 58680, 6, 2024/04/26, 07:25:17.447, 6779865744851, datacollector.dll, MulticastDelegateUtilities.SafeInvoke: DataCollectionEvents.TestCaseEnd: Invoking callback 1/1 for Microsoft.TestPlatform.Extensions.BlameDataCollector.BlameCollector., took 0 ms.
TpTrace Information: 0 : 58680, 6, 2024/04/26, 07:25:17.447, 6779865746871, datacollector.dll, DataCollectionTestCaseEventHandler: Test case 'GetProductTest - 31d9a262-143b-6659-6fe4-f4d5cbd54eaf' completed
TpTrace Information: 0 : 58680, 6, 2024/04/26, 07:25:17.448, 6779865754986, datacollector.dll, DataCollectionTestCaseEventHandler: Test case starting.
TpTrace Information: 0 : 58680, 6, 2024/04/26, 07:25:17.448, 6779865760022, datacollector.dll, BlameCollector.EventsTestCaseStart: Test Case Start
TpTrace Verbose: 0 : 58680, 6, 2024/04/26, 07:25:17.448, 6779865761162, datacollector.dll, MulticastDelegateUtilities.SafeInvoke: DataCollectionEvents.TestCaseStart: Invoking callback 1/1 for Microsoft.TestPlatform.Extensions.BlameDataCollector.BlameCollector., took 0 ms.
TpTrace Information: 0 : 58680, 6, 2024/04/26, 07:25:17.449, 6779865762110, datacollector.dll, DataCollectionTestCaseEventHandler: Test case 'UpdateProductTest - 19d8565b-c8a6-90d6-8012-9c8d77bf3e0a' started.
TpTrace Information: 0 : 58680, 6, 2024/04/26, 07:25:17.449, 6779865768451, datacollector.dll, DataCollectionTestCaseEventHandler: Test case completing.
TpTrace Information: 0 : 58680, 6, 2024/04/26, 07:25:17.450, 6779865775445, datacollector.dll, BlameCollector.EventsTestCaseEnd: Test Case End
TpTrace Verbose: 0 : 58680, 6, 2024/04/26, 07:25:17.450, 6779865776879, datacollector.dll, MulticastDelegateUtilities.SafeInvoke: DataCollectionEvents.TestCaseEnd: Invoking callback 1/1 for Microsoft.TestPlatform.Extensions.BlameDataCollector.BlameCollector., took 0 ms.
TpTrace Information: 0 : 58680, 6, 2024/04/26, 07:25:17.450, 6779865778895, datacollector.dll, DataCollectionTestCaseEventHandler: Test case 'UpdateProductTest - 19d8565b-c8a6-90d6-8012-9c8d77bf3e0a' completed
TpTrace Information: 0 : 58680, 6, 2024/04/26, 07:25:17.464, 6779865914599, datacollector.dll, DataCollectionTestCaseEventHandler: Test session ended
TpTrace Information: 0 : 58680, 1, 2024/04/26, 07:25:17.528, 6779866551982, datacollector.dll, DataCollectionRequestHandler.ProcessRequests: Datacollector received message: (DataCollection.AfterTestRunEnd) -> {"MessageType":"DataCollection.AfterTestRunEnd","Payload":false}
TpTrace Information: 0 : 58680, 1, 2024/04/26, 07:25:17.529, 6779866561882, datacollector.dll, Blame Collector: Session End
TpTrace Information: 0 : 58680, 1, 2024/04/26, 07:25:17.529, 6779866562641, datacollector.dll, BlameCollector.CollectDumpAndAbortTesthost: Custom path to dump directory was provided via VSTEST_DUMP_PATH. Skipping attachment upload, the caller is responsible for collecting and uploading the dumps themselves.
TpTrace Verbose: 0 : 58680, 1, 2024/04/26, 07:25:17.529, 6779866563387, datacollector.dll, MulticastDelegateUtilities.SafeInvoke: DataCollectionEvents.SessionEnd: Invoking callback 1/1 for Microsoft.TestPlatform.Extensions.BlameDataCollector.BlameCollector., took 0 ms.
TpTrace Information: 0 : 58680, 1, 2024/04/26, 07:25:17.530, 6779866572572, datacollector.dll, DataCollectionManager.CleanupPlugins: CleanupPlugins called
TpTrace Verbose: 0 : 58680, 1, 2024/04/26, 07:25:17.530, 6779866573244, datacollector.dll, DataCollectionManager.CleanupPlugins: Cleaning up 1 plugins
TpTrace Verbose: 0 : 58680, 1, 2024/04/26, 07:25:17.530, 6779866574077, datacollector.dll, dataCollectorInfo.DisposeDataCollector: calling Dispose() on Microsoft.TestPlatform.Extensions.BlameDataCollector.BlameCollector
TpTrace Information: 0 : 58680, 1, 2024/04/26, 07:25:17.530, 6779866574814, datacollector.dll, DataCollectionManager.CleanupPlugins: CleanupPlugins finished
TpTrace Information: 0 : 58680, 1, 2024/04/26, 07:25:17.535, 6779866624912, datacollector.dll, DataCollectionRequestHandler.ProcessRequests : Session End message received from server. Closing the connection.
TpTrace Information: 0 : 58680, 1, 2024/04/26, 07:25:17.535, 6779866628167, datacollector.dll, Closing the connection !
TpTrace Information: 0 : 58680, 1, 2024/04/26, 07:25:17.535, 6779866628806, datacollector.dll, DataCollectionRequestHandler.ProcessRequests : DataCollection completed
TpTrace Information: 0 : 58680, 1, 2024/04/26, 07:25:17.535, 6779866629384, datacollector.dll, Program.Main: exiting datacollector process.
