TpTrace Verbose: 0 : 28424, 1, 2024/04/25, 16:41:59.247, 6249861699856, datacollector.dll, Version: 17.9.0-release-24072-02
TpTrace Information: 0 : 28424, 1, 2024/04/25, 16:41:59.251, 6249861739523, datacollector.dll, DataCollectorMain.Run: Starting data collector run with args: --port,49844,--parentprocessid,45188,--diag,C:\Users\VC\codestack\GenSpark\day11\ShoppingSolution\ShoppingBLTets\bin\Debug\net6.0\fine-code-coverage\coverage-tool-output\diagnostics.datacollector.24-04-25_16-41-59_06559_5.log,--tracelevel,4
TpTrace Information: 0 : 28424, 1, 2024/04/25, 16:41:59.253, 6249861755629, datacollector.dll, DataCollector: Monitoring parent process with id: '45188'
TpTrace Information: 0 : 28424, 1, 2024/04/25, 16:41:59.261, 6249861839861, datacollector.dll, Trying to connect to server on socket : 127.0.0.1:49844 
TpTrace Verbose: 0 : 28424, 1, 2024/04/25, 16:41:59.274, 6249861968179, datacollector.dll, SocketCommunicationManager : SetupClientAsync : Attempting to connect to the server.
TpTrace Information: 0 : 28424, 6, 2024/04/25, 16:41:59.283, 6249862059709, datacollector.dll, Connected to the server successfully 
TpTrace Information: 0 : 28424, 6, 2024/04/25, 16:41:59.284, 6249862060871, datacollector.dll, Using the buffer size of 16384 bytes
TpTrace Information: 0 : 28424, 1, 2024/04/25, 16:41:59.331, 6249862533057, datacollector.dll, DataCollector: Start Request Processing.
TpTrace Verbose: 0 : 28424, 1, 2024/04/25, 16:41:59.331, 6249862534971, datacollector.dll, SocketCommunicationManager.WaitForServerConnection took: 0 ms, with 90000 ms timeout, and finished with True.
TpTrace Information: 0 : 28424, 1, 2024/04/25, 16:41:59.331, 6249862536972, datacollector.dll, DataCollectionRequestHandler.ProcessRequests: Datacollector received message: (DataCollection.BeforeTestRunStart) -> {"MessageType":"DataCollection.BeforeTestRunStart","Payload":{"SettingsXml":"<RunSettings><RunConfiguration><ResultsDirectory>C:\\Users\\VC\\codestack\\GenSpark\\day11\\ShoppingSolution\\ShoppingBLTets\\bin\\Debug\\net6.0\\fine-code-coverage\\coverage-tool-output</ResultsDirectory><TargetPlatform>X64</TargetPlatform><TargetFrameworkVersion>.NETCoreApp,Version=v6.0</TargetFrameworkVersion><DesignMode>False</DesignMode><CollectSourceInformation>False</CollectSourceInformation><TestAdaptersPaths>C:\\Program Files\\dotnet\\sdk\\8.0.202\\Extensions</TestAdaptersPaths></RunConfiguration><LoggerRunSettings><Loggers><Logger friendlyName=\"blame\" enabled=\"True\" /><Logger friendlyName=\"Console\" uri=\"logger://microsoft/TestPlatform/ConsoleLogger/v1\" assemblyQualifiedName=\"Microsoft.VisualStudio.TestPlatform.CommandLine.Internal.ConsoleLogger, vstest.console, Version=15.0.0.0, Culture=neutral, PublicKeyToken=b03f5f7f11d50a3a\" codeBase=\"C:\\Program Files\\dotnet\\sdk\\8.0.202\\vstest.console.dll\" enabled=\"True\" /></Loggers></LoggerRunSettings><DataCollectionRunSettings><DataCollectors><DataCollector friendlyName=\"blame\" enabled=\"True\"><Configuration><ResultsDirectory>C:\\Users\\VC\\codestack\\GenSpark\\day11\\ShoppingSolution\\ShoppingBLTets\\bin\\Debug\\net6.0\\fine-code-coverage\\coverage-tool-output</ResultsDirectory></Configuration></DataCollector></DataCollectors></DataCollectionRunSettings></RunSettings>","Sources":["C:\\Users\\VC\\codestack\\GenSpark\\day11\\ShoppingSolution\\ShoppingBLTets\\bin\\Debug\\net6.0\\fine-code-coverage\\build-output\\ShoppingBLTets.dll"],"IsTelemetryOptedIn":false}}
TpTrace Verbose: 0 : 28424, 1, 2024/04/25, 16:41:59.363, 6249862853362, datacollector.dll, TestPluginCache: Update extensions started. Skip filter = False
TpTrace Verbose: 0 : 28424, 1, 2024/04/25, 16:41:59.363, 6249862858767, datacollector.dll, TestPluginCache: Using directories for assembly resolution 'C:\Program Files\dotnet\sdk\8.0.202\Extensions'.
TpTrace Verbose: 0 : 28424, 1, 2024/04/25, 16:41:59.363, 6249862859509, datacollector.dll, TestPluginCache: Updated the available extensions to 'C:\Program Files\dotnet\sdk\8.0.202\Extensions\Microsoft.TestPlatform.Extensions.BlameDataCollector.dll,C:\Program Files\dotnet\sdk\8.0.202\Extensions\Microsoft.TestPlatform.Extensions.EventLogCollector.dll'.
TpTrace Verbose: 0 : 28424, 1, 2024/04/25, 16:41:59.368, 6249862904443, datacollector.dll, TestPluginCache.DiscoverTestExtensions: finding test extensions in assemblies ends with: Collector.dll TPluginInfo: Microsoft.VisualStudio.TestPlatform.Common.DataCollector.DataCollectorConfig TExtension: Microsoft.VisualStudio.TestPlatform.ObjectModel.DataCollection.DataCollector
TpTrace Verbose: 0 : 28424, 1, 2024/04/25, 16:41:59.369, 6249862913406, datacollector.dll, TestPluginCache.GetExtensionPaths: Filtered extension paths: C:\Program Files\dotnet\sdk\8.0.202\Extensions\Microsoft.TestPlatform.Extensions.BlameDataCollector.dll
C:\Program Files\dotnet\sdk\8.0.202\Extensions\Microsoft.TestPlatform.Extensions.EventLogCollector.dll
TpTrace Verbose: 0 : 28424, 1, 2024/04/25, 16:41:59.369, 6249862914116, datacollector.dll, TestPluginCache.GetExtensionPaths: Added default extension paths: 
TpTrace Verbose: 0 : 28424, 1, 2024/04/25, 16:41:59.369, 6249862914334, datacollector.dll, TestPluginCache.GetExtensionPaths: Added unfilterableExtensionPaths: 
TpTrace Information: 0 : 28424, 1, 2024/04/25, 16:41:59.369, 6249862918194, datacollector.dll, AssemblyResolver.ctor: Creating AssemblyResolver with searchDirectories C:\Program Files\dotnet\sdk\8.0.202\Extensions,C:\Program Files\dotnet\sdk\8.0.202
TpTrace Verbose: 0 : 28424, 1, 2024/04/25, 16:41:59.370, 6249862926792, datacollector.dll, TestPluginCache.DiscoverTestExtensions: Discovering the extensions using extension path.
TpTrace Verbose: 0 : 28424, 1, 2024/04/25, 16:41:59.370, 6249862928061, datacollector.dll, TestPluginCache.GetExtensionPaths: Filtered extension paths: C:\Program Files\dotnet\sdk\8.0.202\Extensions\Microsoft.TestPlatform.Extensions.BlameDataCollector.dll
C:\Program Files\dotnet\sdk\8.0.202\Extensions\Microsoft.TestPlatform.Extensions.EventLogCollector.dll
TpTrace Verbose: 0 : 28424, 1, 2024/04/25, 16:41:59.370, 6249862928441, datacollector.dll, TestPluginCache.GetExtensionPaths: Added default extension paths: 
TpTrace Verbose: 0 : 28424, 1, 2024/04/25, 16:41:59.370, 6249862928654, datacollector.dll, TestPluginCache.GetExtensionPaths: Added unfilterableExtensionPaths: 
TpTrace Verbose: 0 : 28424, 1, 2024/04/25, 16:41:59.370, 6249862929009, datacollector.dll, TestPluginCache.DiscoverTestExtensions: Discovering the extensions using allExtensionPaths: C:\Program Files\dotnet\sdk\8.0.202\Extensions\Microsoft.TestPlatform.Extensions.BlameDataCollector.dll
C:\Program Files\dotnet\sdk\8.0.202\Extensions\Microsoft.TestPlatform.Extensions.EventLogCollector.dll
TpTrace Information: 0 : 28424, 1, 2024/04/25, 16:41:59.370, 6249862929709, datacollector.dll, AssemblyResolver.AddSearchDirectories: Adding more searchDirectories C:\Program Files\dotnet\sdk\8.0.202\Extensions,C:\Program Files\dotnet\sdk\8.0.202
TpTrace Information: 0 : 28424, 1, 2024/04/25, 16:41:59.370, 6249862930108, datacollector.dll, AssemblyResolver.AddSearchDirectories: Adding more searchDirectories C:\Program Files\dotnet\sdk\8.0.202\Extensions,C:\Program Files\dotnet\sdk\8.0.202
TpTrace Information: 0 : 28424, 1, 2024/04/25, 16:41:59.371, 6249862933730, datacollector.dll, AssemblyResolver.OnResolve: Microsoft.TestPlatform.Extensions.BlameDataCollector: Resolving assembly.
TpTrace Information: 0 : 28424, 1, 2024/04/25, 16:41:59.371, 6249862934316, datacollector.dll, AssemblyResolver.OnResolve: Microsoft.TestPlatform.Extensions.BlameDataCollector: Searching in: 'C:\Program Files\dotnet\sdk\8.0.202\Extensions'.
TpTrace Information: 0 : 28424, 1, 2024/04/25, 16:41:59.380, 6249863020608, datacollector.dll, AssemblyResolver.OnResolve: Microsoft.TestPlatform.Extensions.BlameDataCollector: Loading assembly 'C:\Program Files\dotnet\sdk\8.0.202\Extensions\Microsoft.TestPlatform.Extensions.BlameDataCollector.dll'.
TpTrace Information: 0 : 28424, 1, 2024/04/25, 16:41:59.381, 6249863037830, datacollector.dll, AssemblyResolver.OnResolve: Resolved assembly: Microsoft.TestPlatform.Extensions.BlameDataCollector, from path: C:\Program Files\dotnet\sdk\8.0.202\Extensions\Microsoft.TestPlatform.Extensions.BlameDataCollector.dll
TpTrace Verbose: 0 : 28424, 1, 2024/04/25, 16:41:59.388, 6249863104061, datacollector.dll, MetadataReaderExtensionsHelper: Discovering extensions inside assembly 'Microsoft.TestPlatform.Extensions.BlameDataCollector, Version=15.0.0.0, Culture=neutral, PublicKeyToken=b03f5f7f11d50a3a' file path 'C:\Program Files\dotnet\sdk\8.0.202\Extensions\Microsoft.TestPlatform.Extensions.BlameDataCollector.dll'
TpTrace Error: 0 : 28424, 1, 2024/04/25, 16:41:59.391, 6249863131633, datacollector.dll, The type "Microsoft.TestPlatform.Extensions.BlameDataCollector.BlameCollector" defined in "Microsoft.TestPlatform.Extensions.BlameDataCollector.dll" does not have ExtensionUri attribute.
TpTrace Information: 0 : 28424, 1, 2024/04/25, 16:41:59.394, 6249863169241, datacollector.dll, GetTestExtensionFromType: Register extension with identifier data 'datacollector://microsoft/TestPlatform/Extensions/Blame/v1' and type 'Microsoft.TestPlatform.Extensions.BlameDataCollector.BlameCollector, Microsoft.TestPlatform.Extensions.BlameDataCollector, Version=15.0.0.0, Culture=neutral, PublicKeyToken=b03f5f7f11d50a3a' inside file 'C:\Program Files\dotnet\sdk\8.0.202\Extensions\Microsoft.TestPlatform.Extensions.BlameDataCollector.dll'
TpTrace Information: 0 : 28424, 1, 2024/04/25, 16:41:59.395, 6249863171776, datacollector.dll, AssemblyResolver.OnResolve: Microsoft.TestPlatform.Extensions.EventLogCollector: Resolving assembly.
TpTrace Information: 0 : 28424, 1, 2024/04/25, 16:41:59.395, 6249863172311, datacollector.dll, AssemblyResolver.OnResolve: Microsoft.TestPlatform.Extensions.EventLogCollector: Searching in: 'C:\Program Files\dotnet\sdk\8.0.202\Extensions'.
TpTrace Information: 0 : 28424, 1, 2024/04/25, 16:41:59.395, 6249863176489, datacollector.dll, AssemblyResolver.OnResolve: Microsoft.TestPlatform.Extensions.EventLogCollector: Loading assembly 'C:\Program Files\dotnet\sdk\8.0.202\Extensions\Microsoft.TestPlatform.Extensions.EventLogCollector.dll'.
TpTrace Information: 0 : 28424, 1, 2024/04/25, 16:41:59.396, 6249863182762, datacollector.dll, AssemblyResolver.OnResolve: Resolved assembly: Microsoft.TestPlatform.Extensions.EventLogCollector, from path: C:\Program Files\dotnet\sdk\8.0.202\Extensions\Microsoft.TestPlatform.Extensions.EventLogCollector.dll
TpTrace Verbose: 0 : 28424, 1, 2024/04/25, 16:41:59.396, 6249863183643, datacollector.dll, MetadataReaderExtensionsHelper: Discovering extensions inside assembly 'Microsoft.TestPlatform.Extensions.EventLogCollector, Version=15.0.0.0, Culture=neutral, PublicKeyToken=b03f5f7f11d50a3a' file path 'C:\Program Files\dotnet\sdk\8.0.202\Extensions\Microsoft.TestPlatform.Extensions.EventLogCollector.dll'
TpTrace Error: 0 : 28424, 1, 2024/04/25, 16:41:59.398, 6249863207033, datacollector.dll, The type "Microsoft.TestPlatform.Extensions.EventLogCollector.EventLogDataCollector" defined in "Microsoft.TestPlatform.Extensions.EventLogCollector.dll" does not have ExtensionUri attribute.
TpTrace Information: 0 : 28424, 1, 2024/04/25, 16:41:59.398, 6249863210365, datacollector.dll, GetTestExtensionFromType: Register extension with identifier data 'datacollector://microsoft/EventLog/2.0' and type 'Microsoft.TestPlatform.Extensions.EventLogCollector.EventLogDataCollector, Microsoft.TestPlatform.Extensions.EventLogCollector, Version=15.0.0.0, Culture=neutral, PublicKeyToken=b03f5f7f11d50a3a' inside file 'C:\Program Files\dotnet\sdk\8.0.202\Extensions\Microsoft.TestPlatform.Extensions.EventLogCollector.dll'
TpTrace Verbose: 0 : 28424, 1, 2024/04/25, 16:41:59.399, 6249863212479, datacollector.dll, TestPluginCache: Discovered the extensions using extension path 'C:\Program Files\dotnet\sdk\8.0.202\Extensions\Microsoft.TestPlatform.Extensions.BlameDataCollector.dll,C:\Program Files\dotnet\sdk\8.0.202\Extensions\Microsoft.TestPlatform.Extensions.EventLogCollector.dll'.
TpTrace Verbose: 0 : 28424, 1, 2024/04/25, 16:41:59.399, 6249863212985, datacollector.dll, TestPluginCache: Discoverers are ''.
TpTrace Verbose: 0 : 28424, 1, 2024/04/25, 16:41:59.399, 6249863213371, datacollector.dll, TestPluginCache: Executors are ''.
TpTrace Verbose: 0 : 28424, 1, 2024/04/25, 16:41:59.399, 6249863213699, datacollector.dll, TestPluginCache: Executors2 are ''.
TpTrace Verbose: 0 : 28424, 1, 2024/04/25, 16:41:59.399, 6249863214103, datacollector.dll, TestPluginCache: Setting providers are ''.
TpTrace Verbose: 0 : 28424, 1, 2024/04/25, 16:41:59.399, 6249863214390, datacollector.dll, TestPluginCache: Loggers are ''.
TpTrace Verbose: 0 : 28424, 1, 2024/04/25, 16:41:59.399, 6249863214670, datacollector.dll, TestPluginCache: TestHosts are ''.
TpTrace Verbose: 0 : 28424, 1, 2024/04/25, 16:41:59.399, 6249863216395, datacollector.dll, TestPluginCache: DataCollectors are 'datacollector://microsoft/TestPlatform/Extensions/Blame/v1,datacollector://microsoft/EventLog/2.0'.
TpTrace Information: 0 : 28424, 1, 2024/04/25, 16:41:59.401, 6249863231403, datacollector.dll, TestPluginManager.CreateTestExtension: Attempting to load test extension: Microsoft.TestPlatform.Extensions.BlameDataCollector.BlameCollector
TpTrace Information: 0 : 28424, 1, 2024/04/25, 16:41:59.404, 6249863268252, datacollector.dll, [MonitorPostmortemDump]Monitor enabled: 'False'
TpTrace Verbose: 0 : 28424, 1, 2024/04/25, 16:41:59.405, 6249863277742, datacollector.dll, MulticastDelegateUtilities.SafeInvoke: DataCollectionEvents.SessionStart: Invoking callbacks was skipped because there are no subscribers.
TpTrace Information: 0 : 28424, 1, 2024/04/25, 16:41:59.406, 6249863283248, datacollector.dll, Listening on Endpoint : 127.0.0.1:49846
TpTrace Information: 0 : 28424, 1, 2024/04/25, 16:41:59.411, 6249863336013, datacollector.dll, DataCollectionRequestHandler.ProcessRequests : DataCollection started.
TpTrace Information: 0 : 28424, 1, 2024/04/25, 16:41:59.428, 6249863502794, datacollector.dll, DataCollectionRequestHandler.ProcessRequests: Datacollector received message: (DataCollection.TestHostLaunched) -> {"MessageType":"DataCollection.TestHostLaunched","Payload":{"ProcessId":51832}}
TpTrace Verbose: 0 : 28424, 1, 2024/04/25, 16:41:59.429, 6249863517843, datacollector.dll, MulticastDelegateUtilities.SafeInvoke: DataCollectionEvents.TestHostLaunched: Invoking callback 1/1 for Microsoft.TestPlatform.Extensions.BlameDataCollector.BlameCollector., took 0 ms.
TpTrace Information: 0 : 28424, 8, 2024/04/25, 16:41:59.675, 6249865978617, datacollector.dll, Using the buffer size of 16384 bytes
TpTrace Verbose: 0 : 28424, 6, 2024/04/25, 16:41:59.675, 6249865978616, datacollector.dll, SocketCommunicationManager.WaitForClientConnection took: 266 ms, with 90000 ms timeout, and finished with True.
TpTrace Information: 0 : 28424, 8, 2024/04/25, 16:41:59.676, 6249865980697, datacollector.dll, Accepted Client request and set the flag
TpTrace Information: 0 : 28424, 6, 2024/04/25, 16:42:00.374, 6249872969755, datacollector.dll, DataCollectionTestCaseEventHandler: Test case starting.
TpTrace Information: 0 : 28424, 6, 2024/04/25, 16:42:00.388, 6249873107732, datacollector.dll, BlameCollector.EventsTestCaseStart: Test Case Start
TpTrace Verbose: 0 : 28424, 6, 2024/04/25, 16:42:00.389, 6249873110484, datacollector.dll, MulticastDelegateUtilities.SafeInvoke: DataCollectionEvents.TestCaseStart: Invoking callback 1/1 for Microsoft.TestPlatform.Extensions.BlameDataCollector.BlameCollector., took 0 ms.
TpTrace Information: 0 : 28424, 6, 2024/04/25, 16:42:00.389, 6249873113058, datacollector.dll, DataCollectionTestCaseEventHandler: Test case 'AddCustomerTest - 8dd508c0-a8ab-b798-a64c-68f1ba8c5eee' started.
TpTrace Information: 0 : 28424, 6, 2024/04/25, 16:42:00.413, 6249873357176, datacollector.dll, DataCollectionTestCaseEventHandler: Test case completing.
TpTrace Information: 0 : 28424, 6, 2024/04/25, 16:42:00.417, 6249873391380, datacollector.dll, BlameCollector.EventsTestCaseEnd: Test Case End
TpTrace Verbose: 0 : 28424, 6, 2024/04/25, 16:42:00.417, 6249873393666, datacollector.dll, MulticastDelegateUtilities.SafeInvoke: DataCollectionEvents.TestCaseEnd: Invoking callback 1/1 for Microsoft.TestPlatform.Extensions.BlameDataCollector.BlameCollector., took 0 ms.
TpTrace Information: 0 : 28424, 6, 2024/04/25, 16:42:00.418, 6249873409528, datacollector.dll, DataCollectionTestCaseEventHandler: Test case 'AddCustomerTest - 8dd508c0-a8ab-b798-a64c-68f1ba8c5eee' completed
TpTrace Information: 0 : 28424, 6, 2024/04/25, 16:42:00.429, 6249873519183, datacollector.dll, DataCollectionTestCaseEventHandler: Test case starting.
TpTrace Information: 0 : 28424, 6, 2024/04/25, 16:42:00.430, 6249873527547, datacollector.dll, BlameCollector.EventsTestCaseStart: Test Case Start
TpTrace Verbose: 0 : 28424, 6, 2024/04/25, 16:42:00.430, 6249873528563, datacollector.dll, MulticastDelegateUtilities.SafeInvoke: DataCollectionEvents.TestCaseStart: Invoking callback 1/1 for Microsoft.TestPlatform.Extensions.BlameDataCollector.BlameCollector., took 0 ms.
TpTrace Information: 0 : 28424, 6, 2024/04/25, 16:42:00.430, 6249873529855, datacollector.dll, DataCollectionTestCaseEventHandler: Test case 'DeleteCustomerTest - 05d1e830-e1a1-6a72-b85f-0d533931ef6e' started.
TpTrace Information: 0 : 28424, 6, 2024/04/25, 16:42:00.431, 6249873539622, datacollector.dll, DataCollectionTestCaseEventHandler: Test case completing.
TpTrace Information: 0 : 28424, 6, 2024/04/25, 16:42:00.432, 6249873549836, datacollector.dll, BlameCollector.EventsTestCaseEnd: Test Case End
TpTrace Verbose: 0 : 28424, 6, 2024/04/25, 16:42:00.433, 6249873551681, datacollector.dll, MulticastDelegateUtilities.SafeInvoke: DataCollectionEvents.TestCaseEnd: Invoking callback 1/1 for Microsoft.TestPlatform.Extensions.BlameDataCollector.BlameCollector., took 0 ms.
TpTrace Information: 0 : 28424, 6, 2024/04/25, 16:42:00.433, 6249873555197, datacollector.dll, DataCollectionTestCaseEventHandler: Test case 'DeleteCustomerTest - 05d1e830-e1a1-6a72-b85f-0d533931ef6e' completed
TpTrace Information: 0 : 28424, 6, 2024/04/25, 16:42:00.434, 6249873566343, datacollector.dll, DataCollectionTestCaseEventHandler: Test case starting.
TpTrace Information: 0 : 28424, 6, 2024/04/25, 16:42:00.435, 6249873573539, datacollector.dll, BlameCollector.EventsTestCaseStart: Test Case Start
TpTrace Verbose: 0 : 28424, 6, 2024/04/25, 16:42:00.435, 6249873574878, datacollector.dll, MulticastDelegateUtilities.SafeInvoke: DataCollectionEvents.TestCaseStart: Invoking callback 1/1 for Microsoft.TestPlatform.Extensions.BlameDataCollector.BlameCollector., took 0 ms.
TpTrace Information: 0 : 28424, 6, 2024/04/25, 16:42:00.435, 6249873576323, datacollector.dll, DataCollectionTestCaseEventHandler: Test case 'GetAllCustomerTest - 20c41af1-bffc-483f-a2b1-08da04bc7026' started.
TpTrace Information: 0 : 28424, 6, 2024/04/25, 16:42:00.436, 6249873584998, datacollector.dll, DataCollectionTestCaseEventHandler: Test case completing.
TpTrace Information: 0 : 28424, 6, 2024/04/25, 16:42:00.437, 6249873591182, datacollector.dll, BlameCollector.EventsTestCaseEnd: Test Case End
TpTrace Verbose: 0 : 28424, 6, 2024/04/25, 16:42:00.437, 6249873592448, datacollector.dll, MulticastDelegateUtilities.SafeInvoke: DataCollectionEvents.TestCaseEnd: Invoking callback 1/1 for Microsoft.TestPlatform.Extensions.BlameDataCollector.BlameCollector., took 0 ms.
TpTrace Information: 0 : 28424, 6, 2024/04/25, 16:42:00.437, 6249873595339, datacollector.dll, DataCollectionTestCaseEventHandler: Test case 'GetAllCustomerTest - 20c41af1-bffc-483f-a2b1-08da04bc7026' completed
TpTrace Information: 0 : 28424, 6, 2024/04/25, 16:42:00.438, 6249873602343, datacollector.dll, DataCollectionTestCaseEventHandler: Test case starting.
TpTrace Information: 0 : 28424, 6, 2024/04/25, 16:42:00.438, 6249873607196, datacollector.dll, BlameCollector.EventsTestCaseStart: Test Case Start
TpTrace Verbose: 0 : 28424, 6, 2024/04/25, 16:42:00.438, 6249873608750, datacollector.dll, MulticastDelegateUtilities.SafeInvoke: DataCollectionEvents.TestCaseStart: Invoking callback 1/1 for Microsoft.TestPlatform.Extensions.BlameDataCollector.BlameCollector., took 0 ms.
TpTrace Information: 0 : 28424, 6, 2024/04/25, 16:42:00.439, 6249873610494, datacollector.dll, DataCollectionTestCaseEventHandler: Test case 'GetCustomerTest - 8c645aae-a328-0315-c220-9c2fcb64a384' started.
TpTrace Information: 0 : 28424, 6, 2024/04/25, 16:42:00.439, 6249873617337, datacollector.dll, DataCollectionTestCaseEventHandler: Test case completing.
TpTrace Information: 0 : 28424, 6, 2024/04/25, 16:42:00.440, 6249873622131, datacollector.dll, BlameCollector.EventsTestCaseEnd: Test Case End
TpTrace Verbose: 0 : 28424, 6, 2024/04/25, 16:42:00.440, 6249873622636, datacollector.dll, MulticastDelegateUtilities.SafeInvoke: DataCollectionEvents.TestCaseEnd: Invoking callback 1/1 for Microsoft.TestPlatform.Extensions.BlameDataCollector.BlameCollector., took 0 ms.
TpTrace Information: 0 : 28424, 6, 2024/04/25, 16:42:00.440, 6249873623857, datacollector.dll, DataCollectionTestCaseEventHandler: Test case 'GetCustomerTest - 8c645aae-a328-0315-c220-9c2fcb64a384' completed
TpTrace Information: 0 : 28424, 6, 2024/04/25, 16:42:00.440, 6249873630029, datacollector.dll, DataCollectionTestCaseEventHandler: Test case starting.
TpTrace Information: 0 : 28424, 6, 2024/04/25, 16:42:00.441, 6249873636065, datacollector.dll, BlameCollector.EventsTestCaseStart: Test Case Start
TpTrace Verbose: 0 : 28424, 6, 2024/04/25, 16:42:00.441, 6249873636822, datacollector.dll, MulticastDelegateUtilities.SafeInvoke: DataCollectionEvents.TestCaseStart: Invoking callback 1/1 for Microsoft.TestPlatform.Extensions.BlameDataCollector.BlameCollector., took 0 ms.
TpTrace Information: 0 : 28424, 6, 2024/04/25, 16:42:00.441, 6249873638315, datacollector.dll, DataCollectionTestCaseEventHandler: Test case 'UpdateCustomerTest - eefe311c-2fe1-4ace-23c4-249c1f1d7663' started.
TpTrace Information: 0 : 28424, 6, 2024/04/25, 16:42:00.442, 6249873647701, datacollector.dll, DataCollectionTestCaseEventHandler: Test case completing.
TpTrace Information: 0 : 28424, 6, 2024/04/25, 16:42:00.443, 6249873654483, datacollector.dll, BlameCollector.EventsTestCaseEnd: Test Case End
TpTrace Verbose: 0 : 28424, 6, 2024/04/25, 16:42:00.443, 6249873655185, datacollector.dll, MulticastDelegateUtilities.SafeInvoke: DataCollectionEvents.TestCaseEnd: Invoking callback 1/1 for Microsoft.TestPlatform.Extensions.BlameDataCollector.BlameCollector., took 0 ms.
TpTrace Information: 0 : 28424, 6, 2024/04/25, 16:42:00.443, 6249873656660, datacollector.dll, DataCollectionTestCaseEventHandler: Test case 'UpdateCustomerTest - eefe311c-2fe1-4ace-23c4-249c1f1d7663' completed
TpTrace Information: 0 : 28424, 6, 2024/04/25, 16:42:00.445, 6249873675433, datacollector.dll, DataCollectionTestCaseEventHandler: Test case starting.
TpTrace Information: 0 : 28424, 6, 2024/04/25, 16:42:00.446, 6249873681773, datacollector.dll, BlameCollector.EventsTestCaseStart: Test Case Start
TpTrace Verbose: 0 : 28424, 6, 2024/04/25, 16:42:00.446, 6249873682424, datacollector.dll, MulticastDelegateUtilities.SafeInvoke: DataCollectionEvents.TestCaseStart: Invoking callback 1/1 for Microsoft.TestPlatform.Extensions.BlameDataCollector.BlameCollector., took 0 ms.
TpTrace Information: 0 : 28424, 6, 2024/04/25, 16:42:00.446, 6249873683514, datacollector.dll, DataCollectionTestCaseEventHandler: Test case 'AddProductTest - 52dc3b23-0320-646b-9fc8-5d0883e6726a' started.
TpTrace Information: 0 : 28424, 6, 2024/04/25, 16:42:00.446, 6249873689868, datacollector.dll, DataCollectionTestCaseEventHandler: Test case completing.
TpTrace Information: 0 : 28424, 6, 2024/04/25, 16:42:00.447, 6249873695242, datacollector.dll, BlameCollector.EventsTestCaseEnd: Test Case End
TpTrace Verbose: 0 : 28424, 6, 2024/04/25, 16:42:00.447, 6249873695742, datacollector.dll, MulticastDelegateUtilities.SafeInvoke: DataCollectionEvents.TestCaseEnd: Invoking callback 1/1 for Microsoft.TestPlatform.Extensions.BlameDataCollector.BlameCollector., took 0 ms.
TpTrace Information: 0 : 28424, 6, 2024/04/25, 16:42:00.447, 6249873696840, datacollector.dll, DataCollectionTestCaseEventHandler: Test case 'AddProductTest - 52dc3b23-0320-646b-9fc8-5d0883e6726a' completed
TpTrace Information: 0 : 28424, 6, 2024/04/25, 16:42:00.448, 6249873703801, datacollector.dll, DataCollectionTestCaseEventHandler: Test case starting.
TpTrace Information: 0 : 28424, 6, 2024/04/25, 16:42:00.448, 6249873708288, datacollector.dll, BlameCollector.EventsTestCaseStart: Test Case Start
TpTrace Verbose: 0 : 28424, 6, 2024/04/25, 16:42:00.448, 6249873708862, datacollector.dll, MulticastDelegateUtilities.SafeInvoke: DataCollectionEvents.TestCaseStart: Invoking callback 1/1 for Microsoft.TestPlatform.Extensions.BlameDataCollector.BlameCollector., took 0 ms.
TpTrace Information: 0 : 28424, 6, 2024/04/25, 16:42:00.448, 6249873709671, datacollector.dll, DataCollectionTestCaseEventHandler: Test case 'DeleteProductTest - 03825b12-8698-fecf-ab5d-a98d661ec4af' started.
TpTrace Information: 0 : 28424, 6, 2024/04/25, 16:42:00.449, 6249873715411, datacollector.dll, DataCollectionTestCaseEventHandler: Test case completing.
TpTrace Information: 0 : 28424, 6, 2024/04/25, 16:42:00.449, 6249873718820, datacollector.dll, BlameCollector.EventsTestCaseEnd: Test Case End
TpTrace Verbose: 0 : 28424, 6, 2024/04/25, 16:42:00.449, 6249873719266, datacollector.dll, MulticastDelegateUtilities.SafeInvoke: DataCollectionEvents.TestCaseEnd: Invoking callback 1/1 for Microsoft.TestPlatform.Extensions.BlameDataCollector.BlameCollector., took 0 ms.
TpTrace Information: 0 : 28424, 6, 2024/04/25, 16:42:00.449, 6249873720180, datacollector.dll, DataCollectionTestCaseEventHandler: Test case 'DeleteProductTest - 03825b12-8698-fecf-ab5d-a98d661ec4af' completed
TpTrace Information: 0 : 28424, 6, 2024/04/25, 16:42:00.450, 6249873727171, datacollector.dll, DataCollectionTestCaseEventHandler: Test case starting.
TpTrace Information: 0 : 28424, 6, 2024/04/25, 16:42:00.451, 6249873732442, datacollector.dll, BlameCollector.EventsTestCaseStart: Test Case Start
TpTrace Verbose: 0 : 28424, 6, 2024/04/25, 16:42:00.451, 6249873733155, datacollector.dll, MulticastDelegateUtilities.SafeInvoke: DataCollectionEvents.TestCaseStart: Invoking callback 1/1 for Microsoft.TestPlatform.Extensions.BlameDataCollector.BlameCollector., took 0 ms.
TpTrace Information: 0 : 28424, 6, 2024/04/25, 16:42:00.451, 6249873734292, datacollector.dll, DataCollectionTestCaseEventHandler: Test case 'GetAllProductTest - 6c492d13-77b1-3acb-3b51-dc0a4d58d844' started.
TpTrace Information: 0 : 28424, 6, 2024/04/25, 16:42:00.452, 6249873743000, datacollector.dll, DataCollectionTestCaseEventHandler: Test case completing.
TpTrace Information: 0 : 28424, 6, 2024/04/25, 16:42:00.453, 6249873752113, datacollector.dll, BlameCollector.EventsTestCaseEnd: Test Case End
TpTrace Verbose: 0 : 28424, 6, 2024/04/25, 16:42:00.453, 6249873753687, datacollector.dll, MulticastDelegateUtilities.SafeInvoke: DataCollectionEvents.TestCaseEnd: Invoking callback 1/1 for Microsoft.TestPlatform.Extensions.BlameDataCollector.BlameCollector., took 0 ms.
TpTrace Information: 0 : 28424, 6, 2024/04/25, 16:42:00.453, 6249873756415, datacollector.dll, DataCollectionTestCaseEventHandler: Test case 'GetAllProductTest - 6c492d13-77b1-3acb-3b51-dc0a4d58d844' completed
TpTrace Information: 0 : 28424, 6, 2024/04/25, 16:42:00.454, 6249873766135, datacollector.dll, DataCollectionTestCaseEventHandler: Test case starting.
TpTrace Information: 0 : 28424, 6, 2024/04/25, 16:42:00.455, 6249873774897, datacollector.dll, BlameCollector.EventsTestCaseStart: Test Case Start
TpTrace Verbose: 0 : 28424, 6, 2024/04/25, 16:42:00.455, 6249873776170, datacollector.dll, MulticastDelegateUtilities.SafeInvoke: DataCollectionEvents.TestCaseStart: Invoking callback 1/1 for Microsoft.TestPlatform.Extensions.BlameDataCollector.BlameCollector., took 0 ms.
TpTrace Information: 0 : 28424, 6, 2024/04/25, 16:42:00.455, 6249873778229, datacollector.dll, DataCollectionTestCaseEventHandler: Test case 'GetProductTest - 31d9a262-143b-6659-6fe4-f4d5cbd54eaf' started.
TpTrace Information: 0 : 28424, 6, 2024/04/25, 16:42:00.456, 6249873789153, datacollector.dll, DataCollectionTestCaseEventHandler: Test case completing.
TpTrace Information: 0 : 28424, 6, 2024/04/25, 16:42:00.458, 6249873807186, datacollector.dll, BlameCollector.EventsTestCaseEnd: Test Case End
TpTrace Verbose: 0 : 28424, 6, 2024/04/25, 16:42:00.458, 6249873808688, datacollector.dll, MulticastDelegateUtilities.SafeInvoke: DataCollectionEvents.TestCaseEnd: Invoking callback 1/1 for Microsoft.TestPlatform.Extensions.BlameDataCollector.BlameCollector., took 0 ms.
TpTrace Information: 0 : 28424, 6, 2024/04/25, 16:42:00.459, 6249873810861, datacollector.dll, DataCollectionTestCaseEventHandler: Test case 'GetProductTest - 31d9a262-143b-6659-6fe4-f4d5cbd54eaf' completed
TpTrace Information: 0 : 28424, 6, 2024/04/25, 16:42:00.491, 6249874132250, datacollector.dll, DataCollectionTestCaseEventHandler: Test case starting.
TpTrace Information: 0 : 28424, 6, 2024/04/25, 16:42:00.491, 6249874140252, datacollector.dll, BlameCollector.EventsTestCaseStart: Test Case Start
TpTrace Verbose: 0 : 28424, 6, 2024/04/25, 16:42:00.492, 6249874141118, datacollector.dll, MulticastDelegateUtilities.SafeInvoke: DataCollectionEvents.TestCaseStart: Invoking callback 1/1 for Microsoft.TestPlatform.Extensions.BlameDataCollector.BlameCollector., took 0 ms.
TpTrace Information: 0 : 28424, 6, 2024/04/25, 16:42:00.492, 6249874142522, datacollector.dll, DataCollectionTestCaseEventHandler: Test case 'UpdateProductTest - 19d8565b-c8a6-90d6-8012-9c8d77bf3e0a' started.
TpTrace Information: 0 : 28424, 6, 2024/04/25, 16:42:00.494, 6249874160738, datacollector.dll, DataCollectionTestCaseEventHandler: Test case completing.
TpTrace Information: 0 : 28424, 6, 2024/04/25, 16:42:00.495, 6249874176150, datacollector.dll, BlameCollector.EventsTestCaseEnd: Test Case End
TpTrace Verbose: 0 : 28424, 6, 2024/04/25, 16:42:00.495, 6249874177089, datacollector.dll, MulticastDelegateUtilities.SafeInvoke: DataCollectionEvents.TestCaseEnd: Invoking callback 1/1 for Microsoft.TestPlatform.Extensions.BlameDataCollector.BlameCollector., took 0 ms.
TpTrace Information: 0 : 28424, 6, 2024/04/25, 16:42:00.495, 6249874178993, datacollector.dll, DataCollectionTestCaseEventHandler: Test case 'UpdateProductTest - 19d8565b-c8a6-90d6-8012-9c8d77bf3e0a' completed
TpTrace Information: 0 : 28424, 6, 2024/04/25, 16:42:00.507, 6249874294162, datacollector.dll, DataCollectionTestCaseEventHandler: Test session ended
TpTrace Information: 0 : 28424, 1, 2024/04/25, 16:42:00.563, 6249874856345, datacollector.dll, DataCollectionRequestHandler.ProcessRequests: Datacollector received message: (DataCollection.AfterTestRunEnd) -> {"MessageType":"DataCollection.AfterTestRunEnd","Payload":false}
TpTrace Information: 0 : 28424, 1, 2024/04/25, 16:42:00.564, 6249874868703, datacollector.dll, Blame Collector: Session End
TpTrace Information: 0 : 28424, 1, 2024/04/25, 16:42:00.565, 6249874870477, datacollector.dll, BlameCollector.CollectDumpAndAbortTesthost: Custom path to dump directory was provided via VSTEST_DUMP_PATH. Skipping attachment upload, the caller is responsible for collecting and uploading the dumps themselves.
TpTrace Verbose: 0 : 28424, 1, 2024/04/25, 16:42:00.565, 6249874871968, datacollector.dll, MulticastDelegateUtilities.SafeInvoke: DataCollectionEvents.SessionEnd: Invoking callback 1/1 for Microsoft.TestPlatform.Extensions.BlameDataCollector.BlameCollector., took 0 ms.
TpTrace Information: 0 : 28424, 1, 2024/04/25, 16:42:00.566, 6249874882445, datacollector.dll, DataCollectionManager.CleanupPlugins: CleanupPlugins called
TpTrace Verbose: 0 : 28424, 1, 2024/04/25, 16:42:00.566, 6249874884244, datacollector.dll, DataCollectionManager.CleanupPlugins: Cleaning up 1 plugins
TpTrace Verbose: 0 : 28424, 1, 2024/04/25, 16:42:00.566, 6249874885768, datacollector.dll, dataCollectorInfo.DisposeDataCollector: calling Dispose() on Microsoft.TestPlatform.Extensions.BlameDataCollector.BlameCollector
TpTrace Information: 0 : 28424, 1, 2024/04/25, 16:42:00.566, 6249874886970, datacollector.dll, DataCollectionManager.CleanupPlugins: CleanupPlugins finished
TpTrace Information: 0 : 28424, 1, 2024/04/25, 16:42:00.574, 6249874962864, datacollector.dll, DataCollectionRequestHandler.ProcessRequests : Session End message received from server. Closing the connection.
TpTrace Information: 0 : 28424, 1, 2024/04/25, 16:42:00.574, 6249874969422, datacollector.dll, Closing the connection !
TpTrace Information: 0 : 28424, 1, 2024/04/25, 16:42:00.575, 6249874971039, datacollector.dll, DataCollectionRequestHandler.ProcessRequests : DataCollection completed
TpTrace Information: 0 : 28424, 1, 2024/04/25, 16:42:00.575, 6249874972142, datacollector.dll, Program.Main: exiting datacollector process.
