TpTrace Verbose: 0 : 35368, 1, 2024/04/25, 22:34:07.698, 6461145803793, datacollector.dll, Version: 17.9.0-release-24072-02
TpTrace Information: 0 : 35368, 1, 2024/04/25, 22:34:07.701, 6461145839519, datacollector.dll, DataCollectorMain.Run: Starting data collector run with args: --port,60763,--parentprocessid,45360,--diag,C:\Users\VC\codestack\GenSpark\day11\ShoppingSolution\ShoppingBLTets\bin\Debug\net6.0\fine-code-coverage\coverage-tool-output\diagnostics.datacollector.24-04-25_22-34-07_50381_5.log,--tracelevel,4
TpTrace Information: 0 : 35368, 1, 2024/04/25, 22:34:07.702, 6461145849655, datacollector.dll, DataCollector: Monitoring parent process with id: '45360'
TpTrace Information: 0 : 35368, 1, 2024/04/25, 22:34:07.709, 6461145917620, datacollector.dll, Trying to connect to server on socket : 127.0.0.1:60763 
TpTrace Verbose: 0 : 35368, 1, 2024/04/25, 22:34:07.718, 6461146004144, datacollector.dll, SocketCommunicationManager : SetupClientAsync : Attempting to connect to the server.
TpTrace Information: 0 : 35368, 9, 2024/04/25, 22:34:07.725, 6461146080150, datacollector.dll, Connected to the server successfully 
TpTrace Information: 0 : 35368, 9, 2024/04/25, 22:34:07.726, 6461146081724, datacollector.dll, Using the buffer size of 16384 bytes
TpTrace Information: 0 : 35368, 1, 2024/04/25, 22:34:07.798, 6461146806046, datacollector.dll, DataCollector: Start Request Processing.
TpTrace Verbose: 0 : 35368, 1, 2024/04/25, 22:34:07.798, 6461146808406, datacollector.dll, SocketCommunicationManager.WaitForServerConnection took: 0 ms, with 90000 ms timeout, and finished with True.
TpTrace Information: 0 : 35368, 1, 2024/04/25, 22:34:07.799, 6461146810768, datacollector.dll, DataCollectionRequestHandler.ProcessRequests: Datacollector received message: (DataCollection.BeforeTestRunStart) -> {"MessageType":"DataCollection.BeforeTestRunStart","Payload":{"SettingsXml":"<RunSettings><RunConfiguration><ResultsDirectory>C:\\Users\\VC\\codestack\\GenSpark\\day11\\ShoppingSolution\\ShoppingBLTets\\bin\\Debug\\net6.0\\fine-code-coverage\\coverage-tool-output</ResultsDirectory><TargetPlatform>X64</TargetPlatform><TargetFrameworkVersion>.NETCoreApp,Version=v6.0</TargetFrameworkVersion><DesignMode>False</DesignMode><CollectSourceInformation>False</CollectSourceInformation><TestAdaptersPaths>C:\\Program Files\\dotnet\\sdk\\8.0.202\\Extensions</TestAdaptersPaths></RunConfiguration><LoggerRunSettings><Loggers><Logger friendlyName=\"blame\" enabled=\"True\" /><Logger friendlyName=\"Console\" uri=\"logger://microsoft/TestPlatform/ConsoleLogger/v1\" assemblyQualifiedName=\"Microsoft.VisualStudio.TestPlatform.CommandLine.Internal.ConsoleLogger, vstest.console, Version=15.0.0.0, Culture=neutral, PublicKeyToken=b03f5f7f11d50a3a\" codeBase=\"C:\\Program Files\\dotnet\\sdk\\8.0.202\\vstest.console.dll\" enabled=\"True\" /></Loggers></LoggerRunSettings><DataCollectionRunSettings><DataCollectors><DataCollector friendlyName=\"blame\" enabled=\"True\"><Configuration><ResultsDirectory>C:\\Users\\VC\\codestack\\GenSpark\\day11\\ShoppingSolution\\ShoppingBLTets\\bin\\Debug\\net6.0\\fine-code-coverage\\coverage-tool-output</ResultsDirectory></Configuration></DataCollector></DataCollectors></DataCollectionRunSettings></RunSettings>","Sources":["C:\\Users\\VC\\codestack\\GenSpark\\day11\\ShoppingSolution\\ShoppingBLTets\\bin\\Debug\\net6.0\\fine-code-coverage\\build-output\\ShoppingBLTets.dll"],"IsTelemetryOptedIn":false}}
TpTrace Verbose: 0 : 35368, 1, 2024/04/25, 22:34:07.840, 6461147227175, datacollector.dll, TestPluginCache: Update extensions started. Skip filter = False
TpTrace Verbose: 0 : 35368, 1, 2024/04/25, 22:34:07.841, 6461147234197, datacollector.dll, TestPluginCache: Using directories for assembly resolution 'C:\Program Files\dotnet\sdk\8.0.202\Extensions'.
TpTrace Verbose: 0 : 35368, 1, 2024/04/25, 22:34:07.841, 6461147235036, datacollector.dll, TestPluginCache: Updated the available extensions to 'C:\Program Files\dotnet\sdk\8.0.202\Extensions\Microsoft.TestPlatform.Extensions.BlameDataCollector.dll,C:\Program Files\dotnet\sdk\8.0.202\Extensions\Microsoft.TestPlatform.Extensions.EventLogCollector.dll'.
TpTrace Verbose: 0 : 35368, 1, 2024/04/25, 22:34:07.847, 6461147296317, datacollector.dll, TestPluginCache.DiscoverTestExtensions: finding test extensions in assemblies ends with: Collector.dll TPluginInfo: Microsoft.VisualStudio.TestPlatform.Common.DataCollector.DataCollectorConfig TExtension: Microsoft.VisualStudio.TestPlatform.ObjectModel.DataCollection.DataCollector
TpTrace Verbose: 0 : 35368, 1, 2024/04/25, 22:34:07.848, 6461147309927, datacollector.dll, TestPluginCache.GetExtensionPaths: Filtered extension paths: C:\Program Files\dotnet\sdk\8.0.202\Extensions\Microsoft.TestPlatform.Extensions.BlameDataCollector.dll
C:\Program Files\dotnet\sdk\8.0.202\Extensions\Microsoft.TestPlatform.Extensions.EventLogCollector.dll
TpTrace Verbose: 0 : 35368, 1, 2024/04/25, 22:34:07.849, 6461147311023, datacollector.dll, TestPluginCache.GetExtensionPaths: Added default extension paths: 
TpTrace Verbose: 0 : 35368, 1, 2024/04/25, 22:34:07.849, 6461147311443, datacollector.dll, TestPluginCache.GetExtensionPaths: Added unfilterableExtensionPaths: 
TpTrace Information: 0 : 35368, 1, 2024/04/25, 22:34:07.849, 6461147317673, datacollector.dll, AssemblyResolver.ctor: Creating AssemblyResolver with searchDirectories C:\Program Files\dotnet\sdk\8.0.202\Extensions,C:\Program Files\dotnet\sdk\8.0.202
TpTrace Verbose: 0 : 35368, 1, 2024/04/25, 22:34:07.851, 6461147332060, datacollector.dll, TestPluginCache.DiscoverTestExtensions: Discovering the extensions using extension path.
TpTrace Verbose: 0 : 35368, 1, 2024/04/25, 22:34:07.851, 6461147333913, datacollector.dll, TestPluginCache.GetExtensionPaths: Filtered extension paths: C:\Program Files\dotnet\sdk\8.0.202\Extensions\Microsoft.TestPlatform.Extensions.BlameDataCollector.dll
C:\Program Files\dotnet\sdk\8.0.202\Extensions\Microsoft.TestPlatform.Extensions.EventLogCollector.dll
TpTrace Verbose: 0 : 35368, 1, 2024/04/25, 22:34:07.851, 6461147334536, datacollector.dll, TestPluginCache.GetExtensionPaths: Added default extension paths: 
TpTrace Verbose: 0 : 35368, 1, 2024/04/25, 22:34:07.851, 6461147334914, datacollector.dll, TestPluginCache.GetExtensionPaths: Added unfilterableExtensionPaths: 
TpTrace Verbose: 0 : 35368, 1, 2024/04/25, 22:34:07.851, 6461147335504, datacollector.dll, TestPluginCache.DiscoverTestExtensions: Discovering the extensions using allExtensionPaths: C:\Program Files\dotnet\sdk\8.0.202\Extensions\Microsoft.TestPlatform.Extensions.BlameDataCollector.dll
C:\Program Files\dotnet\sdk\8.0.202\Extensions\Microsoft.TestPlatform.Extensions.EventLogCollector.dll
TpTrace Information: 0 : 35368, 1, 2024/04/25, 22:34:07.851, 6461147336626, datacollector.dll, AssemblyResolver.AddSearchDirectories: Adding more searchDirectories C:\Program Files\dotnet\sdk\8.0.202\Extensions,C:\Program Files\dotnet\sdk\8.0.202
TpTrace Information: 0 : 35368, 1, 2024/04/25, 22:34:07.851, 6461147337278, datacollector.dll, AssemblyResolver.AddSearchDirectories: Adding more searchDirectories C:\Program Files\dotnet\sdk\8.0.202\Extensions,C:\Program Files\dotnet\sdk\8.0.202
TpTrace Information: 0 : 35368, 1, 2024/04/25, 22:34:07.852, 6461147342220, datacollector.dll, AssemblyResolver.OnResolve: Microsoft.TestPlatform.Extensions.BlameDataCollector: Resolving assembly.
TpTrace Information: 0 : 35368, 1, 2024/04/25, 22:34:07.852, 6461147343162, datacollector.dll, AssemblyResolver.OnResolve: Microsoft.TestPlatform.Extensions.BlameDataCollector: Searching in: 'C:\Program Files\dotnet\sdk\8.0.202\Extensions'.
TpTrace Information: 0 : 35368, 1, 2024/04/25, 22:34:07.860, 6461147429576, datacollector.dll, AssemblyResolver.OnResolve: Microsoft.TestPlatform.Extensions.BlameDataCollector: Loading assembly 'C:\Program Files\dotnet\sdk\8.0.202\Extensions\Microsoft.TestPlatform.Extensions.BlameDataCollector.dll'.
TpTrace Information: 0 : 35368, 1, 2024/04/25, 22:34:07.861, 6461147438589, datacollector.dll, AssemblyResolver.OnResolve: Resolved assembly: Microsoft.TestPlatform.Extensions.BlameDataCollector, from path: C:\Program Files\dotnet\sdk\8.0.202\Extensions\Microsoft.TestPlatform.Extensions.BlameDataCollector.dll
TpTrace Verbose: 0 : 35368, 1, 2024/04/25, 22:34:07.868, 6461147504309, datacollector.dll, MetadataReaderExtensionsHelper: Discovering extensions inside assembly 'Microsoft.TestPlatform.Extensions.BlameDataCollector, Version=15.0.0.0, Culture=neutral, PublicKeyToken=b03f5f7f11d50a3a' file path 'C:\Program Files\dotnet\sdk\8.0.202\Extensions\Microsoft.TestPlatform.Extensions.BlameDataCollector.dll'
TpTrace Error: 0 : 35368, 1, 2024/04/25, 22:34:07.871, 6461147535423, datacollector.dll, The type "Microsoft.TestPlatform.Extensions.BlameDataCollector.BlameCollector" defined in "Microsoft.TestPlatform.Extensions.BlameDataCollector.dll" does not have ExtensionUri attribute.
TpTrace Information: 0 : 35368, 1, 2024/04/25, 22:34:07.876, 6461147584549, datacollector.dll, GetTestExtensionFromType: Register extension with identifier data 'datacollector://microsoft/TestPlatform/Extensions/Blame/v1' and type 'Microsoft.TestPlatform.Extensions.BlameDataCollector.BlameCollector, Microsoft.TestPlatform.Extensions.BlameDataCollector, Version=15.0.0.0, Culture=neutral, PublicKeyToken=b03f5f7f11d50a3a' inside file 'C:\Program Files\dotnet\sdk\8.0.202\Extensions\Microsoft.TestPlatform.Extensions.BlameDataCollector.dll'
TpTrace Information: 0 : 35368, 1, 2024/04/25, 22:34:07.876, 6461147587536, datacollector.dll, AssemblyResolver.OnResolve: Microsoft.TestPlatform.Extensions.EventLogCollector: Resolving assembly.
TpTrace Information: 0 : 35368, 1, 2024/04/25, 22:34:07.876, 6461147588045, datacollector.dll, AssemblyResolver.OnResolve: Microsoft.TestPlatform.Extensions.EventLogCollector: Searching in: 'C:\Program Files\dotnet\sdk\8.0.202\Extensions'.
TpTrace Information: 0 : 35368, 1, 2024/04/25, 22:34:07.877, 6461147592989, datacollector.dll, AssemblyResolver.OnResolve: Microsoft.TestPlatform.Extensions.EventLogCollector: Loading assembly 'C:\Program Files\dotnet\sdk\8.0.202\Extensions\Microsoft.TestPlatform.Extensions.EventLogCollector.dll'.
TpTrace Information: 0 : 35368, 1, 2024/04/25, 22:34:07.877, 6461147600018, datacollector.dll, AssemblyResolver.OnResolve: Resolved assembly: Microsoft.TestPlatform.Extensions.EventLogCollector, from path: C:\Program Files\dotnet\sdk\8.0.202\Extensions\Microsoft.TestPlatform.Extensions.EventLogCollector.dll
TpTrace Verbose: 0 : 35368, 1, 2024/04/25, 22:34:07.878, 6461147601021, datacollector.dll, MetadataReaderExtensionsHelper: Discovering extensions inside assembly 'Microsoft.TestPlatform.Extensions.EventLogCollector, Version=15.0.0.0, Culture=neutral, PublicKeyToken=b03f5f7f11d50a3a' file path 'C:\Program Files\dotnet\sdk\8.0.202\Extensions\Microsoft.TestPlatform.Extensions.EventLogCollector.dll'
TpTrace Error: 0 : 35368, 1, 2024/04/25, 22:34:07.880, 6461147628084, datacollector.dll, The type "Microsoft.TestPlatform.Extensions.EventLogCollector.EventLogDataCollector" defined in "Microsoft.TestPlatform.Extensions.EventLogCollector.dll" does not have ExtensionUri attribute.
TpTrace Information: 0 : 35368, 1, 2024/04/25, 22:34:07.881, 6461147631239, datacollector.dll, GetTestExtensionFromType: Register extension with identifier data 'datacollector://microsoft/EventLog/2.0' and type 'Microsoft.TestPlatform.Extensions.EventLogCollector.EventLogDataCollector, Microsoft.TestPlatform.Extensions.EventLogCollector, Version=15.0.0.0, Culture=neutral, PublicKeyToken=b03f5f7f11d50a3a' inside file 'C:\Program Files\dotnet\sdk\8.0.202\Extensions\Microsoft.TestPlatform.Extensions.EventLogCollector.dll'
TpTrace Verbose: 0 : 35368, 1, 2024/04/25, 22:34:07.881, 6461147633200, datacollector.dll, TestPluginCache: Discovered the extensions using extension path 'C:\Program Files\dotnet\sdk\8.0.202\Extensions\Microsoft.TestPlatform.Extensions.BlameDataCollector.dll,C:\Program Files\dotnet\sdk\8.0.202\Extensions\Microsoft.TestPlatform.Extensions.EventLogCollector.dll'.
TpTrace Verbose: 0 : 35368, 1, 2024/04/25, 22:34:07.881, 6461147633686, datacollector.dll, TestPluginCache: Discoverers are ''.
TpTrace Verbose: 0 : 35368, 1, 2024/04/25, 22:34:07.881, 6461147633970, datacollector.dll, TestPluginCache: Executors are ''.
TpTrace Verbose: 0 : 35368, 1, 2024/04/25, 22:34:07.881, 6461147634281, datacollector.dll, TestPluginCache: Executors2 are ''.
TpTrace Verbose: 0 : 35368, 1, 2024/04/25, 22:34:07.881, 6461147634625, datacollector.dll, TestPluginCache: Setting providers are ''.
TpTrace Verbose: 0 : 35368, 1, 2024/04/25, 22:34:07.881, 6461147634895, datacollector.dll, TestPluginCache: Loggers are ''.
TpTrace Verbose: 0 : 35368, 1, 2024/04/25, 22:34:07.881, 6461147635193, datacollector.dll, TestPluginCache: TestHosts are ''.
TpTrace Verbose: 0 : 35368, 1, 2024/04/25, 22:34:07.881, 6461147636898, datacollector.dll, TestPluginCache: DataCollectors are 'datacollector://microsoft/TestPlatform/Extensions/Blame/v1,datacollector://microsoft/EventLog/2.0'.
TpTrace Information: 0 : 35368, 1, 2024/04/25, 22:34:07.883, 6461147650856, datacollector.dll, TestPluginManager.CreateTestExtension: Attempting to load test extension: Microsoft.TestPlatform.Extensions.BlameDataCollector.BlameCollector
TpTrace Information: 0 : 35368, 1, 2024/04/25, 22:34:07.888, 6461147707929, datacollector.dll, [MonitorPostmortemDump]Monitor enabled: 'False'
TpTrace Verbose: 0 : 35368, 1, 2024/04/25, 22:34:07.889, 6461147713216, datacollector.dll, MulticastDelegateUtilities.SafeInvoke: DataCollectionEvents.SessionStart: Invoking callbacks was skipped because there are no subscribers.
TpTrace Information: 0 : 35368, 1, 2024/04/25, 22:34:07.889, 6461147717914, datacollector.dll, Listening on Endpoint : 127.0.0.1:60765
TpTrace Information: 0 : 35368, 1, 2024/04/25, 22:34:07.895, 6461147780449, datacollector.dll, DataCollectionRequestHandler.ProcessRequests : DataCollection started.
TpTrace Information: 0 : 35368, 1, 2024/04/25, 22:34:07.925, 6461148074152, datacollector.dll, DataCollectionRequestHandler.ProcessRequests: Datacollector received message: (DataCollection.TestHostLaunched) -> {"MessageType":"DataCollection.TestHostLaunched","Payload":{"ProcessId":46352}}
TpTrace Verbose: 0 : 35368, 1, 2024/04/25, 22:34:07.928, 6461148103080, datacollector.dll, MulticastDelegateUtilities.SafeInvoke: DataCollectionEvents.TestHostLaunched: Invoking callback 1/1 for Microsoft.TestPlatform.Extensions.BlameDataCollector.BlameCollector., took 0 ms.
TpTrace Verbose: 0 : 35368, 9, 2024/04/25, 22:34:08.223, 6461151051062, datacollector.dll, SocketCommunicationManager.WaitForClientConnection took: 330 ms, with 90000 ms timeout, and finished with True.
TpTrace Information: 0 : 35368, 10, 2024/04/25, 22:34:08.223, 6461151051035, datacollector.dll, Using the buffer size of 16384 bytes
TpTrace Information: 0 : 35368, 10, 2024/04/25, 22:34:08.223, 6461151053826, datacollector.dll, Accepted Client request and set the flag
TpTrace Information: 0 : 35368, 9, 2024/04/25, 22:34:08.734, 6461156166812, datacollector.dll, DataCollectionTestCaseEventHandler: Test case starting.
TpTrace Information: 0 : 35368, 9, 2024/04/25, 22:34:08.745, 6461156274755, datacollector.dll, BlameCollector.EventsTestCaseStart: Test Case Start
TpTrace Verbose: 0 : 35368, 9, 2024/04/25, 22:34:08.745, 6461156278610, datacollector.dll, MulticastDelegateUtilities.SafeInvoke: DataCollectionEvents.TestCaseStart: Invoking callback 1/1 for Microsoft.TestPlatform.Extensions.BlameDataCollector.BlameCollector., took 0 ms.
TpTrace Information: 0 : 35368, 9, 2024/04/25, 22:34:08.746, 6461156281967, datacollector.dll, DataCollectionTestCaseEventHandler: Test case 'AddCartTest - ff905401-f899-5a70-2ceb-cfce89c44474' started.
TpTrace Information: 0 : 35368, 9, 2024/04/25, 22:34:08.783, 6461156650460, datacollector.dll, DataCollectionTestCaseEventHandler: Test case completing.
TpTrace Information: 0 : 35368, 9, 2024/04/25, 22:34:08.786, 6461156684043, datacollector.dll, BlameCollector.EventsTestCaseEnd: Test Case End
TpTrace Verbose: 0 : 35368, 9, 2024/04/25, 22:34:08.786, 6461156688088, datacollector.dll, MulticastDelegateUtilities.SafeInvoke: DataCollectionEvents.TestCaseEnd: Invoking callback 1/1 for Microsoft.TestPlatform.Extensions.BlameDataCollector.BlameCollector., took 0 ms.
TpTrace Information: 0 : 35368, 9, 2024/04/25, 22:34:08.789, 6461156711771, datacollector.dll, DataCollectionTestCaseEventHandler: Test case 'AddCartTest - ff905401-f899-5a70-2ceb-cfce89c44474' completed
TpTrace Information: 0 : 35368, 9, 2024/04/25, 22:34:08.797, 6461156799116, datacollector.dll, DataCollectionTestCaseEventHandler: Test case starting.
TpTrace Information: 0 : 35368, 9, 2024/04/25, 22:34:08.798, 6461156806837, datacollector.dll, BlameCollector.EventsTestCaseStart: Test Case Start
TpTrace Verbose: 0 : 35368, 9, 2024/04/25, 22:34:08.798, 6461156807849, datacollector.dll, MulticastDelegateUtilities.SafeInvoke: DataCollectionEvents.TestCaseStart: Invoking callback 1/1 for Microsoft.TestPlatform.Extensions.BlameDataCollector.BlameCollector., took 0 ms.
TpTrace Information: 0 : 35368, 9, 2024/04/25, 22:34:08.798, 6461156809337, datacollector.dll, DataCollectionTestCaseEventHandler: Test case 'AddCustomerTest - 8dd508c0-a8ab-b798-a64c-68f1ba8c5eee' started.
TpTrace Information: 0 : 35368, 9, 2024/04/25, 22:34:08.799, 6461156817521, datacollector.dll, DataCollectionTestCaseEventHandler: Test case completing.
TpTrace Information: 0 : 35368, 9, 2024/04/25, 22:34:08.800, 6461156824621, datacollector.dll, BlameCollector.EventsTestCaseEnd: Test Case End
TpTrace Verbose: 0 : 35368, 9, 2024/04/25, 22:34:08.800, 6461156825303, datacollector.dll, MulticastDelegateUtilities.SafeInvoke: DataCollectionEvents.TestCaseEnd: Invoking callback 1/1 for Microsoft.TestPlatform.Extensions.BlameDataCollector.BlameCollector., took 0 ms.
TpTrace Information: 0 : 35368, 9, 2024/04/25, 22:34:08.800, 6461156826756, datacollector.dll, DataCollectionTestCaseEventHandler: Test case 'AddCustomerTest - 8dd508c0-a8ab-b798-a64c-68f1ba8c5eee' completed
TpTrace Information: 0 : 35368, 9, 2024/04/25, 22:34:08.801, 6461156833657, datacollector.dll, DataCollectionTestCaseEventHandler: Test case starting.
TpTrace Information: 0 : 35368, 9, 2024/04/25, 22:34:08.801, 6461156839747, datacollector.dll, BlameCollector.EventsTestCaseStart: Test Case Start
TpTrace Verbose: 0 : 35368, 9, 2024/04/25, 22:34:08.802, 6461156840425, datacollector.dll, MulticastDelegateUtilities.SafeInvoke: DataCollectionEvents.TestCaseStart: Invoking callback 1/1 for Microsoft.TestPlatform.Extensions.BlameDataCollector.BlameCollector., took 0 ms.
TpTrace Information: 0 : 35368, 9, 2024/04/25, 22:34:08.802, 6461156841734, datacollector.dll, DataCollectionTestCaseEventHandler: Test case 'DeleteCustomerTest - 05d1e830-e1a1-6a72-b85f-0d533931ef6e' started.
TpTrace Information: 0 : 35368, 9, 2024/04/25, 22:34:08.802, 6461156848042, datacollector.dll, DataCollectionTestCaseEventHandler: Test case completing.
TpTrace Information: 0 : 35368, 9, 2024/04/25, 22:34:08.803, 6461156852744, datacollector.dll, BlameCollector.EventsTestCaseEnd: Test Case End
TpTrace Verbose: 0 : 35368, 9, 2024/04/25, 22:34:08.803, 6461156853406, datacollector.dll, MulticastDelegateUtilities.SafeInvoke: DataCollectionEvents.TestCaseEnd: Invoking callback 1/1 for Microsoft.TestPlatform.Extensions.BlameDataCollector.BlameCollector., took 0 ms.
TpTrace Information: 0 : 35368, 9, 2024/04/25, 22:34:08.803, 6461156854637, datacollector.dll, DataCollectionTestCaseEventHandler: Test case 'DeleteCustomerTest - 05d1e830-e1a1-6a72-b85f-0d533931ef6e' completed
TpTrace Information: 0 : 35368, 9, 2024/04/25, 22:34:08.803, 6461156860300, datacollector.dll, DataCollectionTestCaseEventHandler: Test case starting.
TpTrace Information: 0 : 35368, 9, 2024/04/25, 22:34:08.804, 6461156864864, datacollector.dll, BlameCollector.EventsTestCaseStart: Test Case Start
TpTrace Verbose: 0 : 35368, 9, 2024/04/25, 22:34:08.804, 6461156865716, datacollector.dll, MulticastDelegateUtilities.SafeInvoke: DataCollectionEvents.TestCaseStart: Invoking callback 1/1 for Microsoft.TestPlatform.Extensions.BlameDataCollector.BlameCollector., took 0 ms.
TpTrace Information: 0 : 35368, 9, 2024/04/25, 22:34:08.804, 6461156867046, datacollector.dll, DataCollectionTestCaseEventHandler: Test case 'GetAllCustomerTest - 20c41af1-bffc-483f-a2b1-08da04bc7026' started.
TpTrace Information: 0 : 35368, 9, 2024/04/25, 22:34:08.805, 6461156873414, datacollector.dll, DataCollectionTestCaseEventHandler: Test case completing.
TpTrace Information: 0 : 35368, 9, 2024/04/25, 22:34:08.805, 6461156878067, datacollector.dll, BlameCollector.EventsTestCaseEnd: Test Case End
TpTrace Verbose: 0 : 35368, 9, 2024/04/25, 22:34:08.805, 6461156878679, datacollector.dll, MulticastDelegateUtilities.SafeInvoke: DataCollectionEvents.TestCaseEnd: Invoking callback 1/1 for Microsoft.TestPlatform.Extensions.BlameDataCollector.BlameCollector., took 0 ms.
TpTrace Information: 0 : 35368, 9, 2024/04/25, 22:34:08.805, 6461156879710, datacollector.dll, DataCollectionTestCaseEventHandler: Test case 'GetAllCustomerTest - 20c41af1-bffc-483f-a2b1-08da04bc7026' completed
TpTrace Information: 0 : 35368, 9, 2024/04/25, 22:34:08.806, 6461156888192, datacollector.dll, DataCollectionTestCaseEventHandler: Test case starting.
TpTrace Information: 0 : 35368, 9, 2024/04/25, 22:34:08.807, 6461156893732, datacollector.dll, BlameCollector.EventsTestCaseStart: Test Case Start
TpTrace Verbose: 0 : 35368, 9, 2024/04/25, 22:34:08.807, 6461156894418, datacollector.dll, MulticastDelegateUtilities.SafeInvoke: DataCollectionEvents.TestCaseStart: Invoking callback 1/1 for Microsoft.TestPlatform.Extensions.BlameDataCollector.BlameCollector., took 0 ms.
TpTrace Information: 0 : 35368, 9, 2024/04/25, 22:34:08.807, 6461156895519, datacollector.dll, DataCollectionTestCaseEventHandler: Test case 'GetCustomerTest - 8c645aae-a328-0315-c220-9c2fcb64a384' started.
TpTrace Information: 0 : 35368, 9, 2024/04/25, 22:34:08.808, 6461156902049, datacollector.dll, DataCollectionTestCaseEventHandler: Test case completing.
TpTrace Information: 0 : 35368, 9, 2024/04/25, 22:34:08.808, 6461156907781, datacollector.dll, BlameCollector.EventsTestCaseEnd: Test Case End
TpTrace Verbose: 0 : 35368, 9, 2024/04/25, 22:34:08.808, 6461156908489, datacollector.dll, MulticastDelegateUtilities.SafeInvoke: DataCollectionEvents.TestCaseEnd: Invoking callback 1/1 for Microsoft.TestPlatform.Extensions.BlameDataCollector.BlameCollector., took 0 ms.
TpTrace Information: 0 : 35368, 9, 2024/04/25, 22:34:08.808, 6461156909832, datacollector.dll, DataCollectionTestCaseEventHandler: Test case 'GetCustomerTest - 8c645aae-a328-0315-c220-9c2fcb64a384' completed
TpTrace Information: 0 : 35368, 9, 2024/04/25, 22:34:08.809, 6461156917883, datacollector.dll, DataCollectionTestCaseEventHandler: Test case starting.
TpTrace Information: 0 : 35368, 9, 2024/04/25, 22:34:08.810, 6461156923104, datacollector.dll, BlameCollector.EventsTestCaseStart: Test Case Start
TpTrace Verbose: 0 : 35368, 9, 2024/04/25, 22:34:08.810, 6461156923720, datacollector.dll, MulticastDelegateUtilities.SafeInvoke: DataCollectionEvents.TestCaseStart: Invoking callback 1/1 for Microsoft.TestPlatform.Extensions.BlameDataCollector.BlameCollector., took 0 ms.
TpTrace Information: 0 : 35368, 9, 2024/04/25, 22:34:08.810, 6461156924847, datacollector.dll, DataCollectionTestCaseEventHandler: Test case 'UpdateCustomerTest - eefe311c-2fe1-4ace-23c4-249c1f1d7663' started.
TpTrace Information: 0 : 35368, 9, 2024/04/25, 22:34:08.811, 6461156931395, datacollector.dll, DataCollectionTestCaseEventHandler: Test case completing.
TpTrace Information: 0 : 35368, 9, 2024/04/25, 22:34:08.811, 6461156936347, datacollector.dll, BlameCollector.EventsTestCaseEnd: Test Case End
TpTrace Verbose: 0 : 35368, 9, 2024/04/25, 22:34:08.811, 6461156936918, datacollector.dll, MulticastDelegateUtilities.SafeInvoke: DataCollectionEvents.TestCaseEnd: Invoking callback 1/1 for Microsoft.TestPlatform.Extensions.BlameDataCollector.BlameCollector., took 0 ms.
TpTrace Information: 0 : 35368, 9, 2024/04/25, 22:34:08.811, 6461156937951, datacollector.dll, DataCollectionTestCaseEventHandler: Test case 'UpdateCustomerTest - eefe311c-2fe1-4ace-23c4-249c1f1d7663' completed
TpTrace Information: 0 : 35368, 9, 2024/04/25, 22:34:08.812, 6461156946551, datacollector.dll, DataCollectionTestCaseEventHandler: Test case starting.
TpTrace Information: 0 : 35368, 9, 2024/04/25, 22:34:08.813, 6461156951400, datacollector.dll, BlameCollector.EventsTestCaseStart: Test Case Start
TpTrace Verbose: 0 : 35368, 9, 2024/04/25, 22:34:08.813, 6461156952088, datacollector.dll, MulticastDelegateUtilities.SafeInvoke: DataCollectionEvents.TestCaseStart: Invoking callback 1/1 for Microsoft.TestPlatform.Extensions.BlameDataCollector.BlameCollector., took 0 ms.
TpTrace Information: 0 : 35368, 9, 2024/04/25, 22:34:08.813, 6461156952989, datacollector.dll, DataCollectionTestCaseEventHandler: Test case 'AddProductTest - 52dc3b23-0320-646b-9fc8-5d0883e6726a' started.
TpTrace Information: 0 : 35368, 9, 2024/04/25, 22:34:08.813, 6461156959925, datacollector.dll, DataCollectionTestCaseEventHandler: Test case completing.
TpTrace Information: 0 : 35368, 9, 2024/04/25, 22:34:08.814, 6461156963704, datacollector.dll, BlameCollector.EventsTestCaseEnd: Test Case End
TpTrace Verbose: 0 : 35368, 9, 2024/04/25, 22:34:08.814, 6461156964162, datacollector.dll, MulticastDelegateUtilities.SafeInvoke: DataCollectionEvents.TestCaseEnd: Invoking callback 1/1 for Microsoft.TestPlatform.Extensions.BlameDataCollector.BlameCollector., took 0 ms.
TpTrace Information: 0 : 35368, 9, 2024/04/25, 22:34:08.814, 6461156965091, datacollector.dll, DataCollectionTestCaseEventHandler: Test case 'AddProductTest - 52dc3b23-0320-646b-9fc8-5d0883e6726a' completed
TpTrace Information: 0 : 35368, 9, 2024/04/25, 22:34:08.815, 6461156973293, datacollector.dll, DataCollectionTestCaseEventHandler: Test case starting.
TpTrace Information: 0 : 35368, 9, 2024/04/25, 22:34:08.815, 6461156980116, datacollector.dll, BlameCollector.EventsTestCaseStart: Test Case Start
TpTrace Verbose: 0 : 35368, 9, 2024/04/25, 22:34:08.816, 6461156980981, datacollector.dll, MulticastDelegateUtilities.SafeInvoke: DataCollectionEvents.TestCaseStart: Invoking callback 1/1 for Microsoft.TestPlatform.Extensions.BlameDataCollector.BlameCollector., took 0 ms.
TpTrace Information: 0 : 35368, 9, 2024/04/25, 22:34:08.816, 6461156982155, datacollector.dll, DataCollectionTestCaseEventHandler: Test case 'DeleteProductTest - 03825b12-8698-fecf-ab5d-a98d661ec4af' started.
TpTrace Information: 0 : 35368, 9, 2024/04/25, 22:34:08.816, 6461156988217, datacollector.dll, DataCollectionTestCaseEventHandler: Test case completing.
TpTrace Information: 0 : 35368, 9, 2024/04/25, 22:34:08.817, 6461156996220, datacollector.dll, BlameCollector.EventsTestCaseEnd: Test Case End
TpTrace Verbose: 0 : 35368, 9, 2024/04/25, 22:34:08.817, 6461156997227, datacollector.dll, MulticastDelegateUtilities.SafeInvoke: DataCollectionEvents.TestCaseEnd: Invoking callback 1/1 for Microsoft.TestPlatform.Extensions.BlameDataCollector.BlameCollector., took 0 ms.
TpTrace Information: 0 : 35368, 9, 2024/04/25, 22:34:08.817, 6461156999383, datacollector.dll, DataCollectionTestCaseEventHandler: Test case 'DeleteProductTest - 03825b12-8698-fecf-ab5d-a98d661ec4af' completed
TpTrace Information: 0 : 35368, 9, 2024/04/25, 22:34:08.818, 6461157004165, datacollector.dll, DataCollectionTestCaseEventHandler: Test case starting.
TpTrace Information: 0 : 35368, 9, 2024/04/25, 22:34:08.819, 6461157011014, datacollector.dll, BlameCollector.EventsTestCaseStart: Test Case Start
TpTrace Verbose: 0 : 35368, 9, 2024/04/25, 22:34:08.819, 6461157011982, datacollector.dll, MulticastDelegateUtilities.SafeInvoke: DataCollectionEvents.TestCaseStart: Invoking callback 1/1 for Microsoft.TestPlatform.Extensions.BlameDataCollector.BlameCollector., took 0 ms.
TpTrace Information: 0 : 35368, 9, 2024/04/25, 22:34:08.819, 6461157013559, datacollector.dll, DataCollectionTestCaseEventHandler: Test case 'GetAllProductTest - 6c492d13-77b1-3acb-3b51-dc0a4d58d844' started.
TpTrace Information: 0 : 35368, 9, 2024/04/25, 22:34:08.819, 6461157017419, datacollector.dll, DataCollectionTestCaseEventHandler: Test case completing.
TpTrace Information: 0 : 35368, 9, 2024/04/25, 22:34:08.820, 6461157024055, datacollector.dll, BlameCollector.EventsTestCaseEnd: Test Case End
TpTrace Verbose: 0 : 35368, 9, 2024/04/25, 22:34:08.820, 6461157024957, datacollector.dll, MulticastDelegateUtilities.SafeInvoke: DataCollectionEvents.TestCaseEnd: Invoking callback 1/1 for Microsoft.TestPlatform.Extensions.BlameDataCollector.BlameCollector., took 0 ms.
TpTrace Information: 0 : 35368, 9, 2024/04/25, 22:34:08.820, 6461157026671, datacollector.dll, DataCollectionTestCaseEventHandler: Test case 'GetAllProductTest - 6c492d13-77b1-3acb-3b51-dc0a4d58d844' completed
TpTrace Information: 0 : 35368, 9, 2024/04/25, 22:34:08.843, 6461157252174, datacollector.dll, DataCollectionTestCaseEventHandler: Test case starting.
TpTrace Information: 0 : 35368, 9, 2024/04/25, 22:34:08.844, 6461157260971, datacollector.dll, BlameCollector.EventsTestCaseStart: Test Case Start
TpTrace Verbose: 0 : 35368, 9, 2024/04/25, 22:34:08.844, 6461157262177, datacollector.dll, MulticastDelegateUtilities.SafeInvoke: DataCollectionEvents.TestCaseStart: Invoking callback 1/1 for Microsoft.TestPlatform.Extensions.BlameDataCollector.BlameCollector., took 0 ms.
TpTrace Information: 0 : 35368, 9, 2024/04/25, 22:34:08.844, 6461157263949, datacollector.dll, DataCollectionTestCaseEventHandler: Test case 'GetProductTest - 31d9a262-143b-6659-6fe4-f4d5cbd54eaf' started.
TpTrace Information: 0 : 35368, 9, 2024/04/25, 22:34:08.844, 6461157270163, datacollector.dll, DataCollectionTestCaseEventHandler: Test case completing.
TpTrace Information: 0 : 35368, 9, 2024/04/25, 22:34:08.845, 6461157274537, datacollector.dll, BlameCollector.EventsTestCaseEnd: Test Case End
TpTrace Verbose: 0 : 35368, 9, 2024/04/25, 22:34:08.845, 6461157275095, datacollector.dll, MulticastDelegateUtilities.SafeInvoke: DataCollectionEvents.TestCaseEnd: Invoking callback 1/1 for Microsoft.TestPlatform.Extensions.BlameDataCollector.BlameCollector., took 0 ms.
TpTrace Information: 0 : 35368, 9, 2024/04/25, 22:34:08.845, 6461157276196, datacollector.dll, DataCollectionTestCaseEventHandler: Test case 'GetProductTest - 31d9a262-143b-6659-6fe4-f4d5cbd54eaf' completed
TpTrace Information: 0 : 35368, 9, 2024/04/25, 22:34:08.846, 6461157282028, datacollector.dll, DataCollectionTestCaseEventHandler: Test case starting.
TpTrace Information: 0 : 35368, 9, 2024/04/25, 22:34:08.847, 6461157291417, datacollector.dll, BlameCollector.EventsTestCaseStart: Test Case Start
TpTrace Verbose: 0 : 35368, 9, 2024/04/25, 22:34:08.847, 6461157292408, datacollector.dll, MulticastDelegateUtilities.SafeInvoke: DataCollectionEvents.TestCaseStart: Invoking callback 1/1 for Microsoft.TestPlatform.Extensions.BlameDataCollector.BlameCollector., took 0 ms.
TpTrace Information: 0 : 35368, 9, 2024/04/25, 22:34:08.847, 6461157293577, datacollector.dll, DataCollectionTestCaseEventHandler: Test case 'UpdateProductTest - 19d8565b-c8a6-90d6-8012-9c8d77bf3e0a' started.
TpTrace Information: 0 : 35368, 9, 2024/04/25, 22:34:08.848, 6461157301508, datacollector.dll, DataCollectionTestCaseEventHandler: Test case completing.
TpTrace Information: 0 : 35368, 9, 2024/04/25, 22:34:08.848, 6461157306405, datacollector.dll, BlameCollector.EventsTestCaseEnd: Test Case End
TpTrace Verbose: 0 : 35368, 9, 2024/04/25, 22:34:08.848, 6461157306978, datacollector.dll, MulticastDelegateUtilities.SafeInvoke: DataCollectionEvents.TestCaseEnd: Invoking callback 1/1 for Microsoft.TestPlatform.Extensions.BlameDataCollector.BlameCollector., took 0 ms.
TpTrace Information: 0 : 35368, 9, 2024/04/25, 22:34:08.848, 6461157308118, datacollector.dll, DataCollectionTestCaseEventHandler: Test case 'UpdateProductTest - 19d8565b-c8a6-90d6-8012-9c8d77bf3e0a' completed
TpTrace Information: 0 : 35368, 9, 2024/04/25, 22:34:08.863, 6461157457678, datacollector.dll, DataCollectionTestCaseEventHandler: Test session ended
TpTrace Information: 0 : 35368, 1, 2024/04/25, 22:34:08.925, 6461158077382, datacollector.dll, DataCollectionRequestHandler.ProcessRequests: Datacollector received message: (DataCollection.AfterTestRunEnd) -> {"MessageType":"DataCollection.AfterTestRunEnd","Payload":false}
TpTrace Information: 0 : 35368, 1, 2024/04/25, 22:34:08.927, 6461158090709, datacollector.dll, Blame Collector: Session End
TpTrace Information: 0 : 35368, 1, 2024/04/25, 22:34:08.927, 6461158092805, datacollector.dll, BlameCollector.CollectDumpAndAbortTesthost: Custom path to dump directory was provided via VSTEST_DUMP_PATH. Skipping attachment upload, the caller is responsible for collecting and uploading the dumps themselves.
TpTrace Verbose: 0 : 35368, 1, 2024/04/25, 22:34:08.927, 6461158094242, datacollector.dll, MulticastDelegateUtilities.SafeInvoke: DataCollectionEvents.SessionEnd: Invoking callback 1/1 for Microsoft.TestPlatform.Extensions.BlameDataCollector.BlameCollector., took 0 ms.
TpTrace Information: 0 : 35368, 1, 2024/04/25, 22:34:08.928, 6461158104185, datacollector.dll, DataCollectionManager.CleanupPlugins: CleanupPlugins called
TpTrace Verbose: 0 : 35368, 1, 2024/04/25, 22:34:08.928, 6461158105184, datacollector.dll, DataCollectionManager.CleanupPlugins: Cleaning up 1 plugins
TpTrace Verbose: 0 : 35368, 1, 2024/04/25, 22:34:08.928, 6461158106607, datacollector.dll, dataCollectorInfo.DisposeDataCollector: calling Dispose() on Microsoft.TestPlatform.Extensions.BlameDataCollector.BlameCollector
TpTrace Information: 0 : 35368, 1, 2024/04/25, 22:34:08.928, 6461158107800, datacollector.dll, DataCollectionManager.CleanupPlugins: CleanupPlugins finished
TpTrace Information: 0 : 35368, 1, 2024/04/25, 22:34:08.935, 6461158171486, datacollector.dll, DataCollectionRequestHandler.ProcessRequests : Session End message received from server. Closing the connection.
TpTrace Information: 0 : 35368, 1, 2024/04/25, 22:34:08.935, 6461158174503, datacollector.dll, Closing the connection !
TpTrace Information: 0 : 35368, 1, 2024/04/25, 22:34:08.935, 6461158175315, datacollector.dll, DataCollectionRequestHandler.ProcessRequests : DataCollection completed
TpTrace Information: 0 : 35368, 1, 2024/04/25, 22:34:08.935, 6461158175993, datacollector.dll, Program.Main: exiting datacollector process.
