TpTrace Verbose: 0 : 48368, 1, 2024/04/25, 16:17:07.796, 6234947180846, vstest.console.dll, Version: 17.9.0-release-24072-02 Current process architecture: X64
TpTrace Verbose: 0 : 48368, 1, 2024/04/25, 16:17:07.799, 6234947213663, vstest.console.dll, Runtime location: C:\Program Files\dotnet\shared\Microsoft.NETCore.App\8.0.3
TpTrace Verbose: 0 : 48368, 1, 2024/04/25, 16:17:07.801, 6234947235770, vstest.console.dll, ArtifactProcessingPostProcessModeProcessorExecutor.Initialize: ArtifactProcessingMode.Collect
TpTrace Verbose: 0 : 48368, 1, 2024/04/25, 16:17:07.801, 6234947237154, vstest.console.dll, TestSessionCorrelationIdProcessorModeProcessorExecutor.Initialize: TestSessionCorrelationId '11176_a5f15bc3-ad15-4d0a-9ad7-0818cd91cd61'
TpTrace Information: 0 : 48368, 1, 2024/04/25, 16:17:07.810, 6234947325104, vstest.console.dll, FilePatternParser: The given file C:\Users\VC\codestack\GenSpark\day11\ShoppingSolution\ShoppingBLTets\bin\Debug\net6.0\fine-code-coverage\build-output\ShoppingBLTets.dll is a full path.
TpTrace Verbose: 0 : 48368, 1, 2024/04/25, 16:17:07.816, 6234947382865, vstest.console.dll, TestPluginCache.DiscoverTestExtensions: finding test extensions in assemblies ends with: RuntimeProvider.dll TPluginInfo: Microsoft.VisualStudio.TestPlatform.Common.ExtensionFramework.Utilities.TestRuntimePluginInformation TExtension: Microsoft.VisualStudio.TestPlatform.ObjectModel.Host.ITestRuntimeProvider
TpTrace Verbose: 0 : 48368, 1, 2024/04/25, 16:17:07.816, 6234947386742, vstest.console.dll, TestPluginCache.GetExtensionPaths: Filtered extension paths: 
TpTrace Verbose: 0 : 48368, 1, 2024/04/25, 16:17:07.816, 6234947387706, vstest.console.dll, TestPluginCache.GetExtensionPaths: Added default extension paths: C:\Program Files\dotnet\sdk\8.0.202\Extensions\Microsoft.Diagnostics.NETCore.Client.dll
C:\Program Files\dotnet\sdk\8.0.202\Extensions\Microsoft.TestPlatform.Extensions.BlameDataCollector.dll
C:\Program Files\dotnet\sdk\8.0.202\Extensions\Microsoft.TestPlatform.Extensions.EventLogCollector.dll
C:\Program Files\dotnet\sdk\8.0.202\Extensions\Microsoft.TestPlatform.TestHostRuntimeProvider.dll
C:\Program Files\dotnet\sdk\8.0.202\Extensions\Microsoft.VisualStudio.TestPlatform.Extensions.Html.TestLogger.dll
C:\Program Files\dotnet\sdk\8.0.202\Extensions\Microsoft.VisualStudio.TestPlatform.Extensions.Trx.TestLogger.dll
TpTrace Verbose: 0 : 48368, 1, 2024/04/25, 16:17:07.816, 6234947388077, vstest.console.dll, TestPluginCache.GetExtensionPaths: Added unfilterableExtensionPaths: 
TpTrace Information: 0 : 48368, 1, 2024/04/25, 16:17:07.817, 6234947393945, vstest.console.dll, AssemblyResolver.ctor: Creating AssemblyResolver with searchDirectories C:\Program Files\dotnet\sdk\8.0.202\Extensions,C:\Program Files\dotnet\sdk\8.0.202
TpTrace Verbose: 0 : 48368, 1, 2024/04/25, 16:17:07.818, 6234947408456, vstest.console.dll, TestPluginCache.DiscoverTestExtensions: Discovering the extensions using extension path.
TpTrace Verbose: 0 : 48368, 1, 2024/04/25, 16:17:07.818, 6234947410245, vstest.console.dll, TestPluginCache.GetExtensionPaths: Filtered extension paths: 
TpTrace Verbose: 0 : 48368, 1, 2024/04/25, 16:17:07.819, 6234947410818, vstest.console.dll, TestPluginCache.GetExtensionPaths: Added default extension paths: C:\Program Files\dotnet\sdk\8.0.202\Extensions\Microsoft.Diagnostics.NETCore.Client.dll
C:\Program Files\dotnet\sdk\8.0.202\Extensions\Microsoft.TestPlatform.Extensions.BlameDataCollector.dll
C:\Program Files\dotnet\sdk\8.0.202\Extensions\Microsoft.TestPlatform.Extensions.EventLogCollector.dll
C:\Program Files\dotnet\sdk\8.0.202\Extensions\Microsoft.TestPlatform.TestHostRuntimeProvider.dll
C:\Program Files\dotnet\sdk\8.0.202\Extensions\Microsoft.VisualStudio.TestPlatform.Extensions.Html.TestLogger.dll
C:\Program Files\dotnet\sdk\8.0.202\Extensions\Microsoft.VisualStudio.TestPlatform.Extensions.Trx.TestLogger.dll
TpTrace Verbose: 0 : 48368, 1, 2024/04/25, 16:17:07.819, 6234947411156, vstest.console.dll, TestPluginCache.GetExtensionPaths: Added unfilterableExtensionPaths: 
TpTrace Verbose: 0 : 48368, 1, 2024/04/25, 16:17:07.819, 6234947411805, vstest.console.dll, TestPluginCache.DiscoverTestExtensions: Discovering the extensions using allExtensionPaths: C:\Program Files\dotnet\sdk\8.0.202\Extensions\Microsoft.Diagnostics.NETCore.Client.dll
C:\Program Files\dotnet\sdk\8.0.202\Extensions\Microsoft.TestPlatform.Extensions.BlameDataCollector.dll
C:\Program Files\dotnet\sdk\8.0.202\Extensions\Microsoft.TestPlatform.Extensions.EventLogCollector.dll
C:\Program Files\dotnet\sdk\8.0.202\Extensions\Microsoft.TestPlatform.TestHostRuntimeProvider.dll
C:\Program Files\dotnet\sdk\8.0.202\Extensions\Microsoft.VisualStudio.TestPlatform.Extensions.Html.TestLogger.dll
C:\Program Files\dotnet\sdk\8.0.202\Extensions\Microsoft.VisualStudio.TestPlatform.Extensions.Trx.TestLogger.dll
TpTrace Information: 0 : 48368, 1, 2024/04/25, 16:17:07.819, 6234947413250, vstest.console.dll, AssemblyResolver.AddSearchDirectories: Adding more searchDirectories C:\Program Files\dotnet\sdk\8.0.202\Extensions,C:\Program Files\dotnet\sdk\8.0.202
TpTrace Information: 0 : 48368, 1, 2024/04/25, 16:17:07.819, 6234947413815, vstest.console.dll, AssemblyResolver.AddSearchDirectories: Adding more searchDirectories C:\Program Files\dotnet\sdk\8.0.202\Extensions,C:\Program Files\dotnet\sdk\8.0.202
TpTrace Information: 0 : 48368, 1, 2024/04/25, 16:17:07.819, 6234947414240, vstest.console.dll, AssemblyResolver.AddSearchDirectories: Adding more searchDirectories C:\Program Files\dotnet\sdk\8.0.202\Extensions,C:\Program Files\dotnet\sdk\8.0.202
TpTrace Information: 0 : 48368, 1, 2024/04/25, 16:17:07.819, 6234947414547, vstest.console.dll, AssemblyResolver.AddSearchDirectories: Adding more searchDirectories C:\Program Files\dotnet\sdk\8.0.202\Extensions,C:\Program Files\dotnet\sdk\8.0.202
TpTrace Information: 0 : 48368, 1, 2024/04/25, 16:17:07.819, 6234947414853, vstest.console.dll, AssemblyResolver.AddSearchDirectories: Adding more searchDirectories C:\Program Files\dotnet\sdk\8.0.202\Extensions,C:\Program Files\dotnet\sdk\8.0.202
TpTrace Information: 0 : 48368, 1, 2024/04/25, 16:17:07.819, 6234947415201, vstest.console.dll, AssemblyResolver.AddSearchDirectories: Adding more searchDirectories C:\Program Files\dotnet\sdk\8.0.202\Extensions,C:\Program Files\dotnet\sdk\8.0.202
TpTrace Information: 0 : 48368, 1, 2024/04/25, 16:17:07.820, 6234947420383, vstest.console.dll, AssemblyResolver.OnResolve: Microsoft.Diagnostics.NETCore.Client: Resolving assembly.
TpTrace Information: 0 : 48368, 1, 2024/04/25, 16:17:07.820, 6234947421392, vstest.console.dll, AssemblyResolver.OnResolve: Microsoft.Diagnostics.NETCore.Client: Searching in: 'C:\Program Files\dotnet\sdk\8.0.202\Extensions'.
TpTrace Information: 0 : 48368, 1, 2024/04/25, 16:17:07.827, 6234947494171, vstest.console.dll, AssemblyResolver.OnResolve: Microsoft.Diagnostics.NETCore.Client: Loading assembly 'C:\Program Files\dotnet\sdk\8.0.202\Extensions\Microsoft.Diagnostics.NETCore.Client.dll'.
TpTrace Information: 0 : 48368, 1, 2024/04/25, 16:17:07.828, 6234947506108, vstest.console.dll, AssemblyResolver.OnResolve: Resolved assembly: Microsoft.Diagnostics.NETCore.Client, from path: C:\Program Files\dotnet\sdk\8.0.202\Extensions\Microsoft.Diagnostics.NETCore.Client.dll
TpTrace Verbose: 0 : 48368, 1, 2024/04/25, 16:17:07.834, 6234947565909, vstest.console.dll, MetadataReaderExtensionsHelper: Discovering extensions inside assembly 'Microsoft.Diagnostics.NETCore.Client, Version=0.2.9.2401, Culture=neutral, PublicKeyToken=31bf3856ad364e35' file path 'C:\Program Files\dotnet\sdk\8.0.202\Extensions\Microsoft.Diagnostics.NETCore.Client.dll'
TpTrace Information: 0 : 48368, 1, 2024/04/25, 16:17:07.838, 6234947606731, vstest.console.dll, AssemblyResolver.OnResolve: Microsoft.Bcl.AsyncInterfaces: Resolving assembly.
TpTrace Information: 0 : 48368, 1, 2024/04/25, 16:17:07.838, 6234947607742, vstest.console.dll, AssemblyResolver.OnResolve: Microsoft.Bcl.AsyncInterfaces: Searching in: 'C:\Program Files\dotnet\sdk\8.0.202\Extensions'.
TpTrace Information: 0 : 48368, 1, 2024/04/25, 16:17:07.838, 6234947608484, vstest.console.dll, AssemblyResolver.OnResolve: Microsoft.Bcl.AsyncInterfaces: Assembly path does not exist: 'C:\Program Files\dotnet\sdk\8.0.202\Extensions\Microsoft.Bcl.AsyncInterfaces.dll', returning.
TpTrace Information: 0 : 48368, 1, 2024/04/25, 16:17:07.838, 6234947609332, vstest.console.dll, AssemblyResolver.OnResolve: Microsoft.Bcl.AsyncInterfaces: Assembly path does not exist: 'C:\Program Files\dotnet\sdk\8.0.202\Extensions\Microsoft.Bcl.AsyncInterfaces.exe', returning.
TpTrace Information: 0 : 48368, 1, 2024/04/25, 16:17:07.838, 6234947609703, vstest.console.dll, AssemblyResolver.OnResolve: Microsoft.Bcl.AsyncInterfaces: Searching in: 'C:\Program Files\dotnet\sdk\8.0.202'.
TpTrace Information: 0 : 48368, 1, 2024/04/25, 16:17:07.838, 6234947610172, vstest.console.dll, AssemblyResolver.OnResolve: Microsoft.Bcl.AsyncInterfaces: Assembly path does not exist: 'C:\Program Files\dotnet\sdk\8.0.202\Microsoft.Bcl.AsyncInterfaces.dll', returning.
TpTrace Information: 0 : 48368, 1, 2024/04/25, 16:17:07.839, 6234947610576, vstest.console.dll, AssemblyResolver.OnResolve: Microsoft.Bcl.AsyncInterfaces: Assembly path does not exist: 'C:\Program Files\dotnet\sdk\8.0.202\Microsoft.Bcl.AsyncInterfaces.exe', returning.
TpTrace Information: 0 : 48368, 1, 2024/04/25, 16:17:07.839, 6234947610815, vstest.console.dll, AssemblyResolver.OnResolve: Microsoft.Bcl.AsyncInterfaces: Failed to load assembly.
TpTrace Verbose: 0 : 48368, 1, 2024/04/25, 16:17:07.839, 6234947611175, vstest.console.dll, CurrentDomainAssemblyResolve: Resolving assembly 'Microsoft.Bcl.AsyncInterfaces'.
TpTrace Information: 0 : 48368, 1, 2024/04/25, 16:17:07.839, 6234947611626, vstest.console.dll, AssemblyResolver.OnResolve: Microsoft.Bcl.AsyncInterfaces: Resolving assembly.
TpTrace Information: 0 : 48368, 1, 2024/04/25, 16:17:07.839, 6234947611932, vstest.console.dll, AssemblyResolver.OnResolve: Microsoft.Bcl.AsyncInterfaces: Resolved from cache.
TpTrace Verbose: 0 : 48368, 1, 2024/04/25, 16:17:07.839, 6234947612162, vstest.console.dll, CurrentDomainAssemblyResolve: Resolving assembly 'Microsoft.Bcl.AsyncInterfaces'.
TpTrace Verbose: 0 : 48368, 1, 2024/04/25, 16:17:07.839, 6234947612437, vstest.console.dll, CurrentDomainAssemblyResolve: Failed to resolve assembly 'Microsoft.Bcl.AsyncInterfaces'.
TpTrace Verbose: 0 : 48368, 1, 2024/04/25, 16:17:07.839, 6234947617685, vstest.console.dll, CurrentDomainAssemblyResolve: Failed to resolve assembly 'Microsoft.Bcl.AsyncInterfaces'.
TpTrace Warning: 0 : 48368, 1, 2024/04/25, 16:17:07.850, 6234947726784, vstest.console.dll, TestPluginDiscoverer: Failed to get types from assembly 'Microsoft.Diagnostics.NETCore.Client, Version=0.2.9.2401, Culture=neutral, PublicKeyToken=31bf3856ad364e35'. Error: System.Reflection.ReflectionTypeLoadException: Unable to load one or more of the requested types.
Could not load file or assembly 'Microsoft.Bcl.AsyncInterfaces, Version=6.0.0.0, Culture=neutral, PublicKeyToken=cc7b13ffcd2ddd51'. The system cannot find the file specified.
   at System.Reflection.RuntimeModule.GetTypes(RuntimeModule module)
   at System.Reflection.RuntimeModule.GetTypes()
   at Microsoft.VisualStudio.TestPlatform.Common.ExtensionFramework.TestPluginDiscoverer.GetTestExtensionsFromAssembly[TPluginInfo,TExtension](Assembly assembly, Dictionary`2 pluginInfos, String filePath) in /_/src/Microsoft.TestPlatform.Common/ExtensionFramework/TestPluginDiscoverer.cs:line 158
System.IO.FileNotFoundException: Could not load file or assembly 'Microsoft.Bcl.AsyncInterfaces, Version=6.0.0.0, Culture=neutral, PublicKeyToken=cc7b13ffcd2ddd51'. The system cannot find the file specified.
File name: 'Microsoft.Bcl.AsyncInterfaces, Version=6.0.0.0, Culture=neutral, PublicKeyToken=cc7b13ffcd2ddd51'
 ---> System.IO.FileNotFoundException: Could not load file or assembly 'Microsoft.Bcl.AsyncInterfaces, Culture=neutral, PublicKeyToken=null'. The system cannot find the file specified.
File name: 'Microsoft.Bcl.AsyncInterfaces, Culture=neutral, PublicKeyToken=null'
   at System.Reflection.RuntimeAssembly.InternalLoad(AssemblyName assemblyName, StackCrawlMark& stackMark, AssemblyLoadContext assemblyLoadContext, RuntimeAssembly requestingAssembly, Boolean throwOnFileNotFound)
   at System.Reflection.Assembly.Load(AssemblyName assemblyRef)
   at Microsoft.VisualStudio.TestPlatform.Common.ExtensionFramework.TestPluginCache.CurrentDomainAssemblyResolve(Object sender, AssemblyResolveEventArgs args) in /_/src/Microsoft.TestPlatform.Common/ExtensionFramework/TestPluginCache.cs:line 513
   at System.Runtime.Loader.AssemblyLoadContext.GetFirstResolvedAssemblyFromResolvingEvent(AssemblyName assemblyName)
   at System.Runtime.Loader.AssemblyLoadContext.ResolveUsingEvent(AssemblyName assemblyName)
   at System.Runtime.Loader.AssemblyLoadContext.ResolveUsingResolvingEvent(IntPtr gchManagedAssemblyLoadContext, AssemblyName assemblyName)
TpTrace Warning: 0 : 48368, 1, 2024/04/25, 16:17:07.851, 6234947730648, vstest.console.dll, LoaderExceptions: System.IO.FileNotFoundException: Could not load file or assembly 'Microsoft.Bcl.AsyncInterfaces, Version=6.0.0.0, Culture=neutral, PublicKeyToken=cc7b13ffcd2ddd51'. The system cannot find the file specified.
File name: 'Microsoft.Bcl.AsyncInterfaces, Version=6.0.0.0, Culture=neutral, PublicKeyToken=cc7b13ffcd2ddd51'
 ---> System.IO.FileNotFoundException: Could not load file or assembly 'Microsoft.Bcl.AsyncInterfaces, Culture=neutral, PublicKeyToken=null'. The system cannot find the file specified.
File name: 'Microsoft.Bcl.AsyncInterfaces, Culture=neutral, PublicKeyToken=null'
   at System.Reflection.RuntimeAssembly.InternalLoad(AssemblyName assemblyName, StackCrawlMark& stackMark, AssemblyLoadContext assemblyLoadContext, RuntimeAssembly requestingAssembly, Boolean throwOnFileNotFound)
   at System.Reflection.Assembly.Load(AssemblyName assemblyRef)
   at Microsoft.VisualStudio.TestPlatform.Common.ExtensionFramework.TestPluginCache.CurrentDomainAssemblyResolve(Object sender, AssemblyResolveEventArgs args) in /_/src/Microsoft.TestPlatform.Common/ExtensionFramework/TestPluginCache.cs:line 513
   at System.Runtime.Loader.AssemblyLoadContext.GetFirstResolvedAssemblyFromResolvingEvent(AssemblyName assemblyName)
   at System.Runtime.Loader.AssemblyLoadContext.ResolveUsingEvent(AssemblyName assemblyName)
   at System.Runtime.Loader.AssemblyLoadContext.ResolveUsingResolvingEvent(IntPtr gchManagedAssemblyLoadContext, AssemblyName assemblyName)
TpTrace Information: 0 : 48368, 1, 2024/04/25, 16:17:07.851, 6234947732233, vstest.console.dll, AssemblyResolver.OnResolve: Microsoft.TestPlatform.Extensions.BlameDataCollector: Resolving assembly.
TpTrace Information: 0 : 48368, 1, 2024/04/25, 16:17:07.851, 6234947732746, vstest.console.dll, AssemblyResolver.OnResolve: Microsoft.TestPlatform.Extensions.BlameDataCollector: Searching in: 'C:\Program Files\dotnet\sdk\8.0.202\Extensions'.
TpTrace Information: 0 : 48368, 1, 2024/04/25, 16:17:07.851, 6234947736302, vstest.console.dll, AssemblyResolver.OnResolve: Microsoft.TestPlatform.Extensions.BlameDataCollector: Loading assembly 'C:\Program Files\dotnet\sdk\8.0.202\Extensions\Microsoft.TestPlatform.Extensions.BlameDataCollector.dll'.
TpTrace Information: 0 : 48368, 1, 2024/04/25, 16:17:07.852, 6234947743658, vstest.console.dll, AssemblyResolver.OnResolve: Resolved assembly: Microsoft.TestPlatform.Extensions.BlameDataCollector, from path: C:\Program Files\dotnet\sdk\8.0.202\Extensions\Microsoft.TestPlatform.Extensions.BlameDataCollector.dll
TpTrace Verbose: 0 : 48368, 1, 2024/04/25, 16:17:07.852, 6234947744648, vstest.console.dll, MetadataReaderExtensionsHelper: Discovering extensions inside assembly 'Microsoft.TestPlatform.Extensions.BlameDataCollector, Version=15.0.0.0, Culture=neutral, PublicKeyToken=b03f5f7f11d50a3a' file path 'C:\Program Files\dotnet\sdk\8.0.202\Extensions\Microsoft.TestPlatform.Extensions.BlameDataCollector.dll'
TpTrace Information: 0 : 48368, 1, 2024/04/25, 16:17:07.854, 6234947761541, vstest.console.dll, AssemblyResolver.OnResolve: Microsoft.TestPlatform.Extensions.EventLogCollector: Resolving assembly.
TpTrace Information: 0 : 48368, 1, 2024/04/25, 16:17:07.854, 6234947763031, vstest.console.dll, AssemblyResolver.OnResolve: Microsoft.TestPlatform.Extensions.EventLogCollector: Searching in: 'C:\Program Files\dotnet\sdk\8.0.202\Extensions'.
TpTrace Information: 0 : 48368, 1, 2024/04/25, 16:17:07.854, 6234947767258, vstest.console.dll, AssemblyResolver.OnResolve: Microsoft.TestPlatform.Extensions.EventLogCollector: Loading assembly 'C:\Program Files\dotnet\sdk\8.0.202\Extensions\Microsoft.TestPlatform.Extensions.EventLogCollector.dll'.
TpTrace Information: 0 : 48368, 1, 2024/04/25, 16:17:07.855, 6234947777688, vstest.console.dll, AssemblyResolver.OnResolve: Resolved assembly: Microsoft.TestPlatform.Extensions.EventLogCollector, from path: C:\Program Files\dotnet\sdk\8.0.202\Extensions\Microsoft.TestPlatform.Extensions.EventLogCollector.dll
TpTrace Verbose: 0 : 48368, 1, 2024/04/25, 16:17:07.855, 6234947779221, vstest.console.dll, MetadataReaderExtensionsHelper: Discovering extensions inside assembly 'Microsoft.TestPlatform.Extensions.EventLogCollector, Version=15.0.0.0, Culture=neutral, PublicKeyToken=b03f5f7f11d50a3a' file path 'C:\Program Files\dotnet\sdk\8.0.202\Extensions\Microsoft.TestPlatform.Extensions.EventLogCollector.dll'
TpTrace Information: 0 : 48368, 1, 2024/04/25, 16:17:07.858, 6234947803491, vstest.console.dll, AssemblyResolver.OnResolve: Microsoft.TestPlatform.TestHostRuntimeProvider: Resolving assembly.
TpTrace Information: 0 : 48368, 1, 2024/04/25, 16:17:07.858, 6234947804577, vstest.console.dll, AssemblyResolver.OnResolve: Microsoft.TestPlatform.TestHostRuntimeProvider: Searching in: 'C:\Program Files\dotnet\sdk\8.0.202\Extensions'.
TpTrace Information: 0 : 48368, 1, 2024/04/25, 16:17:07.858, 6234947808318, vstest.console.dll, AssemblyResolver.OnResolve: Microsoft.TestPlatform.TestHostRuntimeProvider: Loading assembly 'C:\Program Files\dotnet\sdk\8.0.202\Extensions\Microsoft.TestPlatform.TestHostRuntimeProvider.dll'.
TpTrace Information: 0 : 48368, 1, 2024/04/25, 16:17:07.859, 6234947815794, vstest.console.dll, AssemblyResolver.OnResolve: Resolved assembly: Microsoft.TestPlatform.TestHostRuntimeProvider, from path: C:\Program Files\dotnet\sdk\8.0.202\Extensions\Microsoft.TestPlatform.TestHostRuntimeProvider.dll
TpTrace Verbose: 0 : 48368, 1, 2024/04/25, 16:17:07.859, 6234947816791, vstest.console.dll, MetadataReaderExtensionsHelper: Discovering extensions inside assembly 'Microsoft.TestPlatform.TestHostRuntimeProvider, Version=15.0.0.0, Culture=neutral, PublicKeyToken=b03f5f7f11d50a3a' file path 'C:\Program Files\dotnet\sdk\8.0.202\Extensions\Microsoft.TestPlatform.TestHostRuntimeProvider.dll'
TpTrace Information: 0 : 48368, 1, 2024/04/25, 16:17:07.861, 6234947835314, vstest.console.dll, GetTestExtensionFromType: Register extension with identifier data 'HostProvider://DefaultTestHost' and type 'Microsoft.VisualStudio.TestPlatform.CrossPlatEngine.Hosting.DefaultTestHostManager, Microsoft.TestPlatform.TestHostRuntimeProvider, Version=15.0.0.0, Culture=neutral, PublicKeyToken=b03f5f7f11d50a3a' inside file 'C:\Program Files\dotnet\sdk\8.0.202\Extensions\Microsoft.TestPlatform.TestHostRuntimeProvider.dll'
TpTrace Information: 0 : 48368, 1, 2024/04/25, 16:17:07.861, 6234947838818, vstest.console.dll, GetTestExtensionFromType: Register extension with identifier data 'HostProvider://DotnetTestHost' and type 'Microsoft.VisualStudio.TestPlatform.CrossPlatEngine.Hosting.DotnetTestHostManager, Microsoft.TestPlatform.TestHostRuntimeProvider, Version=15.0.0.0, Culture=neutral, PublicKeyToken=b03f5f7f11d50a3a' inside file 'C:\Program Files\dotnet\sdk\8.0.202\Extensions\Microsoft.TestPlatform.TestHostRuntimeProvider.dll'
TpTrace Information: 0 : 48368, 1, 2024/04/25, 16:17:07.861, 6234947840070, vstest.console.dll, AssemblyResolver.OnResolve: Microsoft.VisualStudio.TestPlatform.Extensions.Html.TestLogger: Resolving assembly.
TpTrace Information: 0 : 48368, 1, 2024/04/25, 16:17:07.862, 6234947840950, vstest.console.dll, AssemblyResolver.OnResolve: Microsoft.VisualStudio.TestPlatform.Extensions.Html.TestLogger: Searching in: 'C:\Program Files\dotnet\sdk\8.0.202\Extensions'.
TpTrace Information: 0 : 48368, 1, 2024/04/25, 16:17:07.862, 6234947845077, vstest.console.dll, AssemblyResolver.OnResolve: Microsoft.VisualStudio.TestPlatform.Extensions.Html.TestLogger: Loading assembly 'C:\Program Files\dotnet\sdk\8.0.202\Extensions\Microsoft.VisualStudio.TestPlatform.Extensions.Html.TestLogger.dll'.
TpTrace Information: 0 : 48368, 1, 2024/04/25, 16:17:07.863, 6234947853094, vstest.console.dll, AssemblyResolver.OnResolve: Resolved assembly: Microsoft.VisualStudio.TestPlatform.Extensions.Html.TestLogger, from path: C:\Program Files\dotnet\sdk\8.0.202\Extensions\Microsoft.VisualStudio.TestPlatform.Extensions.Html.TestLogger.dll
TpTrace Verbose: 0 : 48368, 1, 2024/04/25, 16:17:07.863, 6234947854182, vstest.console.dll, MetadataReaderExtensionsHelper: Discovering extensions inside assembly 'Microsoft.VisualStudio.TestPlatform.Extensions.Html.TestLogger, Version=15.0.0.0, Culture=neutral, PublicKeyToken=b03f5f7f11d50a3a' file path 'C:\Program Files\dotnet\sdk\8.0.202\Extensions\Microsoft.VisualStudio.TestPlatform.Extensions.Html.TestLogger.dll'
TpTrace Information: 0 : 48368, 1, 2024/04/25, 16:17:07.864, 6234947863657, vstest.console.dll, AssemblyResolver.OnResolve: Microsoft.VisualStudio.TestPlatform.Extensions.Trx.TestLogger: Resolving assembly.
TpTrace Information: 0 : 48368, 1, 2024/04/25, 16:17:07.864, 6234947864497, vstest.console.dll, AssemblyResolver.OnResolve: Microsoft.VisualStudio.TestPlatform.Extensions.Trx.TestLogger: Searching in: 'C:\Program Files\dotnet\sdk\8.0.202\Extensions'.
TpTrace Information: 0 : 48368, 1, 2024/04/25, 16:17:07.864, 6234947868398, vstest.console.dll, AssemblyResolver.OnResolve: Microsoft.VisualStudio.TestPlatform.Extensions.Trx.TestLogger: Loading assembly 'C:\Program Files\dotnet\sdk\8.0.202\Extensions\Microsoft.VisualStudio.TestPlatform.Extensions.Trx.TestLogger.dll'.
TpTrace Information: 0 : 48368, 1, 2024/04/25, 16:17:07.865, 6234947876529, vstest.console.dll, AssemblyResolver.OnResolve: Resolved assembly: Microsoft.VisualStudio.TestPlatform.Extensions.Trx.TestLogger, from path: C:\Program Files\dotnet\sdk\8.0.202\Extensions\Microsoft.VisualStudio.TestPlatform.Extensions.Trx.TestLogger.dll
TpTrace Verbose: 0 : 48368, 1, 2024/04/25, 16:17:07.865, 6234947877479, vstest.console.dll, MetadataReaderExtensionsHelper: Discovering extensions inside assembly 'Microsoft.VisualStudio.TestPlatform.Extensions.Trx.TestLogger, Version=15.0.0.0, Culture=neutral, PublicKeyToken=b03f5f7f11d50a3a' file path 'C:\Program Files\dotnet\sdk\8.0.202\Extensions\Microsoft.VisualStudio.TestPlatform.Extensions.Trx.TestLogger.dll'
TpTrace Verbose: 0 : 48368, 1, 2024/04/25, 16:17:07.866, 6234947889566, vstest.console.dll, TestPluginCache: Discovered the extensions using extension path ''.
TpTrace Verbose: 0 : 48368, 1, 2024/04/25, 16:17:07.867, 6234947890799, vstest.console.dll, TestPluginCache: Discoverers are ''.
TpTrace Verbose: 0 : 48368, 1, 2024/04/25, 16:17:07.867, 6234947891262, vstest.console.dll, TestPluginCache: Executors are ''.
TpTrace Verbose: 0 : 48368, 1, 2024/04/25, 16:17:07.867, 6234947891675, vstest.console.dll, TestPluginCache: Executors2 are ''.
TpTrace Verbose: 0 : 48368, 1, 2024/04/25, 16:17:07.867, 6234947892081, vstest.console.dll, TestPluginCache: Setting providers are ''.
TpTrace Verbose: 0 : 48368, 1, 2024/04/25, 16:17:07.867, 6234947892488, vstest.console.dll, TestPluginCache: Loggers are ''.
TpTrace Verbose: 0 : 48368, 1, 2024/04/25, 16:17:07.867, 6234947894874, vstest.console.dll, TestPluginCache: TestHosts are 'HostProvider://DefaultTestHost,HostProvider://DotnetTestHost'.
TpTrace Verbose: 0 : 48368, 1, 2024/04/25, 16:17:07.867, 6234947895471, vstest.console.dll, TestPluginCache: DataCollectors are ''.
TpTrace Information: 0 : 48368, 1, 2024/04/25, 16:17:07.882, 6234948042610, vstest.console.dll, RunTestsArgumentProcessor:Execute: Test run is starting.
TpTrace Verbose: 0 : 48368, 1, 2024/04/25, 16:17:07.882, 6234948043616, vstest.console.dll, RunTestsArgumentProcessor:Execute: Queuing Test run.
TpTrace Information: 0 : 48368, 1, 2024/04/25, 16:17:07.882, 6234948046278, vstest.console.dll, TestRequestManager.RunTests: run tests started.
TpTrace Information: 0 : 48368, 1, 2024/04/25, 16:17:07.884, 6234948061703, vstest.console.dll, AssemblyMetadataProvider.GetFrameworkName: Determined framework:'.NETCoreApp,Version=v6.0' for source: 'C:\Users\VC\codestack\GenSpark\day11\ShoppingSolution\ShoppingBLTets\bin\Debug\net6.0\fine-code-coverage\build-output\ShoppingBLTets.dll'
TpTrace Information: 0 : 48368, 1, 2024/04/25, 16:17:07.884, 6234948065493, vstest.console.dll, Determined framework for all sources: .NETCoreApp,Version=v6.0
TpTrace Verbose: 0 : 48368, 1, 2024/04/25, 16:17:07.885, 6234948070631, vstest.console.dll, TestRequestManager.UpdateRunSettingsIfRequired: Default architecture: X64 IsDefaultTargetArchitecture: True, Current process architecture: X64 OperatingSystem: Windows.
TpTrace Information: 0 : 48368, 1, 2024/04/25, 16:17:07.886, 6234948086839, vstest.console.dll, AssemblyMetadataProvider.GetArchitecture: Determined architecture:AnyCPU info for assembly: C:\Users\VC\codestack\GenSpark\day11\ShoppingSolution\ShoppingBLTets\bin\Debug\net6.0\fine-code-coverage\build-output\ShoppingBLTets.dll
TpTrace Information: 0 : 48368, 1, 2024/04/25, 16:17:07.886, 6234948087456, vstest.console.dll, Determined platform for source 'C:\Users\VC\codestack\GenSpark\day11\ShoppingSolution\ShoppingBLTets\bin\Debug\net6.0\fine-code-coverage\build-output\ShoppingBLTets.dll' was AnyCPU and it will use the default plaform X64.
TpTrace Information: 0 : 48368, 1, 2024/04/25, 16:17:07.886, 6234948087705, vstest.console.dll, None of the sources provided any runnable platform, using the default platform: X64
TpTrace Information: 0 : 48368, 1, 2024/04/25, 16:17:07.886, 6234948088639, vstest.console.dll, Platform was updated to 'X64'.
TpTrace Information: 0 : 48368, 1, 2024/04/25, 16:17:07.889, 6234948116134, vstest.console.dll, InferRunSettingsHelper.IsTestSettingsEnabled: Unable to navigate to RunSettings/MSTest. Current node: RunSettings
TpTrace Information: 0 : 48368, 1, 2024/04/25, 16:17:07.890, 6234948121767, vstest.console.dll, AssemblyResolver.OnResolve: Microsoft.VisualStudio.TestPlatform.Fakes: Resolving assembly.
TpTrace Information: 0 : 48368, 1, 2024/04/25, 16:17:07.890, 6234948122413, vstest.console.dll, AssemblyResolver.OnResolve: Microsoft.VisualStudio.TestPlatform.Fakes: Searching in: 'C:\Program Files\dotnet\sdk\8.0.202\Extensions'.
TpTrace Information: 0 : 48368, 1, 2024/04/25, 16:17:07.890, 6234948123390, vstest.console.dll, AssemblyResolver.OnResolve: Microsoft.VisualStudio.TestPlatform.Fakes: Assembly path does not exist: 'C:\Program Files\dotnet\sdk\8.0.202\Extensions\Microsoft.VisualStudio.TestPlatform.Fakes.dll', returning.
TpTrace Information: 0 : 48368, 1, 2024/04/25, 16:17:07.890, 6234948125229, vstest.console.dll, AssemblyResolver.OnResolve: Microsoft.VisualStudio.TestPlatform.Fakes: Assembly path does not exist: 'C:\Program Files\dotnet\sdk\8.0.202\Extensions\Microsoft.VisualStudio.TestPlatform.Fakes.exe', returning.
TpTrace Information: 0 : 48368, 1, 2024/04/25, 16:17:07.890, 6234948125479, vstest.console.dll, AssemblyResolver.OnResolve: Microsoft.VisualStudio.TestPlatform.Fakes: Searching in: 'C:\Program Files\dotnet\sdk\8.0.202'.
TpTrace Information: 0 : 48368, 1, 2024/04/25, 16:17:07.890, 6234948126031, vstest.console.dll, AssemblyResolver.OnResolve: Microsoft.VisualStudio.TestPlatform.Fakes: Assembly path does not exist: 'C:\Program Files\dotnet\sdk\8.0.202\Microsoft.VisualStudio.TestPlatform.Fakes.dll', returning.
TpTrace Information: 0 : 48368, 1, 2024/04/25, 16:17:07.890, 6234948126442, vstest.console.dll, AssemblyResolver.OnResolve: Microsoft.VisualStudio.TestPlatform.Fakes: Assembly path does not exist: 'C:\Program Files\dotnet\sdk\8.0.202\Microsoft.VisualStudio.TestPlatform.Fakes.exe', returning.
TpTrace Information: 0 : 48368, 1, 2024/04/25, 16:17:07.890, 6234948126681, vstest.console.dll, AssemblyResolver.OnResolve: Microsoft.VisualStudio.TestPlatform.Fakes: Failed to load assembly.
TpTrace Information: 0 : 48368, 1, 2024/04/25, 16:17:07.891, 6234948132479, vstest.console.dll, Failed to load assembly Microsoft.VisualStudio.TestPlatform.Fakes, Version=17.0.0.0, Culture=neutral. Reason:System.IO.FileNotFoundException: Could not load file or assembly 'Microsoft.VisualStudio.TestPlatform.Fakes, Version=17.0.0.0, Culture=neutral, PublicKeyToken=null'. The system cannot find the file specified.
File name: 'Microsoft.VisualStudio.TestPlatform.Fakes, Version=17.0.0.0, Culture=neutral, PublicKeyToken=null'
   at System.Reflection.RuntimeAssembly.InternalLoad(AssemblyName assemblyName, StackCrawlMark& stackMark, AssemblyLoadContext assemblyLoadContext, RuntimeAssembly requestingAssembly, Boolean throwOnFileNotFound)
   at System.Reflection.Assembly.Load(AssemblyName assemblyRef)
   at Microsoft.VisualStudio.TestPlatform.Common.Utilities.FakesUtilities.LoadTestPlatformAssembly() in /_/src/Microsoft.TestPlatform.Common/Utilities/FakesUtilities.cs:line 272
TpTrace Verbose: 0 : 48368, 1, 2024/04/25, 16:17:07.894, 6234948167398, vstest.console.dll, TestPluginCache.DiscoverTestExtensions: finding test extensions in assemblies ends with: TestLogger.dll TPluginInfo: Microsoft.VisualStudio.TestPlatform.Common.ExtensionFramework.Utilities.TestLoggerPluginInformation TExtension: Microsoft.VisualStudio.TestPlatform.ObjectModel.Client.ITestLogger
TpTrace Verbose: 0 : 48368, 1, 2024/04/25, 16:17:07.894, 6234948169384, vstest.console.dll, TestPluginCache.GetExtensionPaths: Filtered extension paths: 
TpTrace Verbose: 0 : 48368, 1, 2024/04/25, 16:17:07.894, 6234948169907, vstest.console.dll, TestPluginCache.GetExtensionPaths: Added default extension paths: C:\Program Files\dotnet\sdk\8.0.202\Extensions\Microsoft.Diagnostics.NETCore.Client.dll
C:\Program Files\dotnet\sdk\8.0.202\Extensions\Microsoft.TestPlatform.Extensions.BlameDataCollector.dll
C:\Program Files\dotnet\sdk\8.0.202\Extensions\Microsoft.TestPlatform.Extensions.EventLogCollector.dll
C:\Program Files\dotnet\sdk\8.0.202\Extensions\Microsoft.TestPlatform.TestHostRuntimeProvider.dll
C:\Program Files\dotnet\sdk\8.0.202\Extensions\Microsoft.VisualStudio.TestPlatform.Extensions.Html.TestLogger.dll
C:\Program Files\dotnet\sdk\8.0.202\Extensions\Microsoft.VisualStudio.TestPlatform.Extensions.Trx.TestLogger.dll
TpTrace Verbose: 0 : 48368, 1, 2024/04/25, 16:17:07.895, 6234948170399, vstest.console.dll, TestPluginCache.GetExtensionPaths: Added unfilterableExtensionPaths: 
TpTrace Information: 0 : 48368, 1, 2024/04/25, 16:17:07.895, 6234948173128, vstest.console.dll, AssemblyResolver.AddSearchDirectories: Adding more searchDirectories C:\Program Files\dotnet\sdk\8.0.202\Extensions,C:\Program Files\dotnet\sdk\8.0.202
TpTrace Verbose: 0 : 48368, 1, 2024/04/25, 16:17:07.895, 6234948174582, vstest.console.dll, TestPluginCache.DiscoverTestExtensions: Discovering the extensions using extension path.
TpTrace Verbose: 0 : 48368, 1, 2024/04/25, 16:17:07.895, 6234948175224, vstest.console.dll, TestPluginCache.GetExtensionPaths: Filtered extension paths: 
TpTrace Verbose: 0 : 48368, 1, 2024/04/25, 16:17:07.895, 6234948175850, vstest.console.dll, TestPluginCache.GetExtensionPaths: Added default extension paths: C:\Program Files\dotnet\sdk\8.0.202\Extensions\Microsoft.Diagnostics.NETCore.Client.dll
C:\Program Files\dotnet\sdk\8.0.202\Extensions\Microsoft.TestPlatform.Extensions.BlameDataCollector.dll
C:\Program Files\dotnet\sdk\8.0.202\Extensions\Microsoft.TestPlatform.Extensions.EventLogCollector.dll
C:\Program Files\dotnet\sdk\8.0.202\Extensions\Microsoft.TestPlatform.TestHostRuntimeProvider.dll
C:\Program Files\dotnet\sdk\8.0.202\Extensions\Microsoft.VisualStudio.TestPlatform.Extensions.Html.TestLogger.dll
C:\Program Files\dotnet\sdk\8.0.202\Extensions\Microsoft.VisualStudio.TestPlatform.Extensions.Trx.TestLogger.dll
TpTrace Verbose: 0 : 48368, 1, 2024/04/25, 16:17:07.895, 6234948176344, vstest.console.dll, TestPluginCache.GetExtensionPaths: Added unfilterableExtensionPaths: 
TpTrace Verbose: 0 : 48368, 1, 2024/04/25, 16:17:07.895, 6234948176911, vstest.console.dll, TestPluginCache.DiscoverTestExtensions: Discovering the extensions using allExtensionPaths: C:\Program Files\dotnet\sdk\8.0.202\Extensions\Microsoft.Diagnostics.NETCore.Client.dll
C:\Program Files\dotnet\sdk\8.0.202\Extensions\Microsoft.TestPlatform.Extensions.BlameDataCollector.dll
C:\Program Files\dotnet\sdk\8.0.202\Extensions\Microsoft.TestPlatform.Extensions.EventLogCollector.dll
C:\Program Files\dotnet\sdk\8.0.202\Extensions\Microsoft.TestPlatform.TestHostRuntimeProvider.dll
C:\Program Files\dotnet\sdk\8.0.202\Extensions\Microsoft.VisualStudio.TestPlatform.Extensions.Html.TestLogger.dll
C:\Program Files\dotnet\sdk\8.0.202\Extensions\Microsoft.VisualStudio.TestPlatform.Extensions.Trx.TestLogger.dll
TpTrace Information: 0 : 48368, 1, 2024/04/25, 16:17:07.895, 6234948178791, vstest.console.dll, AssemblyResolver.AddSearchDirectories: Adding more searchDirectories C:\Program Files\dotnet\sdk\8.0.202\Extensions,C:\Program Files\dotnet\sdk\8.0.202
TpTrace Information: 0 : 48368, 1, 2024/04/25, 16:17:07.895, 6234948179609, vstest.console.dll, AssemblyResolver.AddSearchDirectories: Adding more searchDirectories C:\Program Files\dotnet\sdk\8.0.202\Extensions,C:\Program Files\dotnet\sdk\8.0.202
TpTrace Information: 0 : 48368, 1, 2024/04/25, 16:17:07.895, 6234948180068, vstest.console.dll, AssemblyResolver.AddSearchDirectories: Adding more searchDirectories C:\Program Files\dotnet\sdk\8.0.202\Extensions,C:\Program Files\dotnet\sdk\8.0.202
TpTrace Information: 0 : 48368, 1, 2024/04/25, 16:17:07.896, 6234948180516, vstest.console.dll, AssemblyResolver.AddSearchDirectories: Adding more searchDirectories C:\Program Files\dotnet\sdk\8.0.202\Extensions,C:\Program Files\dotnet\sdk\8.0.202
TpTrace Information: 0 : 48368, 1, 2024/04/25, 16:17:07.896, 6234948180970, vstest.console.dll, AssemblyResolver.AddSearchDirectories: Adding more searchDirectories C:\Program Files\dotnet\sdk\8.0.202\Extensions,C:\Program Files\dotnet\sdk\8.0.202
TpTrace Information: 0 : 48368, 1, 2024/04/25, 16:17:07.896, 6234948181650, vstest.console.dll, AssemblyResolver.AddSearchDirectories: Adding more searchDirectories C:\Program Files\dotnet\sdk\8.0.202\Extensions,C:\Program Files\dotnet\sdk\8.0.202
TpTrace Verbose: 0 : 48368, 1, 2024/04/25, 16:17:07.896, 6234948183533, vstest.console.dll, MetadataReaderExtensionsHelper: Discovering extensions inside assembly 'Microsoft.Diagnostics.NETCore.Client, Version=0.2.9.2401, Culture=neutral, PublicKeyToken=31bf3856ad364e35' file path 'C:\Program Files\dotnet\sdk\8.0.202\Extensions\Microsoft.Diagnostics.NETCore.Client.dll'
TpTrace Information: 0 : 48368, 1, 2024/04/25, 16:17:07.897, 6234948193284, vstest.console.dll, AssemblyResolver.OnResolve: Microsoft.Bcl.AsyncInterfaces: Resolving assembly.
TpTrace Information: 0 : 48368, 1, 2024/04/25, 16:17:07.897, 6234948194006, vstest.console.dll, AssemblyResolver.OnResolve: Microsoft.Bcl.AsyncInterfaces: Resolved from cache.
TpTrace Verbose: 0 : 48368, 1, 2024/04/25, 16:17:07.897, 6234948194422, vstest.console.dll, CurrentDomainAssemblyResolve: Resolving assembly 'Microsoft.Bcl.AsyncInterfaces'.
TpTrace Information: 0 : 48368, 1, 2024/04/25, 16:17:07.897, 6234948194926, vstest.console.dll, AssemblyResolver.OnResolve: Microsoft.Bcl.AsyncInterfaces: Resolving assembly.
TpTrace Information: 0 : 48368, 1, 2024/04/25, 16:17:07.897, 6234948195232, vstest.console.dll, AssemblyResolver.OnResolve: Microsoft.Bcl.AsyncInterfaces: Resolved from cache.
TpTrace Verbose: 0 : 48368, 1, 2024/04/25, 16:17:07.897, 6234948195525, vstest.console.dll, CurrentDomainAssemblyResolve: Resolving assembly 'Microsoft.Bcl.AsyncInterfaces'.
TpTrace Verbose: 0 : 48368, 1, 2024/04/25, 16:17:07.897, 6234948195826, vstest.console.dll, CurrentDomainAssemblyResolve: Failed to resolve assembly 'Microsoft.Bcl.AsyncInterfaces'.
TpTrace Verbose: 0 : 48368, 1, 2024/04/25, 16:17:07.897, 6234948197359, vstest.console.dll, CurrentDomainAssemblyResolve: Failed to resolve assembly 'Microsoft.Bcl.AsyncInterfaces'.
TpTrace Warning: 0 : 48368, 1, 2024/04/25, 16:17:07.898, 6234948200898, vstest.console.dll, TestPluginDiscoverer: Failed to get types from assembly 'Microsoft.Diagnostics.NETCore.Client, Version=0.2.9.2401, Culture=neutral, PublicKeyToken=31bf3856ad364e35'. Error: System.Reflection.ReflectionTypeLoadException: Unable to load one or more of the requested types.
Could not load file or assembly 'Microsoft.Bcl.AsyncInterfaces, Version=6.0.0.0, Culture=neutral, PublicKeyToken=cc7b13ffcd2ddd51'. The system cannot find the file specified.
   at System.Reflection.RuntimeModule.GetTypes(RuntimeModule module)
   at System.Reflection.RuntimeModule.GetTypes()
   at Microsoft.VisualStudio.TestPlatform.Common.ExtensionFramework.TestPluginDiscoverer.GetTestExtensionsFromAssembly[TPluginInfo,TExtension](Assembly assembly, Dictionary`2 pluginInfos, String filePath) in /_/src/Microsoft.TestPlatform.Common/ExtensionFramework/TestPluginDiscoverer.cs:line 158
System.IO.FileNotFoundException: Could not load file or assembly 'Microsoft.Bcl.AsyncInterfaces, Version=6.0.0.0, Culture=neutral, PublicKeyToken=cc7b13ffcd2ddd51'. The system cannot find the file specified.
File name: 'Microsoft.Bcl.AsyncInterfaces, Version=6.0.0.0, Culture=neutral, PublicKeyToken=cc7b13ffcd2ddd51'
 ---> System.IO.FileNotFoundException: Could not load file or assembly 'Microsoft.Bcl.AsyncInterfaces, Culture=neutral, PublicKeyToken=null'. The system cannot find the file specified.
File name: 'Microsoft.Bcl.AsyncInterfaces, Culture=neutral, PublicKeyToken=null'
   at System.Reflection.RuntimeAssembly.InternalLoad(AssemblyName assemblyName, StackCrawlMark& stackMark, AssemblyLoadContext assemblyLoadContext, RuntimeAssembly requestingAssembly, Boolean throwOnFileNotFound)
   at System.Reflection.Assembly.Load(AssemblyName assemblyRef)
   at Microsoft.VisualStudio.TestPlatform.Common.ExtensionFramework.TestPluginCache.CurrentDomainAssemblyResolve(Object sender, AssemblyResolveEventArgs args) in /_/src/Microsoft.TestPlatform.Common/ExtensionFramework/TestPluginCache.cs:line 513
   at System.Runtime.Loader.AssemblyLoadContext.GetFirstResolvedAssemblyFromResolvingEvent(AssemblyName assemblyName)
   at System.Runtime.Loader.AssemblyLoadContext.ResolveUsingEvent(AssemblyName assemblyName)
   at System.Runtime.Loader.AssemblyLoadContext.ResolveUsingResolvingEvent(IntPtr gchManagedAssemblyLoadContext, AssemblyName assemblyName)
TpTrace Warning: 0 : 48368, 1, 2024/04/25, 16:17:07.898, 6234948203201, vstest.console.dll, LoaderExceptions: System.IO.FileNotFoundException: Could not load file or assembly 'Microsoft.Bcl.AsyncInterfaces, Version=6.0.0.0, Culture=neutral, PublicKeyToken=cc7b13ffcd2ddd51'. The system cannot find the file specified.
File name: 'Microsoft.Bcl.AsyncInterfaces, Version=6.0.0.0, Culture=neutral, PublicKeyToken=cc7b13ffcd2ddd51'
 ---> System.IO.FileNotFoundException: Could not load file or assembly 'Microsoft.Bcl.AsyncInterfaces, Culture=neutral, PublicKeyToken=null'. The system cannot find the file specified.
File name: 'Microsoft.Bcl.AsyncInterfaces, Culture=neutral, PublicKeyToken=null'
   at System.Reflection.RuntimeAssembly.InternalLoad(AssemblyName assemblyName, StackCrawlMark& stackMark, AssemblyLoadContext assemblyLoadContext, RuntimeAssembly requestingAssembly, Boolean throwOnFileNotFound)
   at System.Reflection.Assembly.Load(AssemblyName assemblyRef)
   at Microsoft.VisualStudio.TestPlatform.Common.ExtensionFramework.TestPluginCache.CurrentDomainAssemblyResolve(Object sender, AssemblyResolveEventArgs args) in /_/src/Microsoft.TestPlatform.Common/ExtensionFramework/TestPluginCache.cs:line 513
   at System.Runtime.Loader.AssemblyLoadContext.GetFirstResolvedAssemblyFromResolvingEvent(AssemblyName assemblyName)
   at System.Runtime.Loader.AssemblyLoadContext.ResolveUsingEvent(AssemblyName assemblyName)
   at System.Runtime.Loader.AssemblyLoadContext.ResolveUsingResolvingEvent(IntPtr gchManagedAssemblyLoadContext, AssemblyName assemblyName)
TpTrace Verbose: 0 : 48368, 1, 2024/04/25, 16:17:07.898, 6234948204133, vstest.console.dll, MetadataReaderExtensionsHelper: Discovering extensions inside assembly 'Microsoft.TestPlatform.Extensions.BlameDataCollector, Version=15.0.0.0, Culture=neutral, PublicKeyToken=b03f5f7f11d50a3a' file path 'C:\Program Files\dotnet\sdk\8.0.202\Extensions\Microsoft.TestPlatform.Extensions.BlameDataCollector.dll'
TpTrace Information: 0 : 48368, 1, 2024/04/25, 16:17:07.898, 6234948209366, vstest.console.dll, GetTestExtensionFromType: Register extension with identifier data 'logger://Microsoft/TestPlatform/Extensions/Blame/v1' and type 'Microsoft.TestPlatform.Extensions.BlameDataCollector.BlameLogger, Microsoft.TestPlatform.Extensions.BlameDataCollector, Version=15.0.0.0, Culture=neutral, PublicKeyToken=b03f5f7f11d50a3a' inside file 'C:\Program Files\dotnet\sdk\8.0.202\Extensions\Microsoft.TestPlatform.Extensions.BlameDataCollector.dll'
TpTrace Verbose: 0 : 48368, 1, 2024/04/25, 16:17:07.898, 6234948210154, vstest.console.dll, MetadataReaderExtensionsHelper: Discovering extensions inside assembly 'Microsoft.TestPlatform.Extensions.EventLogCollector, Version=15.0.0.0, Culture=neutral, PublicKeyToken=b03f5f7f11d50a3a' file path 'C:\Program Files\dotnet\sdk\8.0.202\Extensions\Microsoft.TestPlatform.Extensions.EventLogCollector.dll'
TpTrace Verbose: 0 : 48368, 1, 2024/04/25, 16:17:07.899, 6234948212808, vstest.console.dll, MetadataReaderExtensionsHelper: Discovering extensions inside assembly 'Microsoft.TestPlatform.TestHostRuntimeProvider, Version=15.0.0.0, Culture=neutral, PublicKeyToken=b03f5f7f11d50a3a' file path 'C:\Program Files\dotnet\sdk\8.0.202\Extensions\Microsoft.TestPlatform.TestHostRuntimeProvider.dll'
TpTrace Verbose: 0 : 48368, 1, 2024/04/25, 16:17:07.899, 6234948215617, vstest.console.dll, MetadataReaderExtensionsHelper: Discovering extensions inside assembly 'Microsoft.VisualStudio.TestPlatform.Extensions.Html.TestLogger, Version=15.0.0.0, Culture=neutral, PublicKeyToken=b03f5f7f11d50a3a' file path 'C:\Program Files\dotnet\sdk\8.0.202\Extensions\Microsoft.VisualStudio.TestPlatform.Extensions.Html.TestLogger.dll'
TpTrace Information: 0 : 48368, 1, 2024/04/25, 16:17:07.900, 6234948220502, vstest.console.dll, GetTestExtensionFromType: Register extension with identifier data 'logger://Microsoft/TestPlatform/HtmlLogger/v1' and type 'Microsoft.VisualStudio.TestPlatform.Extensions.HtmlLogger.HtmlLogger, Microsoft.VisualStudio.TestPlatform.Extensions.Html.TestLogger, Version=15.0.0.0, Culture=neutral, PublicKeyToken=b03f5f7f11d50a3a' inside file 'C:\Program Files\dotnet\sdk\8.0.202\Extensions\Microsoft.VisualStudio.TestPlatform.Extensions.Html.TestLogger.dll'
TpTrace Verbose: 0 : 48368, 1, 2024/04/25, 16:17:07.900, 6234948221184, vstest.console.dll, MetadataReaderExtensionsHelper: Discovering extensions inside assembly 'Microsoft.VisualStudio.TestPlatform.Extensions.Trx.TestLogger, Version=15.0.0.0, Culture=neutral, PublicKeyToken=b03f5f7f11d50a3a' file path 'C:\Program Files\dotnet\sdk\8.0.202\Extensions\Microsoft.VisualStudio.TestPlatform.Extensions.Trx.TestLogger.dll'
TpTrace Information: 0 : 48368, 1, 2024/04/25, 16:17:07.900, 6234948224266, vstest.console.dll, GetTestExtensionFromType: Register extension with identifier data 'logger://Microsoft/TestPlatform/TrxLogger/v1' and type 'Microsoft.VisualStudio.TestPlatform.Extensions.TrxLogger.TrxLogger, Microsoft.VisualStudio.TestPlatform.Extensions.Trx.TestLogger, Version=15.0.0.0, Culture=neutral, PublicKeyToken=b03f5f7f11d50a3a' inside file 'C:\Program Files\dotnet\sdk\8.0.202\Extensions\Microsoft.VisualStudio.TestPlatform.Extensions.Trx.TestLogger.dll'
TpTrace Verbose: 0 : 48368, 1, 2024/04/25, 16:17:07.900, 6234948224980, vstest.console.dll, TestPluginCache: Discovered the extensions using extension path ''.
TpTrace Verbose: 0 : 48368, 1, 2024/04/25, 16:17:07.900, 6234948225396, vstest.console.dll, TestPluginCache: Discoverers are ''.
TpTrace Verbose: 0 : 48368, 1, 2024/04/25, 16:17:07.900, 6234948225688, vstest.console.dll, TestPluginCache: Executors are ''.
TpTrace Verbose: 0 : 48368, 1, 2024/04/25, 16:17:07.900, 6234948225969, vstest.console.dll, TestPluginCache: Executors2 are ''.
TpTrace Verbose: 0 : 48368, 1, 2024/04/25, 16:17:07.900, 6234948226270, vstest.console.dll, TestPluginCache: Setting providers are ''.
TpTrace Verbose: 0 : 48368, 1, 2024/04/25, 16:17:07.900, 6234948227090, vstest.console.dll, TestPluginCache: Loggers are 'logger://Microsoft/TestPlatform/Extensions/Blame/v1,logger://Microsoft/TestPlatform/HtmlLogger/v1,logger://Microsoft/TestPlatform/TrxLogger/v1'.
TpTrace Verbose: 0 : 48368, 1, 2024/04/25, 16:17:07.900, 6234948227597, vstest.console.dll, TestPluginCache: TestHosts are 'HostProvider://DefaultTestHost,HostProvider://DotnetTestHost'.
TpTrace Verbose: 0 : 48368, 1, 2024/04/25, 16:17:07.900, 6234948227975, vstest.console.dll, TestPluginCache: DataCollectors are ''.
TpTrace Information: 0 : 48368, 1, 2024/04/25, 16:17:07.901, 6234948235610, vstest.console.dll, TestPluginManager.CreateTestExtension: Attempting to load test extension: Microsoft.TestPlatform.Extensions.BlameDataCollector.BlameLogger
TpTrace Verbose: 0 : 48368, 1, 2024/04/25, 16:17:07.909, 6234948318199, vstest.console.dll, TestEngine: Initializing Parallel Execution as MaxCpuCount is set to: 1
TpTrace Information: 0 : 48368, 1, 2024/04/25, 16:17:07.911, 6234948332211, vstest.console.dll, TestPluginManager.CreateTestExtension: Attempting to load test extension: Microsoft.VisualStudio.TestPlatform.CrossPlatEngine.Hosting.DefaultTestHostManager
TpTrace Information: 0 : 48368, 1, 2024/04/25, 16:17:07.912, 6234948343724, vstest.console.dll, TestPluginManager.CreateTestExtension: Attempting to load test extension: Microsoft.VisualStudio.TestPlatform.CrossPlatEngine.Hosting.DotnetTestHostManager
TpTrace Information: 0 : 48368, 1, 2024/04/25, 16:17:07.912, 6234948348517, vstest.console.dll, InferRunSettingsHelper.IsTestSettingsEnabled: Unable to navigate to RunSettings/MSTest. Current node: RunSettings
TpTrace Verbose: 0 : 48368, 1, 2024/04/25, 16:17:07.914, 6234948362541, vstest.console.dll, ParallelOperationManager.ClearSlots: Clearing all slots. Slots should accept more work: True
TpTrace Verbose: 0 : 48368, 1, 2024/04/25, 16:17:07.915, 6234948374922, vstest.console.dll, ParallelOperationManager.SetOccupiedSlotCount: Setting slot counts AvailableSlotCount = 1, OccupiedSlotCount = 0.
TpTrace Verbose: 0 : 48368, 1, 2024/04/25, 16:17:07.916, 6234948381761, vstest.console.dll, Occupied slots:

TpTrace Verbose: 0 : 48368, 1, 2024/04/25, 16:17:07.919, 6234948419514, vstest.console.dll, TestEngine.GetExecutionManager: Chosen execution manager 'Microsoft.VisualStudio.TestPlatform.CrossPlatEngine.Client.Parallel.ParallelProxyExecutionManager, Microsoft.TestPlatform.CrossPlatEngine, Version=15.0.0.0, Culture=neutral, PublicKeyToken=b03f5f7f11d50a3a' ParallelLevel '1'.
TpTrace Verbose: 0 : 48368, 1, 2024/04/25, 16:17:07.920, 6234948421438, vstest.console.dll, TestRunRequest.ExecuteAsync: Creating test run request.
TpTrace Verbose: 0 : 48368, 1, 2024/04/25, 16:17:07.920, 6234948423665, vstest.console.dll, TestRunRequest.ExecuteAsync: Starting.
TpTrace Information: 0 : 48368, 1, 2024/04/25, 16:17:07.921, 6234948436302, vstest.console.dll, TestRunRequest.ExecuteAsync: Starting run with settings:TestRunCriteria:
   KeepAlive=False,FrequencyOfRunStatsChangeEvent=10,RunStatsChangeEventTimeout=00:00:01.5000000,TestCaseFilter=,TestExecutorLauncher=
   Settingsxml=<RunSettings>
  <RunConfiguration>
    <ResultsDirectory>C:\Users\VC\codestack\GenSpark\day11\ShoppingSolution\ShoppingBLTets\bin\Debug\net6.0\fine-code-coverage\coverage-tool-output</ResultsDirectory>
    <TargetPlatform>X64</TargetPlatform>
    <TargetFrameworkVersion>.NETCoreApp,Version=v6.0</TargetFrameworkVersion>
    <DesignMode>False</DesignMode>
    <CollectSourceInformation>False</CollectSourceInformation>
  </RunConfiguration>
  <LoggerRunSettings>
    <Loggers>
      <Logger friendlyName="blame" enabled="True" />
      <Logger friendlyName="Console" uri="logger://microsoft/TestPlatform/ConsoleLogger/v1" assemblyQualifiedName="Microsoft.VisualStudio.TestPlatform.CommandLine.Internal.ConsoleLogger, vstest.console, Version=15.0.0.0, Culture=neutral, PublicKeyToken=b03f5f7f11d50a3a" codeBase="C:\Program Files\dotnet\sdk\8.0.202\vstest.console.dll" enabled="True" />
    </Loggers>
  </LoggerRunSettings>
  <DataCollectionRunSettings>
    <DataCollectors>
      <DataCollector friendlyName="blame" enabled="True">
        <Configuration>
          <ResultsDirectory>C:\Users\VC\codestack\GenSpark\day11\ShoppingSolution\ShoppingBLTets\bin\Debug\net6.0\fine-code-coverage\coverage-tool-output</ResultsDirectory>
        </Configuration>
      </DataCollector>
    </DataCollectors>
  </DataCollectionRunSettings>
</RunSettings>

TpTrace Verbose: 0 : 48368, 1, 2024/04/25, 16:17:07.921, 6234948437212, vstest.console.dll, TestRunRequest.ExecuteAsync: Wait for the first run request is over.
TpTrace Verbose: 0 : 48368, 1, 2024/04/25, 16:17:07.922, 6234948440535, vstest.console.dll, MulticastDelegateUtilities.SafeInvoke: TestRun.TestRunStart: Invoking callbacks was skipped because there are no subscribers.
TpTrace Verbose: 0 : 48368, 4, 2024/04/25, 16:17:07.922, 6234948443195, vstest.console.dll, MulticastDelegateUtilities.SafeInvoke: InternalTestLoggerEvents.SendTestRunStart: Invoking callback 1/1 for Microsoft.VisualStudio.TestPlatform.CommandLine.Internal.ConsoleLogger., took 0 ms.
TpTrace Verbose: 0 : 48368, 1, 2024/04/25, 16:17:07.923, 6234948451653, vstest.console.dll, ParallelProxyExecutionManager: Start execution. Total sources: 1
TpTrace Verbose: 0 : 48368, 1, 2024/04/25, 16:17:07.923, 6234948455101, vstest.console.dll, ParallelOperationManager.StartWork: Starting adding 1 workloads.
TpTrace Verbose: 0 : 48368, 1, 2024/04/25, 16:17:07.923, 6234948455847, vstest.console.dll, ParallelOperationManager.ClearSlots: Clearing all slots. Slots should accept more work: True
TpTrace Verbose: 0 : 48368, 1, 2024/04/25, 16:17:07.923, 6234948456520, vstest.console.dll, ParallelOperationManager.SetOccupiedSlotCount: Setting slot counts AvailableSlotCount = 1, OccupiedSlotCount = 0.
TpTrace Verbose: 0 : 48368, 1, 2024/04/25, 16:17:07.923, 6234948457032, vstest.console.dll, Occupied slots:

TpTrace Verbose: 0 : 48368, 1, 2024/04/25, 16:17:07.925, 6234948472920, vstest.console.dll, TestRequestSender is acting as server.
TpTrace Verbose: 0 : 48368, 1, 2024/04/25, 16:17:07.927, 6234948491258, vstest.console.dll, ParallelOperationManager.RunWorkInParallel: Adding 1 workload to slot, remaining workloads 0.
TpTrace Verbose: 0 : 48368, 1, 2024/04/25, 16:17:07.927, 6234948492050, vstest.console.dll, ParallelOperationManager.SetOccupiedSlotCount: Setting slot counts AvailableSlotCount = 0, OccupiedSlotCount = 1.
TpTrace Verbose: 0 : 48368, 1, 2024/04/25, 16:17:07.927, 6234948493210, vstest.console.dll, Occupied slots:
0: C:\Users\VC\codestack\GenSpark\day11\ShoppingSolution\ShoppingBLTets\bin\Debug\net6.0\fine-code-coverage\build-output\ShoppingBLTets.dll
TpTrace Verbose: 0 : 48368, 1, 2024/04/25, 16:17:07.928, 6234948505247, vstest.console.dll, ParallelOperationManager.RunWorkInParallel: Started host in slot number 0 for work (source): C:\Users\VC\codestack\GenSpark\day11\ShoppingSolution\ShoppingBLTets\bin\Debug\net6.0\fine-code-coverage\build-output\ShoppingBLTets.dll.
TpTrace Verbose: 0 : 48368, 1, 2024/04/25, 16:17:07.929, 6234948516032, vstest.console.dll, ParallelOperationManager.RunWorkInParallel: We started 1 work items, which is the max parallel level. Won't start more work.
TpTrace Verbose: 0 : 48368, 1, 2024/04/25, 16:17:07.929, 6234948517659, vstest.console.dll, ParallelOperationManager.RunWorkInParallel: We started 1 work items in here, returning True.
TpTrace Information: 0 : 48368, 1, 2024/04/25, 16:17:07.929, 6234948518509, vstest.console.dll, TestRunRequest.ExecuteAsync: Started.
TpTrace Verbose: 0 : 48368, 5, 2024/04/25, 16:17:07.929, 6234948519832, vstest.console.dll, ParallelProxyExecutionManager.StartTestRunOnConcurrentManager: Initializing uninitialized client. Started clients: 0
TpTrace Verbose: 0 : 48368, 5, 2024/04/25, 16:17:07.930, 6234948521660, vstest.console.dll, DataCollectionRequestSender.InitializeCommunication : Initialize communication. 
TpTrace Verbose: 0 : 48368, 1, 2024/04/25, 16:17:07.930, 6234948524873, vstest.console.dll, TestRunRequest.WaitForCompletion: Waiting with timeout -1.
TpTrace Information: 0 : 48368, 5, 2024/04/25, 16:17:07.939, 6234948617341, vstest.console.dll, Listening on Endpoint : 127.0.0.1:49361
TpTrace Verbose: 0 : 48368, 5, 2024/04/25, 16:17:07.947, 6234948695442, vstest.console.dll, DotnetDataCollectionLauncher: Adding  --runtimeconfig "C:\Program Files\dotnet\sdk\8.0.202\datacollector.runtimeconfig.json" in args
TpTrace Verbose: 0 : 48368, 5, 2024/04/25, 16:17:07.947, 6234948699020, vstest.console.dll, DotnetDataCollectionLauncher: Adding  --depsfile "C:\Program Files\dotnet\sdk\8.0.202\datacollector.deps.json" in args
TpTrace Verbose: 0 : 48368, 5, 2024/04/25, 16:17:07.948, 6234948706807, vstest.console.dll, DotnetDataCollectionLauncher: Full path of dotnet.exe is C:\Program Files\dotnet\dotnet.exe
TpTrace Information: 0 : 48368, 5, 2024/04/25, 16:17:07.958, 6234948807156, vstest.console.dll, ProxyDataCollectionManager.Initialize: Launched datacollector processId: 46024 port: 49361
TpTrace Information: 0 : 48368, 5, 2024/04/25, 16:17:07.958, 6234948808811, vstest.console.dll, ProxyDataCollectionManager.Initialize: waiting for connection with timeout: 90 seconds
TpTrace Verbose: 0 : 48368, 5, 2024/04/25, 16:17:07.958, 6234948809428, vstest.console.dll, DataCollectionRequestSender.WaitForRequestHandlerConnection : Waiting for connection with timeout: 90000
TpTrace Information: 0 : 48368, 7, 2024/04/25, 16:17:08.277, 6234951996718, vstest.console.dll, Using the buffer size of 16384 bytes
TpTrace Verbose: 0 : 48368, 5, 2024/04/25, 16:17:08.277, 6234951996984, vstest.console.dll, SocketCommunicationManager.WaitForClientConnection took: 318 ms, with 90000 ms timeout, and finished with True.
TpTrace Information: 0 : 48368, 7, 2024/04/25, 16:17:08.277, 6234951998067, vstest.console.dll, Accepted Client request and set the flag
TpTrace Verbose: 0 : 48368, 5, 2024/04/25, 16:17:08.277, 6234951999514, vstest.console.dll, ProxyDataCollectionManager.InvokeDataCollectionServiceAction: Starting.
TpTrace Information: 0 : 48368, 5, 2024/04/25, 16:17:08.278, 6234952000419, vstest.console.dll, ProxyDataCollectionManager.BeforeTestRunStart: Get environment variable and port for datacollector processId: 46024 port: 49361
TpTrace Verbose: 0 : 48368, 5, 2024/04/25, 16:17:08.278, 6234952001705, vstest.console.dll, DataCollectionRequestSender.SendBeforeTestRunStartAndGetResult: Send BeforeTestRunStart message with settingsXml <RunSettings><RunConfiguration><ResultsDirectory>C:\Users\VC\codestack\GenSpark\day11\ShoppingSolution\ShoppingBLTets\bin\Debug\net6.0\fine-code-coverage\coverage-tool-output</ResultsDirectory><TargetPlatform>X64</TargetPlatform><TargetFrameworkVersion>.NETCoreApp,Version=v6.0</TargetFrameworkVersion><DesignMode>False</DesignMode><CollectSourceInformation>False</CollectSourceInformation><TestAdaptersPaths>C:\Program Files\dotnet\sdk\8.0.202\Extensions</TestAdaptersPaths></RunConfiguration><LoggerRunSettings><Loggers><Logger friendlyName="blame" enabled="True" /><Logger friendlyName="Console" uri="logger://microsoft/TestPlatform/ConsoleLogger/v1" assemblyQualifiedName="Microsoft.VisualStudio.TestPlatform.CommandLine.Internal.ConsoleLogger, vstest.console, Version=15.0.0.0, Culture=neutral, PublicKeyToken=b03f5f7f11d50a3a" codeBase="C:\Program Files\dotnet\sdk\8.0.202\vstest.console.dll" enabled="True" /></Loggers></LoggerRunSettings><DataCollectionRunSettings><DataCollectors><DataCollector friendlyName="blame" enabled="True"><Configuration><ResultsDirectory>C:\Users\VC\codestack\GenSpark\day11\ShoppingSolution\ShoppingBLTets\bin\Debug\net6.0\fine-code-coverage\coverage-tool-output</ResultsDirectory></Configuration></DataCollector></DataCollectors></DataCollectionRunSettings></RunSettings> and sources System.Collections.Generic.List`1[System.String]: 
TpTrace Verbose: 0 : 48368, 5, 2024/04/25, 16:17:08.355, 6234952779460, vstest.console.dll, DataCollectionRequestSender.SendBeforeTestRunStartAndGetResult: Received message: (DataCollection.SendMessage) -> {"MessageType":"DataCollection.SendMessage","Payload":{"FriendlyName":null,"Uri":null,"TestCaseId":"00000000-0000-0000-0000-000000000000","Message":"Logging DataCollector Diagnostics in file: C:\\Users\\VC\\codestack\\GenSpark\\day11\\ShoppingSolution\\ShoppingBLTets\\bin\\Debug\\net6.0\\fine-code-coverage\\coverage-tool-output\\diagnostics.datacollector.24-04-25_16-17-07_94707_5.log","Level":0}}
TpTrace Verbose: 0 : 48368, 5, 2024/04/25, 16:17:08.455, 6234953778841, vstest.console.dll, DataCollectionRequestSender.SendBeforeTestRunStartAndGetResult: Received message: (DataCollection.BeforeTestRunStartResult) -> {"MessageType":"DataCollection.BeforeTestRunStartResult","Payload":{"EnvironmentVariables":{},"DataCollectionEventsPort":49363}}
TpTrace Information: 0 : 48368, 5, 2024/04/25, 16:17:08.459, 6234953815712, vstest.console.dll, ProxyDataCollectionManager.BeforeTestRunStart: SendBeforeTestRunStartAndGetResult successful, env variable from datacollector:   and testhost port: 49363
TpTrace Information: 0 : 48368, 5, 2024/04/25, 16:17:08.459, 6234953816900, vstest.console.dll, ProxyDataCollectionManager.InvokeDataCollectionServiceAction: Completed.
TpTrace Verbose: 0 : 48368, 5, 2024/04/25, 16:17:08.459, 6234953817278, vstest.console.dll, ParallelProxyExecutionManager.StartTestRunOnConcurrentManager: Initializing test run. Started clients: 0
TpTrace Verbose: 0 : 48368, 5, 2024/04/25, 16:17:08.459, 6234953817998, vstest.console.dll, ProxyExecutionManager: Test host is always Lazy initialize.
TpTrace Verbose: 0 : 48368, 5, 2024/04/25, 16:17:08.459, 6234953819845, vstest.console.dll, TestRequestSender.InitializeCommunication: initialize communication. 
TpTrace Information: 0 : 48368, 5, 2024/04/25, 16:17:08.460, 6234953824379, vstest.console.dll, SocketServer.Start: Listening on endpoint : 127.0.0.1:49364
TpTrace Verbose: 0 : 48368, 5, 2024/04/25, 16:17:08.461, 6234953831258, vstest.console.dll, DotnetTestHostmanager.GetTestHostProcessStartInfo: Platform environment 'X64' target architecture 'X64' framework '.NETCoreApp,Version=v6.0' OS 'Windows'
TpTrace Verbose: 0 : 48368, 5, 2024/04/25, 16:17:08.461, 6234953833670, vstest.console.dll, DotnetTestHostmanager: Adding  --runtimeconfig "C:\Users\VC\codestack\GenSpark\day11\ShoppingSolution\ShoppingBLTets\bin\Debug\net6.0\fine-code-coverage\build-output\ShoppingBLTets.runtimeconfig.json" in args
TpTrace Verbose: 0 : 48368, 5, 2024/04/25, 16:17:08.461, 6234953834629, vstest.console.dll, DotnetTestHostmanager: Adding  --depsfile "C:\Users\VC\codestack\GenSpark\day11\ShoppingSolution\ShoppingBLTets\bin\Debug\net6.0\fine-code-coverage\build-output\ShoppingBLTets.deps.json" in args
TpTrace Verbose: 0 : 48368, 5, 2024/04/25, 16:17:08.461, 6234953838228, vstest.console.dll, DotnetTestHostmanager.IsWinOnArm: Current PROCESSOR_ARCHITECTURE from environment variable 'AMD64'
TpTrace Verbose: 0 : 48368, 5, 2024/04/25, 16:17:08.461, 6234953838866, vstest.console.dll, DotnetTestHostmanager.IsWinOnArm: Is Windows on ARM 'False'
TpTrace Verbose: 0 : 48368, 5, 2024/04/25, 16:17:08.461, 6234953839763, vstest.console.dll, DotnetTestHostManager: testhost.exe found at path: C:\Users\VC\codestack\GenSpark\day11\ShoppingSolution\ShoppingBLTets\bin\Debug\net6.0\fine-code-coverage\build-output\testhost.exe
TpTrace Verbose: 0 : 48368, 5, 2024/04/25, 16:17:08.461, 6234953840173, vstest.console.dll, DotnetTestHostmanager: Full path of host exe is C:\Users\VC\codestack\GenSpark\day11\ShoppingSolution\ShoppingBLTets\bin\Debug\net6.0\fine-code-coverage\build-output\testhost.exe
TpTrace Verbose: 0 : 48368, 5, 2024/04/25, 16:17:08.462, 6234953841396, vstest.console.dll, DotnetTestHostmanager.LaunchTestHostAsync: Found 'VSTEST_WINAPPHOST_DOTNET_ROOT' in env variables, value 'C:\Program Files\dotnet', forwarding to 'DOTNET_ROOT'
TpTrace Verbose: 0 : 48368, 5, 2024/04/25, 16:17:08.462, 6234953842504, vstest.console.dll, DotnetTestHostManager: Starting process 'C:\Users\VC\codestack\GenSpark\day11\ShoppingSolution\ShoppingBLTets\bin\Debug\net6.0\fine-code-coverage\build-output\testhost.exe' with command line ' --runtimeconfig "C:\Users\VC\codestack\GenSpark\day11\ShoppingSolution\ShoppingBLTets\bin\Debug\net6.0\fine-code-coverage\build-output\ShoppingBLTets.runtimeconfig.json" --depsfile "C:\Users\VC\codestack\GenSpark\day11\ShoppingSolution\ShoppingBLTets\bin\Debug\net6.0\fine-code-coverage\build-output\ShoppingBLTets.deps.json" --port 49364 --endpoint 127.0.0.1:049364 --role client --parentprocessid 48368 --diag "C:\Users\VC\codestack\GenSpark\day11\ShoppingSolution\ShoppingBLTets\bin\Debug\net6.0\fine-code-coverage\coverage-tool-output\diagnostics.host.24-04-25_16-17-08_46075_5.log" --tracelevel 4 --datacollectionport 49363 --telemetryoptedin false'
TpTrace Verbose: 0 : 48368, 5, 2024/04/25, 16:17:08.467, 6234953897106, vstest.console.dll, MulticastDelegateUtilities.SafeInvoke: HostProviderEvents.OnHostLaunched: Invoking callback 1/2 for Microsoft.VisualStudio.TestPlatform.CrossPlatEngine.Client.ProxyExecutionManagerWithDataCollection., took 0 ms.
TpTrace Verbose: 0 : 48368, 5, 2024/04/25, 16:17:08.467, 6234953899993, vstest.console.dll, Test Runtime launched
TpTrace Verbose: 0 : 48368, 5, 2024/04/25, 16:17:08.468, 6234953900616, vstest.console.dll, MulticastDelegateUtilities.SafeInvoke: HostProviderEvents.OnHostLaunched: Invoking callback 2/2 for Microsoft.VisualStudio.TestPlatform.CrossPlatEngine.Client.ProxyOperationManager., took 0 ms.
TpTrace Verbose: 0 : 48368, 5, 2024/04/25, 16:17:08.468, 6234953901872, vstest.console.dll, TestRequestSender.WaitForRequestHandlerConnection: waiting for connection with timeout: 90000.
TpTrace Verbose: 0 : 48368, 7, 2024/04/25, 16:17:08.757, 6234956798975, vstest.console.dll, MulticastDelegateUtilities.SafeInvoke: SocketServer: ClientConnected: Invoking callback 1/1 for Microsoft.VisualStudio.TestPlatform.CommunicationUtilities.TestRequestSender., took 0 ms.
TpTrace Verbose: 0 : 48368, 5, 2024/04/25, 16:17:08.757, 6234956798976, vstest.console.dll, TestRequestSender.WaitForRequestHandlerConnection: waiting took 289 ms, with timeout 90000 ms, and result 0, which is success.
TpTrace Verbose: 0 : 48368, 7, 2024/04/25, 16:17:08.758, 6234956801394, vstest.console.dll, SocketServer.OnClientConnected: Client connected for endPoint: 127.0.0.1:49364, starting MessageLoopAsync:
TpTrace Verbose: 0 : 48368, 13, 2024/04/25, 16:17:08.759, 6234956813696, vstest.console.dll, TcpClientExtensions.MessageLoopAsync: Polling on remoteEndPoint: 127.0.0.1:49365 localEndPoint: 127.0.0.1:49364 after 0 ms
TpTrace Verbose: 0 : 48368, 5, 2024/04/25, 16:17:08.760, 6234956822087, vstest.console.dll, TestRequestSender.CheckVersionWithTestHost: Sending check version message: {"MessageType":"ProtocolVersion","Payload":7}
TpTrace Verbose: 0 : 48368, 13, 2024/04/25, 16:17:08.956, 6234958780633, vstest.console.dll, TcpClientExtensions.MessageLoopAsync: NotifyDataAvailable remoteEndPoint: 127.0.0.1:49365 localEndPoint: 127.0.0.1:49364
TpTrace Verbose: 0 : 48368, 13, 2024/04/25, 16:17:08.956, 6234958784859, vstest.console.dll, TestRequestSender.CheckVersionWithTestHost: onMessageReceived received message: (ProtocolVersion) -> {"MessageType":"ProtocolVersion","Payload":7}
TpTrace Verbose: 0 : 48368, 13, 2024/04/25, 16:17:08.957, 6234958794215, vstest.console.dll, MulticastDelegateUtilities.SafeInvoke: LengthPrefixCommunicationChannel: MessageReceived: Invoking callback 1/1 for Microsoft.VisualStudio.TestPlatform.CommunicationUtilities.TestRequestSender+<>c__DisplayClass29_0., took 0 ms.
TpTrace Verbose: 0 : 48368, 5, 2024/04/25, 16:17:08.957, 6234958795531, vstest.console.dll, TestPluginCache.GetExtensionPaths: Filtered extension paths: 
TpTrace Verbose: 0 : 48368, 13, 2024/04/25, 16:17:08.957, 6234958795632, vstest.console.dll, TcpClientExtensions.MessageLoopAsync: Polling on remoteEndPoint: 127.0.0.1:49365 localEndPoint: 127.0.0.1:49364 after 198 ms
TpTrace Verbose: 0 : 48368, 5, 2024/04/25, 16:17:08.957, 6234958796589, vstest.console.dll, TestPluginCache.GetExtensionPaths: Added default extension paths: C:\Program Files\dotnet\sdk\8.0.202\Extensions\Microsoft.Diagnostics.NETCore.Client.dll
C:\Program Files\dotnet\sdk\8.0.202\Extensions\Microsoft.TestPlatform.Extensions.BlameDataCollector.dll
C:\Program Files\dotnet\sdk\8.0.202\Extensions\Microsoft.TestPlatform.Extensions.EventLogCollector.dll
C:\Program Files\dotnet\sdk\8.0.202\Extensions\Microsoft.TestPlatform.TestHostRuntimeProvider.dll
C:\Program Files\dotnet\sdk\8.0.202\Extensions\Microsoft.VisualStudio.TestPlatform.Extensions.Html.TestLogger.dll
C:\Program Files\dotnet\sdk\8.0.202\Extensions\Microsoft.VisualStudio.TestPlatform.Extensions.Trx.TestLogger.dll
TpTrace Verbose: 0 : 48368, 5, 2024/04/25, 16:17:08.957, 6234958797562, vstest.console.dll, TestPluginCache.GetExtensionPaths: Added unfilterableExtensionPaths: 
TpTrace Verbose: 0 : 48368, 5, 2024/04/25, 16:17:08.960, 6234958829090, vstest.console.dll, TestRequestSender.InitializeExecution: Sending initialize execution with message: {"Version":7,"MessageType":"TestExecution.Initialize","Payload":["C:\\Users\\VC\\codestack\\GenSpark\\day11\\ShoppingSolution\\ShoppingBLTets\\bin\\Debug\\net6.0\\fine-code-coverage\\build-output\\NUnit3.TestAdapter.dll"]}
TpTrace Verbose: 0 : 48368, 5, 2024/04/25, 16:17:08.961, 6234958832981, vstest.console.dll, ParallelProxyExecutionManager.StartTestRunOnConcurrentManager: Execution starting. Started clients: 1
TpTrace Verbose: 0 : 48368, 5, 2024/04/25, 16:17:08.961, 6234958837227, vstest.console.dll, TestRunRequest:SendTestRunMessage: Starting.
TpTrace Verbose: 0 : 48368, 13, 2024/04/25, 16:17:08.961, 6234958839139, vstest.console.dll, TcpClientExtensions.MessageLoopAsync: NotifyDataAvailable remoteEndPoint: 127.0.0.1:49365 localEndPoint: 127.0.0.1:49364
TpTrace Verbose: 0 : 48368, 5, 2024/04/25, 16:17:08.961, 6234958839624, vstest.console.dll, MulticastDelegateUtilities.SafeInvoke: TestRun.LogMessages: Invoking callback 1/1 for Microsoft.VisualStudio.TestPlatform.CommandLine.TestRunResultAggregator., took 0 ms.
TpTrace Verbose: 0 : 48368, 4, 2024/04/25, 16:17:08.961, 6234958839657, vstest.console.dll, MulticastDelegateUtilities.SafeInvoke: InternalTestLoggerEvents.SendTestRunMessage: Invoking callback 1/1 for Microsoft.VisualStudio.TestPlatform.CommandLine.Internal.ConsoleLogger., took 0 ms.
TpTrace Information: 0 : 48368, 5, 2024/04/25, 16:17:08.961, 6234958840159, vstest.console.dll, TestRunRequest:SendTestRunMessage: Completed.
TpTrace Warning: 0 : 48368, 5, 2024/04/25, 16:17:08.962, 6234958845683, vstest.console.dll, InferRunSettingsHelper.MakeRunsettingsCompatible: Removing the following settings: TargetPlatform from RunSettings file. To use those settings please move to latest version of Microsoft.NET.Test.Sdk
TpTrace Verbose: 0 : 48368, 13, 2024/04/25, 16:17:08.963, 6234958858779, vstest.console.dll, TestRequestSender.OnExecutionMessageReceived: Received message: {"Version":7,"MessageType":"TestSession.Message","Payload":{"MessageLevel":0,"Message":"Logging TestHost Diagnostics in file: C:\\Users\\VC\\codestack\\GenSpark\\day11\\ShoppingSolution\\ShoppingBLTets\\bin\\Debug\\net6.0\\fine-code-coverage\\coverage-tool-output\\diagnostics.host.24-04-25_16-17-08_46075_5.log"}}
TpTrace Verbose: 0 : 48368, 13, 2024/04/25, 16:17:08.967, 6234958898161, vstest.console.dll, TestRunRequest:SendTestRunMessage: Starting.
TpTrace Verbose: 0 : 48368, 13, 2024/04/25, 16:17:08.968, 6234958905125, vstest.console.dll, MulticastDelegateUtilities.SafeInvoke: TestRun.LogMessages: Invoking callback 1/1 for Microsoft.VisualStudio.TestPlatform.CommandLine.TestRunResultAggregator., took 0 ms.
TpTrace Verbose: 0 : 48368, 4, 2024/04/25, 16:17:08.968, 6234958905316, vstest.console.dll, MulticastDelegateUtilities.SafeInvoke: InternalTestLoggerEvents.SendTestRunMessage: Invoking callback 1/1 for Microsoft.VisualStudio.TestPlatform.CommandLine.Internal.ConsoleLogger., took 0 ms.
TpTrace Information: 0 : 48368, 13, 2024/04/25, 16:17:08.968, 6234958906425, vstest.console.dll, TestRunRequest:SendTestRunMessage: Completed.
TpTrace Verbose: 0 : 48368, 13, 2024/04/25, 16:17:08.968, 6234958908296, vstest.console.dll, MulticastDelegateUtilities.SafeInvoke: LengthPrefixCommunicationChannel: MessageReceived: Invoking callback 1/1 for Microsoft.VisualStudio.TestPlatform.CommunicationUtilities.TestRequestSender+<>c__DisplayClass34_0., took 5 ms.
TpTrace Verbose: 0 : 48368, 13, 2024/04/25, 16:17:08.968, 6234958909014, vstest.console.dll, TcpClientExtensions.MessageLoopAsync: Polling on remoteEndPoint: 127.0.0.1:49365 localEndPoint: 127.0.0.1:49364 after 11 ms
TpTrace Verbose: 0 : 48368, 5, 2024/04/25, 16:17:08.976, 6234958986359, vstest.console.dll, TestRequestSender.StartTestRun: Sending test run with message: {"Version":7,"MessageType":"TestExecution.StartWithSources","Payload":{"AdapterSourceMap":{"_none_":["C:\\Users\\VC\\codestack\\GenSpark\\day11\\ShoppingSolution\\ShoppingBLTets\\bin\\Debug\\net6.0\\fine-code-coverage\\build-output\\ShoppingBLTets.dll"]},"RunSettings":"<RunSettings>\r\n  <RunConfiguration>\r\n    <ResultsDirectory>C:\\Users\\VC\\codestack\\GenSpark\\day11\\ShoppingSolution\\ShoppingBLTets\\bin\\Debug\\net6.0\\fine-code-coverage\\coverage-tool-output</ResultsDirectory>\r\n    <TargetFrameworkVersion>.NETCoreApp,Version=v6.0</TargetFrameworkVersion>\r\n    <DesignMode>False</DesignMode>\r\n    <CollectSourceInformation>False</CollectSourceInformation>\r\n  </RunConfiguration>\r\n  <LoggerRunSettings>\r\n    <Loggers>\r\n      <Logger friendlyName=\"blame\" enabled=\"True\" />\r\n      <Logger friendlyName=\"Console\" uri=\"logger://microsoft/TestPlatform/ConsoleLogger/v1\" assemblyQualifiedName=\"Microsoft.VisualStudio.TestPlatform.CommandLine.Internal.ConsoleLogger, vstest.console, Version=15.0.0.0, Culture=neutral, PublicKeyToken=b03f5f7f11d50a3a\" codeBase=\"C:\\Program Files\\dotnet\\sdk\\8.0.202\\vstest.console.dll\" enabled=\"True\" />\r\n    </Loggers>\r\n  </LoggerRunSettings>\r\n  <DataCollectionRunSettings>\r\n    <DataCollectors>\r\n      <DataCollector friendlyName=\"blame\" enabled=\"True\">\r\n        <Configuration>\r\n          <ResultsDirectory>C:\\Users\\VC\\codestack\\GenSpark\\day11\\ShoppingSolution\\ShoppingBLTets\\bin\\Debug\\net6.0\\fine-code-coverage\\coverage-tool-output</ResultsDirectory>\r\n        </Configuration>\r\n      </DataCollector>\r\n    </DataCollectors>\r\n  </DataCollectionRunSettings>\r\n</RunSettings>","TestExecutionContext":{"FrequencyOfRunStatsChangeEvent":10,"RunStatsChangeEventTimeout":"00:00:01.5000000","InIsolation":false,"KeepAlive":false,"AreTestCaseLevelEventsRequired":false,"IsDebug":false,"TestCaseFilter":null,"FilterOptions":null},"Package":null}}
TpTrace Verbose: 0 : 48368, 5, 2024/04/25, 16:17:08.976, 6234958990390, vstest.console.dll, ParallelProxyExecutionManager.StartTestRunOnConcurrentManager: Execution started. Started clients: 1
TpTrace Verbose: 0 : 48368, 13, 2024/04/25, 16:17:09.182, 6234961041697, vstest.console.dll, TcpClientExtensions.MessageLoopAsync: NotifyDataAvailable remoteEndPoint: 127.0.0.1:49365 localEndPoint: 127.0.0.1:49364
TpTrace Verbose: 0 : 48368, 13, 2024/04/25, 16:17:09.182, 6234961043539, vstest.console.dll, TestRequestSender.OnExecutionMessageReceived: Received message: {"Version":7,"MessageType":"TestSession.Message","Payload":{"MessageLevel":0,"Message":"NUnit Adapter 4.4.0.0: Test execution started"}}
TpTrace Verbose: 0 : 48368, 13, 2024/04/25, 16:17:09.182, 6234961045294, vstest.console.dll, TestRunRequest:SendTestRunMessage: Starting.
TpTrace Verbose: 0 : 48368, 13, 2024/04/25, 16:17:09.182, 6234961046044, vstest.console.dll, MulticastDelegateUtilities.SafeInvoke: TestRun.LogMessages: Invoking callback 1/1 for Microsoft.VisualStudio.TestPlatform.CommandLine.TestRunResultAggregator., took 0 ms.
TpTrace Information: 0 : 48368, 13, 2024/04/25, 16:17:09.182, 6234961046337, vstest.console.dll, TestRunRequest:SendTestRunMessage: Completed.
TpTrace Verbose: 0 : 48368, 13, 2024/04/25, 16:17:09.182, 6234961046699, vstest.console.dll, MulticastDelegateUtilities.SafeInvoke: LengthPrefixCommunicationChannel: MessageReceived: Invoking callback 1/1 for Microsoft.VisualStudio.TestPlatform.CommunicationUtilities.TestRequestSender+<>c__DisplayClass34_0., took 0 ms.
TpTrace Verbose: 0 : 48368, 4, 2024/04/25, 16:17:09.182, 6234961046798, vstest.console.dll, MulticastDelegateUtilities.SafeInvoke: InternalTestLoggerEvents.SendTestRunMessage: Invoking callback 1/1 for Microsoft.VisualStudio.TestPlatform.CommandLine.Internal.ConsoleLogger., took 0 ms.
TpTrace Verbose: 0 : 48368, 13, 2024/04/25, 16:17:09.182, 6234961047017, vstest.console.dll, TcpClientExtensions.MessageLoopAsync: Polling on remoteEndPoint: 127.0.0.1:49365 localEndPoint: 127.0.0.1:49364 after 213 ms
TpTrace Verbose: 0 : 48368, 13, 2024/04/25, 16:17:09.215, 6234961377249, vstest.console.dll, TcpClientExtensions.MessageLoopAsync: NotifyDataAvailable remoteEndPoint: 127.0.0.1:49365 localEndPoint: 127.0.0.1:49364
TpTrace Verbose: 0 : 48368, 13, 2024/04/25, 16:17:09.216, 6234961380584, vstest.console.dll, TestRequestSender.OnExecutionMessageReceived: Received message: {"Version":7,"MessageType":"TestSession.Message","Payload":{"MessageLevel":0,"Message":"Running all tests in C:\\Users\\VC\\codestack\\GenSpark\\day11\\ShoppingSolution\\ShoppingBLTets\\bin\\Debug\\net6.0\\fine-code-coverage\\build-output\\ShoppingBLTets.dll"}}
TpTrace Verbose: 0 : 48368, 13, 2024/04/25, 16:17:09.216, 6234961382822, vstest.console.dll, TestRunRequest:SendTestRunMessage: Starting.
TpTrace Verbose: 0 : 48368, 13, 2024/04/25, 16:17:09.216, 6234961383986, vstest.console.dll, MulticastDelegateUtilities.SafeInvoke: TestRun.LogMessages: Invoking callback 1/1 for Microsoft.VisualStudio.TestPlatform.CommandLine.TestRunResultAggregator., took 0 ms.
TpTrace Information: 0 : 48368, 13, 2024/04/25, 16:17:09.216, 6234961384630, vstest.console.dll, TestRunRequest:SendTestRunMessage: Completed.
TpTrace Verbose: 0 : 48368, 4, 2024/04/25, 16:17:09.216, 6234961385191, vstest.console.dll, MulticastDelegateUtilities.SafeInvoke: InternalTestLoggerEvents.SendTestRunMessage: Invoking callback 1/1 for Microsoft.VisualStudio.TestPlatform.CommandLine.Internal.ConsoleLogger., took 0 ms.
TpTrace Verbose: 0 : 48368, 13, 2024/04/25, 16:17:09.216, 6234961385293, vstest.console.dll, MulticastDelegateUtilities.SafeInvoke: LengthPrefixCommunicationChannel: MessageReceived: Invoking callback 1/1 for Microsoft.VisualStudio.TestPlatform.CommunicationUtilities.TestRequestSender+<>c__DisplayClass34_0., took 0 ms.
TpTrace Verbose: 0 : 48368, 13, 2024/04/25, 16:17:09.216, 6234961386716, vstest.console.dll, TcpClientExtensions.MessageLoopAsync: Polling on remoteEndPoint: 127.0.0.1:49365 localEndPoint: 127.0.0.1:49364 after 33 ms
TpTrace Verbose: 0 : 48368, 13, 2024/04/25, 16:17:09.375, 6234962970513, vstest.console.dll, TcpClientExtensions.MessageLoopAsync: NotifyDataAvailable remoteEndPoint: 127.0.0.1:49365 localEndPoint: 127.0.0.1:49364
TpTrace Verbose: 0 : 48368, 13, 2024/04/25, 16:17:09.375, 6234962974290, vstest.console.dll, TestRequestSender.OnExecutionMessageReceived: Received message: {"Version":7,"MessageType":"TestSession.Message","Payload":{"MessageLevel":0,"Message":"   NUnit3TestExecutor discovered 4 of 4 NUnit test cases using Current Discovery mode, Non-Explicit run"}}
TpTrace Verbose: 0 : 48368, 13, 2024/04/25, 16:17:09.375, 6234962976915, vstest.console.dll, TestRunRequest:SendTestRunMessage: Starting.
TpTrace Verbose: 0 : 48368, 13, 2024/04/25, 16:17:09.375, 6234962978283, vstest.console.dll, MulticastDelegateUtilities.SafeInvoke: TestRun.LogMessages: Invoking callback 1/1 for Microsoft.VisualStudio.TestPlatform.CommandLine.TestRunResultAggregator., took 0 ms.
TpTrace Information: 0 : 48368, 13, 2024/04/25, 16:17:09.375, 6234962978973, vstest.console.dll, TestRunRequest:SendTestRunMessage: Completed.
TpTrace Verbose: 0 : 48368, 4, 2024/04/25, 16:17:09.375, 6234962979475, vstest.console.dll, MulticastDelegateUtilities.SafeInvoke: InternalTestLoggerEvents.SendTestRunMessage: Invoking callback 1/1 for Microsoft.VisualStudio.TestPlatform.CommandLine.Internal.ConsoleLogger., took 0 ms.
TpTrace Verbose: 0 : 48368, 13, 2024/04/25, 16:17:09.375, 6234962979718, vstest.console.dll, MulticastDelegateUtilities.SafeInvoke: LengthPrefixCommunicationChannel: MessageReceived: Invoking callback 1/1 for Microsoft.VisualStudio.TestPlatform.CommunicationUtilities.TestRequestSender+<>c__DisplayClass34_0., took 0 ms.
TpTrace Verbose: 0 : 48368, 13, 2024/04/25, 16:17:09.376, 6234962981147, vstest.console.dll, TcpClientExtensions.MessageLoopAsync: Polling on remoteEndPoint: 127.0.0.1:49365 localEndPoint: 127.0.0.1:49364 after 159 ms
TpTrace Verbose: 0 : 48368, 13, 2024/04/25, 16:17:09.511, 6234964336132, vstest.console.dll, TcpClientExtensions.MessageLoopAsync: NotifyDataAvailable remoteEndPoint: 127.0.0.1:49365 localEndPoint: 127.0.0.1:49364
TpTrace Verbose: 0 : 48368, 13, 2024/04/25, 16:17:09.511, 6234964338234, vstest.console.dll, TestRequestSender.OnExecutionMessageReceived: Received message: {"Version":7,"MessageType":"TestSession.Message","Payload":{"MessageLevel":1,"Message":"1 John 0 \r\n"}}
TpTrace Verbose: 0 : 48368, 13, 2024/04/25, 16:17:09.511, 6234964339822, vstest.console.dll, TestRunRequest:SendTestRunMessage: Starting.
TpTrace Verbose: 0 : 48368, 13, 2024/04/25, 16:17:09.512, 6234964340702, vstest.console.dll, MulticastDelegateUtilities.SafeInvoke: TestRun.LogMessages: Invoking callback 1/1 for Microsoft.VisualStudio.TestPlatform.CommandLine.TestRunResultAggregator., took 0 ms.
TpTrace Information: 0 : 48368, 13, 2024/04/25, 16:17:09.512, 6234964341496, vstest.console.dll, TestRunRequest:SendTestRunMessage: Completed.
TpTrace Verbose: 0 : 48368, 13, 2024/04/25, 16:17:09.512, 6234964342033, vstest.console.dll, MulticastDelegateUtilities.SafeInvoke: LengthPrefixCommunicationChannel: MessageReceived: Invoking callback 1/1 for Microsoft.VisualStudio.TestPlatform.CommunicationUtilities.TestRequestSender+<>c__DisplayClass34_0., took 0 ms.
TpTrace Verbose: 0 : 48368, 13, 2024/04/25, 16:17:09.512, 6234964342400, vstest.console.dll, TcpClientExtensions.MessageLoopAsync: Polling on remoteEndPoint: 127.0.0.1:49365 localEndPoint: 127.0.0.1:49364 after 136 ms
TpTrace Verbose: 0 : 48368, 4, 2024/04/25, 16:17:09.512, 6234964342997, vstest.console.dll, MulticastDelegateUtilities.SafeInvoke: InternalTestLoggerEvents.SendTestRunMessage: Invoking callback 1/1 for Microsoft.VisualStudio.TestPlatform.CommandLine.Internal.ConsoleLogger., took 0 ms.
TpTrace Verbose: 0 : 48368, 13, 2024/04/25, 16:17:09.518, 6234964408201, vstest.console.dll, TcpClientExtensions.MessageLoopAsync: NotifyDataAvailable remoteEndPoint: 127.0.0.1:49365 localEndPoint: 127.0.0.1:49364
TpTrace Verbose: 0 : 48368, 13, 2024/04/25, 16:17:09.519, 6234964411394, vstest.console.dll, TestRequestSender.OnExecutionMessageReceived: Received message: {"Version":7,"MessageType":"TestSession.Message","Payload":{"MessageLevel":0,"Message":"NUnit Adapter 4.4.0.0: Test execution complete"}}
TpTrace Verbose: 0 : 48368, 13, 2024/04/25, 16:17:09.519, 6234964413528, vstest.console.dll, TestRunRequest:SendTestRunMessage: Starting.
TpTrace Verbose: 0 : 48368, 13, 2024/04/25, 16:17:09.519, 6234964414278, vstest.console.dll, MulticastDelegateUtilities.SafeInvoke: TestRun.LogMessages: Invoking callback 1/1 for Microsoft.VisualStudio.TestPlatform.CommandLine.TestRunResultAggregator., took 0 ms.
TpTrace Information: 0 : 48368, 13, 2024/04/25, 16:17:09.519, 6234964414832, vstest.console.dll, TestRunRequest:SendTestRunMessage: Completed.
TpTrace Verbose: 0 : 48368, 4, 2024/04/25, 16:17:09.519, 6234964414938, vstest.console.dll, MulticastDelegateUtilities.SafeInvoke: InternalTestLoggerEvents.SendTestRunMessage: Invoking callback 1/1 for Microsoft.VisualStudio.TestPlatform.CommandLine.Internal.ConsoleLogger., took 0 ms.
TpTrace Verbose: 0 : 48368, 13, 2024/04/25, 16:17:09.519, 6234964416188, vstest.console.dll, MulticastDelegateUtilities.SafeInvoke: LengthPrefixCommunicationChannel: MessageReceived: Invoking callback 1/1 for Microsoft.VisualStudio.TestPlatform.CommunicationUtilities.TestRequestSender+<>c__DisplayClass34_0., took 0 ms.
TpTrace Verbose: 0 : 48368, 13, 2024/04/25, 16:17:09.519, 6234964416832, vstest.console.dll, TcpClientExtensions.MessageLoopAsync: Polling on remoteEndPoint: 127.0.0.1:49365 localEndPoint: 127.0.0.1:49364 after 7 ms
TpTrace Verbose: 0 : 48368, 13, 2024/04/25, 16:17:09.559, 6234964811071, vstest.console.dll, TcpClientExtensions.MessageLoopAsync: NotifyDataAvailable remoteEndPoint: 127.0.0.1:49365 localEndPoint: 127.0.0.1:49364
TpTrace Verbose: 0 : 48368, 13, 2024/04/25, 16:17:09.559, 6234964814099, vstest.console.dll, TestRequestSender.OnExecutionMessageReceived: Received message: {"Version":7,"MessageType":"TestExecution.Completed","Payload":{"TestRunCompleteArgs":{"TestRunStatistics":{"ExecutedTests":4,"Stats":{"Passed":3,"Failed":1}},"IsCanceled":false,"IsAborted":false,"Error":null,"AttachmentSets":[],"InvokedDataCollectors":[],"ElapsedTimeInRunningTests":"00:00:00.3777172","Metrics":{},"DiscoveredExtensions":{"TestDiscoverers":["NUnit.VisualStudio.TestAdapter.NUnit3TestDiscoverer, NUnit3.TestAdapter, Version=4.4.0.0, Culture=neutral, PublicKeyToken=4cb40d35494691ac"],"TestExecutors":["executor://NUnit3TestExecutor"],"TestExecutors2":[],"TestSettingsProviders":[]}},"LastRunTests":{"NewTestResults":[{"TestCase":{"Id":"8dd508c0-a8ab-b798-a64c-68f1ba8c5eee","FullyQualifiedName":"ShoppingBLTets.CustomerBLTest.AddCustomerTest","DisplayName":"AddCustomerTest","ExecutorUri":"executor://NUnit3TestExecutor","Source":"C:\\Users\\VC\\codestack\\GenSpark\\day11\\ShoppingSolution\\ShoppingBLTets\\bin\\Debug\\net6.0\\fine-code-coverage\\build-output\\ShoppingBLTets.dll","CodeFilePath":null,"LineNumber":0,"Properties":[{"Key":{"Id":"NUnit.Seed","Label":"Seed","Category":"","Description":"","Attributes":0,"ValueType":"System.String"},"Value":"678194026"}]},"Attachments":[],"Outcome":1,"ErrorMessage":null,"ErrorStackTrace":null,"DisplayName":"AddCustomerTest","Messages":[],"ComputerName":"J9GCBX3","Duration":"00:00:00.0186630","StartTime":"2024-04-25T10:47:09.3998205+00:00","EndTime":"2024-04-25T10:47:09.4184085+00:00","Properties":[{"Key":{"Id":"NUnit.Seed","Label":"Seed","Category":"","Description":"","Attributes":0,"ValueType":"System.String"},"Value":"678194026"}]},{"TestCase":{"Id":"05d1e830-e1a1-6a72-b85f-0d533931ef6e","FullyQualifiedName":"ShoppingBLTets.CustomerBLTest.DeleteCustomerTest","DisplayName":"DeleteCustomerTest","ExecutorUri":"executor://NUnit3TestExecutor","Source":"C:\\Users\\VC\\codestack\\GenSpark\\day11\\ShoppingSolution\\ShoppingBLTets\\bin\\Debug\\net6.0\\fine-code-coverage\\build-output\\ShoppingBLTets.dll","CodeFilePath":null,"LineNumber":0,"Properties":[{"Key":{"Id":"NUnit.Seed","Label":"Seed","Category":"","Description":"","Attributes":0,"ValueType":"System.String"},"Value":"1784504807"}]},"Attachments":[],"Outcome":1,"ErrorMessage":null,"ErrorStackTrace":null,"DisplayName":"DeleteCustomerTest","Messages":[],"ComputerName":"J9GCBX3","Duration":"00:00:00.0060570","StartTime":"2024-04-25T10:47:09.4200716+00:00","EndTime":"2024-04-25T10:47:09.4261288+00:00","Properties":[{"Key":{"Id":"NUnit.Seed","Label":"Seed","Category":"","Description":"","Attributes":0,"ValueType":"System.String"},"Value":"1784504807"}]},{"TestCase":{"Id":"8c645aae-a328-0315-c220-9c2fcb64a384","FullyQualifiedName":"ShoppingBLTets.CustomerBLTest.GetCustomerTest","DisplayName":"GetCustomerTest","ExecutorUri":"executor://NUnit3TestExecutor","Source":"C:\\Users\\VC\\codestack\\GenSpark\\day11\\ShoppingSolution\\ShoppingBLTets\\bin\\Debug\\net6.0\\fine-code-coverage\\build-output\\ShoppingBLTets.dll","CodeFilePath":null,"LineNumber":0,"Properties":[{"Key":{"Id":"NUnit.Seed","Label":"Seed","Category":"","Description":"","Attributes":0,"ValueType":"System.String"},"Value":"418480491"}]},"Attachments":[],"Outcome":1,"ErrorMessage":null,"ErrorStackTrace":null,"DisplayName":"GetCustomerTest","Messages":[],"ComputerName":"J9GCBX3","Duration":"00:00:00.0001840","StartTime":"2024-04-25T10:47:09.4261702+00:00","EndTime":"2024-04-25T10:47:09.4263542+00:00","Properties":[{"Key":{"Id":"NUnit.Seed","Label":"Seed","Category":"","Description":"","Attributes":0,"ValueType":"System.String"},"Value":"418480491"}]},{"TestCase":{"Id":"eefe311c-2fe1-4ace-23c4-249c1f1d7663","FullyQualifiedName":"ShoppingBLTets.CustomerBLTest.UpdateCustomerTest","DisplayName":"UpdateCustomerTest","ExecutorUri":"executor://NUnit3TestExecutor","Source":"C:\\Users\\VC\\codestack\\GenSpark\\day11\\ShoppingSolution\\ShoppingBLTets\\bin\\Debug\\net6.0\\fine-code-coverage\\build-output\\ShoppingBLTets.dll","CodeFilePath":null,"LineNumber":0,"Properties":[{"Key":{"Id":"NUnit.Seed","Label":"Seed","Category":"","Description":"","Attributes":0,"ValueType":"System.String"},"Value":"549882862"}]},"Attachments":[],"Outcome":2,"ErrorMessage":"  String lengths are both 4. Strings differ at index 1.\r\n  Expected: \"Jane\"\r\n  But was:  \"John\"\r\n  ------------^\r\n","ErrorStackTrace":"   at ShoppingBLTets.CustomerBLTest.UpdateCustomerTest() in C:\\Users\\VC\\codestack\\GenSpark\\day11\\ShoppingSolution\\ShoppingBLTets\\CustomerBLTest.cs:line 40\r\n\n1)    at ShoppingBLTets.CustomerBLTest.UpdateCustomerTest() in C:\\Users\\VC\\codestack\\GenSpark\\day11\\ShoppingSolution\\ShoppingBLTets\\CustomerBLTest.cs:line 40\r\n\n","DisplayName":"UpdateCustomerTest","Messages":[{"Category":"StdOutMsgs","Text":"1 John 0 \r\n"}],"ComputerName":"J9GCBX3","Duration":"00:00:00.0409370","StartTime":"2024-04-25T10:47:09.4263677+00:00","EndTime":"2024-04-25T10:47:09.4673037+00:00","Properties":[{"Key":{"Id":"NUnit.Seed","Label":"Seed","Category":"","Description":"","Attributes":0,"ValueType":"System.String"},"Value":"549882862"}]}],"TestRunStatistics":{"ExecutedTests":4,"Stats":{"Passed":3,"Failed":1}},"ActiveTests":[]},"RunAttachments":[],"ExecutorUris":["executor://nunit3testexecutor/"]}}
TpTrace Verbose: 0 : 48368, 13, 2024/04/25, 16:17:09.559, 6234964815542, vstest.console.dll, TestRequestSender.EndSession: Sending end session.
TpTrace Verbose: 0 : 48368, 13, 2024/04/25, 16:17:09.559, 6234964817146, vstest.console.dll, ProxyOperationManager.Close: waiting for test host to exit for 100 ms
TpTrace Verbose: 0 : 48368, 11, 2024/04/25, 16:17:09.599, 6234965218768, vstest.console.dll, TestHostManagerCallbacks.ctor: Experimental forwarding output is disabled.
TpTrace Warning: 0 : 48368, 11, 2024/04/25, 16:17:09.600, 6234965220563, vstest.console.dll, TestHostManagerCallbacks.ErrorReceivedCallback Test host standard error line: 
TpTrace Verbose: 0 : 48368, 11, 2024/04/25, 16:17:09.609, 6234965317012, vstest.console.dll, TestHostProvider.ExitCallBack: Host exited starting callback.
TpTrace Information: 0 : 48368, 11, 2024/04/25, 16:17:09.609, 6234965318655, vstest.console.dll, TestHostManagerCallbacks.ExitCallBack: Testhost processId: 6860 exited with exitcode: 0 error: ''
TpTrace Verbose: 0 : 48368, 11, 2024/04/25, 16:17:09.609, 6234965319083, vstest.console.dll, DotnetTestHostManager.OnHostExited: invoking OnHostExited callback
TpTrace Verbose: 0 : 48368, 11, 2024/04/25, 16:17:09.609, 6234965319648, vstest.console.dll, CrossPlatEngine.TestHostManagerHostExited: calling on client process exit callback.
TpTrace Information: 0 : 48368, 11, 2024/04/25, 16:17:09.609, 6234965320166, vstest.console.dll, TestRequestSender.OnClientProcessExit: Test host process exited. Standard error: 
TpTrace Information: 0 : 48368, 11, 2024/04/25, 16:17:09.610, 6234965320570, vstest.console.dll, SocketServer.Stop: Stop server endPoint: 127.0.0.1:49364
TpTrace Information: 0 : 48368, 11, 2024/04/25, 16:17:09.610, 6234965320979, vstest.console.dll, SocketServer.Stop: Cancellation requested. Stopping message loop.
TpTrace Information: 0 : 48368, 13, 2024/04/25, 16:17:09.610, 6234965321391, vstest.console.dll, SocketServer.Stop: Stop server endPoint: 127.0.0.1:49364
TpTrace Information: 0 : 48368, 13, 2024/04/25, 16:17:09.610, 6234965322429, vstest.console.dll, SocketServer.Stop: Cancellation requested. Stopping message loop.
TpTrace Verbose: 0 : 48368, 11, 2024/04/25, 16:17:09.610, 6234965322172, vstest.console.dll, MulticastDelegateUtilities.SafeInvoke: HostProviderEvents.OnHostExited: Invoking callback 1/1 for Microsoft.VisualStudio.TestPlatform.CrossPlatEngine.Client.ProxyOperationManager., took 0 ms.
TpTrace Information: 0 : 48368, 13, 2024/04/25, 16:17:09.610, 6234965323639, vstest.console.dll, Closing the connection
TpTrace Verbose: 0 : 48368, 13, 2024/04/25, 16:17:09.610, 6234965327663, vstest.console.dll, ProxyDataCollectionManager.InvokeDataCollectionServiceAction: Starting.
TpTrace Information: 0 : 48368, 13, 2024/04/25, 16:17:09.610, 6234965328089, vstest.console.dll, ProxyDataCollectionManager.AfterTestRunEnd: Get attachment set and invoked data collectors processId: 46024 port: 49361
TpTrace Verbose: 0 : 48368, 13, 2024/04/25, 16:17:09.610, 6234965328476, vstest.console.dll, DataCollectionRequestSender.SendAfterTestRunStartAndGetResult: Send AfterTestRunEnd message with isCancelled: False
TpTrace Verbose: 0 : 48368, 13, 2024/04/25, 16:17:09.619, 6234965410838, vstest.console.dll, DataCollectionRequestSender.SendAfterTestRunStartAndGetResult: Received message: (DataCollection.AfterTestRunEndResult) -> {"MessageType":"DataCollection.AfterTestRunEndResult","Payload":{"AttachmentSets":[],"InvokedDataCollectors":[{"Uri":"datacollector://Microsoft/TestPlatform/Extensions/Blame/v1","FriendlyName":"Blame","AssemblyQualifiedName":"Microsoft.TestPlatform.Extensions.BlameDataCollector.BlameCollector, Microsoft.TestPlatform.Extensions.BlameDataCollector, Version=15.0.0.0, Culture=neutral, PublicKeyToken=b03f5f7f11d50a3a","FilePath":"C:\\Program Files\\dotnet\\sdk\\8.0.202\\Extensions\\Microsoft.TestPlatform.Extensions.BlameDataCollector.dll","HasAttachmentProcessor":false}],"Metrics":{}}}
TpTrace Information: 0 : 48368, 13, 2024/04/25, 16:17:09.627, 6234965498411, vstest.console.dll, ProxyDataCollectionManager.InvokeDataCollectionServiceAction: Completed.
TpTrace Warning: 0 : 48368, 10, 2024/04/25, 16:17:09.646, 6234965685591, vstest.console.dll, DataCollectionLauncher.ErrorReceivedCallback datacollector standard error line: 
TpTrace Information: 0 : 48368, 10, 2024/04/25, 16:17:09.653, 6234965754902, vstest.console.dll, DataCollectionLauncher.ExitCallBack: Data collector exited with exitcode: 0 error: ''
TpTrace Verbose: 0 : 48368, 13, 2024/04/25, 16:17:09.679, 6234966013656, vstest.console.dll, TestRunRequest:SendTestRunStatsChange: Starting.
TpTrace Verbose: 0 : 48368, 13, 2024/04/25, 16:17:09.679, 6234966015926, vstest.console.dll, MulticastDelegateUtilities.SafeInvoke: TestRun.RunStatsChanged: Invoking callbacks was skipped because there are no subscribers.
TpTrace Information: 0 : 48368, 13, 2024/04/25, 16:17:09.679, 6234966016261, vstest.console.dll, TestRunRequest:SendTestRunStatsChange: Completed.
TpTrace Verbose: 0 : 48368, 13, 2024/04/25, 16:17:09.679, 6234966018825, vstest.console.dll, ParallelProxyExecutionManager: HandlePartialRunComplete: Total workloads = 1, Total started clients = 1 Total completed clients = 1, Run complete = True, Run canceled: False.
TpTrace Verbose: 0 : 48368, 13, 2024/04/25, 16:17:09.679, 6234966019215, vstest.console.dll, ParallelProxyExecutionManager: HandlePartialRunComplete: All runs completed stopping all managers.
TpTrace Verbose: 0 : 48368, 13, 2024/04/25, 16:17:09.679, 6234966019953, vstest.console.dll, ParallelOperationManager.StopAllManagers: Stopping all managers.
TpTrace Verbose: 0 : 48368, 13, 2024/04/25, 16:17:09.679, 6234966020312, vstest.console.dll, ParallelOperationManager.ClearSlots: Clearing all slots. Slots should accept more work: False
TpTrace Verbose: 0 : 48368, 13, 2024/04/25, 16:17:09.680, 6234966020643, vstest.console.dll, ParallelOperationManager.SetOccupiedSlotCount: Setting slot counts AvailableSlotCount = 1, OccupiedSlotCount = 0.
TpTrace Verbose: 0 : 48368, 13, 2024/04/25, 16:17:09.680, 6234966021030, vstest.console.dll, Occupied slots:

TpTrace Verbose: 0 : 48368, 4, 2024/04/25, 16:17:09.681, 6234966031267, vstest.console.dll, MulticastDelegateUtilities.SafeInvoke: InternalTestLoggerEvents.SendTestResult: Invoking callback 1/1 for Microsoft.VisualStudio.TestPlatform.CommandLine.Internal.ConsoleLogger., took 1 ms.
TpTrace Verbose: 0 : 48368, 4, 2024/04/25, 16:17:09.681, 6234966034252, vstest.console.dll, MulticastDelegateUtilities.SafeInvoke: InternalTestLoggerEvents.SendTestResult: Invoking callback 1/1 for Microsoft.VisualStudio.TestPlatform.CommandLine.Internal.ConsoleLogger., took 0 ms.
TpTrace Verbose: 0 : 48368, 4, 2024/04/25, 16:17:09.681, 6234966034987, vstest.console.dll, MulticastDelegateUtilities.SafeInvoke: InternalTestLoggerEvents.SendTestResult: Invoking callback 1/1 for Microsoft.VisualStudio.TestPlatform.CommandLine.Internal.ConsoleLogger., took 0 ms.
TpTrace Verbose: 0 : 48368, 4, 2024/04/25, 16:17:09.682, 6234966044518, vstest.console.dll, MulticastDelegateUtilities.SafeInvoke: InternalTestLoggerEvents.SendTestResult: Invoking callback 1/1 for Microsoft.VisualStudio.TestPlatform.CommandLine.Internal.ConsoleLogger., took 0 ms.
TpTrace Verbose: 0 : 48368, 4, 2024/04/25, 16:17:09.687, 6234966096454, vstest.console.dll, MulticastDelegateUtilities.SafeInvoke: InternalTestLoggerEvents.SendTestRunComplete: Invoking callback 1/2 for Microsoft.TestPlatform.Extensions.BlameDataCollector.BlameLogger., took 0 ms.
TpTrace Verbose: 0 : 48368, 4, 2024/04/25, 16:17:09.692, 6234966143569, vstest.console.dll, MulticastDelegateUtilities.SafeInvoke: InternalTestLoggerEvents.SendTestRunComplete: Invoking callback 2/2 for Microsoft.VisualStudio.TestPlatform.CommandLine.Internal.ConsoleLogger., took 4 ms.
TpTrace Verbose: 0 : 48368, 13, 2024/04/25, 16:17:09.692, 6234966147944, vstest.console.dll, TestRunRequest:TestRunComplete: Starting. IsAborted:False IsCanceled:False.
TpTrace Verbose: 0 : 48368, 13, 2024/04/25, 16:17:09.692, 6234966150342, vstest.console.dll, ParallelOperationManager.DoActionOnAllManagers: Calling an action on all managers.
TpTrace Verbose: 0 : 48368, 13, 2024/04/25, 16:17:09.694, 6234966165087, vstest.console.dll, TestLoggerManager.HandleTestRunComplete: Ignoring as the object is disposed.
TpTrace Verbose: 0 : 48368, 13, 2024/04/25, 16:17:09.694, 6234966169886, vstest.console.dll, MulticastDelegateUtilities.SafeInvoke: TestRun.TestRunComplete: Invoking callback 1/2 for Microsoft.VisualStudio.TestPlatform.CommandLine.TestRunResultAggregator., took 0 ms.
TpTrace Verbose: 0 : 48368, 13, 2024/04/25, 16:17:09.695, 6234966172346, vstest.console.dll, MulticastDelegateUtilities.SafeInvoke: TestRun.TestRunComplete: Invoking callback 2/2 for Microsoft.VisualStudio.TestPlatform.CommandLine.Processors.RunTestsArgumentExecutor+TestRunRequestEventsRegistrar., took 0 ms.
TpTrace Information: 0 : 48368, 13, 2024/04/25, 16:17:09.695, 6234966174240, vstest.console.dll, TestRunRequest:TestRunComplete: Completed.
TpTrace Verbose: 0 : 48368, 1, 2024/04/25, 16:17:09.695, 6234966174674, vstest.console.dll, TestRunRequest.Dispose: Starting.
TpTrace Verbose: 0 : 48368, 13, 2024/04/25, 16:17:09.695, 6234966174903, vstest.console.dll, TestRequestSender.SetOperationComplete: Setting operation complete.
TpTrace Information: 0 : 48368, 1, 2024/04/25, 16:17:09.695, 6234966176113, vstest.console.dll, TestRunRequest.Dispose: Completed.
TpTrace Information: 0 : 48368, 13, 2024/04/25, 16:17:09.695, 6234966176497, vstest.console.dll, SocketServer.Stop: Stop server endPoint: 127.0.0.1:49364
TpTrace Information: 0 : 48368, 1, 2024/04/25, 16:17:09.695, 6234966177383, vstest.console.dll, TestRequestManager.RunTests: run tests completed.
TpTrace Information: 0 : 48368, 13, 2024/04/25, 16:17:09.695, 6234966177540, vstest.console.dll, SocketServer.Stop: Cancellation requested. Stopping message loop.
TpTrace Verbose: 0 : 48368, 13, 2024/04/25, 16:17:09.695, 6234966178527, vstest.console.dll, MulticastDelegateUtilities.SafeInvoke: LengthPrefixCommunicationChannel: MessageReceived: Invoking callback 1/1 for Microsoft.VisualStudio.TestPlatform.CommunicationUtilities.TestRequestSender+<>c__DisplayClass34_0., took 136 ms.
TpTrace Information: 0 : 48368, 1, 2024/04/25, 16:17:09.695, 6234966179064, vstest.console.dll, RunTestsArgumentProcessor:Execute: Test run is completed.
TpTrace Information: 0 : 48368, 13, 2024/04/25, 16:17:09.695, 6234966179147, vstest.console.dll, SocketServer.PrivateStop: Stopping server endPoint: 127.0.0.1:49364 error: 
TpTrace Verbose: 0 : 48368, 1, 2024/04/25, 16:17:09.696, 6234966183467, vstest.console.dll, Executor.Execute: Exiting with exit code of 1
TpTrace Verbose: 0 : 48368, 13, 2024/04/25, 16:17:09.696, 6234966187882, vstest.console.dll, LengthPrefixCommunicationChannel.Dispose: Dispose reader and writer.
TpTrace Information: 0 : 48368, 13, 2024/04/25, 16:17:09.696, 6234966189177, vstest.console.dll, SocketServer.Stop: Raise disconnected event endPoint: 127.0.0.1:49364 error: 
TpTrace Verbose: 0 : 48368, 13, 2024/04/25, 16:17:09.696, 6234966190356, vstest.console.dll, TestRequestSender: OnTestRunAbort: Operation is already complete. Skip error message.
TpTrace Verbose: 0 : 48368, 13, 2024/04/25, 16:17:09.697, 6234966191243, vstest.console.dll, MulticastDelegateUtilities.SafeInvoke: SocketServer: ClientDisconnected: Invoking callback 1/1 for Microsoft.VisualStudio.TestPlatform.CommunicationUtilities.TestRequestSender., took 0 ms.
