TpTrace Verbose: 0 : 24256, 1, 2024/04/26, 07:25:16.838, 6779859656464, testhost.dll, Version: 17.5.0 Current process architecture: X64
TpTrace Verbose: 0 : 24256, 1, 2024/04/26, 07:25:16.841, 6779859684289, testhost.dll, Runtime location: C:\Program Files\dotnet\shared\Microsoft.NETCore.App\6.0.29
TpTrace Information: 0 : 24256, 1, 2024/04/26, 07:25:16.843, 6779859701789, testhost.dll, DefaultEngineInvoker.Invoke: Testhost process started with args :[--port, 64564],[--endpoint, 127.0.0.1:064564],[--role, client],[--parentprocessid, 17192],[--diag, C:\Users\VC\codestack\GenSpark\day11\ShoppingSolution\ShoppingBLTets\bin\Debug\net6.0\fine-code-coverage\coverage-tool-output\diagnostics.host.24-04-26_07-25-16_65171_5.log],[--tracelevel, 4],[--datacollectionport, 64563],[--telemetryoptedin, false]
TpTrace Information: 0 : 24256, 1, 2024/04/26, 07:25:16.845, 6779859723237, testhost.dll, Setting up debug trace listener.
TpTrace Verbose: 0 : 24256, 1, 2024/04/26, 07:25:16.845, 6779859724280, testhost.dll, TestPlatformTraceListener.Setup: Replacing listener System.Diagnostics.DefaultTraceListener with TestHostTraceListener.
TpTrace Verbose: 0 : 24256, 1, 2024/04/26, 07:25:16.845, 6779859724571, testhost.dll, TestPlatformTraceListener.Setup: Added test platform trace listener.
TpTrace Information: 0 : 24256, 1, 2024/04/26, 07:25:16.845, 6779859726183, testhost.dll, DefaultEngineInvoker.SetParentProcessExitCallback: Monitoring parent process with id: '17192'
TpTrace Information: 0 : 24256, 1, 2024/04/26, 07:25:16.848, 6779859758532, testhost.dll, DefaultEngineInvoker.GetConnectionInfo: Initialize communication on endpoint address: '127.0.0.1:064564'
TpTrace Information: 0 : 24256, 1, 2024/04/26, 07:25:16.857, 6779859848314, testhost.dll, SocketClient.Start: connecting to server endpoint: 127.0.0.1:064564
TpTrace Information: 0 : 24256, 1, 2024/04/26, 07:25:16.864, 6779859913990, testhost.dll, DefaultEngineInvoker.ConnectToDatacollector: Connecting to datacollector, port: 64563
TpTrace Information: 0 : 24256, 10, 2024/04/26, 07:25:16.865, 6779859929235, testhost.dll, SocketClient.OnServerConnected: connected to server endpoint: 127.0.0.1:064564
TpTrace Information: 0 : 24256, 1, 2024/04/26, 07:25:16.868, 6779859952002, testhost.dll, Trying to connect to server on socket : 127.0.0.1:64563 
TpTrace Verbose: 0 : 24256, 1, 2024/04/26, 07:25:16.868, 6779859955724, testhost.dll, SocketCommunicationManager : SetupClientAsync : Attempting to connect to the server.
TpTrace Verbose: 0 : 24256, 10, 2024/04/26, 07:25:16.868, 6779859960721, testhost.dll, MulticastDelegateUtilities.SafeInvoke: SocketClient: ServerConnected: Invoking callback 1/1 for Microsoft.VisualStudio.TestPlatform.CommunicationUtilities.TestRequestHandler., took 0 ms.
TpTrace Verbose: 0 : 24256, 10, 2024/04/26, 07:25:16.868, 6779859961408, testhost.dll, Connected to server, and starting MessageLoopAsync
TpTrace Information: 0 : 24256, 9, 2024/04/26, 07:25:16.869, 6779859971419, testhost.dll, Connected to the server successfully 
TpTrace Information: 0 : 24256, 9, 2024/04/26, 07:25:16.870, 6779859972395, testhost.dll, Using the buffer size of 16384 bytes
TpTrace Verbose: 0 : 24256, 1, 2024/04/26, 07:25:16.870, 6779859973701, testhost.dll, SocketCommunicationManager.WaitForServerConnection took: 0 ms, with 90000 ms timeout, and finished with True.
TpTrace Information: 0 : 24256, 1, 2024/04/26, 07:25:16.870, 6779859975053, testhost.dll, DefaultEngineInvoker.Invoke: Start Request Processing.
TpTrace Information: 0 : 24256, 12, 2024/04/26, 07:25:16.871, 6779859983802, testhost.dll, DefaultEngineInvoker.StartProcessingAsync: Connected to vstest.console, Starting process requests.
TpTrace Verbose: 0 : 24256, 10, 2024/04/26, 07:25:16.872, 6779859996046, testhost.dll, TcpClientExtensions.MessageLoopAsync: Polling on remoteEndPoint: [::ffff:127.0.0.1]:64564 localEndPoint: [::ffff:127.0.0.1]:64565
TpTrace Verbose: 0 : 24256, 10, 2024/04/26, 07:25:16.872, 6779859998928, testhost.dll, TcpClientExtensions.MessageLoopAsync: NotifyDataAvailable remoteEndPoint: [::ffff:127.0.0.1]:64564 localEndPoint: [::ffff:127.0.0.1]:64565
TpTrace Information: 0 : 24256, 10, 2024/04/26, 07:25:16.876, 6779860034670, testhost.dll, TestRequestHandler.OnMessageReceived: received message: (ProtocolVersion) -> {"MessageType":"ProtocolVersion","Payload":7}
TpTrace Verbose: 0 : 24256, 10, 2024/04/26, 07:25:16.988, 6779861160658, testhost.dll, TestRequestHandler.SendData: sending data from testhost: {"Version":7,"MessageType":"TestSession.Message","Payload":{"MessageLevel":0,"Message":"Logging TestHost Diagnostics in file: C:\\Users\\VC\\codestack\\GenSpark\\day11\\ShoppingSolution\\ShoppingBLTets\\bin\\Debug\\net6.0\\fine-code-coverage\\coverage-tool-output\\diagnostics.host.24-04-26_07-25-16_65171_5.log"}}
TpTrace Verbose: 0 : 24256, 10, 2024/04/26, 07:25:16.989, 6779861162446, testhost.dll, MulticastDelegateUtilities.SafeInvoke: LengthPrefixCommunicationChannel: MessageReceived: Invoking callback 1/1 for Microsoft.VisualStudio.TestPlatform.CommunicationUtilities.TestRequestHandler., took 115 ms.
TpTrace Verbose: 0 : 24256, 10, 2024/04/26, 07:25:16.989, 6779861162840, testhost.dll, TcpClientExtensions.MessageLoopAsync: Polling on remoteEndPoint: [::ffff:127.0.0.1]:64564 localEndPoint: [::ffff:127.0.0.1]:64565
TpTrace Verbose: 0 : 24256, 10, 2024/04/26, 07:25:16.989, 6779861163163, testhost.dll, TcpClientExtensions.MessageLoopAsync: NotifyDataAvailable remoteEndPoint: [::ffff:127.0.0.1]:64564 localEndPoint: [::ffff:127.0.0.1]:64565
TpTrace Information: 0 : 24256, 10, 2024/04/26, 07:25:16.989, 6779861163937, testhost.dll, TestRequestHandler.OnMessageReceived: received message: (TestExecution.Initialize) -> {"Version":7,"MessageType":"TestExecution.Initialize","Payload":["C:\\Users\\VC\\codestack\\GenSpark\\day11\\ShoppingSolution\\ShoppingBLTets\\bin\\Debug\\net6.0\\fine-code-coverage\\build-output\\NUnit3.TestAdapter.dll"]}
TpTrace Verbose: 0 : 24256, 10, 2024/04/26, 07:25:16.997, 6779861248345, testhost.dll, MulticastDelegateUtilities.SafeInvoke: LengthPrefixCommunicationChannel: MessageReceived: Invoking callback 1/1 for Microsoft.VisualStudio.TestPlatform.CommunicationUtilities.TestRequestHandler., took 8 ms.
TpTrace Verbose: 0 : 24256, 10, 2024/04/26, 07:25:16.997, 6779861249604, testhost.dll, TcpClientExtensions.MessageLoopAsync: Polling on remoteEndPoint: [::ffff:127.0.0.1]:64564 localEndPoint: [::ffff:127.0.0.1]:64565
TpTrace Information: 0 : 24256, 4, 2024/04/26, 07:25:16.998, 6779861257149, testhost.dll, TestRequestHandler.OnMessageReceived: Running job 'TestExecution.Initialize'.
TpTrace Verbose: 0 : 24256, 10, 2024/04/26, 07:25:16.998, 6779861258897, testhost.dll, TcpClientExtensions.MessageLoopAsync: NotifyDataAvailable remoteEndPoint: [::ffff:127.0.0.1]:64564 localEndPoint: [::ffff:127.0.0.1]:64565
TpTrace Information: 0 : 24256, 10, 2024/04/26, 07:25:16.998, 6779861261091, testhost.dll, TestRequestHandler.OnMessageReceived: received message: (TestExecution.StartWithSources) -> {"Version":7,"MessageType":"TestExecution.StartWithSources","Payload":{"AdapterSourceMap":{"_none_":["C:\\Users\\VC\\codestack\\GenSpark\\day11\\ShoppingSolution\\ShoppingBLTets\\bin\\Debug\\net6.0\\fine-code-coverage\\build-output\\ShoppingBLTets.dll"]},"RunSettings":"<RunSettings>\r\n  <RunConfiguration>\r\n    <ResultsDirectory>C:\\Users\\VC\\codestack\\GenSpark\\day11\\ShoppingSolution\\ShoppingBLTets\\bin\\Debug\\net6.0\\fine-code-coverage\\coverage-tool-output</ResultsDirectory>\r\n    <TargetFrameworkVersion>.NETCoreApp,Version=v6.0</TargetFrameworkVersion>\r\n    <DesignMode>False</DesignMode>\r\n    <CollectSourceInformation>False</CollectSourceInformation>\r\n  </RunConfiguration>\r\n  <LoggerRunSettings>\r\n    <Loggers>\r\n      <Logger friendlyName=\"blame\" enabled=\"True\" />\r\n      <Logger friendlyName=\"Console\" uri=\"logger://microsoft/TestPlatform/ConsoleLogger/v1\" assemblyQualifiedName=\"Microsoft.VisualStudio.TestPlatform.CommandLine.Internal.ConsoleLogger, vstest.console, Version=15.0.0.0, Culture=neutral, PublicKeyToken=b03f5f7f11d50a3a\" codeBase=\"C:\\Program Files\\dotnet\\sdk\\8.0.202\\vstest.console.dll\" enabled=\"True\" />\r\n    </Loggers>\r\n  </LoggerRunSettings>\r\n  <DataCollectionRunSettings>\r\n    <DataCollectors>\r\n      <DataCollector friendlyName=\"blame\" enabled=\"True\">\r\n        <Configuration>\r\n          <ResultsDirectory>C:\\Users\\VC\\codestack\\GenSpark\\day11\\ShoppingSolution\\ShoppingBLTets\\bin\\Debug\\net6.0\\fine-code-coverage\\coverage-tool-output</ResultsDirectory>\r\n        </Configuration>\r\n      </DataCollector>\r\n    </DataCollectors>\r\n  </DataCollectionRunSettings>\r\n</RunSettings>","TestExecutionContext":{"FrequencyOfRunStatsChangeEvent":10,"RunStatsChangeEventTimeout":"00:00:01.5000000","InIsolation":false,"KeepAlive":false,"AreTestCaseLevelEventsRequired":false,"IsDebug":false,"TestCaseFilter":null,"FilterOptions":null},"Package":null}}
TpTrace Verbose: 0 : 24256, 4, 2024/04/26, 07:25:17.001, 6779861291548, testhost.dll, TestExecutorService: Loading the extensions
TpTrace Verbose: 0 : 24256, 4, 2024/04/26, 07:25:17.004, 6779861316961, testhost.dll, TestPluginCache.DiscoverTestExtensions: finding test extensions in assemblies ends with: TestAdapter.dll TPluginInfo: Microsoft.VisualStudio.TestPlatform.Common.ExtensionFramework.Utilities.TestExecutorPluginInformation TExtension: Microsoft.VisualStudio.TestPlatform.ObjectModel.Adapter.ITestExecutor
TpTrace Verbose: 0 : 24256, 4, 2024/04/26, 07:25:17.005, 6779861330579, testhost.dll, TestPluginCache.GetExtensionPaths: Filtered extension paths: 
TpTrace Verbose: 0 : 24256, 4, 2024/04/26, 07:25:17.006, 6779861335214, testhost.dll, TestPluginCache.GetExtensionPaths: Added default extension paths: C:\Users\VC\codestack\GenSpark\day11\ShoppingSolution\ShoppingBLTets\bin\Debug\net6.0\fine-code-coverage\build-output\NUnit3.TestAdapter.dll
TpTrace Verbose: 0 : 24256, 4, 2024/04/26, 07:25:17.006, 6779861335830, testhost.dll, TestPluginCache.GetExtensionPaths: Added unfilterableExtensionPaths: 
TpTrace Information: 0 : 24256, 4, 2024/04/26, 07:25:17.009, 6779861364877, testhost.dll, AssemblyResolver.ctor: Creating AssemblyResolver with searchDirectories C:\Users\VC\codestack\GenSpark\day11\ShoppingSolution\ShoppingBLTets\bin\Debug\net6.0\fine-code-coverage\build-output
TpTrace Verbose: 0 : 24256, 4, 2024/04/26, 07:25:17.011, 6779861386288, testhost.dll, TestPluginCache.DiscoverTestExtensions: Discovering the extensions using extension path.
TpTrace Verbose: 0 : 24256, 4, 2024/04/26, 07:25:17.011, 6779861387815, testhost.dll, TestPluginCache.GetExtensionPaths: Filtered extension paths: 
TpTrace Verbose: 0 : 24256, 4, 2024/04/26, 07:25:17.011, 6779861388216, testhost.dll, TestPluginCache.GetExtensionPaths: Added default extension paths: C:\Users\VC\codestack\GenSpark\day11\ShoppingSolution\ShoppingBLTets\bin\Debug\net6.0\fine-code-coverage\build-output\NUnit3.TestAdapter.dll
TpTrace Verbose: 0 : 24256, 4, 2024/04/26, 07:25:17.011, 6779861388534, testhost.dll, TestPluginCache.GetExtensionPaths: Added unfilterableExtensionPaths: 
TpTrace Verbose: 0 : 24256, 4, 2024/04/26, 07:25:17.011, 6779861389093, testhost.dll, TestPluginCache.DiscoverTestExtensions: Discovering the extensions using allExtensionPaths: C:\Users\VC\codestack\GenSpark\day11\ShoppingSolution\ShoppingBLTets\bin\Debug\net6.0\fine-code-coverage\build-output\NUnit3.TestAdapter.dll
TpTrace Information: 0 : 24256, 4, 2024/04/26, 07:25:17.012, 6779861397042, testhost.dll, AssemblyResolver.AddSearchDirectories: Adding more searchDirectories C:\Users\VC\codestack\GenSpark\day11\ShoppingSolution\ShoppingBLTets\bin\Debug\net6.0\fine-code-coverage\build-output
TpTrace Information: 0 : 24256, 4, 2024/04/26, 07:25:17.017, 6779861443762, testhost.dll, AssemblyResolver.OnResolve: NUnit3.TestAdapter: Resolving assembly.
TpTrace Information: 0 : 24256, 4, 2024/04/26, 07:25:17.017, 6779861445013, testhost.dll, AssemblyResolver.OnResolve: NUnit3.TestAdapter: Searching in: 'C:\Users\VC\codestack\GenSpark\day11\ShoppingSolution\ShoppingBLTets\bin\Debug\net6.0\fine-code-coverage\build-output'.
TpTrace Information: 0 : 24256, 4, 2024/04/26, 07:25:17.018, 6779861454035, testhost.dll, AssemblyResolver.OnResolve: NUnit3.TestAdapter: Loading assembly 'C:\Users\VC\codestack\GenSpark\day11\ShoppingSolution\ShoppingBLTets\bin\Debug\net6.0\fine-code-coverage\build-output\NUnit3.TestAdapter.dll'.
TpTrace Information: 0 : 24256, 4, 2024/04/26, 07:25:17.018, 6779861460649, testhost.dll, AssemblyResolver.OnResolve: Resolved assembly: NUnit3.TestAdapter, from path: C:\Users\VC\codestack\GenSpark\day11\ShoppingSolution\ShoppingBLTets\bin\Debug\net6.0\fine-code-coverage\build-output\NUnit3.TestAdapter.dll
TpTrace Verbose: 0 : 24256, 10, 2024/04/26, 07:25:17.025, 6779861526977, testhost.dll, MulticastDelegateUtilities.SafeInvoke: LengthPrefixCommunicationChannel: MessageReceived: Invoking callback 1/1 for Microsoft.VisualStudio.TestPlatform.CommunicationUtilities.TestRequestHandler., took 26 ms.
TpTrace Verbose: 0 : 24256, 10, 2024/04/26, 07:25:17.025, 6779861527781, testhost.dll, TcpClientExtensions.MessageLoopAsync: Polling on remoteEndPoint: [::ffff:127.0.0.1]:64564 localEndPoint: [::ffff:127.0.0.1]:64565
TpTrace Verbose: 0 : 24256, 4, 2024/04/26, 07:25:17.038, 6779861655452, testhost.dll, MetadataReaderExtensionsHelper: Discovering extensions inside assembly 'NUnit3.TestAdapter, Version=4.4.0.0, Culture=neutral, PublicKeyToken=4cb40d35494691ac' file path 'C:\Users\VC\codestack\GenSpark\day11\ShoppingSolution\ShoppingBLTets\bin\Debug\net6.0\fine-code-coverage\build-output\NUnit3.TestAdapter.dll'
TpTrace Information: 0 : 24256, 4, 2024/04/26, 07:25:17.044, 6779861720917, testhost.dll, AssemblyResolver.OnResolve: nunit.engine.api: Resolving assembly.
TpTrace Information: 0 : 24256, 4, 2024/04/26, 07:25:17.045, 6779861721836, testhost.dll, AssemblyResolver.OnResolve: nunit.engine.api: Searching in: 'C:\Users\VC\codestack\GenSpark\day11\ShoppingSolution\ShoppingBLTets\bin\Debug\net6.0\fine-code-coverage\build-output'.
TpTrace Information: 0 : 24256, 4, 2024/04/26, 07:25:17.045, 6779861723802, testhost.dll, AssemblyResolver.OnResolve: nunit.engine.api: Loading assembly 'C:\Users\VC\codestack\GenSpark\day11\ShoppingSolution\ShoppingBLTets\bin\Debug\net6.0\fine-code-coverage\build-output\nunit.engine.api.dll'.
TpTrace Information: 0 : 24256, 4, 2024/04/26, 07:25:17.045, 6779861727884, testhost.dll, AssemblyResolver.OnResolve: Resolved assembly: nunit.engine.api, from path: C:\Users\VC\codestack\GenSpark\day11\ShoppingSolution\ShoppingBLTets\bin\Debug\net6.0\fine-code-coverage\build-output\nunit.engine.api.dll
TpTrace Information: 0 : 24256, 4, 2024/04/26, 07:25:17.047, 6779861751100, testhost.dll, GetTestExtensionFromType: Register extension with identifier data 'executor://NUnit3TestExecutor' and type 'NUnit.VisualStudio.TestAdapter.NUnit3TestExecutor, NUnit3.TestAdapter, Version=4.4.0.0, Culture=neutral, PublicKeyToken=4cb40d35494691ac' inside file 'C:\Users\VC\codestack\GenSpark\day11\ShoppingSolution\ShoppingBLTets\bin\Debug\net6.0\fine-code-coverage\build-output\NUnit3.TestAdapter.dll'
TpTrace Verbose: 0 : 24256, 4, 2024/04/26, 07:25:17.049, 6779861768155, testhost.dll, TestPluginCache: Discovered the extensions using extension path ''.
TpTrace Verbose: 0 : 24256, 4, 2024/04/26, 07:25:17.049, 6779861771367, testhost.dll, TestPluginCache: Discoverers are ''.
TpTrace Verbose: 0 : 24256, 4, 2024/04/26, 07:25:17.050, 6779861772110, testhost.dll, TestPluginCache: Executors are 'executor://NUnit3TestExecutor'.
TpTrace Verbose: 0 : 24256, 4, 2024/04/26, 07:25:17.050, 6779861772535, testhost.dll, TestPluginCache: Executors2 are ''.
TpTrace Verbose: 0 : 24256, 4, 2024/04/26, 07:25:17.050, 6779861772912, testhost.dll, TestPluginCache: Setting providers are ''.
TpTrace Verbose: 0 : 24256, 4, 2024/04/26, 07:25:17.050, 6779861773714, testhost.dll, TestPluginCache: Loggers are ''.
TpTrace Verbose: 0 : 24256, 4, 2024/04/26, 07:25:17.050, 6779861774123, testhost.dll, TestPluginCache: TestHosts are ''.
TpTrace Verbose: 0 : 24256, 4, 2024/04/26, 07:25:17.050, 6779861774470, testhost.dll, TestPluginCache: DataCollectors are ''.
TpTrace Verbose: 0 : 24256, 4, 2024/04/26, 07:25:17.052, 6779861793942, testhost.dll, TestPluginCache.DiscoverTestExtensions: finding test extensions in assemblies ends with: TestAdapter.dll TPluginInfo: Microsoft.VisualStudio.TestPlatform.Common.ExtensionFramework.Utilities.TestExecutorPluginInformation2 TExtension: Microsoft.VisualStudio.TestPlatform.ObjectModel.Adapter.ITestExecutor2
TpTrace Verbose: 0 : 24256, 4, 2024/04/26, 07:25:17.052, 6779861796080, testhost.dll, TestPluginCache.GetExtensionPaths: Filtered extension paths: 
TpTrace Verbose: 0 : 24256, 4, 2024/04/26, 07:25:17.052, 6779861796505, testhost.dll, TestPluginCache.GetExtensionPaths: Added default extension paths: C:\Users\VC\codestack\GenSpark\day11\ShoppingSolution\ShoppingBLTets\bin\Debug\net6.0\fine-code-coverage\build-output\NUnit3.TestAdapter.dll
TpTrace Verbose: 0 : 24256, 4, 2024/04/26, 07:25:17.052, 6779861796745, testhost.dll, TestPluginCache.GetExtensionPaths: Added unfilterableExtensionPaths: 
TpTrace Information: 0 : 24256, 4, 2024/04/26, 07:25:17.052, 6779861797998, testhost.dll, AssemblyResolver.AddSearchDirectories: Adding more searchDirectories C:\Users\VC\codestack\GenSpark\day11\ShoppingSolution\ShoppingBLTets\bin\Debug\net6.0\fine-code-coverage\build-output
TpTrace Verbose: 0 : 24256, 4, 2024/04/26, 07:25:17.052, 6779861798397, testhost.dll, TestPluginCache.DiscoverTestExtensions: Discovering the extensions using extension path.
TpTrace Verbose: 0 : 24256, 4, 2024/04/26, 07:25:17.052, 6779861798622, testhost.dll, TestPluginCache.GetExtensionPaths: Filtered extension paths: 
TpTrace Verbose: 0 : 24256, 4, 2024/04/26, 07:25:17.052, 6779861798822, testhost.dll, TestPluginCache.GetExtensionPaths: Added default extension paths: C:\Users\VC\codestack\GenSpark\day11\ShoppingSolution\ShoppingBLTets\bin\Debug\net6.0\fine-code-coverage\build-output\NUnit3.TestAdapter.dll
TpTrace Verbose: 0 : 24256, 4, 2024/04/26, 07:25:17.052, 6779861799023, testhost.dll, TestPluginCache.GetExtensionPaths: Added unfilterableExtensionPaths: 
TpTrace Verbose: 0 : 24256, 4, 2024/04/26, 07:25:17.052, 6779861799236, testhost.dll, TestPluginCache.DiscoverTestExtensions: Discovering the extensions using allExtensionPaths: C:\Users\VC\codestack\GenSpark\day11\ShoppingSolution\ShoppingBLTets\bin\Debug\net6.0\fine-code-coverage\build-output\NUnit3.TestAdapter.dll
TpTrace Information: 0 : 24256, 4, 2024/04/26, 07:25:17.052, 6779861799559, testhost.dll, AssemblyResolver.AddSearchDirectories: Adding more searchDirectories C:\Users\VC\codestack\GenSpark\day11\ShoppingSolution\ShoppingBLTets\bin\Debug\net6.0\fine-code-coverage\build-output
TpTrace Verbose: 0 : 24256, 4, 2024/04/26, 07:25:17.052, 6779861800022, testhost.dll, MetadataReaderExtensionsHelper: Discovering extensions inside assembly 'NUnit3.TestAdapter, Version=4.4.0.0, Culture=neutral, PublicKeyToken=4cb40d35494691ac' file path 'C:\Users\VC\codestack\GenSpark\day11\ShoppingSolution\ShoppingBLTets\bin\Debug\net6.0\fine-code-coverage\build-output\NUnit3.TestAdapter.dll'
TpTrace Verbose: 0 : 24256, 4, 2024/04/26, 07:25:17.053, 6779861804528, testhost.dll, TestPluginCache: Discovered the extensions using extension path ''.
TpTrace Verbose: 0 : 24256, 4, 2024/04/26, 07:25:17.053, 6779861804915, testhost.dll, TestPluginCache: Discoverers are ''.
TpTrace Verbose: 0 : 24256, 4, 2024/04/26, 07:25:17.053, 6779861805171, testhost.dll, TestPluginCache: Executors are 'executor://NUnit3TestExecutor'.
TpTrace Verbose: 0 : 24256, 4, 2024/04/26, 07:25:17.053, 6779861805624, testhost.dll, TestPluginCache: Executors2 are ''.
TpTrace Verbose: 0 : 24256, 4, 2024/04/26, 07:25:17.053, 6779861805843, testhost.dll, TestPluginCache: Setting providers are ''.
TpTrace Verbose: 0 : 24256, 4, 2024/04/26, 07:25:17.053, 6779861806039, testhost.dll, TestPluginCache: Loggers are ''.
TpTrace Verbose: 0 : 24256, 4, 2024/04/26, 07:25:17.053, 6779861806233, testhost.dll, TestPluginCache: TestHosts are ''.
TpTrace Verbose: 0 : 24256, 4, 2024/04/26, 07:25:17.053, 6779861806424, testhost.dll, TestPluginCache: DataCollectors are ''.
TpTrace Information: 0 : 24256, 4, 2024/04/26, 07:25:17.057, 6779861847035, testhost.dll, TestPluginManager.CreateTestExtension: Attempting to load test extension: NUnit.VisualStudio.TestAdapter.NUnit3TestExecutor
TpTrace Verbose: 0 : 24256, 4, 2024/04/26, 07:25:17.058, 6779861855704, testhost.dll, TestExecutorExtensionManager: Loading executor Microsoft.VisualStudio.TestPlatform.Common.ExtensionDecorators.SerialTestRunDecorator
TpTrace Verbose: 0 : 24256, 4, 2024/04/26, 07:25:17.058, 6779861856471, testhost.dll, TestExecutorService: Loaded the executors
TpTrace Verbose: 0 : 24256, 4, 2024/04/26, 07:25:17.059, 6779861868507, testhost.dll, TestPluginCache.DiscoverTestExtensions: finding test extensions in assemblies ends with: TestAdapter.dll TPluginInfo: Microsoft.VisualStudio.TestPlatform.Common.ExtensionFramework.Utilities.TestSettingsProviderPluginInformation TExtension: Microsoft.VisualStudio.TestPlatform.ObjectModel.Adapter.ISettingsProvider
TpTrace Verbose: 0 : 24256, 4, 2024/04/26, 07:25:17.059, 6779861870457, testhost.dll, TestPluginCache.GetExtensionPaths: Filtered extension paths: 
TpTrace Verbose: 0 : 24256, 4, 2024/04/26, 07:25:17.059, 6779861871417, testhost.dll, TestPluginCache.GetExtensionPaths: Added default extension paths: C:\Users\VC\codestack\GenSpark\day11\ShoppingSolution\ShoppingBLTets\bin\Debug\net6.0\fine-code-coverage\build-output\NUnit3.TestAdapter.dll
TpTrace Verbose: 0 : 24256, 4, 2024/04/26, 07:25:17.059, 6779861871720, testhost.dll, TestPluginCache.GetExtensionPaths: Added unfilterableExtensionPaths: 
TpTrace Information: 0 : 24256, 4, 2024/04/26, 07:25:17.060, 6779861874010, testhost.dll, AssemblyResolver.AddSearchDirectories: Adding more searchDirectories C:\Users\VC\codestack\GenSpark\day11\ShoppingSolution\ShoppingBLTets\bin\Debug\net6.0\fine-code-coverage\build-output
TpTrace Verbose: 0 : 24256, 4, 2024/04/26, 07:25:17.060, 6779861874479, testhost.dll, TestPluginCache.DiscoverTestExtensions: Discovering the extensions using extension path.
TpTrace Verbose: 0 : 24256, 4, 2024/04/26, 07:25:17.060, 6779861874826, testhost.dll, TestPluginCache.GetExtensionPaths: Filtered extension paths: 
TpTrace Verbose: 0 : 24256, 4, 2024/04/26, 07:25:17.060, 6779861875218, testhost.dll, TestPluginCache.GetExtensionPaths: Added default extension paths: C:\Users\VC\codestack\GenSpark\day11\ShoppingSolution\ShoppingBLTets\bin\Debug\net6.0\fine-code-coverage\build-output\NUnit3.TestAdapter.dll
TpTrace Verbose: 0 : 24256, 4, 2024/04/26, 07:25:17.060, 6779861875581, testhost.dll, TestPluginCache.GetExtensionPaths: Added unfilterableExtensionPaths: 
TpTrace Verbose: 0 : 24256, 4, 2024/04/26, 07:25:17.060, 6779861876115, testhost.dll, TestPluginCache.DiscoverTestExtensions: Discovering the extensions using allExtensionPaths: C:\Users\VC\codestack\GenSpark\day11\ShoppingSolution\ShoppingBLTets\bin\Debug\net6.0\fine-code-coverage\build-output\NUnit3.TestAdapter.dll
TpTrace Information: 0 : 24256, 4, 2024/04/26, 07:25:17.060, 6779861876647, testhost.dll, AssemblyResolver.AddSearchDirectories: Adding more searchDirectories C:\Users\VC\codestack\GenSpark\day11\ShoppingSolution\ShoppingBLTets\bin\Debug\net6.0\fine-code-coverage\build-output
TpTrace Verbose: 0 : 24256, 4, 2024/04/26, 07:25:17.060, 6779861878167, testhost.dll, MetadataReaderExtensionsHelper: Discovering extensions inside assembly 'NUnit3.TestAdapter, Version=4.4.0.0, Culture=neutral, PublicKeyToken=4cb40d35494691ac' file path 'C:\Users\VC\codestack\GenSpark\day11\ShoppingSolution\ShoppingBLTets\bin\Debug\net6.0\fine-code-coverage\build-output\NUnit3.TestAdapter.dll'
TpTrace Verbose: 0 : 24256, 4, 2024/04/26, 07:25:17.061, 6779861884145, testhost.dll, TestPluginCache: Discovered the extensions using extension path ''.
TpTrace Verbose: 0 : 24256, 4, 2024/04/26, 07:25:17.061, 6779861884678, testhost.dll, TestPluginCache: Discoverers are ''.
TpTrace Verbose: 0 : 24256, 4, 2024/04/26, 07:25:17.061, 6779861884998, testhost.dll, TestPluginCache: Executors are 'executor://NUnit3TestExecutor'.
TpTrace Verbose: 0 : 24256, 4, 2024/04/26, 07:25:17.061, 6779861885362, testhost.dll, TestPluginCache: Executors2 are ''.
TpTrace Verbose: 0 : 24256, 4, 2024/04/26, 07:25:17.061, 6779861888050, testhost.dll, TestPluginCache: Setting providers are ''.
TpTrace Verbose: 0 : 24256, 4, 2024/04/26, 07:25:17.061, 6779861888853, testhost.dll, TestPluginCache: Loggers are ''.
TpTrace Verbose: 0 : 24256, 4, 2024/04/26, 07:25:17.061, 6779861889161, testhost.dll, TestPluginCache: TestHosts are ''.
TpTrace Verbose: 0 : 24256, 4, 2024/04/26, 07:25:17.061, 6779861889446, testhost.dll, TestPluginCache: DataCollectors are ''.
TpTrace Verbose: 0 : 24256, 4, 2024/04/26, 07:25:17.062, 6779861898789, testhost.dll, TestExecutorService: Loaded the settings providers
TpTrace Information: 0 : 24256, 4, 2024/04/26, 07:25:17.062, 6779861899329, testhost.dll, TestExecutorService: Loaded the extensions
TpTrace Information: 0 : 24256, 4, 2024/04/26, 07:25:17.063, 6779861904154, testhost.dll, TestRequestHandler.OnMessageReceived: Running job 'TestExecution.StartWithSources'.
TpTrace Verbose: 0 : 24256, 4, 2024/04/26, 07:25:17.121, 6779862487952, testhost.dll, MulticastDelegateUtilities.SafeInvoke: TestCaseEventsHandler.RaiseSessionStart: Invoking callbacks was skipped because there are no subscribers.
TpTrace Information: 0 : 24256, 4, 2024/04/26, 07:25:17.124, 6779862518557, testhost.dll, TestDiscoveryManager: Discovering tests from sources C:\Users\VC\codestack\GenSpark\day11\ShoppingSolution\ShoppingBLTets\bin\Debug\net6.0\fine-code-coverage\build-output\ShoppingBLTets.dll
TpTrace Verbose: 0 : 24256, 4, 2024/04/26, 07:25:17.127, 6779862546125, testhost.dll, TestPluginCache.DiscoverTestExtensions: finding test extensions in assemblies ends with: TestAdapter.dll TPluginInfo: Microsoft.VisualStudio.TestPlatform.Common.ExtensionFramework.Utilities.TestDiscovererPluginInformation TExtension: Microsoft.VisualStudio.TestPlatform.ObjectModel.Adapter.ITestDiscoverer
TpTrace Verbose: 0 : 24256, 4, 2024/04/26, 07:25:17.127, 6779862547933, testhost.dll, TestPluginCache.GetExtensionPaths: Filtered extension paths: 
TpTrace Verbose: 0 : 24256, 4, 2024/04/26, 07:25:17.127, 6779862548385, testhost.dll, TestPluginCache.GetExtensionPaths: Added default extension paths: C:\Users\VC\codestack\GenSpark\day11\ShoppingSolution\ShoppingBLTets\bin\Debug\net6.0\fine-code-coverage\build-output\NUnit3.TestAdapter.dll
TpTrace Verbose: 0 : 24256, 4, 2024/04/26, 07:25:17.127, 6779862548697, testhost.dll, TestPluginCache.GetExtensionPaths: Added unfilterableExtensionPaths: 
TpTrace Information: 0 : 24256, 4, 2024/04/26, 07:25:17.127, 6779862550315, testhost.dll, AssemblyResolver.AddSearchDirectories: Adding more searchDirectories C:\Users\VC\codestack\GenSpark\day11\ShoppingSolution\ShoppingBLTets\bin\Debug\net6.0\fine-code-coverage\build-output
TpTrace Verbose: 0 : 24256, 4, 2024/04/26, 07:25:17.127, 6779862550852, testhost.dll, TestPluginCache.DiscoverTestExtensions: Discovering the extensions using extension path.
TpTrace Verbose: 0 : 24256, 4, 2024/04/26, 07:25:17.127, 6779862551212, testhost.dll, TestPluginCache.GetExtensionPaths: Filtered extension paths: 
TpTrace Verbose: 0 : 24256, 4, 2024/04/26, 07:25:17.127, 6779862551526, testhost.dll, TestPluginCache.GetExtensionPaths: Added default extension paths: C:\Users\VC\codestack\GenSpark\day11\ShoppingSolution\ShoppingBLTets\bin\Debug\net6.0\fine-code-coverage\build-output\NUnit3.TestAdapter.dll
TpTrace Verbose: 0 : 24256, 4, 2024/04/26, 07:25:17.128, 6779862551762, testhost.dll, TestPluginCache.GetExtensionPaths: Added unfilterableExtensionPaths: 
TpTrace Verbose: 0 : 24256, 4, 2024/04/26, 07:25:17.128, 6779862552060, testhost.dll, TestPluginCache.DiscoverTestExtensions: Discovering the extensions using allExtensionPaths: C:\Users\VC\codestack\GenSpark\day11\ShoppingSolution\ShoppingBLTets\bin\Debug\net6.0\fine-code-coverage\build-output\NUnit3.TestAdapter.dll
TpTrace Information: 0 : 24256, 4, 2024/04/26, 07:25:17.128, 6779862552432, testhost.dll, AssemblyResolver.AddSearchDirectories: Adding more searchDirectories C:\Users\VC\codestack\GenSpark\day11\ShoppingSolution\ShoppingBLTets\bin\Debug\net6.0\fine-code-coverage\build-output
TpTrace Verbose: 0 : 24256, 4, 2024/04/26, 07:25:17.128, 6779862553147, testhost.dll, MetadataReaderExtensionsHelper: Discovering extensions inside assembly 'NUnit3.TestAdapter, Version=4.4.0.0, Culture=neutral, PublicKeyToken=4cb40d35494691ac' file path 'C:\Users\VC\codestack\GenSpark\day11\ShoppingSolution\ShoppingBLTets\bin\Debug\net6.0\fine-code-coverage\build-output\NUnit3.TestAdapter.dll'
TpTrace Information: 0 : 24256, 4, 2024/04/26, 07:25:17.130, 6779862572073, testhost.dll, GetTestExtensionFromType: Register extension with identifier data 'NUnit.VisualStudio.TestAdapter.NUnit3TestDiscoverer, NUnit3.TestAdapter, Version=4.4.0.0, Culture=neutral, PublicKeyToken=4cb40d35494691ac' and type 'NUnit.VisualStudio.TestAdapter.NUnit3TestDiscoverer, NUnit3.TestAdapter, Version=4.4.0.0, Culture=neutral, PublicKeyToken=4cb40d35494691ac' inside file 'C:\Users\VC\codestack\GenSpark\day11\ShoppingSolution\ShoppingBLTets\bin\Debug\net6.0\fine-code-coverage\build-output\NUnit3.TestAdapter.dll'
TpTrace Verbose: 0 : 24256, 4, 2024/04/26, 07:25:17.130, 6779862573148, testhost.dll, TestPluginCache: Discovered the extensions using extension path ''.
TpTrace Verbose: 0 : 24256, 4, 2024/04/26, 07:25:17.130, 6779862573615, testhost.dll, TestPluginCache: Discoverers are 'NUnit.VisualStudio.TestAdapter.NUnit3TestDiscoverer, NUnit3.TestAdapter, Version=4.4.0.0, Culture=neutral, PublicKeyToken=4cb40d35494691ac'.
TpTrace Verbose: 0 : 24256, 4, 2024/04/26, 07:25:17.130, 6779862573849, testhost.dll, TestPluginCache: Executors are 'executor://NUnit3TestExecutor'.
TpTrace Verbose: 0 : 24256, 4, 2024/04/26, 07:25:17.130, 6779862574074, testhost.dll, TestPluginCache: Executors2 are ''.
TpTrace Verbose: 0 : 24256, 4, 2024/04/26, 07:25:17.130, 6779862574275, testhost.dll, TestPluginCache: Setting providers are ''.
TpTrace Verbose: 0 : 24256, 4, 2024/04/26, 07:25:17.130, 6779862574469, testhost.dll, TestPluginCache: Loggers are ''.
TpTrace Verbose: 0 : 24256, 4, 2024/04/26, 07:25:17.130, 6779862574662, testhost.dll, TestPluginCache: TestHosts are ''.
TpTrace Verbose: 0 : 24256, 4, 2024/04/26, 07:25:17.130, 6779862574852, testhost.dll, TestPluginCache: DataCollectors are ''.
TpTrace Information: 0 : 24256, 4, 2024/04/26, 07:25:17.132, 6779862600202, testhost.dll, PEReaderHelper.GetAssemblyType: Determined assemblyType:'Managed' for source: 'C:\Users\VC\codestack\GenSpark\day11\ShoppingSolution\ShoppingBLTets\bin\Debug\net6.0\fine-code-coverage\build-output\ShoppingBLTets.dll'
TpTrace Verbose: 0 : 24256, 4, 2024/04/26, 07:25:17.136, 6779862639833, testhost.dll, BaseRunTests.RunTestInternalWithExecutors: Running tests for executor://NUnit3TestExecutor
TpTrace Information: 0 : 24256, 4, 2024/04/26, 07:25:17.141, 6779862684416, testhost.dll, AssemblyResolver.OnResolve: nunit.engine: Resolving assembly.
TpTrace Information: 0 : 24256, 4, 2024/04/26, 07:25:17.141, 6779862685191, testhost.dll, AssemblyResolver.OnResolve: nunit.engine: Searching in: 'C:\Users\VC\codestack\GenSpark\day11\ShoppingSolution\ShoppingBLTets\bin\Debug\net6.0\fine-code-coverage\build-output'.
TpTrace Information: 0 : 24256, 4, 2024/04/26, 07:25:17.141, 6779862687101, testhost.dll, AssemblyResolver.OnResolve: nunit.engine: Loading assembly 'C:\Users\VC\codestack\GenSpark\day11\ShoppingSolution\ShoppingBLTets\bin\Debug\net6.0\fine-code-coverage\build-output\nunit.engine.dll'.
TpTrace Information: 0 : 24256, 4, 2024/04/26, 07:25:17.141, 6779862690707, testhost.dll, AssemblyResolver.OnResolve: Resolved assembly: nunit.engine, from path: C:\Users\VC\codestack\GenSpark\day11\ShoppingSolution\ShoppingBLTets\bin\Debug\net6.0\fine-code-coverage\build-output\nunit.engine.dll
TpTrace Information: 0 : 24256, 4, 2024/04/26, 07:25:17.141, 6779862691387, testhost.dll, AssemblyResolver.OnResolve: nunit.engine.core: Resolving assembly.
TpTrace Information: 0 : 24256, 4, 2024/04/26, 07:25:17.141, 6779862691671, testhost.dll, AssemblyResolver.OnResolve: nunit.engine.core: Searching in: 'C:\Users\VC\codestack\GenSpark\day11\ShoppingSolution\ShoppingBLTets\bin\Debug\net6.0\fine-code-coverage\build-output'.
TpTrace Information: 0 : 24256, 4, 2024/04/26, 07:25:17.142, 6779862693203, testhost.dll, AssemblyResolver.OnResolve: nunit.engine.core: Loading assembly 'C:\Users\VC\codestack\GenSpark\day11\ShoppingSolution\ShoppingBLTets\bin\Debug\net6.0\fine-code-coverage\build-output\nunit.engine.core.dll'.
TpTrace Information: 0 : 24256, 4, 2024/04/26, 07:25:17.142, 6779862696576, testhost.dll, AssemblyResolver.OnResolve: Resolved assembly: nunit.engine.core, from path: C:\Users\VC\codestack\GenSpark\day11\ShoppingSolution\ShoppingBLTets\bin\Debug\net6.0\fine-code-coverage\build-output\nunit.engine.core.dll
TpTrace Information: 0 : 24256, 4, 2024/04/26, 07:25:17.152, 6779862794122, testhost.dll, NUnit Adapter 4.4.0.0: Test execution started
TpTrace Verbose: 0 : 24256, 4, 2024/04/26, 07:25:17.152, 6779862795468, testhost.dll, TestRequestHandler.SendData: sending data from testhost: {"Version":7,"MessageType":"TestSession.Message","Payload":{"MessageLevel":0,"Message":"NUnit Adapter 4.4.0.0: Test execution started"}}
TpTrace Verbose: 0 : 24256, 4, 2024/04/26, 07:25:17.152, 6779862796996, testhost.dll, MulticastDelegateUtilities.SafeInvoke: TestRunMessageLoggerProxy.SendMessage: Invoking callback 1/1 for Microsoft.VisualStudio.TestPlatform.CrossPlatEngine.Execution.RunTestsWithSources., took 0 ms.
TpTrace Information: 0 : 24256, 4, 2024/04/26, 07:25:17.180, 6779863073075, testhost.dll, Running all tests in C:\Users\VC\codestack\GenSpark\day11\ShoppingSolution\ShoppingBLTets\bin\Debug\net6.0\fine-code-coverage\build-output\ShoppingBLTets.dll
TpTrace Verbose: 0 : 24256, 4, 2024/04/26, 07:25:17.180, 6779863074719, testhost.dll, TestRequestHandler.SendData: sending data from testhost: {"Version":7,"MessageType":"TestSession.Message","Payload":{"MessageLevel":0,"Message":"Running all tests in C:\\Users\\VC\\codestack\\GenSpark\\day11\\ShoppingSolution\\ShoppingBLTets\\bin\\Debug\\net6.0\\fine-code-coverage\\build-output\\ShoppingBLTets.dll"}}
TpTrace Verbose: 0 : 24256, 4, 2024/04/26, 07:25:17.180, 6779863075881, testhost.dll, MulticastDelegateUtilities.SafeInvoke: TestRunMessageLoggerProxy.SendMessage: Invoking callback 1/1 for Microsoft.VisualStudio.TestPlatform.CrossPlatEngine.Execution.RunTestsWithSources., took 0 ms.
TpTrace Information: 0 : 24256, 4, 2024/04/26, 07:25:17.188, 6779863155548, testhost.dll, AssemblyResolver.OnResolve: testcentric.engine.metadata: Resolving assembly.
TpTrace Information: 0 : 24256, 4, 2024/04/26, 07:25:17.188, 6779863156771, testhost.dll, AssemblyResolver.OnResolve: testcentric.engine.metadata: Searching in: 'C:\Users\VC\codestack\GenSpark\day11\ShoppingSolution\ShoppingBLTets\bin\Debug\net6.0\fine-code-coverage\build-output'.
TpTrace Information: 0 : 24256, 4, 2024/04/26, 07:25:17.188, 6779863159888, testhost.dll, AssemblyResolver.OnResolve: testcentric.engine.metadata: Loading assembly 'C:\Users\VC\codestack\GenSpark\day11\ShoppingSolution\ShoppingBLTets\bin\Debug\net6.0\fine-code-coverage\build-output\testcentric.engine.metadata.dll'.
TpTrace Information: 0 : 24256, 4, 2024/04/26, 07:25:17.189, 6779863165441, testhost.dll, AssemblyResolver.OnResolve: Resolved assembly: testcentric.engine.metadata, from path: C:\Users\VC\codestack\GenSpark\day11\ShoppingSolution\ShoppingBLTets\bin\Debug\net6.0\fine-code-coverage\build-output\testcentric.engine.metadata.dll
TpTrace Information: 0 : 24256, 4, 2024/04/26, 07:25:17.296, 6779864238179, testhost.dll,    NUnit3TestExecutor discovered 16 of 16 NUnit test cases using Current Discovery mode, Non-Explicit run
TpTrace Verbose: 0 : 24256, 4, 2024/04/26, 07:25:17.296, 6779864240014, testhost.dll, TestRequestHandler.SendData: sending data from testhost: {"Version":7,"MessageType":"TestSession.Message","Payload":{"MessageLevel":0,"Message":"   NUnit3TestExecutor discovered 16 of 16 NUnit test cases using Current Discovery mode, Non-Explicit run"}}
TpTrace Verbose: 0 : 24256, 4, 2024/04/26, 07:25:17.296, 6779864241034, testhost.dll, MulticastDelegateUtilities.SafeInvoke: TestRunMessageLoggerProxy.SendMessage: Invoking callback 1/1 for Microsoft.VisualStudio.TestPlatform.CrossPlatEngine.Execution.RunTestsWithSources., took 0 ms.
TpTrace Verbose: 0 : 24256, 14, 2024/04/26, 07:25:17.320, 6779864479594, testhost.dll, TestExecutionRecorder.RecordStart: Starting test: ShoppingBLTets.CartBLTest.AddCartItemFailTest.
TpTrace Verbose: 0 : 24256, 14, 2024/04/26, 07:25:17.357, 6779864847647, testhost.dll, MulticastDelegateUtilities.SafeInvoke: TestCaseEventsHandler.RaiseTestCaseStart: Invoking callback 1/1 for Microsoft.VisualStudio.TestPlatform.CrossPlatEngine.DataCollection.ProxyOutOfProcDataCollectionManager., took 26 ms.
TpTrace Verbose: 0 : 24256, 14, 2024/04/26, 07:25:17.364, 6779864914540, testhost.dll, TestExecutionRecorder.RecordEnd: test: ShoppingBLTets.CartBLTest.AddCartItemFailTest execution completed.
TpTrace Verbose: 0 : 24256, 14, 2024/04/26, 07:25:17.373, 6779865003671, testhost.dll, MulticastDelegateUtilities.SafeInvoke: TestCaseEventsHandler.RaiseTestCaseEnd: Invoking callback 1/1 for Microsoft.VisualStudio.TestPlatform.CrossPlatEngine.DataCollection.ProxyOutOfProcDataCollectionManager., took 8 ms.
TpTrace Verbose: 0 : 24256, 14, 2024/04/26, 07:25:17.373, 6779865010841, testhost.dll, TestExecutionRecorder.RecordResult: Received result for test: ShoppingBLTets.CartBLTest.AddCartItemFailTest.
TpTrace Verbose: 0 : 24256, 14, 2024/04/26, 07:25:17.375, 6779865022319, testhost.dll, MulticastDelegateUtilities.SafeInvoke: TestCaseEventsHandler.RaiseTestCaseEnd: Invoking callback 1/1 for Microsoft.VisualStudio.TestPlatform.CrossPlatEngine.DataCollection.ProxyOutOfProcDataCollectionManager., took 0 ms.
TpTrace Warning: 0 : 24256, 14, 2024/04/26, 07:25:17.377, 6779865041859, testhost.dll, TestRunCache: InProgressTests is null
TpTrace Warning: 0 : 24256, 14, 2024/04/26, 07:25:17.377, 6779865042784, testhost.dll, TestRunCache: No test found corresponding to testResult 'AddCartItemFailTest' in inProgress list.
TpTrace Verbose: 0 : 24256, 14, 2024/04/26, 07:25:17.377, 6779865043951, testhost.dll, TestExecutionRecorder.RecordStart: Starting test: ShoppingBLTets.CartBLTest.AddCartItemTest.
TpTrace Verbose: 0 : 24256, 14, 2024/04/26, 07:25:17.378, 6779865057845, testhost.dll, MulticastDelegateUtilities.SafeInvoke: TestCaseEventsHandler.RaiseTestCaseStart: Invoking callback 1/1 for Microsoft.VisualStudio.TestPlatform.CrossPlatEngine.DataCollection.ProxyOutOfProcDataCollectionManager., took 1 ms.
TpTrace Verbose: 0 : 24256, 14, 2024/04/26, 07:25:17.378, 6779865060017, testhost.dll, TestExecutionRecorder.RecordEnd: test: ShoppingBLTets.CartBLTest.AddCartItemTest execution completed.
TpTrace Verbose: 0 : 24256, 14, 2024/04/26, 07:25:17.379, 6779865070799, testhost.dll, MulticastDelegateUtilities.SafeInvoke: TestCaseEventsHandler.RaiseTestCaseEnd: Invoking callback 1/1 for Microsoft.VisualStudio.TestPlatform.CrossPlatEngine.DataCollection.ProxyOutOfProcDataCollectionManager., took 1 ms.
TpTrace Verbose: 0 : 24256, 14, 2024/04/26, 07:25:17.379, 6779865071337, testhost.dll, TestExecutionRecorder.RecordResult: Received result for test: ShoppingBLTets.CartBLTest.AddCartItemTest.
TpTrace Verbose: 0 : 24256, 14, 2024/04/26, 07:25:17.379, 6779865071675, testhost.dll, MulticastDelegateUtilities.SafeInvoke: TestCaseEventsHandler.RaiseTestCaseEnd: Invoking callback 1/1 for Microsoft.VisualStudio.TestPlatform.CrossPlatEngine.DataCollection.ProxyOutOfProcDataCollectionManager., took 0 ms.
TpTrace Warning: 0 : 24256, 14, 2024/04/26, 07:25:17.380, 6779865071959, testhost.dll, TestRunCache: InProgressTests is null
TpTrace Warning: 0 : 24256, 14, 2024/04/26, 07:25:17.380, 6779865072167, testhost.dll, TestRunCache: No test found corresponding to testResult 'AddCartItemTest' in inProgress list.
TpTrace Verbose: 0 : 24256, 14, 2024/04/26, 07:25:17.380, 6779865072810, testhost.dll, TestExecutionRecorder.RecordStart: Starting test: ShoppingBLTets.CartBLTest.CreateCartFailTest.
TpTrace Verbose: 0 : 24256, 14, 2024/04/26, 07:25:17.380, 6779865080906, testhost.dll, MulticastDelegateUtilities.SafeInvoke: TestCaseEventsHandler.RaiseTestCaseStart: Invoking callback 1/1 for Microsoft.VisualStudio.TestPlatform.CrossPlatEngine.DataCollection.ProxyOutOfProcDataCollectionManager., took 0 ms.
TpTrace Verbose: 0 : 24256, 14, 2024/04/26, 07:25:17.381, 6779865082502, testhost.dll, TestExecutionRecorder.RecordEnd: test: ShoppingBLTets.CartBLTest.CreateCartFailTest execution completed.
TpTrace Verbose: 0 : 24256, 14, 2024/04/26, 07:25:17.381, 6779865090813, testhost.dll, MulticastDelegateUtilities.SafeInvoke: TestCaseEventsHandler.RaiseTestCaseEnd: Invoking callback 1/1 for Microsoft.VisualStudio.TestPlatform.CrossPlatEngine.DataCollection.ProxyOutOfProcDataCollectionManager., took 0 ms.
TpTrace Verbose: 0 : 24256, 14, 2024/04/26, 07:25:17.381, 6779865091314, testhost.dll, TestExecutionRecorder.RecordResult: Received result for test: ShoppingBLTets.CartBLTest.CreateCartFailTest.
TpTrace Verbose: 0 : 24256, 14, 2024/04/26, 07:25:17.381, 6779865091638, testhost.dll, MulticastDelegateUtilities.SafeInvoke: TestCaseEventsHandler.RaiseTestCaseEnd: Invoking callback 1/1 for Microsoft.VisualStudio.TestPlatform.CrossPlatEngine.DataCollection.ProxyOutOfProcDataCollectionManager., took 0 ms.
TpTrace Warning: 0 : 24256, 14, 2024/04/26, 07:25:17.382, 6779865091916, testhost.dll, TestRunCache: InProgressTests is null
TpTrace Warning: 0 : 24256, 14, 2024/04/26, 07:25:17.382, 6779865092156, testhost.dll, TestRunCache: No test found corresponding to testResult 'CreateCartFailTest' in inProgress list.
TpTrace Verbose: 0 : 24256, 14, 2024/04/26, 07:25:17.382, 6779865092758, testhost.dll, TestExecutionRecorder.RecordStart: Starting test: ShoppingBLTets.CartBLTest.CreateCartTest.
TpTrace Verbose: 0 : 24256, 14, 2024/04/26, 07:25:17.382, 6779865100773, testhost.dll, MulticastDelegateUtilities.SafeInvoke: TestCaseEventsHandler.RaiseTestCaseStart: Invoking callback 1/1 for Microsoft.VisualStudio.TestPlatform.CrossPlatEngine.DataCollection.ProxyOutOfProcDataCollectionManager., took 0 ms.
TpTrace Verbose: 0 : 24256, 14, 2024/04/26, 07:25:17.383, 6779865102198, testhost.dll, TestExecutionRecorder.RecordEnd: test: ShoppingBLTets.CartBLTest.CreateCartTest execution completed.
TpTrace Verbose: 0 : 24256, 14, 2024/04/26, 07:25:17.383, 6779865111530, testhost.dll, MulticastDelegateUtilities.SafeInvoke: TestCaseEventsHandler.RaiseTestCaseEnd: Invoking callback 1/1 for Microsoft.VisualStudio.TestPlatform.CrossPlatEngine.DataCollection.ProxyOutOfProcDataCollectionManager., took 0 ms.
TpTrace Verbose: 0 : 24256, 14, 2024/04/26, 07:25:17.384, 6779865112091, testhost.dll, TestExecutionRecorder.RecordResult: Received result for test: ShoppingBLTets.CartBLTest.CreateCartTest.
TpTrace Verbose: 0 : 24256, 14, 2024/04/26, 07:25:17.384, 6779865112447, testhost.dll, MulticastDelegateUtilities.SafeInvoke: TestCaseEventsHandler.RaiseTestCaseEnd: Invoking callback 1/1 for Microsoft.VisualStudio.TestPlatform.CrossPlatEngine.DataCollection.ProxyOutOfProcDataCollectionManager., took 0 ms.
TpTrace Warning: 0 : 24256, 14, 2024/04/26, 07:25:17.384, 6779865112747, testhost.dll, TestRunCache: InProgressTests is null
TpTrace Warning: 0 : 24256, 14, 2024/04/26, 07:25:17.384, 6779865112989, testhost.dll, TestRunCache: No test found corresponding to testResult 'CreateCartTest' in inProgress list.
TpTrace Verbose: 0 : 24256, 14, 2024/04/26, 07:25:17.384, 6779865113638, testhost.dll, TestExecutionRecorder.RecordStart: Starting test: ShoppingBLTets.CartBLTest.UpdateCartItemFailTest.
TpTrace Verbose: 0 : 24256, 14, 2024/04/26, 07:25:17.384, 6779865121730, testhost.dll, MulticastDelegateUtilities.SafeInvoke: TestCaseEventsHandler.RaiseTestCaseStart: Invoking callback 1/1 for Microsoft.VisualStudio.TestPlatform.CrossPlatEngine.DataCollection.ProxyOutOfProcDataCollectionManager., took 0 ms.
TpTrace Verbose: 0 : 24256, 14, 2024/04/26, 07:25:17.395, 6779865228177, testhost.dll, TestExecutionRecorder.RecordEnd: test: ShoppingBLTets.CartBLTest.UpdateCartItemFailTest execution completed.
TpTrace Verbose: 0 : 24256, 14, 2024/04/26, 07:25:17.396, 6779865240760, testhost.dll, MulticastDelegateUtilities.SafeInvoke: TestCaseEventsHandler.RaiseTestCaseEnd: Invoking callback 1/1 for Microsoft.VisualStudio.TestPlatform.CrossPlatEngine.DataCollection.ProxyOutOfProcDataCollectionManager., took 1 ms.
TpTrace Verbose: 0 : 24256, 14, 2024/04/26, 07:25:17.396, 6779865241308, testhost.dll, TestExecutionRecorder.RecordResult: Received result for test: ShoppingBLTets.CartBLTest.UpdateCartItemFailTest.
TpTrace Verbose: 0 : 24256, 14, 2024/04/26, 07:25:17.396, 6779865241646, testhost.dll, MulticastDelegateUtilities.SafeInvoke: TestCaseEventsHandler.RaiseTestCaseEnd: Invoking callback 1/1 for Microsoft.VisualStudio.TestPlatform.CrossPlatEngine.DataCollection.ProxyOutOfProcDataCollectionManager., took 0 ms.
TpTrace Warning: 0 : 24256, 14, 2024/04/26, 07:25:17.397, 6779865241924, testhost.dll, TestRunCache: InProgressTests is null
TpTrace Warning: 0 : 24256, 14, 2024/04/26, 07:25:17.397, 6779865242132, testhost.dll, TestRunCache: No test found corresponding to testResult 'UpdateCartItemFailTest' in inProgress list.
TpTrace Verbose: 0 : 24256, 14, 2024/04/26, 07:25:17.397, 6779865242836, testhost.dll, TestExecutionRecorder.RecordStart: Starting test: ShoppingBLTets.CartBLTest.UpdateCartItemTest.
TpTrace Verbose: 0 : 24256, 14, 2024/04/26, 07:25:17.398, 6779865252549, testhost.dll, MulticastDelegateUtilities.SafeInvoke: TestCaseEventsHandler.RaiseTestCaseStart: Invoking callback 1/1 for Microsoft.VisualStudio.TestPlatform.CrossPlatEngine.DataCollection.ProxyOutOfProcDataCollectionManager., took 0 ms.
TpTrace Verbose: 0 : 24256, 14, 2024/04/26, 07:25:17.398, 6779865253979, testhost.dll, TestExecutionRecorder.RecordEnd: test: ShoppingBLTets.CartBLTest.UpdateCartItemTest execution completed.
TpTrace Verbose: 0 : 24256, 14, 2024/04/26, 07:25:17.399, 6779865263637, testhost.dll, MulticastDelegateUtilities.SafeInvoke: TestCaseEventsHandler.RaiseTestCaseEnd: Invoking callback 1/1 for Microsoft.VisualStudio.TestPlatform.CrossPlatEngine.DataCollection.ProxyOutOfProcDataCollectionManager., took 0 ms.
TpTrace Verbose: 0 : 24256, 14, 2024/04/26, 07:25:17.399, 6779865264075, testhost.dll, TestExecutionRecorder.RecordResult: Received result for test: ShoppingBLTets.CartBLTest.UpdateCartItemTest.
TpTrace Verbose: 0 : 24256, 14, 2024/04/26, 07:25:17.399, 6779865264358, testhost.dll, MulticastDelegateUtilities.SafeInvoke: TestCaseEventsHandler.RaiseTestCaseEnd: Invoking callback 1/1 for Microsoft.VisualStudio.TestPlatform.CrossPlatEngine.DataCollection.ProxyOutOfProcDataCollectionManager., took 0 ms.
TpTrace Warning: 0 : 24256, 14, 2024/04/26, 07:25:17.399, 6779865264610, testhost.dll, TestRunCache: InProgressTests is null
TpTrace Warning: 0 : 24256, 14, 2024/04/26, 07:25:17.399, 6779865264816, testhost.dll, TestRunCache: No test found corresponding to testResult 'UpdateCartItemTest' in inProgress list.
TpTrace Verbose: 0 : 24256, 14, 2024/04/26, 07:25:17.399, 6779865271103, testhost.dll, TestExecutionRecorder.RecordStart: Starting test: ShoppingBLTets.CustomerBLTest.AddCustomerTest.
TpTrace Verbose: 0 : 24256, 14, 2024/04/26, 07:25:17.400, 6779865280229, testhost.dll, MulticastDelegateUtilities.SafeInvoke: TestCaseEventsHandler.RaiseTestCaseStart: Invoking callback 1/1 for Microsoft.VisualStudio.TestPlatform.CrossPlatEngine.DataCollection.ProxyOutOfProcDataCollectionManager., took 0 ms.
TpTrace Verbose: 0 : 24256, 14, 2024/04/26, 07:25:17.400, 6779865281684, testhost.dll, TestExecutionRecorder.RecordEnd: test: ShoppingBLTets.CustomerBLTest.AddCustomerTest execution completed.
TpTrace Verbose: 0 : 24256, 14, 2024/04/26, 07:25:17.401, 6779865291440, testhost.dll, MulticastDelegateUtilities.SafeInvoke: TestCaseEventsHandler.RaiseTestCaseEnd: Invoking callback 1/1 for Microsoft.VisualStudio.TestPlatform.CrossPlatEngine.DataCollection.ProxyOutOfProcDataCollectionManager., took 0 ms.
TpTrace Verbose: 0 : 24256, 14, 2024/04/26, 07:25:17.402, 6779865291896, testhost.dll, TestExecutionRecorder.RecordResult: Received result for test: ShoppingBLTets.CustomerBLTest.AddCustomerTest.
TpTrace Verbose: 0 : 24256, 14, 2024/04/26, 07:25:17.402, 6779865292181, testhost.dll, MulticastDelegateUtilities.SafeInvoke: TestCaseEventsHandler.RaiseTestCaseEnd: Invoking callback 1/1 for Microsoft.VisualStudio.TestPlatform.CrossPlatEngine.DataCollection.ProxyOutOfProcDataCollectionManager., took 0 ms.
TpTrace Warning: 0 : 24256, 14, 2024/04/26, 07:25:17.402, 6779865292469, testhost.dll, TestRunCache: InProgressTests is null
TpTrace Warning: 0 : 24256, 14, 2024/04/26, 07:25:17.402, 6779865292696, testhost.dll, TestRunCache: No test found corresponding to testResult 'AddCustomerTest' in inProgress list.
TpTrace Verbose: 0 : 24256, 14, 2024/04/26, 07:25:17.402, 6779865293258, testhost.dll, TestExecutionRecorder.RecordStart: Starting test: ShoppingBLTets.CustomerBLTest.DeleteCustomerTest.
TpTrace Verbose: 0 : 24256, 14, 2024/04/26, 07:25:17.403, 6779865302674, testhost.dll, MulticastDelegateUtilities.SafeInvoke: TestCaseEventsHandler.RaiseTestCaseStart: Invoking callback 1/1 for Microsoft.VisualStudio.TestPlatform.CrossPlatEngine.DataCollection.ProxyOutOfProcDataCollectionManager., took 0 ms.
TpTrace Verbose: 0 : 24256, 14, 2024/04/26, 07:25:17.403, 6779865303962, testhost.dll, TestExecutionRecorder.RecordEnd: test: ShoppingBLTets.CustomerBLTest.DeleteCustomerTest execution completed.
TpTrace Verbose: 0 : 24256, 14, 2024/04/26, 07:25:17.404, 6779865313642, testhost.dll, MulticastDelegateUtilities.SafeInvoke: TestCaseEventsHandler.RaiseTestCaseEnd: Invoking callback 1/1 for Microsoft.VisualStudio.TestPlatform.CrossPlatEngine.DataCollection.ProxyOutOfProcDataCollectionManager., took 0 ms.
TpTrace Verbose: 0 : 24256, 14, 2024/04/26, 07:25:17.404, 6779865314081, testhost.dll, TestExecutionRecorder.RecordResult: Received result for test: ShoppingBLTets.CustomerBLTest.DeleteCustomerTest.
TpTrace Verbose: 0 : 24256, 14, 2024/04/26, 07:25:17.404, 6779865314367, testhost.dll, MulticastDelegateUtilities.SafeInvoke: TestCaseEventsHandler.RaiseTestCaseEnd: Invoking callback 1/1 for Microsoft.VisualStudio.TestPlatform.CrossPlatEngine.DataCollection.ProxyOutOfProcDataCollectionManager., took 0 ms.
TpTrace Warning: 0 : 24256, 14, 2024/04/26, 07:25:17.404, 6779865314610, testhost.dll, TestRunCache: InProgressTests is null
TpTrace Warning: 0 : 24256, 14, 2024/04/26, 07:25:17.404, 6779865314811, testhost.dll, TestRunCache: No test found corresponding to testResult 'DeleteCustomerTest' in inProgress list.
TpTrace Verbose: 0 : 24256, 14, 2024/04/26, 07:25:17.404, 6779865315341, testhost.dll, TestExecutionRecorder.RecordStart: Starting test: ShoppingBLTets.CustomerBLTest.GetAllCustomerTest.
TpTrace Verbose: 0 : 24256, 14, 2024/04/26, 07:25:17.405, 6779865324244, testhost.dll, MulticastDelegateUtilities.SafeInvoke: TestCaseEventsHandler.RaiseTestCaseStart: Invoking callback 1/1 for Microsoft.VisualStudio.TestPlatform.CrossPlatEngine.DataCollection.ProxyOutOfProcDataCollectionManager., took 0 ms.
TpTrace Verbose: 0 : 24256, 14, 2024/04/26, 07:25:17.405, 6779865325500, testhost.dll, TestExecutionRecorder.RecordEnd: test: ShoppingBLTets.CustomerBLTest.GetAllCustomerTest execution completed.
TpTrace Verbose: 0 : 24256, 14, 2024/04/26, 07:25:17.406, 6779865334492, testhost.dll, MulticastDelegateUtilities.SafeInvoke: TestCaseEventsHandler.RaiseTestCaseEnd: Invoking callback 1/1 for Microsoft.VisualStudio.TestPlatform.CrossPlatEngine.DataCollection.ProxyOutOfProcDataCollectionManager., took 0 ms.
TpTrace Verbose: 0 : 24256, 14, 2024/04/26, 07:25:17.406, 6779865334942, testhost.dll, TestExecutionRecorder.RecordResult: Received result for test: ShoppingBLTets.CustomerBLTest.GetAllCustomerTest.
TpTrace Verbose: 0 : 24256, 14, 2024/04/26, 07:25:17.406, 6779865335224, testhost.dll, MulticastDelegateUtilities.SafeInvoke: TestCaseEventsHandler.RaiseTestCaseEnd: Invoking callback 1/1 for Microsoft.VisualStudio.TestPlatform.CrossPlatEngine.DataCollection.ProxyOutOfProcDataCollectionManager., took 0 ms.
TpTrace Warning: 0 : 24256, 14, 2024/04/26, 07:25:17.406, 6779865335468, testhost.dll, TestRunCache: InProgressTests is null
TpTrace Warning: 0 : 24256, 14, 2024/04/26, 07:25:17.406, 6779865335672, testhost.dll, TestRunCache: No test found corresponding to testResult 'GetAllCustomerTest' in inProgress list.
TpTrace Verbose: 0 : 24256, 14, 2024/04/26, 07:25:17.406, 6779865336247, testhost.dll, TestExecutionRecorder.RecordStart: Starting test: ShoppingBLTets.CustomerBLTest.GetCustomerTest.
TpTrace Information: 0 : 24256, 14, 2024/04/26, 07:25:17.408, 6779865353149, testhost.dll, Sending test run statistics
TpTrace Verbose: 0 : 24256, 14, 2024/04/26, 07:25:17.425, 6779865522562, testhost.dll, TestRequestHandler.SendData: sending data from testhost: {"Version":7,"MessageType":"TestExecution.StatsChange","Payload":{"NewTestResults":[{"TestCase":{"Id":"83fb54a5-887f-cbb6-13d2-7b58e5f91bcc","FullyQualifiedName":"ShoppingBLTets.CartBLTest.AddCartItemFailTest","DisplayName":"AddCartItemFailTest","ExecutorUri":"executor://NUnit3TestExecutor","Source":"C:\\Users\\VC\\codestack\\GenSpark\\day11\\ShoppingSolution\\ShoppingBLTets\\bin\\Debug\\net6.0\\fine-code-coverage\\build-output\\ShoppingBLTets.dll","CodeFilePath":null,"LineNumber":0,"Properties":[{"Key":{"Id":"NUnit.Seed","Label":"Seed","Category":"","Description":"","Attributes":0,"ValueType":"System.String"},"Value":"1502925755"}]},"Attachments":[],"Outcome":1,"ErrorMessage":null,"ErrorStackTrace":null,"DisplayName":"AddCartItemFailTest","Messages":[],"ComputerName":"J9GCBX3","Duration":"00:00:00.0164620","StartTime":"2024-04-26T01:55:17.3194309+00:00","EndTime":"2024-04-26T01:55:17.3358425+00:00","Properties":[{"Key":{"Id":"NUnit.Seed","Label":"Seed","Category":"","Description":"","Attributes":0,"ValueType":"System.String"},"Value":"1502925755"}]},{"TestCase":{"Id":"62353e63-26c7-a811-9b42-7298a81aa895","FullyQualifiedName":"ShoppingBLTets.CartBLTest.AddCartItemTest","DisplayName":"AddCartItemTest","ExecutorUri":"executor://NUnit3TestExecutor","Source":"C:\\Users\\VC\\codestack\\GenSpark\\day11\\ShoppingSolution\\ShoppingBLTets\\bin\\Debug\\net6.0\\fine-code-coverage\\build-output\\ShoppingBLTets.dll","CodeFilePath":null,"LineNumber":0,"Properties":[{"Key":{"Id":"NUnit.Seed","Label":"Seed","Category":"","Description":"","Attributes":0,"ValueType":"System.String"},"Value":"1464039770"}]},"Attachments":[],"Outcome":1,"ErrorMessage":null,"ErrorStackTrace":null,"DisplayName":"AddCartItemTest","Messages":[],"ComputerName":"J9GCBX3","Duration":"00:00:00.0053800","StartTime":"2024-04-26T01:55:17.3368554+00:00","EndTime":"2024-04-26T01:55:17.3422351+00:00","Properties":[{"Key":{"Id":"NUnit.Seed","Label":"Seed","Category":"","Description":"","Attributes":0,"ValueType":"System.String"},"Value":"1464039770"}]},{"TestCase":{"Id":"039254a2-5048-e8fb-5def-c11b9ef10b29","FullyQualifiedName":"ShoppingBLTets.CartBLTest.CreateCartFailTest","DisplayName":"CreateCartFailTest","ExecutorUri":"executor://NUnit3TestExecutor","Source":"C:\\Users\\VC\\codestack\\GenSpark\\day11\\ShoppingSolution\\ShoppingBLTets\\bin\\Debug\\net6.0\\fine-code-coverage\\build-output\\ShoppingBLTets.dll","CodeFilePath":null,"LineNumber":0,"Properties":[{"Key":{"Id":"NUnit.Seed","Label":"Seed","Category":"","Description":"","Attributes":0,"ValueType":"System.String"},"Value":"723511963"}]},"Attachments":[],"Outcome":1,"ErrorMessage":null,"ErrorStackTrace":null,"DisplayName":"CreateCartFailTest","Messages":[],"ComputerName":"J9GCBX3","Duration":"00:00:00.0002350","StartTime":"2024-04-26T01:55:17.3422611+00:00","EndTime":"2024-04-26T01:55:17.342496+00:00","Properties":[{"Key":{"Id":"NUnit.Seed","Label":"Seed","Category":"","Description":"","Attributes":0,"ValueType":"System.String"},"Value":"723511963"}]},{"TestCase":{"Id":"9efd4c0d-ba49-1d35-ccf1-4fc6cf0f8ff8","FullyQualifiedName":"ShoppingBLTets.CartBLTest.CreateCartTest","DisplayName":"CreateCartTest","ExecutorUri":"executor://NUnit3TestExecutor","Source":"C:\\Users\\VC\\codestack\\GenSpark\\day11\\ShoppingSolution\\ShoppingBLTets\\bin\\Debug\\net6.0\\fine-code-coverage\\build-output\\ShoppingBLTets.dll","CodeFilePath":null,"LineNumber":0,"Properties":[{"Key":{"Id":"NUnit.Seed","Label":"Seed","Category":"","Description":"","Attributes":0,"ValueType":"System.String"},"Value":"1763582681"}]},"Attachments":[],"Outcome":1,"ErrorMessage":null,"ErrorStackTrace":null,"DisplayName":"CreateCartTest","Messages":[],"ComputerName":"J9GCBX3","Duration":"00:00:00.0000910","StartTime":"2024-04-26T01:55:17.3425059+00:00","EndTime":"2024-04-26T01:55:17.3425972+00:00","Properties":[{"Key":{"Id":"NUnit.Seed","Label":"Seed","Category":"","Description":"","Attributes":0,"ValueType":"System.String"},"Value":"1763582681"}]},{"TestCase":{"Id":"116dfd16-9f98-6b72-a53c-c80f7b2ebda8","FullyQualifiedName":"ShoppingBLTets.CartBLTest.UpdateCartItemFailTest","DisplayName":"UpdateCartItemFailTest","ExecutorUri":"executor://NUnit3TestExecutor","Source":"C:\\Users\\VC\\codestack\\GenSpark\\day11\\ShoppingSolution\\ShoppingBLTets\\bin\\Debug\\net6.0\\fine-code-coverage\\build-output\\ShoppingBLTets.dll","CodeFilePath":null,"LineNumber":0,"Properties":[{"Key":{"Id":"NUnit.Seed","Label":"Seed","Category":"","Description":"","Attributes":0,"ValueType":"System.String"},"Value":"223272647"}]},"Attachments":[],"Outcome":2,"ErrorMessage":"  Expected: <ShoppingModelLib.Exceptions.NoProductWithGiveIdException>\r\n  But was:  null\r\n","ErrorStackTrace":"   at ShoppingBLTets.CartBLTest.UpdateCartItemFailTest() in C:\\Users\\VC\\codestack\\GenSpark\\day11\\ShoppingSolution\\ShoppingBLTets\\CartBLTest.cs:line 83\r\n\n1)    at ShoppingBLTets.CartBLTest.UpdateCartItemFailTest() in C:\\Users\\VC\\codestack\\GenSpark\\day11\\ShoppingSolution\\ShoppingBLTets\\CartBLTest.cs:line 83\r\n\n","DisplayName":"UpdateCartItemFailTest","Messages":[],"ComputerName":"J9GCBX3","Duration":"00:00:00.0253600","StartTime":"2024-04-26T01:55:17.3426044+00:00","EndTime":"2024-04-26T01:55:17.3679636+00:00","Properties":[{"Key":{"Id":"NUnit.Seed","Label":"Seed","Category":"","Description":"","Attributes":0,"ValueType":"System.String"},"Value":"223272647"}]},{"TestCase":{"Id":"fb6ba847-8472-3e08-76a2-cebff92a1074","FullyQualifiedName":"ShoppingBLTets.CartBLTest.UpdateCartItemTest","DisplayName":"UpdateCartItemTest","ExecutorUri":"executor://NUnit3TestExecutor","Source":"C:\\Users\\VC\\codestack\\GenSpark\\day11\\ShoppingSolution\\ShoppingBLTets\\bin\\Debug\\net6.0\\fine-code-coverage\\build-output\\ShoppingBLTets.dll","CodeFilePath":null,"LineNumber":0,"Properties":[{"Key":{"Id":"NUnit.Seed","Label":"Seed","Category":"","Description":"","Attributes":0,"ValueType":"System.String"},"Value":"600170170"}]},"Attachments":[],"Outcome":1,"ErrorMessage":null,"ErrorStackTrace":null,"DisplayName":"UpdateCartItemTest","Messages":[],"ComputerName":"J9GCBX3","Duration":"00:00:00.0002010","StartTime":"2024-04-26T01:55:17.3680569+00:00","EndTime":"2024-04-26T01:55:17.3682575+00:00","Properties":[{"Key":{"Id":"NUnit.Seed","Label":"Seed","Category":"","Description":"","Attributes":0,"ValueType":"System.String"},"Value":"600170170"}]},{"TestCase":{"Id":"8dd508c0-a8ab-b798-a64c-68f1ba8c5eee","FullyQualifiedName":"ShoppingBLTets.CustomerBLTest.AddCustomerTest","DisplayName":"AddCustomerTest","ExecutorUri":"executor://NUnit3TestExecutor","Source":"C:\\Users\\VC\\codestack\\GenSpark\\day11\\ShoppingSolution\\ShoppingBLTets\\bin\\Debug\\net6.0\\fine-code-coverage\\build-output\\ShoppingBLTets.dll","CodeFilePath":null,"LineNumber":0,"Properties":[{"Key":{"Id":"NUnit.Seed","Label":"Seed","Category":"","Description":"","Attributes":0,"ValueType":"System.String"},"Value":"644616248"}]},"Attachments":[],"Outcome":1,"ErrorMessage":null,"ErrorStackTrace":null,"DisplayName":"AddCustomerTest","Messages":[],"ComputerName":"J9GCBX3","Duration":"00:00:00.0001700","StartTime":"2024-04-26T01:55:17.3699011+00:00","EndTime":"2024-04-26T01:55:17.3700708+00:00","Properties":[{"Key":{"Id":"NUnit.Seed","Label":"Seed","Category":"","Description":"","Attributes":0,"ValueType":"System.String"},"Value":"644616248"}]},{"TestCase":{"Id":"05d1e830-e1a1-6a72-b85f-0d533931ef6e","FullyQualifiedName":"ShoppingBLTets.CustomerBLTest.DeleteCustomerTest","DisplayName":"DeleteCustomerTest","ExecutorUri":"executor://NUnit3TestExecutor","Source":"C:\\Users\\VC\\codestack\\GenSpark\\day11\\ShoppingSolution\\ShoppingBLTets\\bin\\Debug\\net6.0\\fine-code-coverage\\build-output\\ShoppingBLTets.dll","CodeFilePath":null,"LineNumber":0,"Properties":[{"Key":{"Id":"NUnit.Seed","Label":"Seed","Category":"","Description":"","Attributes":0,"ValueType":"System.String"},"Value":"530136030"}]},"Attachments":[],"Outcome":1,"ErrorMessage":null,"ErrorStackTrace":null,"DisplayName":"DeleteCustomerTest","Messages":[],"ComputerName":"J9GCBX3","Duration":"00:00:00.0004510","StartTime":"2024-04-26T01:55:17.3700796+00:00","EndTime":"2024-04-26T01:55:17.37053+00:00","Properties":[{"Key":{"Id":"NUnit.Seed","Label":"Seed","Category":"","Description":"","Attributes":0,"ValueType":"System.String"},"Value":"530136030"}]},{"TestCase":{"Id":"20c41af1-bffc-483f-a2b1-08da04bc7026","FullyQualifiedName":"ShoppingBLTets.CustomerBLTest.GetAllCustomerTest","DisplayName":"GetAllCustomerTest","ExecutorUri":"executor://NUnit3TestExecutor","Source":"C:\\Users\\VC\\codestack\\GenSpark\\day11\\ShoppingSolution\\ShoppingBLTets\\bin\\Debug\\net6.0\\fine-code-coverage\\build-output\\ShoppingBLTets.dll","CodeFilePath":null,"LineNumber":0,"Properties":[{"Key":{"Id":"NUnit.Seed","Label":"Seed","Category":"","Description":"","Attributes":0,"ValueType":"System.String"},"Value":"839854217"}]},"Attachments":[],"Outcome":1,"ErrorMessage":null,"ErrorStackTrace":null,"DisplayName":"GetAllCustomerTest","Messages":[],"ComputerName":"J9GCBX3","Duration":"00:00:00.0002910","StartTime":"2024-04-26T01:55:17.3705393+00:00","EndTime":"2024-04-26T01:55:17.3708303+00:00","Properties":[{"Key":{"Id":"NUnit.Seed","Label":"Seed","Category":"","Description":"","Attributes":0,"ValueType":"System.String"},"Value":"839854217"}]}],"TestRunStatistics":{"ExecutedTests":9,"Stats":{"Passed":8,"Failed":1}},"ActiveTests":[{"Id":"8c645aae-a328-0315-c220-9c2fcb64a384","FullyQualifiedName":"ShoppingBLTets.CustomerBLTest.GetCustomerTest","DisplayName":"GetCustomerTest","ExecutorUri":"executor://NUnit3TestExecutor","Source":"C:\\Users\\VC\\codestack\\GenSpark\\day11\\ShoppingSolution\\ShoppingBLTets\\bin\\Debug\\net6.0\\fine-code-coverage\\build-output\\ShoppingBLTets.dll","CodeFilePath":null,"LineNumber":0,"Properties":[{"Key":{"Id":"NUnit.Seed","Label":"Seed","Category":"","Description":"","Attributes":0,"ValueType":"System.String"},"Value":"868270855"}]}]}}
TpTrace Verbose: 0 : 24256, 14, 2024/04/26, 07:25:17.425, 6779865525063, testhost.dll, TestRunCache: OnNewTestResult: Notified the onCacheHit callback.
TpTrace Verbose: 0 : 24256, 14, 2024/04/26, 07:25:17.426, 6779865540546, testhost.dll, MulticastDelegateUtilities.SafeInvoke: TestCaseEventsHandler.RaiseTestCaseStart: Invoking callback 1/1 for Microsoft.VisualStudio.TestPlatform.CrossPlatEngine.DataCollection.ProxyOutOfProcDataCollectionManager., took 1 ms.
TpTrace Verbose: 0 : 24256, 14, 2024/04/26, 07:25:17.427, 6779865542918, testhost.dll, TestExecutionRecorder.RecordEnd: test: ShoppingBLTets.CustomerBLTest.GetCustomerTest execution completed.
TpTrace Warning: 0 : 24256, 14, 2024/04/26, 07:25:17.427, 6779865543237, testhost.dll, TestRunCache: InProgressTests is null
TpTrace Verbose: 0 : 24256, 14, 2024/04/26, 07:25:17.428, 6779865556953, testhost.dll, MulticastDelegateUtilities.SafeInvoke: TestCaseEventsHandler.RaiseTestCaseEnd: Invoking callback 1/1 for Microsoft.VisualStudio.TestPlatform.CrossPlatEngine.DataCollection.ProxyOutOfProcDataCollectionManager., took 1 ms.
TpTrace Verbose: 0 : 24256, 14, 2024/04/26, 07:25:17.428, 6779865557432, testhost.dll, TestExecutionRecorder.RecordResult: Received result for test: ShoppingBLTets.CustomerBLTest.GetCustomerTest.
TpTrace Verbose: 0 : 24256, 14, 2024/04/26, 07:25:17.428, 6779865557800, testhost.dll, MulticastDelegateUtilities.SafeInvoke: TestCaseEventsHandler.RaiseTestCaseEnd: Invoking callback 1/1 for Microsoft.VisualStudio.TestPlatform.CrossPlatEngine.DataCollection.ProxyOutOfProcDataCollectionManager., took 0 ms.
TpTrace Warning: 0 : 24256, 14, 2024/04/26, 07:25:17.428, 6779865558082, testhost.dll, TestRunCache: InProgressTests is null
TpTrace Warning: 0 : 24256, 14, 2024/04/26, 07:25:17.428, 6779865558286, testhost.dll, TestRunCache: No test found corresponding to testResult 'GetCustomerTest' in inProgress list.
TpTrace Verbose: 0 : 24256, 14, 2024/04/26, 07:25:17.428, 6779865559211, testhost.dll, TestExecutionRecorder.RecordStart: Starting test: ShoppingBLTets.CustomerBLTest.UpdateCustomerTest.
TpTrace Verbose: 0 : 24256, 14, 2024/04/26, 07:25:17.430, 6779865572486, testhost.dll, MulticastDelegateUtilities.SafeInvoke: TestCaseEventsHandler.RaiseTestCaseStart: Invoking callback 1/1 for Microsoft.VisualStudio.TestPlatform.CrossPlatEngine.DataCollection.ProxyOutOfProcDataCollectionManager., took 1 ms.
TpTrace Verbose: 0 : 24256, 14, 2024/04/26, 07:25:17.430, 6779865574343, testhost.dll, TestExecutionRecorder.RecordEnd: test: ShoppingBLTets.CustomerBLTest.UpdateCustomerTest execution completed.
TpTrace Verbose: 0 : 24256, 14, 2024/04/26, 07:25:17.431, 6779865586722, testhost.dll, MulticastDelegateUtilities.SafeInvoke: TestCaseEventsHandler.RaiseTestCaseEnd: Invoking callback 1/1 for Microsoft.VisualStudio.TestPlatform.CrossPlatEngine.DataCollection.ProxyOutOfProcDataCollectionManager., took 1 ms.
TpTrace Verbose: 0 : 24256, 14, 2024/04/26, 07:25:17.431, 6779865587257, testhost.dll, TestExecutionRecorder.RecordResult: Received result for test: ShoppingBLTets.CustomerBLTest.UpdateCustomerTest.
TpTrace Verbose: 0 : 24256, 14, 2024/04/26, 07:25:17.431, 6779865587557, testhost.dll, MulticastDelegateUtilities.SafeInvoke: TestCaseEventsHandler.RaiseTestCaseEnd: Invoking callback 1/1 for Microsoft.VisualStudio.TestPlatform.CrossPlatEngine.DataCollection.ProxyOutOfProcDataCollectionManager., took 0 ms.
TpTrace Warning: 0 : 24256, 14, 2024/04/26, 07:25:17.431, 6779865587812, testhost.dll, TestRunCache: InProgressTests is null
TpTrace Warning: 0 : 24256, 14, 2024/04/26, 07:25:17.431, 6779865588016, testhost.dll, TestRunCache: No test found corresponding to testResult 'UpdateCustomerTest' in inProgress list.
TpTrace Verbose: 0 : 24256, 14, 2024/04/26, 07:25:17.431, 6779865590242, testhost.dll, TestExecutionRecorder.RecordStart: Starting test: ShoppingBLTets.ProductBLTest.AddProductTest.
TpTrace Verbose: 0 : 24256, 14, 2024/04/26, 07:25:17.433, 6779865603415, testhost.dll, MulticastDelegateUtilities.SafeInvoke: TestCaseEventsHandler.RaiseTestCaseStart: Invoking callback 1/1 for Microsoft.VisualStudio.TestPlatform.CrossPlatEngine.DataCollection.ProxyOutOfProcDataCollectionManager., took 1 ms.
TpTrace Verbose: 0 : 24256, 14, 2024/04/26, 07:25:17.433, 6779865605414, testhost.dll, TestExecutionRecorder.RecordEnd: test: ShoppingBLTets.ProductBLTest.AddProductTest execution completed.
TpTrace Verbose: 0 : 24256, 14, 2024/04/26, 07:25:17.434, 6779865618986, testhost.dll, MulticastDelegateUtilities.SafeInvoke: TestCaseEventsHandler.RaiseTestCaseEnd: Invoking callback 1/1 for Microsoft.VisualStudio.TestPlatform.CrossPlatEngine.DataCollection.ProxyOutOfProcDataCollectionManager., took 1 ms.
TpTrace Verbose: 0 : 24256, 14, 2024/04/26, 07:25:17.434, 6779865619520, testhost.dll, TestExecutionRecorder.RecordResult: Received result for test: ShoppingBLTets.ProductBLTest.AddProductTest.
TpTrace Verbose: 0 : 24256, 14, 2024/04/26, 07:25:17.434, 6779865619890, testhost.dll, MulticastDelegateUtilities.SafeInvoke: TestCaseEventsHandler.RaiseTestCaseEnd: Invoking callback 1/1 for Microsoft.VisualStudio.TestPlatform.CrossPlatEngine.DataCollection.ProxyOutOfProcDataCollectionManager., took 0 ms.
TpTrace Warning: 0 : 24256, 14, 2024/04/26, 07:25:17.434, 6779865620152, testhost.dll, TestRunCache: InProgressTests is null
TpTrace Warning: 0 : 24256, 14, 2024/04/26, 07:25:17.434, 6779865620354, testhost.dll, TestRunCache: No test found corresponding to testResult 'AddProductTest' in inProgress list.
TpTrace Verbose: 0 : 24256, 14, 2024/04/26, 07:25:17.434, 6779865621186, testhost.dll, TestExecutionRecorder.RecordStart: Starting test: ShoppingBLTets.ProductBLTest.DeleteProductTest.
TpTrace Verbose: 0 : 24256, 14, 2024/04/26, 07:25:17.439, 6779865671163, testhost.dll, MulticastDelegateUtilities.SafeInvoke: TestCaseEventsHandler.RaiseTestCaseStart: Invoking callback 1/1 for Microsoft.VisualStudio.TestPlatform.CrossPlatEngine.DataCollection.ProxyOutOfProcDataCollectionManager., took 4 ms.
TpTrace Verbose: 0 : 24256, 14, 2024/04/26, 07:25:17.440, 6779865674521, testhost.dll, TestExecutionRecorder.RecordEnd: test: ShoppingBLTets.ProductBLTest.DeleteProductTest execution completed.
TpTrace Verbose: 0 : 24256, 14, 2024/04/26, 07:25:17.441, 6779865688939, testhost.dll, MulticastDelegateUtilities.SafeInvoke: TestCaseEventsHandler.RaiseTestCaseEnd: Invoking callback 1/1 for Microsoft.VisualStudio.TestPlatform.CrossPlatEngine.DataCollection.ProxyOutOfProcDataCollectionManager., took 1 ms.
TpTrace Verbose: 0 : 24256, 14, 2024/04/26, 07:25:17.441, 6779865689829, testhost.dll, TestExecutionRecorder.RecordResult: Received result for test: ShoppingBLTets.ProductBLTest.DeleteProductTest.
TpTrace Verbose: 0 : 24256, 14, 2024/04/26, 07:25:17.441, 6779865690326, testhost.dll, MulticastDelegateUtilities.SafeInvoke: TestCaseEventsHandler.RaiseTestCaseEnd: Invoking callback 1/1 for Microsoft.VisualStudio.TestPlatform.CrossPlatEngine.DataCollection.ProxyOutOfProcDataCollectionManager., took 0 ms.
TpTrace Warning: 0 : 24256, 14, 2024/04/26, 07:25:17.441, 6779865690718, testhost.dll, TestRunCache: InProgressTests is null
TpTrace Warning: 0 : 24256, 14, 2024/04/26, 07:25:17.441, 6779865691046, testhost.dll, TestRunCache: No test found corresponding to testResult 'DeleteProductTest' in inProgress list.
TpTrace Verbose: 0 : 24256, 14, 2024/04/26, 07:25:17.442, 6779865692467, testhost.dll, TestExecutionRecorder.RecordStart: Starting test: ShoppingBLTets.ProductBLTest.GetAllProductTest.
TpTrace Verbose: 0 : 24256, 14, 2024/04/26, 07:25:17.443, 6779865703073, testhost.dll, MulticastDelegateUtilities.SafeInvoke: TestCaseEventsHandler.RaiseTestCaseStart: Invoking callback 1/1 for Microsoft.VisualStudio.TestPlatform.CrossPlatEngine.DataCollection.ProxyOutOfProcDataCollectionManager., took 0 ms.
TpTrace Verbose: 0 : 24256, 14, 2024/04/26, 07:25:17.443, 6779865705856, testhost.dll, TestExecutionRecorder.RecordEnd: test: ShoppingBLTets.ProductBLTest.GetAllProductTest execution completed.
TpTrace Verbose: 0 : 24256, 14, 2024/04/26, 07:25:17.444, 6779865718756, testhost.dll, MulticastDelegateUtilities.SafeInvoke: TestCaseEventsHandler.RaiseTestCaseEnd: Invoking callback 1/1 for Microsoft.VisualStudio.TestPlatform.CrossPlatEngine.DataCollection.ProxyOutOfProcDataCollectionManager., took 1 ms.
TpTrace Verbose: 0 : 24256, 14, 2024/04/26, 07:25:17.444, 6779865720206, testhost.dll, TestExecutionRecorder.RecordResult: Received result for test: ShoppingBLTets.ProductBLTest.GetAllProductTest.
TpTrace Verbose: 0 : 24256, 14, 2024/04/26, 07:25:17.444, 6779865720820, testhost.dll, MulticastDelegateUtilities.SafeInvoke: TestCaseEventsHandler.RaiseTestCaseEnd: Invoking callback 1/1 for Microsoft.VisualStudio.TestPlatform.CrossPlatEngine.DataCollection.ProxyOutOfProcDataCollectionManager., took 0 ms.
TpTrace Warning: 0 : 24256, 14, 2024/04/26, 07:25:17.444, 6779865721552, testhost.dll, TestRunCache: InProgressTests is null
TpTrace Warning: 0 : 24256, 14, 2024/04/26, 07:25:17.445, 6779865721899, testhost.dll, TestRunCache: No test found corresponding to testResult 'GetAllProductTest' in inProgress list.
TpTrace Verbose: 0 : 24256, 14, 2024/04/26, 07:25:17.445, 6779865723174, testhost.dll, TestExecutionRecorder.RecordStart: Starting test: ShoppingBLTets.ProductBLTest.GetProductTest.
TpTrace Verbose: 0 : 24256, 14, 2024/04/26, 07:25:17.446, 6779865732140, testhost.dll, MulticastDelegateUtilities.SafeInvoke: TestCaseEventsHandler.RaiseTestCaseStart: Invoking callback 1/1 for Microsoft.VisualStudio.TestPlatform.CrossPlatEngine.DataCollection.ProxyOutOfProcDataCollectionManager., took 0 ms.
TpTrace Verbose: 0 : 24256, 14, 2024/04/26, 07:25:17.446, 6779865735704, testhost.dll, TestExecutionRecorder.RecordEnd: test: ShoppingBLTets.ProductBLTest.GetProductTest execution completed.
TpTrace Verbose: 0 : 24256, 14, 2024/04/26, 07:25:17.447, 6779865747430, testhost.dll, MulticastDelegateUtilities.SafeInvoke: TestCaseEventsHandler.RaiseTestCaseEnd: Invoking callback 1/1 for Microsoft.VisualStudio.TestPlatform.CrossPlatEngine.DataCollection.ProxyOutOfProcDataCollectionManager., took 1 ms.
TpTrace Verbose: 0 : 24256, 14, 2024/04/26, 07:25:17.447, 6779865748259, testhost.dll, TestExecutionRecorder.RecordResult: Received result for test: ShoppingBLTets.ProductBLTest.GetProductTest.
TpTrace Verbose: 0 : 24256, 14, 2024/04/26, 07:25:17.447, 6779865748794, testhost.dll, MulticastDelegateUtilities.SafeInvoke: TestCaseEventsHandler.RaiseTestCaseEnd: Invoking callback 1/1 for Microsoft.VisualStudio.TestPlatform.CrossPlatEngine.DataCollection.ProxyOutOfProcDataCollectionManager., took 0 ms.
TpTrace Warning: 0 : 24256, 14, 2024/04/26, 07:25:17.447, 6779865749276, testhost.dll, TestRunCache: InProgressTests is null
TpTrace Warning: 0 : 24256, 14, 2024/04/26, 07:25:17.447, 6779865749573, testhost.dll, TestRunCache: No test found corresponding to testResult 'GetProductTest' in inProgress list.
TpTrace Verbose: 0 : 24256, 14, 2024/04/26, 07:25:17.447, 6779865751189, testhost.dll, TestExecutionRecorder.RecordStart: Starting test: ShoppingBLTets.ProductBLTest.UpdateProductTest.
TpTrace Verbose: 0 : 24256, 14, 2024/04/26, 07:25:17.449, 6779865762388, testhost.dll, MulticastDelegateUtilities.SafeInvoke: TestCaseEventsHandler.RaiseTestCaseStart: Invoking callback 1/1 for Microsoft.VisualStudio.TestPlatform.CrossPlatEngine.DataCollection.ProxyOutOfProcDataCollectionManager., took 0 ms.
TpTrace Verbose: 0 : 24256, 14, 2024/04/26, 07:25:17.449, 6779865765639, testhost.dll, TestExecutionRecorder.RecordEnd: test: ShoppingBLTets.ProductBLTest.UpdateProductTest execution completed.
TpTrace Verbose: 0 : 24256, 14, 2024/04/26, 07:25:17.450, 6779865779447, testhost.dll, MulticastDelegateUtilities.SafeInvoke: TestCaseEventsHandler.RaiseTestCaseEnd: Invoking callback 1/1 for Microsoft.VisualStudio.TestPlatform.CrossPlatEngine.DataCollection.ProxyOutOfProcDataCollectionManager., took 1 ms.
TpTrace Verbose: 0 : 24256, 14, 2024/04/26, 07:25:17.450, 6779865780265, testhost.dll, TestExecutionRecorder.RecordResult: Received result for test: ShoppingBLTets.ProductBLTest.UpdateProductTest.
TpTrace Verbose: 0 : 24256, 14, 2024/04/26, 07:25:17.450, 6779865780861, testhost.dll, MulticastDelegateUtilities.SafeInvoke: TestCaseEventsHandler.RaiseTestCaseEnd: Invoking callback 1/1 for Microsoft.VisualStudio.TestPlatform.CrossPlatEngine.DataCollection.ProxyOutOfProcDataCollectionManager., took 0 ms.
TpTrace Warning: 0 : 24256, 14, 2024/04/26, 07:25:17.450, 6779865781275, testhost.dll, TestRunCache: InProgressTests is null
TpTrace Warning: 0 : 24256, 14, 2024/04/26, 07:25:17.450, 6779865781611, testhost.dll, TestRunCache: No test found corresponding to testResult 'UpdateProductTest' in inProgress list.
TpTrace Information: 0 : 24256, 4, 2024/04/26, 07:25:17.457, 6779865848211, testhost.dll, NUnit Adapter 4.4.0.0: Test execution complete
TpTrace Verbose: 0 : 24256, 4, 2024/04/26, 07:25:17.457, 6779865850556, testhost.dll, TestRequestHandler.SendData: sending data from testhost: {"Version":7,"MessageType":"TestSession.Message","Payload":{"MessageLevel":0,"Message":"NUnit Adapter 4.4.0.0: Test execution complete"}}
TpTrace Verbose: 0 : 24256, 4, 2024/04/26, 07:25:17.458, 6779865851864, testhost.dll, MulticastDelegateUtilities.SafeInvoke: TestRunMessageLoggerProxy.SendMessage: Invoking callback 1/1 for Microsoft.VisualStudio.TestPlatform.CrossPlatEngine.Execution.RunTestsWithSources., took 0 ms.
TpTrace Verbose: 0 : 24256, 4, 2024/04/26, 07:25:17.463, 6779865904911, testhost.dll, BaseRunTests.RunTestInternalWithExecutors: Completed running tests for executor://NUnit3TestExecutor
TpTrace Verbose: 0 : 24256, 4, 2024/04/26, 07:25:17.464, 6779865913166, testhost.dll, MulticastDelegateUtilities.SafeInvoke: TestCaseEventsHandler.RaiseSessionEnd: Invoking callback 1/1 for Microsoft.VisualStudio.TestPlatform.CrossPlatEngine.DataCollection.ProxyOutOfProcDataCollectionManager., took 0 ms.
TpTrace Information: 0 : 24256, 4, 2024/04/26, 07:25:17.466, 6779865936315, testhost.dll, Sending test run complete
TpTrace Verbose: 0 : 24256, 4, 2024/04/26, 07:25:17.475, 6779866024763, testhost.dll, TestRequestHandler.SendData: sending data from testhost: {"Version":7,"MessageType":"TestExecution.Completed","Payload":{"TestRunCompleteArgs":{"TestRunStatistics":{"ExecutedTests":16,"Stats":{"Passed":15,"Failed":1}},"IsCanceled":false,"IsAborted":false,"Error":null,"AttachmentSets":[],"InvokedDataCollectors":[],"ElapsedTimeInRunningTests":"00:00:00.3295139","Metrics":{},"DiscoveredExtensions":{"TestDiscoverers":["NUnit.VisualStudio.TestAdapter.NUnit3TestDiscoverer, NUnit3.TestAdapter, Version=4.4.0.0, Culture=neutral, PublicKeyToken=4cb40d35494691ac"],"TestExecutors":["executor://NUnit3TestExecutor"],"TestExecutors2":[],"TestSettingsProviders":[]}},"LastRunTests":{"NewTestResults":[{"TestCase":{"Id":"8c645aae-a328-0315-c220-9c2fcb64a384","FullyQualifiedName":"ShoppingBLTets.CustomerBLTest.GetCustomerTest","DisplayName":"GetCustomerTest","ExecutorUri":"executor://NUnit3TestExecutor","Source":"C:\\Users\\VC\\codestack\\GenSpark\\day11\\ShoppingSolution\\ShoppingBLTets\\bin\\Debug\\net6.0\\fine-code-coverage\\build-output\\ShoppingBLTets.dll","CodeFilePath":null,"LineNumber":0,"Properties":[{"Key":{"Id":"NUnit.Seed","Label":"Seed","Category":"","Description":"","Attributes":0,"ValueType":"System.String"},"Value":"868270855"}]},"Attachments":[],"Outcome":1,"ErrorMessage":null,"ErrorStackTrace":null,"DisplayName":"GetCustomerTest","Messages":[],"ComputerName":"J9GCBX3","Duration":"00:00:00.0002010","StartTime":"2024-04-26T01:55:17.3708618+00:00","EndTime":"2024-04-26T01:55:17.371063+00:00","Properties":[{"Key":{"Id":"NUnit.Seed","Label":"Seed","Category":"","Description":"","Attributes":0,"ValueType":"System.String"},"Value":"868270855"}]},{"TestCase":{"Id":"eefe311c-2fe1-4ace-23c4-249c1f1d7663","FullyQualifiedName":"ShoppingBLTets.CustomerBLTest.UpdateCustomerTest","DisplayName":"UpdateCustomerTest","ExecutorUri":"executor://NUnit3TestExecutor","Source":"C:\\Users\\VC\\codestack\\GenSpark\\day11\\ShoppingSolution\\ShoppingBLTets\\bin\\Debug\\net6.0\\fine-code-coverage\\build-output\\ShoppingBLTets.dll","CodeFilePath":null,"LineNumber":0,"Properties":[{"Key":{"Id":"NUnit.Seed","Label":"Seed","Category":"","Description":"","Attributes":0,"ValueType":"System.String"},"Value":"1055973172"}]},"Attachments":[],"Outcome":1,"ErrorMessage":null,"ErrorStackTrace":null,"DisplayName":"UpdateCustomerTest","Messages":[],"ComputerName":"J9GCBX3","Duration":"00:00:00.0003420","StartTime":"2024-04-26T01:55:17.3710791+00:00","EndTime":"2024-04-26T01:55:17.371421+00:00","Properties":[{"Key":{"Id":"NUnit.Seed","Label":"Seed","Category":"","Description":"","Attributes":0,"ValueType":"System.String"},"Value":"1055973172"}]},{"TestCase":{"Id":"52dc3b23-0320-646b-9fc8-5d0883e6726a","FullyQualifiedName":"ShoppingBLTets.ProductBLTest.AddProductTest","DisplayName":"AddProductTest","ExecutorUri":"executor://NUnit3TestExecutor","Source":"C:\\Users\\VC\\codestack\\GenSpark\\day11\\ShoppingSolution\\ShoppingBLTets\\bin\\Debug\\net6.0\\fine-code-coverage\\build-output\\ShoppingBLTets.dll","CodeFilePath":null,"LineNumber":0,"Properties":[{"Key":{"Id":"NUnit.Seed","Label":"Seed","Category":"","Description":"","Attributes":0,"ValueType":"System.String"},"Value":"582650723"}]},"Attachments":[],"Outcome":1,"ErrorMessage":null,"ErrorStackTrace":null,"DisplayName":"AddProductTest","Messages":[],"ComputerName":"J9GCBX3","Duration":"00:00:00.0002660","StartTime":"2024-04-26T01:55:17.3715561+00:00","EndTime":"2024-04-26T01:55:17.3718219+00:00","Properties":[{"Key":{"Id":"NUnit.Seed","Label":"Seed","Category":"","Description":"","Attributes":0,"ValueType":"System.String"},"Value":"582650723"}]},{"TestCase":{"Id":"03825b12-8698-fecf-ab5d-a98d661ec4af","FullyQualifiedName":"ShoppingBLTets.ProductBLTest.DeleteProductTest","DisplayName":"DeleteProductTest","ExecutorUri":"executor://NUnit3TestExecutor","Source":"C:\\Users\\VC\\codestack\\GenSpark\\day11\\ShoppingSolution\\ShoppingBLTets\\bin\\Debug\\net6.0\\fine-code-coverage\\build-output\\ShoppingBLTets.dll","CodeFilePath":null,"LineNumber":0,"Properties":[{"Key":{"Id":"NUnit.Seed","Label":"Seed","Category":"","Description":"","Attributes":0,"ValueType":"System.String"},"Value":"792928520"}]},"Attachments":[],"Outcome":1,"ErrorMessage":null,"ErrorStackTrace":null,"DisplayName":"DeleteProductTest","Messages":[],"ComputerName":"J9GCBX3","Duration":"00:00:00.0003560","StartTime":"2024-04-26T01:55:17.3718322+00:00","EndTime":"2024-04-26T01:55:17.3721884+00:00","Properties":[{"Key":{"Id":"NUnit.Seed","Label":"Seed","Category":"","Description":"","Attributes":0,"ValueType":"System.String"},"Value":"792928520"}]},{"TestCase":{"Id":"6c492d13-77b1-3acb-3b51-dc0a4d58d844","FullyQualifiedName":"ShoppingBLTets.ProductBLTest.GetAllProductTest","DisplayName":"GetAllProductTest","ExecutorUri":"executor://NUnit3TestExecutor","Source":"C:\\Users\\VC\\codestack\\GenSpark\\day11\\ShoppingSolution\\ShoppingBLTets\\bin\\Debug\\net6.0\\fine-code-coverage\\build-output\\ShoppingBLTets.dll","CodeFilePath":null,"LineNumber":0,"Properties":[{"Key":{"Id":"NUnit.Seed","Label":"Seed","Category":"","Description":"","Attributes":0,"ValueType":"System.String"},"Value":"719143341"}]},"Attachments":[],"Outcome":1,"ErrorMessage":null,"ErrorStackTrace":null,"DisplayName":"GetAllProductTest","Messages":[],"ComputerName":"J9GCBX3","Duration":"00:00:00.0001570","StartTime":"2024-04-26T01:55:17.3721997+00:00","EndTime":"2024-04-26T01:55:17.3723564+00:00","Properties":[{"Key":{"Id":"NUnit.Seed","Label":"Seed","Category":"","Description":"","Attributes":0,"ValueType":"System.String"},"Value":"719143341"}]},{"TestCase":{"Id":"31d9a262-143b-6659-6fe4-f4d5cbd54eaf","FullyQualifiedName":"ShoppingBLTets.ProductBLTest.GetProductTest","DisplayName":"GetProductTest","ExecutorUri":"executor://NUnit3TestExecutor","Source":"C:\\Users\\VC\\codestack\\GenSpark\\day11\\ShoppingSolution\\ShoppingBLTets\\bin\\Debug\\net6.0\\fine-code-coverage\\build-output\\ShoppingBLTets.dll","CodeFilePath":null,"LineNumber":0,"Properties":[{"Key":{"Id":"NUnit.Seed","Label":"Seed","Category":"","Description":"","Attributes":0,"ValueType":"System.String"},"Value":"1298360703"}]},"Attachments":[],"Outcome":1,"ErrorMessage":null,"ErrorStackTrace":null,"DisplayName":"GetProductTest","Messages":[],"ComputerName":"J9GCBX3","Duration":"00:00:00.0000860","StartTime":"2024-04-26T01:55:17.3723644+00:00","EndTime":"2024-04-26T01:55:17.3724502+00:00","Properties":[{"Key":{"Id":"NUnit.Seed","Label":"Seed","Category":"","Description":"","Attributes":0,"ValueType":"System.String"},"Value":"1298360703"}]},{"TestCase":{"Id":"19d8565b-c8a6-90d6-8012-9c8d77bf3e0a","FullyQualifiedName":"ShoppingBLTets.ProductBLTest.UpdateProductTest","DisplayName":"UpdateProductTest","ExecutorUri":"executor://NUnit3TestExecutor","Source":"C:\\Users\\VC\\codestack\\GenSpark\\day11\\ShoppingSolution\\ShoppingBLTets\\bin\\Debug\\net6.0\\fine-code-coverage\\build-output\\ShoppingBLTets.dll","CodeFilePath":null,"LineNumber":0,"Properties":[{"Key":{"Id":"NUnit.Seed","Label":"Seed","Category":"","Description":"","Attributes":0,"ValueType":"System.String"},"Value":"1161686936"}]},"Attachments":[],"Outcome":1,"ErrorMessage":null,"ErrorStackTrace":null,"DisplayName":"UpdateProductTest","Messages":[],"ComputerName":"J9GCBX3","Duration":"00:00:00.0001820","StartTime":"2024-04-26T01:55:17.3724637+00:00","EndTime":"2024-04-26T01:55:17.3726456+00:00","Properties":[{"Key":{"Id":"NUnit.Seed","Label":"Seed","Category":"","Description":"","Attributes":0,"ValueType":"System.String"},"Value":"1161686936"}]}],"TestRunStatistics":{"ExecutedTests":16,"Stats":{"Passed":15,"Failed":1}},"ActiveTests":[]},"RunAttachments":[],"ExecutorUris":["executor://nunit3testexecutor/"]}}
TpTrace Verbose: 0 : 24256, 4, 2024/04/26, 07:25:17.475, 6779866028322, testhost.dll, BaseRunTests.RunTests: Run is complete.
TpTrace Verbose: 0 : 24256, 10, 2024/04/26, 07:25:17.476, 6779866033439, testhost.dll, TcpClientExtensions.MessageLoopAsync: NotifyDataAvailable remoteEndPoint: [::ffff:127.0.0.1]:64564 localEndPoint: [::ffff:127.0.0.1]:64565
TpTrace Information: 0 : 24256, 10, 2024/04/26, 07:25:17.476, 6779866034398, testhost.dll, TestRequestHandler.OnMessageReceived: received message: (TestSession.Terminate) -> {"MessageType":"TestSession.Terminate","Payload":null}
TpTrace Information: 0 : 24256, 10, 2024/04/26, 07:25:17.476, 6779866034739, testhost.dll, Session End message received from server. Closing the connection.
TpTrace Information: 0 : 24256, 10, 2024/04/26, 07:25:17.476, 6779866037555, testhost.dll, SocketClient.Stop: Stop communication from server endpoint: 127.0.0.1:064564
TpTrace Information: 0 : 24256, 10, 2024/04/26, 07:25:17.476, 6779866039068, testhost.dll, SocketClient: Stop: Cancellation requested. Stopping message loop.
TpTrace Verbose: 0 : 24256, 10, 2024/04/26, 07:25:17.477, 6779866047555, testhost.dll, LengthPrefixCommunicationChannel.Dispose: Dispose reader and writer.
TpTrace Information: 0 : 24256, 10, 2024/04/26, 07:25:17.477, 6779866047957, testhost.dll, Closing the connection !
TpTrace Verbose: 0 : 24256, 10, 2024/04/26, 07:25:17.477, 6779866048231, testhost.dll, MulticastDelegateUtilities.SafeInvoke: LengthPrefixCommunicationChannel: MessageReceived: Invoking callback 1/1 for Microsoft.VisualStudio.TestPlatform.CommunicationUtilities.TestRequestHandler., took 1 ms.
TpTrace Information: 0 : 24256, 1, 2024/04/26, 07:25:17.477, 6779866049324, testhost.dll, Closing the connection!
TpTrace Information: 0 : 24256, 10, 2024/04/26, 07:25:17.477, 6779866049616, testhost.dll, SocketClient.PrivateStop: Stop communication from server endpoint: 127.0.0.1:064564, error:
TpTrace Information: 0 : 24256, 1, 2024/04/26, 07:25:17.477, 6779866050470, testhost.dll, Testhost process exiting.
TpTrace Verbose: 0 : 24256, 10, 2024/04/26, 07:25:17.477, 6779866050950, testhost.dll, LengthPrefixCommunicationChannel.Dispose: Dispose reader and writer.
TpTrace Verbose: 0 : 24256, 10, 2024/04/26, 07:25:17.477, 6779866051263, testhost.dll, TcpClientExtensions.MessageLoopAsync: exiting MessageLoopAsync remoteEndPoint: [::ffff:127.0.0.1]:64564 localEndPoint: [::ffff:127.0.0.1]:64565
