TpTrace Verbose: 0 : 3712, 1, 2024/04/26, 11:27:03.367, 6924946866635, datacollector.dll, Version: 17.9.0-release-24072-02
TpTrace Information: 0 : 3712, 1, 2024/04/26, 11:27:03.373, 6924946918610, datacollector.dll, DataCollectorMain.Run: Starting data collector run with args: --port,61832,--parentprocessid,60776,--diag,C:\Users\VC\codestack\GenSpark\day11\ShoppingSolution\ShoppingBLTets\bin\Debug\net6.0\fine-code-coverage\coverage-tool-output\diagnostics.datacollector.24-04-26_11-27-03_22143_5.log,--tracelevel,4
TpTrace Information: 0 : 3712, 1, 2024/04/26, 11:27:03.375, 6924946944828, datacollector.dll, DataCollector: Monitoring parent process with id: '60776'
TpTrace Information: 0 : 3712, 1, 2024/04/26, 11:27:03.382, 6924947008338, datacollector.dll, Trying to connect to server on socket : 127.0.0.1:61832 
TpTrace Verbose: 0 : 3712, 1, 2024/04/26, 11:27:03.391, 6924947099864, datacollector.dll, SocketCommunicationManager : SetupClientAsync : Attempting to connect to the server.
TpTrace Information: 0 : 3712, 9, 2024/04/26, 11:27:03.400, 6924947192044, datacollector.dll, Connected to the server successfully 
TpTrace Information: 0 : 3712, 9, 2024/04/26, 11:27:03.400, 6924947193528, datacollector.dll, Using the buffer size of 16384 bytes
TpTrace Information: 0 : 3712, 1, 2024/04/26, 11:27:03.451, 6924947706070, datacollector.dll, DataCollector: Start Request Processing.
TpTrace Verbose: 0 : 3712, 1, 2024/04/26, 11:27:03.452, 6924947708056, datacollector.dll, SocketCommunicationManager.WaitForServerConnection took: 0 ms, with 90000 ms timeout, and finished with True.
TpTrace Information: 0 : 3712, 1, 2024/04/26, 11:27:03.452, 6924947711075, datacollector.dll, DataCollectionRequestHandler.ProcessRequests: Datacollector received message: (DataCollection.BeforeTestRunStart) -> {"MessageType":"DataCollection.BeforeTestRunStart","Payload":{"SettingsXml":"<RunSettings><RunConfiguration><ResultsDirectory>C:\\Users\\VC\\codestack\\GenSpark\\day11\\ShoppingSolution\\ShoppingBLTets\\bin\\Debug\\net6.0\\fine-code-coverage\\coverage-tool-output</ResultsDirectory><TargetPlatform>X64</TargetPlatform><TargetFrameworkVersion>.NETCoreApp,Version=v6.0</TargetFrameworkVersion><DesignMode>False</DesignMode><CollectSourceInformation>False</CollectSourceInformation><TestAdaptersPaths>C:\\Program Files\\dotnet\\sdk\\8.0.202\\Extensions</TestAdaptersPaths></RunConfiguration><LoggerRunSettings><Loggers><Logger friendlyName=\"blame\" enabled=\"True\" /><Logger friendlyName=\"Console\" uri=\"logger://microsoft/TestPlatform/ConsoleLogger/v1\" assemblyQualifiedName=\"Microsoft.VisualStudio.TestPlatform.CommandLine.Internal.ConsoleLogger, vstest.console, Version=15.0.0.0, Culture=neutral, PublicKeyToken=b03f5f7f11d50a3a\" codeBase=\"C:\\Program Files\\dotnet\\sdk\\8.0.202\\vstest.console.dll\" enabled=\"True\" /></Loggers></LoggerRunSettings><DataCollectionRunSettings><DataCollectors><DataCollector friendlyName=\"blame\" enabled=\"True\"><Configuration><ResultsDirectory>C:\\Users\\VC\\codestack\\GenSpark\\day11\\ShoppingSolution\\ShoppingBLTets\\bin\\Debug\\net6.0\\fine-code-coverage\\coverage-tool-output</ResultsDirectory></Configuration></DataCollector></DataCollectors></DataCollectionRunSettings></RunSettings>","Sources":["C:\\Users\\VC\\codestack\\GenSpark\\day11\\ShoppingSolution\\ShoppingBLTets\\bin\\Debug\\net6.0\\fine-code-coverage\\build-output\\ShoppingBLTets.dll"],"IsTelemetryOptedIn":false}}
TpTrace Verbose: 0 : 3712, 1, 2024/04/26, 11:27:03.486, 6924948056608, datacollector.dll, TestPluginCache: Update extensions started. Skip filter = False
TpTrace Verbose: 0 : 3712, 1, 2024/04/26, 11:27:03.487, 6924948065098, datacollector.dll, TestPluginCache: Using directories for assembly resolution 'C:\Program Files\dotnet\sdk\8.0.202\Extensions'.
TpTrace Verbose: 0 : 3712, 1, 2024/04/26, 11:27:03.487, 6924948066015, datacollector.dll, TestPluginCache: Updated the available extensions to 'C:\Program Files\dotnet\sdk\8.0.202\Extensions\Microsoft.TestPlatform.Extensions.BlameDataCollector.dll,C:\Program Files\dotnet\sdk\8.0.202\Extensions\Microsoft.TestPlatform.Extensions.EventLogCollector.dll'.
TpTrace Verbose: 0 : 3712, 1, 2024/04/26, 11:27:03.492, 6924948111557, datacollector.dll, TestPluginCache.DiscoverTestExtensions: finding test extensions in assemblies ends with: Collector.dll TPluginInfo: Microsoft.VisualStudio.TestPlatform.Common.DataCollector.DataCollectorConfig TExtension: Microsoft.VisualStudio.TestPlatform.ObjectModel.DataCollection.DataCollector
TpTrace Verbose: 0 : 3712, 1, 2024/04/26, 11:27:03.493, 6924948121063, datacollector.dll, TestPluginCache.GetExtensionPaths: Filtered extension paths: C:\Program Files\dotnet\sdk\8.0.202\Extensions\Microsoft.TestPlatform.Extensions.BlameDataCollector.dll
C:\Program Files\dotnet\sdk\8.0.202\Extensions\Microsoft.TestPlatform.Extensions.EventLogCollector.dll
TpTrace Verbose: 0 : 3712, 1, 2024/04/26, 11:27:03.493, 6924948121997, datacollector.dll, TestPluginCache.GetExtensionPaths: Added default extension paths: 
TpTrace Verbose: 0 : 3712, 1, 2024/04/26, 11:27:03.493, 6924948122319, datacollector.dll, TestPluginCache.GetExtensionPaths: Added unfilterableExtensionPaths: 
TpTrace Information: 0 : 3712, 1, 2024/04/26, 11:27:03.493, 6924948126571, datacollector.dll, AssemblyResolver.ctor: Creating AssemblyResolver with searchDirectories C:\Program Files\dotnet\sdk\8.0.202\Extensions,C:\Program Files\dotnet\sdk\8.0.202
TpTrace Verbose: 0 : 3712, 1, 2024/04/26, 11:27:03.494, 6924948135262, datacollector.dll, TestPluginCache.DiscoverTestExtensions: Discovering the extensions using extension path.
TpTrace Verbose: 0 : 3712, 1, 2024/04/26, 11:27:03.494, 6924948136578, datacollector.dll, TestPluginCache.GetExtensionPaths: Filtered extension paths: C:\Program Files\dotnet\sdk\8.0.202\Extensions\Microsoft.TestPlatform.Extensions.BlameDataCollector.dll
C:\Program Files\dotnet\sdk\8.0.202\Extensions\Microsoft.TestPlatform.Extensions.EventLogCollector.dll
TpTrace Verbose: 0 : 3712, 1, 2024/04/26, 11:27:03.494, 6924948136887, datacollector.dll, TestPluginCache.GetExtensionPaths: Added default extension paths: 
TpTrace Verbose: 0 : 3712, 1, 2024/04/26, 11:27:03.494, 6924948137277, datacollector.dll, TestPluginCache.GetExtensionPaths: Added unfilterableExtensionPaths: 
TpTrace Verbose: 0 : 3712, 1, 2024/04/26, 11:27:03.494, 6924948137650, datacollector.dll, TestPluginCache.DiscoverTestExtensions: Discovering the extensions using allExtensionPaths: C:\Program Files\dotnet\sdk\8.0.202\Extensions\Microsoft.TestPlatform.Extensions.BlameDataCollector.dll
C:\Program Files\dotnet\sdk\8.0.202\Extensions\Microsoft.TestPlatform.Extensions.EventLogCollector.dll
TpTrace Information: 0 : 3712, 1, 2024/04/26, 11:27:03.495, 6924948138423, datacollector.dll, AssemblyResolver.AddSearchDirectories: Adding more searchDirectories C:\Program Files\dotnet\sdk\8.0.202\Extensions,C:\Program Files\dotnet\sdk\8.0.202
TpTrace Information: 0 : 3712, 1, 2024/04/26, 11:27:03.495, 6924948138868, datacollector.dll, AssemblyResolver.AddSearchDirectories: Adding more searchDirectories C:\Program Files\dotnet\sdk\8.0.202\Extensions,C:\Program Files\dotnet\sdk\8.0.202
TpTrace Information: 0 : 3712, 1, 2024/04/26, 11:27:03.495, 6924948142522, datacollector.dll, AssemblyResolver.OnResolve: Microsoft.TestPlatform.Extensions.BlameDataCollector: Resolving assembly.
TpTrace Information: 0 : 3712, 1, 2024/04/26, 11:27:03.495, 6924948143610, datacollector.dll, AssemblyResolver.OnResolve: Microsoft.TestPlatform.Extensions.BlameDataCollector: Searching in: 'C:\Program Files\dotnet\sdk\8.0.202\Extensions'.
TpTrace Information: 0 : 3712, 1, 2024/04/26, 11:27:03.502, 6924948208879, datacollector.dll, AssemblyResolver.OnResolve: Microsoft.TestPlatform.Extensions.BlameDataCollector: Loading assembly 'C:\Program Files\dotnet\sdk\8.0.202\Extensions\Microsoft.TestPlatform.Extensions.BlameDataCollector.dll'.
TpTrace Information: 0 : 3712, 1, 2024/04/26, 11:27:03.502, 6924948215513, datacollector.dll, AssemblyResolver.OnResolve: Resolved assembly: Microsoft.TestPlatform.Extensions.BlameDataCollector, from path: C:\Program Files\dotnet\sdk\8.0.202\Extensions\Microsoft.TestPlatform.Extensions.BlameDataCollector.dll
TpTrace Verbose: 0 : 3712, 1, 2024/04/26, 11:27:03.506, 6924948253325, datacollector.dll, MetadataReaderExtensionsHelper: Discovering extensions inside assembly 'Microsoft.TestPlatform.Extensions.BlameDataCollector, Version=15.0.0.0, Culture=neutral, PublicKeyToken=b03f5f7f11d50a3a' file path 'C:\Program Files\dotnet\sdk\8.0.202\Extensions\Microsoft.TestPlatform.Extensions.BlameDataCollector.dll'
TpTrace Error: 0 : 3712, 1, 2024/04/26, 11:27:03.508, 6924948274525, datacollector.dll, The type "Microsoft.TestPlatform.Extensions.BlameDataCollector.BlameCollector" defined in "Microsoft.TestPlatform.Extensions.BlameDataCollector.dll" does not have ExtensionUri attribute.
TpTrace Information: 0 : 3712, 1, 2024/04/26, 11:27:03.512, 6924948309477, datacollector.dll, GetTestExtensionFromType: Register extension with identifier data 'datacollector://microsoft/TestPlatform/Extensions/Blame/v1' and type 'Microsoft.TestPlatform.Extensions.BlameDataCollector.BlameCollector, Microsoft.TestPlatform.Extensions.BlameDataCollector, Version=15.0.0.0, Culture=neutral, PublicKeyToken=b03f5f7f11d50a3a' inside file 'C:\Program Files\dotnet\sdk\8.0.202\Extensions\Microsoft.TestPlatform.Extensions.BlameDataCollector.dll'
TpTrace Information: 0 : 3712, 1, 2024/04/26, 11:27:03.512, 6924948311059, datacollector.dll, AssemblyResolver.OnResolve: Microsoft.TestPlatform.Extensions.EventLogCollector: Resolving assembly.
TpTrace Information: 0 : 3712, 1, 2024/04/26, 11:27:03.512, 6924948311472, datacollector.dll, AssemblyResolver.OnResolve: Microsoft.TestPlatform.Extensions.EventLogCollector: Searching in: 'C:\Program Files\dotnet\sdk\8.0.202\Extensions'.
TpTrace Information: 0 : 3712, 1, 2024/04/26, 11:27:03.512, 6924948314474, datacollector.dll, AssemblyResolver.OnResolve: Microsoft.TestPlatform.Extensions.EventLogCollector: Loading assembly 'C:\Program Files\dotnet\sdk\8.0.202\Extensions\Microsoft.TestPlatform.Extensions.EventLogCollector.dll'.
TpTrace Information: 0 : 3712, 1, 2024/04/26, 11:27:03.513, 6924948319986, datacollector.dll, AssemblyResolver.OnResolve: Resolved assembly: Microsoft.TestPlatform.Extensions.EventLogCollector, from path: C:\Program Files\dotnet\sdk\8.0.202\Extensions\Microsoft.TestPlatform.Extensions.EventLogCollector.dll
TpTrace Verbose: 0 : 3712, 1, 2024/04/26, 11:27:03.513, 6924948320725, datacollector.dll, MetadataReaderExtensionsHelper: Discovering extensions inside assembly 'Microsoft.TestPlatform.Extensions.EventLogCollector, Version=15.0.0.0, Culture=neutral, PublicKeyToken=b03f5f7f11d50a3a' file path 'C:\Program Files\dotnet\sdk\8.0.202\Extensions\Microsoft.TestPlatform.Extensions.EventLogCollector.dll'
TpTrace Error: 0 : 3712, 1, 2024/04/26, 11:27:03.515, 6924948340188, datacollector.dll, The type "Microsoft.TestPlatform.Extensions.EventLogCollector.EventLogDataCollector" defined in "Microsoft.TestPlatform.Extensions.EventLogCollector.dll" does not have ExtensionUri attribute.
TpTrace Information: 0 : 3712, 1, 2024/04/26, 11:27:03.515, 6924948344427, datacollector.dll, GetTestExtensionFromType: Register extension with identifier data 'datacollector://microsoft/EventLog/2.0' and type 'Microsoft.TestPlatform.Extensions.EventLogCollector.EventLogDataCollector, Microsoft.TestPlatform.Extensions.EventLogCollector, Version=15.0.0.0, Culture=neutral, PublicKeyToken=b03f5f7f11d50a3a' inside file 'C:\Program Files\dotnet\sdk\8.0.202\Extensions\Microsoft.TestPlatform.Extensions.EventLogCollector.dll'
TpTrace Verbose: 0 : 3712, 1, 2024/04/26, 11:27:03.515, 6924948347371, datacollector.dll, TestPluginCache: Discovered the extensions using extension path 'C:\Program Files\dotnet\sdk\8.0.202\Extensions\Microsoft.TestPlatform.Extensions.BlameDataCollector.dll,C:\Program Files\dotnet\sdk\8.0.202\Extensions\Microsoft.TestPlatform.Extensions.EventLogCollector.dll'.
TpTrace Verbose: 0 : 3712, 1, 2024/04/26, 11:27:03.516, 6924948348072, datacollector.dll, TestPluginCache: Discoverers are ''.
TpTrace Verbose: 0 : 3712, 1, 2024/04/26, 11:27:03.516, 6924948348388, datacollector.dll, TestPluginCache: Executors are ''.
TpTrace Verbose: 0 : 3712, 1, 2024/04/26, 11:27:03.516, 6924948348739, datacollector.dll, TestPluginCache: Executors2 are ''.
TpTrace Verbose: 0 : 3712, 1, 2024/04/26, 11:27:03.516, 6924948349136, datacollector.dll, TestPluginCache: Setting providers are ''.
TpTrace Verbose: 0 : 3712, 1, 2024/04/26, 11:27:03.516, 6924948349442, datacollector.dll, TestPluginCache: Loggers are ''.
TpTrace Verbose: 0 : 3712, 1, 2024/04/26, 11:27:03.516, 6924948349930, datacollector.dll, TestPluginCache: TestHosts are ''.
TpTrace Verbose: 0 : 3712, 1, 2024/04/26, 11:27:03.516, 6924948351824, datacollector.dll, TestPluginCache: DataCollectors are 'datacollector://microsoft/TestPlatform/Extensions/Blame/v1,datacollector://microsoft/EventLog/2.0'.
TpTrace Information: 0 : 3712, 1, 2024/04/26, 11:27:03.517, 6924948363770, datacollector.dll, TestPluginManager.CreateTestExtension: Attempting to load test extension: Microsoft.TestPlatform.Extensions.BlameDataCollector.BlameCollector
TpTrace Information: 0 : 3712, 1, 2024/04/26, 11:27:03.520, 6924948388653, datacollector.dll, [MonitorPostmortemDump]Monitor enabled: 'False'
TpTrace Verbose: 0 : 3712, 1, 2024/04/26, 11:27:03.520, 6924948393345, datacollector.dll, MulticastDelegateUtilities.SafeInvoke: DataCollectionEvents.SessionStart: Invoking callbacks was skipped because there are no subscribers.
TpTrace Information: 0 : 3712, 1, 2024/04/26, 11:27:03.520, 6924948396894, datacollector.dll, Listening on Endpoint : 127.0.0.1:61834
TpTrace Information: 0 : 3712, 1, 2024/04/26, 11:27:03.525, 6924948440954, datacollector.dll, DataCollectionRequestHandler.ProcessRequests : DataCollection started.
TpTrace Information: 0 : 3712, 1, 2024/04/26, 11:27:03.538, 6924948572903, datacollector.dll, DataCollectionRequestHandler.ProcessRequests: Datacollector received message: (DataCollection.TestHostLaunched) -> {"MessageType":"DataCollection.TestHostLaunched","Payload":{"ProcessId":30588}}
TpTrace Verbose: 0 : 3712, 1, 2024/04/26, 11:27:03.540, 6924948591642, datacollector.dll, MulticastDelegateUtilities.SafeInvoke: DataCollectionEvents.TestHostLaunched: Invoking callback 1/1 for Microsoft.TestPlatform.Extensions.BlameDataCollector.BlameCollector., took 0 ms.
TpTrace Verbose: 0 : 3712, 9, 2024/04/26, 11:27:03.758, 6924950773825, datacollector.dll, SocketCommunicationManager.WaitForClientConnection took: 235 ms, with 90000 ms timeout, and finished with True.
TpTrace Information: 0 : 3712, 10, 2024/04/26, 11:27:03.758, 6924950773753, datacollector.dll, Using the buffer size of 16384 bytes
TpTrace Information: 0 : 3712, 10, 2024/04/26, 11:27:03.758, 6924950775544, datacollector.dll, Accepted Client request and set the flag
TpTrace Information: 0 : 3712, 9, 2024/04/26, 11:27:04.312, 6924956312094, datacollector.dll, DataCollectionTestCaseEventHandler: Test case starting.
TpTrace Information: 0 : 3712, 9, 2024/04/26, 11:27:04.325, 6924956443239, datacollector.dll, BlameCollector.EventsTestCaseStart: Test Case Start
TpTrace Verbose: 0 : 3712, 9, 2024/04/26, 11:27:04.325, 6924956445228, datacollector.dll, MulticastDelegateUtilities.SafeInvoke: DataCollectionEvents.TestCaseStart: Invoking callback 1/1 for Microsoft.TestPlatform.Extensions.BlameDataCollector.BlameCollector., took 0 ms.
TpTrace Information: 0 : 3712, 9, 2024/04/26, 11:27:04.325, 6924956447231, datacollector.dll, DataCollectionTestCaseEventHandler: Test case 'AddCartItemFailTest - 83fb54a5-887f-cbb6-13d2-7b58e5f91bcc' started.
TpTrace Information: 0 : 3712, 9, 2024/04/26, 11:27:04.336, 6924956551706, datacollector.dll, DataCollectionTestCaseEventHandler: Test case completing.
TpTrace Information: 0 : 3712, 9, 2024/04/26, 11:27:04.340, 6924956594762, datacollector.dll, BlameCollector.EventsTestCaseEnd: Test Case End
TpTrace Verbose: 0 : 3712, 9, 2024/04/26, 11:27:04.340, 6924956597068, datacollector.dll, MulticastDelegateUtilities.SafeInvoke: DataCollectionEvents.TestCaseEnd: Invoking callback 1/1 for Microsoft.TestPlatform.Extensions.BlameDataCollector.BlameCollector., took 0 ms.
TpTrace Information: 0 : 3712, 9, 2024/04/26, 11:27:04.342, 6924956609493, datacollector.dll, DataCollectionTestCaseEventHandler: Test case 'AddCartItemFailTest - 83fb54a5-887f-cbb6-13d2-7b58e5f91bcc' completed
TpTrace Information: 0 : 3712, 9, 2024/04/26, 11:27:04.349, 6924956686036, datacollector.dll, DataCollectionTestCaseEventHandler: Test case starting.
TpTrace Information: 0 : 3712, 9, 2024/04/26, 11:27:04.350, 6924956693051, datacollector.dll, BlameCollector.EventsTestCaseStart: Test Case Start
TpTrace Verbose: 0 : 3712, 9, 2024/04/26, 11:27:04.350, 6924956693970, datacollector.dll, MulticastDelegateUtilities.SafeInvoke: DataCollectionEvents.TestCaseStart: Invoking callback 1/1 for Microsoft.TestPlatform.Extensions.BlameDataCollector.BlameCollector., took 0 ms.
TpTrace Information: 0 : 3712, 9, 2024/04/26, 11:27:04.350, 6924956695395, datacollector.dll, DataCollectionTestCaseEventHandler: Test case 'AddCartItemFailTest2 - 597c96e6-f2a3-9470-20f3-efd0e23bfa95' started.
TpTrace Information: 0 : 3712, 9, 2024/04/26, 11:27:04.351, 6924956703306, datacollector.dll, DataCollectionTestCaseEventHandler: Test case completing.
TpTrace Information: 0 : 3712, 9, 2024/04/26, 11:27:04.352, 6924956709503, datacollector.dll, BlameCollector.EventsTestCaseEnd: Test Case End
TpTrace Verbose: 0 : 3712, 9, 2024/04/26, 11:27:04.352, 6924956709987, datacollector.dll, MulticastDelegateUtilities.SafeInvoke: DataCollectionEvents.TestCaseEnd: Invoking callback 1/1 for Microsoft.TestPlatform.Extensions.BlameDataCollector.BlameCollector., took 0 ms.
TpTrace Information: 0 : 3712, 9, 2024/04/26, 11:27:04.352, 6924956711209, datacollector.dll, DataCollectionTestCaseEventHandler: Test case 'AddCartItemFailTest2 - 597c96e6-f2a3-9470-20f3-efd0e23bfa95' completed
TpTrace Information: 0 : 3712, 9, 2024/04/26, 11:27:04.353, 6924956719478, datacollector.dll, DataCollectionTestCaseEventHandler: Test case starting.
TpTrace Information: 0 : 3712, 9, 2024/04/26, 11:27:04.353, 6924956723119, datacollector.dll, BlameCollector.EventsTestCaseStart: Test Case Start
TpTrace Verbose: 0 : 3712, 9, 2024/04/26, 11:27:04.353, 6924956723728, datacollector.dll, MulticastDelegateUtilities.SafeInvoke: DataCollectionEvents.TestCaseStart: Invoking callback 1/1 for Microsoft.TestPlatform.Extensions.BlameDataCollector.BlameCollector., took 0 ms.
TpTrace Information: 0 : 3712, 9, 2024/04/26, 11:27:04.353, 6924956724531, datacollector.dll, DataCollectionTestCaseEventHandler: Test case 'AddCartItemFailTest3 - 2c720b73-7193-d067-07fb-cee59e096d10' started.
TpTrace Information: 0 : 3712, 9, 2024/04/26, 11:27:04.354, 6924956731088, datacollector.dll, DataCollectionTestCaseEventHandler: Test case completing.
TpTrace Information: 0 : 3712, 9, 2024/04/26, 11:27:04.354, 6924956734882, datacollector.dll, BlameCollector.EventsTestCaseEnd: Test Case End
TpTrace Verbose: 0 : 3712, 9, 2024/04/26, 11:27:04.354, 6924956735302, datacollector.dll, MulticastDelegateUtilities.SafeInvoke: DataCollectionEvents.TestCaseEnd: Invoking callback 1/1 for Microsoft.TestPlatform.Extensions.BlameDataCollector.BlameCollector., took 0 ms.
TpTrace Information: 0 : 3712, 9, 2024/04/26, 11:27:04.354, 6924956736185, datacollector.dll, DataCollectionTestCaseEventHandler: Test case 'AddCartItemFailTest3 - 2c720b73-7193-d067-07fb-cee59e096d10' completed
TpTrace Information: 0 : 3712, 9, 2024/04/26, 11:27:04.355, 6924956742427, datacollector.dll, DataCollectionTestCaseEventHandler: Test case starting.
TpTrace Information: 0 : 3712, 9, 2024/04/26, 11:27:04.355, 6924956747184, datacollector.dll, BlameCollector.EventsTestCaseStart: Test Case Start
TpTrace Verbose: 0 : 3712, 9, 2024/04/26, 11:27:04.356, 6924956748043, datacollector.dll, MulticastDelegateUtilities.SafeInvoke: DataCollectionEvents.TestCaseStart: Invoking callback 1/1 for Microsoft.TestPlatform.Extensions.BlameDataCollector.BlameCollector., took 0 ms.
TpTrace Information: 0 : 3712, 9, 2024/04/26, 11:27:04.356, 6924956749107, datacollector.dll, DataCollectionTestCaseEventHandler: Test case 'AddCartItemTest - 62353e63-26c7-a811-9b42-7298a81aa895' started.
TpTrace Information: 0 : 3712, 9, 2024/04/26, 11:27:04.356, 6924956755823, datacollector.dll, DataCollectionTestCaseEventHandler: Test case completing.
TpTrace Information: 0 : 3712, 9, 2024/04/26, 11:27:04.357, 6924956759815, datacollector.dll, BlameCollector.EventsTestCaseEnd: Test Case End
TpTrace Verbose: 0 : 3712, 9, 2024/04/26, 11:27:04.357, 6924956760473, datacollector.dll, MulticastDelegateUtilities.SafeInvoke: DataCollectionEvents.TestCaseEnd: Invoking callback 1/1 for Microsoft.TestPlatform.Extensions.BlameDataCollector.BlameCollector., took 0 ms.
TpTrace Information: 0 : 3712, 9, 2024/04/26, 11:27:04.357, 6924956761423, datacollector.dll, DataCollectionTestCaseEventHandler: Test case 'AddCartItemTest - 62353e63-26c7-a811-9b42-7298a81aa895' completed
TpTrace Information: 0 : 3712, 9, 2024/04/26, 11:27:04.358, 6924956768008, datacollector.dll, DataCollectionTestCaseEventHandler: Test case starting.
TpTrace Information: 0 : 3712, 9, 2024/04/26, 11:27:04.358, 6924956771299, datacollector.dll, BlameCollector.EventsTestCaseStart: Test Case Start
TpTrace Verbose: 0 : 3712, 9, 2024/04/26, 11:27:04.358, 6924956771750, datacollector.dll, MulticastDelegateUtilities.SafeInvoke: DataCollectionEvents.TestCaseStart: Invoking callback 1/1 for Microsoft.TestPlatform.Extensions.BlameDataCollector.BlameCollector., took 0 ms.
TpTrace Information: 0 : 3712, 9, 2024/04/26, 11:27:04.358, 6924956772408, datacollector.dll, DataCollectionTestCaseEventHandler: Test case 'CreateCartFailTest - 039254a2-5048-e8fb-5def-c11b9ef10b29' started.
TpTrace Information: 0 : 3712, 9, 2024/04/26, 11:27:04.359, 6924956779014, datacollector.dll, DataCollectionTestCaseEventHandler: Test case completing.
TpTrace Information: 0 : 3712, 9, 2024/04/26, 11:27:04.359, 6924956782334, datacollector.dll, BlameCollector.EventsTestCaseEnd: Test Case End
TpTrace Verbose: 0 : 3712, 9, 2024/04/26, 11:27:04.359, 6924956782726, datacollector.dll, MulticastDelegateUtilities.SafeInvoke: DataCollectionEvents.TestCaseEnd: Invoking callback 1/1 for Microsoft.TestPlatform.Extensions.BlameDataCollector.BlameCollector., took 0 ms.
TpTrace Information: 0 : 3712, 9, 2024/04/26, 11:27:04.359, 6924956783612, datacollector.dll, DataCollectionTestCaseEventHandler: Test case 'CreateCartFailTest - 039254a2-5048-e8fb-5def-c11b9ef10b29' completed
TpTrace Information: 0 : 3712, 9, 2024/04/26, 11:27:04.360, 6924956791930, datacollector.dll, DataCollectionTestCaseEventHandler: Test case starting.
TpTrace Information: 0 : 3712, 9, 2024/04/26, 11:27:04.360, 6924956795981, datacollector.dll, BlameCollector.EventsTestCaseStart: Test Case Start
TpTrace Verbose: 0 : 3712, 9, 2024/04/26, 11:27:04.360, 6924956796555, datacollector.dll, MulticastDelegateUtilities.SafeInvoke: DataCollectionEvents.TestCaseStart: Invoking callback 1/1 for Microsoft.TestPlatform.Extensions.BlameDataCollector.BlameCollector., took 0 ms.
TpTrace Information: 0 : 3712, 9, 2024/04/26, 11:27:04.360, 6924956797277, datacollector.dll, DataCollectionTestCaseEventHandler: Test case 'CreateCartFailTest2 - b2f3460f-a82b-b92c-d603-44f5e20477df' started.
TpTrace Information: 0 : 3712, 9, 2024/04/26, 11:27:04.361, 6924956802663, datacollector.dll, DataCollectionTestCaseEventHandler: Test case completing.
TpTrace Information: 0 : 3712, 9, 2024/04/26, 11:27:04.361, 6924956805987, datacollector.dll, BlameCollector.EventsTestCaseEnd: Test Case End
TpTrace Verbose: 0 : 3712, 9, 2024/04/26, 11:27:04.361, 6924956806432, datacollector.dll, MulticastDelegateUtilities.SafeInvoke: DataCollectionEvents.TestCaseEnd: Invoking callback 1/1 for Microsoft.TestPlatform.Extensions.BlameDataCollector.BlameCollector., took 0 ms.
TpTrace Information: 0 : 3712, 9, 2024/04/26, 11:27:04.361, 6924956807220, datacollector.dll, DataCollectionTestCaseEventHandler: Test case 'CreateCartFailTest2 - b2f3460f-a82b-b92c-d603-44f5e20477df' completed
TpTrace Information: 0 : 3712, 9, 2024/04/26, 11:27:04.362, 6924956813707, datacollector.dll, DataCollectionTestCaseEventHandler: Test case starting.
TpTrace Information: 0 : 3712, 9, 2024/04/26, 11:27:04.362, 6924956816877, datacollector.dll, BlameCollector.EventsTestCaseStart: Test Case Start
TpTrace Verbose: 0 : 3712, 9, 2024/04/26, 11:27:04.363, 6924956817952, datacollector.dll, MulticastDelegateUtilities.SafeInvoke: DataCollectionEvents.TestCaseStart: Invoking callback 1/1 for Microsoft.TestPlatform.Extensions.BlameDataCollector.BlameCollector., took 0 ms.
TpTrace Information: 0 : 3712, 9, 2024/04/26, 11:27:04.363, 6924956818963, datacollector.dll, DataCollectionTestCaseEventHandler: Test case 'CreateCartTest - 9efd4c0d-ba49-1d35-ccf1-4fc6cf0f8ff8' started.
TpTrace Information: 0 : 3712, 9, 2024/04/26, 11:27:04.363, 6924956824515, datacollector.dll, DataCollectionTestCaseEventHandler: Test case completing.
TpTrace Information: 0 : 3712, 9, 2024/04/26, 11:27:04.364, 6924956827939, datacollector.dll, BlameCollector.EventsTestCaseEnd: Test Case End
TpTrace Verbose: 0 : 3712, 9, 2024/04/26, 11:27:04.364, 6924956828391, datacollector.dll, MulticastDelegateUtilities.SafeInvoke: DataCollectionEvents.TestCaseEnd: Invoking callback 1/1 for Microsoft.TestPlatform.Extensions.BlameDataCollector.BlameCollector., took 0 ms.
TpTrace Information: 0 : 3712, 9, 2024/04/26, 11:27:04.364, 6924956829174, datacollector.dll, DataCollectionTestCaseEventHandler: Test case 'CreateCartTest - 9efd4c0d-ba49-1d35-ccf1-4fc6cf0f8ff8' completed
TpTrace Information: 0 : 3712, 9, 2024/04/26, 11:27:04.364, 6924956836120, datacollector.dll, DataCollectionTestCaseEventHandler: Test case starting.
TpTrace Information: 0 : 3712, 9, 2024/04/26, 11:27:04.365, 6924956840797, datacollector.dll, BlameCollector.EventsTestCaseStart: Test Case Start
TpTrace Verbose: 0 : 3712, 9, 2024/04/26, 11:27:04.365, 6924956841299, datacollector.dll, MulticastDelegateUtilities.SafeInvoke: DataCollectionEvents.TestCaseStart: Invoking callback 1/1 for Microsoft.TestPlatform.Extensions.BlameDataCollector.BlameCollector., took 0 ms.
TpTrace Information: 0 : 3712, 9, 2024/04/26, 11:27:04.365, 6924956842139, datacollector.dll, DataCollectionTestCaseEventHandler: Test case 'DeleteCartFailTest - 8cbb9b17-ff72-7ff2-ef43-fc0947b4c205' started.
TpTrace Information: 0 : 3712, 9, 2024/04/26, 11:27:04.365, 6924956846536, datacollector.dll, DataCollectionTestCaseEventHandler: Test case completing.
TpTrace Information: 0 : 3712, 9, 2024/04/26, 11:27:04.366, 6924956852334, datacollector.dll, BlameCollector.EventsTestCaseEnd: Test Case End
TpTrace Verbose: 0 : 3712, 9, 2024/04/26, 11:27:04.366, 6924956852914, datacollector.dll, MulticastDelegateUtilities.SafeInvoke: DataCollectionEvents.TestCaseEnd: Invoking callback 1/1 for Microsoft.TestPlatform.Extensions.BlameDataCollector.BlameCollector., took 0 ms.
TpTrace Information: 0 : 3712, 9, 2024/04/26, 11:27:04.366, 6924956853935, datacollector.dll, DataCollectionTestCaseEventHandler: Test case 'DeleteCartFailTest - 8cbb9b17-ff72-7ff2-ef43-fc0947b4c205' completed
TpTrace Information: 0 : 3712, 9, 2024/04/26, 11:27:04.367, 6924956861204, datacollector.dll, DataCollectionTestCaseEventHandler: Test case starting.
TpTrace Information: 0 : 3712, 9, 2024/04/26, 11:27:04.367, 6924956865257, datacollector.dll, BlameCollector.EventsTestCaseStart: Test Case Start
TpTrace Verbose: 0 : 3712, 9, 2024/04/26, 11:27:04.367, 6924956865703, datacollector.dll, MulticastDelegateUtilities.SafeInvoke: DataCollectionEvents.TestCaseStart: Invoking callback 1/1 for Microsoft.TestPlatform.Extensions.BlameDataCollector.BlameCollector., took 0 ms.
TpTrace Information: 0 : 3712, 9, 2024/04/26, 11:27:04.367, 6924956866459, datacollector.dll, DataCollectionTestCaseEventHandler: Test case 'DeleteCartFailTest2 - 88b209b1-0691-667d-08a0-1033b1a3f3c7' started.
TpTrace Information: 0 : 3712, 9, 2024/04/26, 11:27:04.368, 6924956871748, datacollector.dll, DataCollectionTestCaseEventHandler: Test case completing.
TpTrace Information: 0 : 3712, 9, 2024/04/26, 11:27:04.368, 6924956875219, datacollector.dll, BlameCollector.EventsTestCaseEnd: Test Case End
TpTrace Verbose: 0 : 3712, 9, 2024/04/26, 11:27:04.368, 6924956875625, datacollector.dll, MulticastDelegateUtilities.SafeInvoke: DataCollectionEvents.TestCaseEnd: Invoking callback 1/1 for Microsoft.TestPlatform.Extensions.BlameDataCollector.BlameCollector., took 0 ms.
TpTrace Information: 0 : 3712, 9, 2024/04/26, 11:27:04.368, 6924956876431, datacollector.dll, DataCollectionTestCaseEventHandler: Test case 'DeleteCartFailTest2 - 88b209b1-0691-667d-08a0-1033b1a3f3c7' completed
TpTrace Information: 0 : 3712, 9, 2024/04/26, 11:27:04.391, 6924957102215, datacollector.dll, DataCollectionTestCaseEventHandler: Test case starting.
TpTrace Information: 0 : 3712, 9, 2024/04/26, 11:27:04.392, 6924957108342, datacollector.dll, BlameCollector.EventsTestCaseStart: Test Case Start
TpTrace Verbose: 0 : 3712, 9, 2024/04/26, 11:27:04.392, 6924957108977, datacollector.dll, MulticastDelegateUtilities.SafeInvoke: DataCollectionEvents.TestCaseStart: Invoking callback 1/1 for Microsoft.TestPlatform.Extensions.BlameDataCollector.BlameCollector., took 0 ms.
TpTrace Information: 0 : 3712, 9, 2024/04/26, 11:27:04.392, 6924957109951, datacollector.dll, DataCollectionTestCaseEventHandler: Test case 'DeleteCartItemFailTest - c3dbbabc-cd03-7fc0-8272-fa9b9c870a52' started.
TpTrace Information: 0 : 3712, 9, 2024/04/26, 11:27:04.392, 6924957117161, datacollector.dll, DataCollectionTestCaseEventHandler: Test case completing.
TpTrace Information: 0 : 3712, 9, 2024/04/26, 11:27:04.393, 6924957122667, datacollector.dll, BlameCollector.EventsTestCaseEnd: Test Case End
TpTrace Verbose: 0 : 3712, 9, 2024/04/26, 11:27:04.393, 6924957123373, datacollector.dll, MulticastDelegateUtilities.SafeInvoke: DataCollectionEvents.TestCaseEnd: Invoking callback 1/1 for Microsoft.TestPlatform.Extensions.BlameDataCollector.BlameCollector., took 0 ms.
TpTrace Information: 0 : 3712, 9, 2024/04/26, 11:27:04.393, 6924957124732, datacollector.dll, DataCollectionTestCaseEventHandler: Test case 'DeleteCartItemFailTest - c3dbbabc-cd03-7fc0-8272-fa9b9c870a52' completed
TpTrace Information: 0 : 3712, 9, 2024/04/26, 11:27:04.394, 6924957133916, datacollector.dll, DataCollectionTestCaseEventHandler: Test case starting.
TpTrace Information: 0 : 3712, 9, 2024/04/26, 11:27:04.395, 6924957138215, datacollector.dll, BlameCollector.EventsTestCaseStart: Test Case Start
TpTrace Verbose: 0 : 3712, 9, 2024/04/26, 11:27:04.395, 6924957138707, datacollector.dll, MulticastDelegateUtilities.SafeInvoke: DataCollectionEvents.TestCaseStart: Invoking callback 1/1 for Microsoft.TestPlatform.Extensions.BlameDataCollector.BlameCollector., took 0 ms.
TpTrace Information: 0 : 3712, 9, 2024/04/26, 11:27:04.395, 6924957139515, datacollector.dll, DataCollectionTestCaseEventHandler: Test case 'DeleteCartItemFailTest2 - d80e5d49-2a08-01b5-7ce4-24125def5ec2' started.
TpTrace Information: 0 : 3712, 9, 2024/04/26, 11:27:04.396, 6924957148636, datacollector.dll, DataCollectionTestCaseEventHandler: Test case completing.
TpTrace Information: 0 : 3712, 9, 2024/04/26, 11:27:04.396, 6924957153121, datacollector.dll, BlameCollector.EventsTestCaseEnd: Test Case End
TpTrace Verbose: 0 : 3712, 9, 2024/04/26, 11:27:04.396, 6924957153892, datacollector.dll, MulticastDelegateUtilities.SafeInvoke: DataCollectionEvents.TestCaseEnd: Invoking callback 1/1 for Microsoft.TestPlatform.Extensions.BlameDataCollector.BlameCollector., took 0 ms.
TpTrace Information: 0 : 3712, 9, 2024/04/26, 11:27:04.396, 6924957155089, datacollector.dll, DataCollectionTestCaseEventHandler: Test case 'DeleteCartItemFailTest2 - d80e5d49-2a08-01b5-7ce4-24125def5ec2' completed
TpTrace Information: 0 : 3712, 9, 2024/04/26, 11:27:04.397, 6924957162899, datacollector.dll, DataCollectionTestCaseEventHandler: Test case starting.
TpTrace Information: 0 : 3712, 9, 2024/04/26, 11:27:04.397, 6924957166851, datacollector.dll, BlameCollector.EventsTestCaseStart: Test Case Start
TpTrace Verbose: 0 : 3712, 9, 2024/04/26, 11:27:04.397, 6924957167389, datacollector.dll, MulticastDelegateUtilities.SafeInvoke: DataCollectionEvents.TestCaseStart: Invoking callback 1/1 for Microsoft.TestPlatform.Extensions.BlameDataCollector.BlameCollector., took 0 ms.
TpTrace Information: 0 : 3712, 9, 2024/04/26, 11:27:04.398, 6924957168130, datacollector.dll, DataCollectionTestCaseEventHandler: Test case 'DeleteCartItemFailTest3 - 59adf30d-ffed-5fdd-d1ee-1157cd621eff' started.
TpTrace Information: 0 : 3712, 9, 2024/04/26, 11:27:04.398, 6924957174450, datacollector.dll, DataCollectionTestCaseEventHandler: Test case completing.
TpTrace Information: 0 : 3712, 9, 2024/04/26, 11:27:04.399, 6924957180401, datacollector.dll, BlameCollector.EventsTestCaseEnd: Test Case End
TpTrace Verbose: 0 : 3712, 9, 2024/04/26, 11:27:04.399, 6924957180921, datacollector.dll, MulticastDelegateUtilities.SafeInvoke: DataCollectionEvents.TestCaseEnd: Invoking callback 1/1 for Microsoft.TestPlatform.Extensions.BlameDataCollector.BlameCollector., took 0 ms.
TpTrace Information: 0 : 3712, 9, 2024/04/26, 11:27:04.399, 6924957182033, datacollector.dll, DataCollectionTestCaseEventHandler: Test case 'DeleteCartItemFailTest3 - 59adf30d-ffed-5fdd-d1ee-1157cd621eff' completed
TpTrace Information: 0 : 3712, 9, 2024/04/26, 11:27:04.399, 6924957187663, datacollector.dll, DataCollectionTestCaseEventHandler: Test case starting.
TpTrace Information: 0 : 3712, 9, 2024/04/26, 11:27:04.400, 6924957192202, datacollector.dll, BlameCollector.EventsTestCaseStart: Test Case Start
TpTrace Verbose: 0 : 3712, 9, 2024/04/26, 11:27:04.400, 6924957193314, datacollector.dll, MulticastDelegateUtilities.SafeInvoke: DataCollectionEvents.TestCaseStart: Invoking callback 1/1 for Microsoft.TestPlatform.Extensions.BlameDataCollector.BlameCollector., took 0 ms.
TpTrace Information: 0 : 3712, 9, 2024/04/26, 11:27:04.402, 6924957213993, datacollector.dll, DataCollectionTestCaseEventHandler: Test case 'DeleteCartItemTest - 86fce94e-003e-6759-169d-791155832e8a' started.
TpTrace Information: 0 : 3712, 9, 2024/04/26, 11:27:04.403, 6924957221940, datacollector.dll, DataCollectionTestCaseEventHandler: Test case completing.
TpTrace Information: 0 : 3712, 9, 2024/04/26, 11:27:04.403, 6924957225850, datacollector.dll, BlameCollector.EventsTestCaseEnd: Test Case End
TpTrace Verbose: 0 : 3712, 9, 2024/04/26, 11:27:04.403, 6924957226329, datacollector.dll, MulticastDelegateUtilities.SafeInvoke: DataCollectionEvents.TestCaseEnd: Invoking callback 1/1 for Microsoft.TestPlatform.Extensions.BlameDataCollector.BlameCollector., took 0 ms.
TpTrace Information: 0 : 3712, 9, 2024/04/26, 11:27:04.403, 6924957227425, datacollector.dll, DataCollectionTestCaseEventHandler: Test case 'DeleteCartItemTest - 86fce94e-003e-6759-169d-791155832e8a' completed
TpTrace Information: 0 : 3712, 9, 2024/04/26, 11:27:04.404, 6924957234800, datacollector.dll, DataCollectionTestCaseEventHandler: Test case starting.
TpTrace Information: 0 : 3712, 9, 2024/04/26, 11:27:04.405, 6924957240239, datacollector.dll, BlameCollector.EventsTestCaseStart: Test Case Start
TpTrace Verbose: 0 : 3712, 9, 2024/04/26, 11:27:04.405, 6924957240870, datacollector.dll, MulticastDelegateUtilities.SafeInvoke: DataCollectionEvents.TestCaseStart: Invoking callback 1/1 for Microsoft.TestPlatform.Extensions.BlameDataCollector.BlameCollector., took 0 ms.
TpTrace Information: 0 : 3712, 9, 2024/04/26, 11:27:04.405, 6924957241921, datacollector.dll, DataCollectionTestCaseEventHandler: Test case 'DeleteCartTest - 68684ad8-ca5a-96a1-fa28-36f6017de033' started.
TpTrace Information: 0 : 3712, 9, 2024/04/26, 11:27:04.406, 6924957249880, datacollector.dll, DataCollectionTestCaseEventHandler: Test case completing.
TpTrace Information: 0 : 3712, 9, 2024/04/26, 11:27:04.406, 6924957253603, datacollector.dll, BlameCollector.EventsTestCaseEnd: Test Case End
TpTrace Verbose: 0 : 3712, 9, 2024/04/26, 11:27:04.406, 6924957254069, datacollector.dll, MulticastDelegateUtilities.SafeInvoke: DataCollectionEvents.TestCaseEnd: Invoking callback 1/1 for Microsoft.TestPlatform.Extensions.BlameDataCollector.BlameCollector., took 0 ms.
TpTrace Information: 0 : 3712, 9, 2024/04/26, 11:27:04.406, 6924957255080, datacollector.dll, DataCollectionTestCaseEventHandler: Test case 'DeleteCartTest - 68684ad8-ca5a-96a1-fa28-36f6017de033' completed
TpTrace Information: 0 : 3712, 9, 2024/04/26, 11:27:04.407, 6924957262635, datacollector.dll, DataCollectionTestCaseEventHandler: Test case starting.
TpTrace Information: 0 : 3712, 9, 2024/04/26, 11:27:04.407, 6924957265761, datacollector.dll, BlameCollector.EventsTestCaseStart: Test Case Start
TpTrace Verbose: 0 : 3712, 9, 2024/04/26, 11:27:04.407, 6924957266179, datacollector.dll, MulticastDelegateUtilities.SafeInvoke: DataCollectionEvents.TestCaseStart: Invoking callback 1/1 for Microsoft.TestPlatform.Extensions.BlameDataCollector.BlameCollector., took 0 ms.
TpTrace Information: 0 : 3712, 9, 2024/04/26, 11:27:04.407, 6924957266828, datacollector.dll, DataCollectionTestCaseEventHandler: Test case 'GetAllCartByCustomerIdFailTest - def69987-02ba-2861-1656-e78c4469ff38' started.
TpTrace Information: 0 : 3712, 9, 2024/04/26, 11:27:04.408, 6924957273180, datacollector.dll, DataCollectionTestCaseEventHandler: Test case completing.
TpTrace Information: 0 : 3712, 9, 2024/04/26, 11:27:04.409, 6924957279013, datacollector.dll, BlameCollector.EventsTestCaseEnd: Test Case End
TpTrace Verbose: 0 : 3712, 9, 2024/04/26, 11:27:04.409, 6924957280190, datacollector.dll, MulticastDelegateUtilities.SafeInvoke: DataCollectionEvents.TestCaseEnd: Invoking callback 1/1 for Microsoft.TestPlatform.Extensions.BlameDataCollector.BlameCollector., took 0 ms.
TpTrace Information: 0 : 3712, 9, 2024/04/26, 11:27:04.409, 6924957282416, datacollector.dll, DataCollectionTestCaseEventHandler: Test case 'GetAllCartByCustomerIdFailTest - def69987-02ba-2861-1656-e78c4469ff38' completed
TpTrace Information: 0 : 3712, 9, 2024/04/26, 11:27:04.410, 6924957296768, datacollector.dll, DataCollectionTestCaseEventHandler: Test case starting.
TpTrace Information: 0 : 3712, 9, 2024/04/26, 11:27:04.411, 6924957301563, datacollector.dll, BlameCollector.EventsTestCaseStart: Test Case Start
TpTrace Verbose: 0 : 3712, 9, 2024/04/26, 11:27:04.411, 6924957302093, datacollector.dll, MulticastDelegateUtilities.SafeInvoke: DataCollectionEvents.TestCaseStart: Invoking callback 1/1 for Microsoft.TestPlatform.Extensions.BlameDataCollector.BlameCollector., took 0 ms.
TpTrace Information: 0 : 3712, 9, 2024/04/26, 11:27:04.411, 6924957302989, datacollector.dll, DataCollectionTestCaseEventHandler: Test case 'GetAllCartByCustomerIdFailTest2 - 8beb6782-6176-ca7c-50d7-1ef48dede6de' started.
TpTrace Information: 0 : 3712, 9, 2024/04/26, 11:27:04.412, 6924957309887, datacollector.dll, DataCollectionTestCaseEventHandler: Test case completing.
TpTrace Information: 0 : 3712, 9, 2024/04/26, 11:27:04.412, 6924957313138, datacollector.dll, BlameCollector.EventsTestCaseEnd: Test Case End
TpTrace Verbose: 0 : 3712, 9, 2024/04/26, 11:27:04.412, 6924957313542, datacollector.dll, MulticastDelegateUtilities.SafeInvoke: DataCollectionEvents.TestCaseEnd: Invoking callback 1/1 for Microsoft.TestPlatform.Extensions.BlameDataCollector.BlameCollector., took 0 ms.
TpTrace Information: 0 : 3712, 9, 2024/04/26, 11:27:04.412, 6924957314353, datacollector.dll, DataCollectionTestCaseEventHandler: Test case 'GetAllCartByCustomerIdFailTest2 - 8beb6782-6176-ca7c-50d7-1ef48dede6de' completed
TpTrace Information: 0 : 3712, 9, 2024/04/26, 11:27:04.413, 6924957322033, datacollector.dll, DataCollectionTestCaseEventHandler: Test case starting.
TpTrace Information: 0 : 3712, 9, 2024/04/26, 11:27:04.413, 6924957325247, datacollector.dll, BlameCollector.EventsTestCaseStart: Test Case Start
TpTrace Verbose: 0 : 3712, 9, 2024/04/26, 11:27:04.413, 6924957325703, datacollector.dll, MulticastDelegateUtilities.SafeInvoke: DataCollectionEvents.TestCaseStart: Invoking callback 1/1 for Microsoft.TestPlatform.Extensions.BlameDataCollector.BlameCollector., took 0 ms.
TpTrace Information: 0 : 3712, 9, 2024/04/26, 11:27:04.413, 6924957326460, datacollector.dll, DataCollectionTestCaseEventHandler: Test case 'GetAllCartByCustomerIdTest - 44298bc0-df4c-281a-4301-77da97485db3' started.
TpTrace Information: 0 : 3712, 9, 2024/04/26, 11:27:04.414, 6924957334124, datacollector.dll, DataCollectionTestCaseEventHandler: Test case completing.
TpTrace Information: 0 : 3712, 9, 2024/04/26, 11:27:04.415, 6924957338108, datacollector.dll, BlameCollector.EventsTestCaseEnd: Test Case End
TpTrace Verbose: 0 : 3712, 9, 2024/04/26, 11:27:04.415, 6924957338604, datacollector.dll, MulticastDelegateUtilities.SafeInvoke: DataCollectionEvents.TestCaseEnd: Invoking callback 1/1 for Microsoft.TestPlatform.Extensions.BlameDataCollector.BlameCollector., took 0 ms.
TpTrace Information: 0 : 3712, 9, 2024/04/26, 11:27:04.415, 6924957339590, datacollector.dll, DataCollectionTestCaseEventHandler: Test case 'GetAllCartByCustomerIdTest - 44298bc0-df4c-281a-4301-77da97485db3' completed
TpTrace Information: 0 : 3712, 9, 2024/04/26, 11:27:04.416, 6924957348549, datacollector.dll, DataCollectionTestCaseEventHandler: Test case starting.
TpTrace Information: 0 : 3712, 9, 2024/04/26, 11:27:04.416, 6924957353022, datacollector.dll, BlameCollector.EventsTestCaseStart: Test Case Start
TpTrace Verbose: 0 : 3712, 9, 2024/04/26, 11:27:04.416, 6924957353554, datacollector.dll, MulticastDelegateUtilities.SafeInvoke: DataCollectionEvents.TestCaseStart: Invoking callback 1/1 for Microsoft.TestPlatform.Extensions.BlameDataCollector.BlameCollector., took 0 ms.
TpTrace Information: 0 : 3712, 9, 2024/04/26, 11:27:04.416, 6924957354732, datacollector.dll, DataCollectionTestCaseEventHandler: Test case 'GetAllCartFailTest - daf4276d-68cf-661f-8afe-ceb6945a1c84' started.
TpTrace Information: 0 : 3712, 9, 2024/04/26, 11:27:04.417, 6924957361392, datacollector.dll, DataCollectionTestCaseEventHandler: Test case completing.
TpTrace Information: 0 : 3712, 9, 2024/04/26, 11:27:04.417, 6924957365325, datacollector.dll, BlameCollector.EventsTestCaseEnd: Test Case End
TpTrace Verbose: 0 : 3712, 9, 2024/04/26, 11:27:04.417, 6924957365780, datacollector.dll, MulticastDelegateUtilities.SafeInvoke: DataCollectionEvents.TestCaseEnd: Invoking callback 1/1 for Microsoft.TestPlatform.Extensions.BlameDataCollector.BlameCollector., took 0 ms.
TpTrace Information: 0 : 3712, 9, 2024/04/26, 11:27:04.417, 6924957366702, datacollector.dll, DataCollectionTestCaseEventHandler: Test case 'GetAllCartFailTest - daf4276d-68cf-661f-8afe-ceb6945a1c84' completed
TpTrace Information: 0 : 3712, 9, 2024/04/26, 11:27:04.420, 6924957392440, datacollector.dll, DataCollectionTestCaseEventHandler: Test case starting.
TpTrace Information: 0 : 3712, 9, 2024/04/26, 11:27:04.420, 6924957396848, datacollector.dll, BlameCollector.EventsTestCaseStart: Test Case Start
TpTrace Verbose: 0 : 3712, 9, 2024/04/26, 11:27:04.420, 6924957397365, datacollector.dll, MulticastDelegateUtilities.SafeInvoke: DataCollectionEvents.TestCaseStart: Invoking callback 1/1 for Microsoft.TestPlatform.Extensions.BlameDataCollector.BlameCollector., took 0 ms.
TpTrace Information: 0 : 3712, 9, 2024/04/26, 11:27:04.421, 6924957398199, datacollector.dll, DataCollectionTestCaseEventHandler: Test case 'GetAllCartItemsFailTest - 91e144a4-62aa-56f3-c267-38155a2576c1' started.
TpTrace Information: 0 : 3712, 9, 2024/04/26, 11:27:04.421, 6924957405407, datacollector.dll, DataCollectionTestCaseEventHandler: Test case completing.
TpTrace Information: 0 : 3712, 9, 2024/04/26, 11:27:04.422, 6924957408556, datacollector.dll, BlameCollector.EventsTestCaseEnd: Test Case End
TpTrace Verbose: 0 : 3712, 9, 2024/04/26, 11:27:04.422, 6924957409014, datacollector.dll, MulticastDelegateUtilities.SafeInvoke: DataCollectionEvents.TestCaseEnd: Invoking callback 1/1 for Microsoft.TestPlatform.Extensions.BlameDataCollector.BlameCollector., took 0 ms.
TpTrace Information: 0 : 3712, 9, 2024/04/26, 11:27:04.422, 6924957409813, datacollector.dll, DataCollectionTestCaseEventHandler: Test case 'GetAllCartItemsFailTest - 91e144a4-62aa-56f3-c267-38155a2576c1' completed
TpTrace Information: 0 : 3712, 9, 2024/04/26, 11:27:04.422, 6924957416464, datacollector.dll, DataCollectionTestCaseEventHandler: Test case starting.
TpTrace Information: 0 : 3712, 9, 2024/04/26, 11:27:04.423, 6924957420942, datacollector.dll, BlameCollector.EventsTestCaseStart: Test Case Start
TpTrace Verbose: 0 : 3712, 9, 2024/04/26, 11:27:04.423, 6924957421347, datacollector.dll, MulticastDelegateUtilities.SafeInvoke: DataCollectionEvents.TestCaseStart: Invoking callback 1/1 for Microsoft.TestPlatform.Extensions.BlameDataCollector.BlameCollector., took 0 ms.
TpTrace Information: 0 : 3712, 9, 2024/04/26, 11:27:04.423, 6924957422042, datacollector.dll, DataCollectionTestCaseEventHandler: Test case 'GetAllCartItemsFailTest2 - 4a16dcbb-8905-afa1-d0c9-be22f3e24672' started.
TpTrace Information: 0 : 3712, 9, 2024/04/26, 11:27:04.424, 6924957428976, datacollector.dll, DataCollectionTestCaseEventHandler: Test case completing.
TpTrace Information: 0 : 3712, 9, 2024/04/26, 11:27:04.424, 6924957432645, datacollector.dll, BlameCollector.EventsTestCaseEnd: Test Case End
TpTrace Verbose: 0 : 3712, 9, 2024/04/26, 11:27:04.424, 6924957433074, datacollector.dll, MulticastDelegateUtilities.SafeInvoke: DataCollectionEvents.TestCaseEnd: Invoking callback 1/1 for Microsoft.TestPlatform.Extensions.BlameDataCollector.BlameCollector., took 0 ms.
TpTrace Information: 0 : 3712, 9, 2024/04/26, 11:27:04.424, 6924957434028, datacollector.dll, DataCollectionTestCaseEventHandler: Test case 'GetAllCartItemsFailTest2 - 4a16dcbb-8905-afa1-d0c9-be22f3e24672' completed
TpTrace Information: 0 : 3712, 9, 2024/04/26, 11:27:04.425, 6924957441108, datacollector.dll, DataCollectionTestCaseEventHandler: Test case starting.
TpTrace Information: 0 : 3712, 9, 2024/04/26, 11:27:04.425, 6924957444328, datacollector.dll, BlameCollector.EventsTestCaseStart: Test Case Start
TpTrace Verbose: 0 : 3712, 9, 2024/04/26, 11:27:04.425, 6924957444734, datacollector.dll, MulticastDelegateUtilities.SafeInvoke: DataCollectionEvents.TestCaseStart: Invoking callback 1/1 for Microsoft.TestPlatform.Extensions.BlameDataCollector.BlameCollector., took 0 ms.
TpTrace Information: 0 : 3712, 9, 2024/04/26, 11:27:04.425, 6924957445615, datacollector.dll, DataCollectionTestCaseEventHandler: Test case 'GetAllCartItemsTest - 2d4ae6ea-24eb-4cc1-8513-73158196d044' started.
TpTrace Information: 0 : 3712, 9, 2024/04/26, 11:27:04.426, 6924957451103, datacollector.dll, DataCollectionTestCaseEventHandler: Test case completing.
TpTrace Information: 0 : 3712, 9, 2024/04/26, 11:27:04.426, 6924957454581, datacollector.dll, BlameCollector.EventsTestCaseEnd: Test Case End
TpTrace Verbose: 0 : 3712, 9, 2024/04/26, 11:27:04.426, 6924957455020, datacollector.dll, MulticastDelegateUtilities.SafeInvoke: DataCollectionEvents.TestCaseEnd: Invoking callback 1/1 for Microsoft.TestPlatform.Extensions.BlameDataCollector.BlameCollector., took 0 ms.
TpTrace Information: 0 : 3712, 9, 2024/04/26, 11:27:04.426, 6924957455850, datacollector.dll, DataCollectionTestCaseEventHandler: Test case 'GetAllCartItemsTest - 2d4ae6ea-24eb-4cc1-8513-73158196d044' completed
TpTrace Information: 0 : 3712, 9, 2024/04/26, 11:27:04.427, 6924957463145, datacollector.dll, DataCollectionTestCaseEventHandler: Test case starting.
TpTrace Information: 0 : 3712, 9, 2024/04/26, 11:27:04.427, 6924957467605, datacollector.dll, BlameCollector.EventsTestCaseStart: Test Case Start
TpTrace Verbose: 0 : 3712, 9, 2024/04/26, 11:27:04.428, 6924957468226, datacollector.dll, MulticastDelegateUtilities.SafeInvoke: DataCollectionEvents.TestCaseStart: Invoking callback 1/1 for Microsoft.TestPlatform.Extensions.BlameDataCollector.BlameCollector., took 0 ms.
TpTrace Information: 0 : 3712, 9, 2024/04/26, 11:27:04.428, 6924957469084, datacollector.dll, DataCollectionTestCaseEventHandler: Test case 'GetAllCartTest - 76b3e554-3107-d512-2f94-cbb2fc814a92' started.
TpTrace Information: 0 : 3712, 9, 2024/04/26, 11:27:04.428, 6924957475260, datacollector.dll, DataCollectionTestCaseEventHandler: Test case completing.
TpTrace Information: 0 : 3712, 9, 2024/04/26, 11:27:04.429, 6924957478340, datacollector.dll, BlameCollector.EventsTestCaseEnd: Test Case End
TpTrace Verbose: 0 : 3712, 9, 2024/04/26, 11:27:04.429, 6924957478754, datacollector.dll, MulticastDelegateUtilities.SafeInvoke: DataCollectionEvents.TestCaseEnd: Invoking callback 1/1 for Microsoft.TestPlatform.Extensions.BlameDataCollector.BlameCollector., took 0 ms.
TpTrace Information: 0 : 3712, 9, 2024/04/26, 11:27:04.429, 6924957479751, datacollector.dll, DataCollectionTestCaseEventHandler: Test case 'GetAllCartTest - 76b3e554-3107-d512-2f94-cbb2fc814a92' completed
TpTrace Information: 0 : 3712, 9, 2024/04/26, 11:27:04.429, 6924957486487, datacollector.dll, DataCollectionTestCaseEventHandler: Test case starting.
TpTrace Information: 0 : 3712, 9, 2024/04/26, 11:27:04.430, 6924957489810, datacollector.dll, BlameCollector.EventsTestCaseStart: Test Case Start
TpTrace Verbose: 0 : 3712, 9, 2024/04/26, 11:27:04.430, 6924957490287, datacollector.dll, MulticastDelegateUtilities.SafeInvoke: DataCollectionEvents.TestCaseStart: Invoking callback 1/1 for Microsoft.TestPlatform.Extensions.BlameDataCollector.BlameCollector., took 0 ms.
TpTrace Information: 0 : 3712, 9, 2024/04/26, 11:27:04.430, 6924957491237, datacollector.dll, DataCollectionTestCaseEventHandler: Test case 'GetCartByCustomerFailTest - d931b914-3291-afb0-955b-86afea8977fc' started.
TpTrace Information: 0 : 3712, 9, 2024/04/26, 11:27:04.431, 6924957499263, datacollector.dll, DataCollectionTestCaseEventHandler: Test case completing.
TpTrace Information: 0 : 3712, 9, 2024/04/26, 11:27:04.431, 6924957505300, datacollector.dll, BlameCollector.EventsTestCaseEnd: Test Case End
TpTrace Verbose: 0 : 3712, 9, 2024/04/26, 11:27:04.431, 6924957506086, datacollector.dll, MulticastDelegateUtilities.SafeInvoke: DataCollectionEvents.TestCaseEnd: Invoking callback 1/1 for Microsoft.TestPlatform.Extensions.BlameDataCollector.BlameCollector., took 0 ms.
TpTrace Information: 0 : 3712, 9, 2024/04/26, 11:27:04.431, 6924957507034, datacollector.dll, DataCollectionTestCaseEventHandler: Test case 'GetCartByCustomerFailTest - d931b914-3291-afb0-955b-86afea8977fc' completed
TpTrace Information: 0 : 3712, 9, 2024/04/26, 11:27:04.432, 6924957513600, datacollector.dll, DataCollectionTestCaseEventHandler: Test case starting.
TpTrace Information: 0 : 3712, 9, 2024/04/26, 11:27:04.432, 6924957516739, datacollector.dll, BlameCollector.EventsTestCaseStart: Test Case Start
TpTrace Verbose: 0 : 3712, 9, 2024/04/26, 11:27:04.433, 6924957518557, datacollector.dll, MulticastDelegateUtilities.SafeInvoke: DataCollectionEvents.TestCaseStart: Invoking callback 1/1 for Microsoft.TestPlatform.Extensions.BlameDataCollector.BlameCollector., took 0 ms.
TpTrace Information: 0 : 3712, 9, 2024/04/26, 11:27:04.433, 6924957519217, datacollector.dll, DataCollectionTestCaseEventHandler: Test case 'GetCartByCustomerFailTest2 - 7b995afd-5fe5-8ecf-1f4e-e1512e7e6f72' started.
TpTrace Information: 0 : 3712, 9, 2024/04/26, 11:27:04.433, 6924957525509, datacollector.dll, DataCollectionTestCaseEventHandler: Test case completing.
TpTrace Information: 0 : 3712, 9, 2024/04/26, 11:27:04.434, 6924957529142, datacollector.dll, BlameCollector.EventsTestCaseEnd: Test Case End
TpTrace Verbose: 0 : 3712, 9, 2024/04/26, 11:27:04.434, 6924957529539, datacollector.dll, MulticastDelegateUtilities.SafeInvoke: DataCollectionEvents.TestCaseEnd: Invoking callback 1/1 for Microsoft.TestPlatform.Extensions.BlameDataCollector.BlameCollector., took 0 ms.
TpTrace Information: 0 : 3712, 9, 2024/04/26, 11:27:04.434, 6924957530302, datacollector.dll, DataCollectionTestCaseEventHandler: Test case 'GetCartByCustomerFailTest2 - 7b995afd-5fe5-8ecf-1f4e-e1512e7e6f72' completed
TpTrace Information: 0 : 3712, 9, 2024/04/26, 11:27:04.438, 6924957572126, datacollector.dll, DataCollectionTestCaseEventHandler: Test case starting.
TpTrace Information: 0 : 3712, 9, 2024/04/26, 11:27:04.438, 6924957577130, datacollector.dll, BlameCollector.EventsTestCaseStart: Test Case Start
TpTrace Verbose: 0 : 3712, 9, 2024/04/26, 11:27:04.438, 6924957577676, datacollector.dll, MulticastDelegateUtilities.SafeInvoke: DataCollectionEvents.TestCaseStart: Invoking callback 1/1 for Microsoft.TestPlatform.Extensions.BlameDataCollector.BlameCollector., took 0 ms.
TpTrace Information: 0 : 3712, 9, 2024/04/26, 11:27:04.439, 6924957578695, datacollector.dll, DataCollectionTestCaseEventHandler: Test case 'GetCartByCustomerTest - ae9d9941-deaf-5a9f-2c43-b1d401e245ef' started.
TpTrace Information: 0 : 3712, 9, 2024/04/26, 11:27:04.439, 6924957586122, datacollector.dll, DataCollectionTestCaseEventHandler: Test case completing.
TpTrace Information: 0 : 3712, 9, 2024/04/26, 11:27:04.440, 6924957589253, datacollector.dll, BlameCollector.EventsTestCaseEnd: Test Case End
TpTrace Verbose: 0 : 3712, 9, 2024/04/26, 11:27:04.440, 6924957589653, datacollector.dll, MulticastDelegateUtilities.SafeInvoke: DataCollectionEvents.TestCaseEnd: Invoking callback 1/1 for Microsoft.TestPlatform.Extensions.BlameDataCollector.BlameCollector., took 0 ms.
TpTrace Information: 0 : 3712, 9, 2024/04/26, 11:27:04.440, 6924957590440, datacollector.dll, DataCollectionTestCaseEventHandler: Test case 'GetCartByCustomerTest - ae9d9941-deaf-5a9f-2c43-b1d401e245ef' completed
TpTrace Information: 0 : 3712, 9, 2024/04/26, 11:27:04.440, 6924957596760, datacollector.dll, DataCollectionTestCaseEventHandler: Test case starting.
TpTrace Information: 0 : 3712, 9, 2024/04/26, 11:27:04.441, 6924957599393, datacollector.dll, BlameCollector.EventsTestCaseStart: Test Case Start
TpTrace Verbose: 0 : 3712, 9, 2024/04/26, 11:27:04.441, 6924957599792, datacollector.dll, MulticastDelegateUtilities.SafeInvoke: DataCollectionEvents.TestCaseStart: Invoking callback 1/1 for Microsoft.TestPlatform.Extensions.BlameDataCollector.BlameCollector., took 0 ms.
TpTrace Information: 0 : 3712, 9, 2024/04/26, 11:27:04.441, 6924957600391, datacollector.dll, DataCollectionTestCaseEventHandler: Test case 'GetCartFailTest - 4223f6eb-e636-c163-09e8-11840ff71d89' started.
TpTrace Information: 0 : 3712, 9, 2024/04/26, 11:27:04.441, 6924957605226, datacollector.dll, DataCollectionTestCaseEventHandler: Test case completing.
TpTrace Information: 0 : 3712, 9, 2024/04/26, 11:27:04.442, 6924957607837, datacollector.dll, BlameCollector.EventsTestCaseEnd: Test Case End
TpTrace Verbose: 0 : 3712, 9, 2024/04/26, 11:27:04.442, 6924957608222, datacollector.dll, MulticastDelegateUtilities.SafeInvoke: DataCollectionEvents.TestCaseEnd: Invoking callback 1/1 for Microsoft.TestPlatform.Extensions.BlameDataCollector.BlameCollector., took 0 ms.
TpTrace Information: 0 : 3712, 9, 2024/04/26, 11:27:04.442, 6924957608887, datacollector.dll, DataCollectionTestCaseEventHandler: Test case 'GetCartFailTest - 4223f6eb-e636-c163-09e8-11840ff71d89' completed
TpTrace Information: 0 : 3712, 9, 2024/04/26, 11:27:04.442, 6924957614149, datacollector.dll, DataCollectionTestCaseEventHandler: Test case starting.
TpTrace Information: 0 : 3712, 9, 2024/04/26, 11:27:04.442, 6924957616762, datacollector.dll, BlameCollector.EventsTestCaseStart: Test Case Start
TpTrace Verbose: 0 : 3712, 9, 2024/04/26, 11:27:04.442, 6924957617153, datacollector.dll, MulticastDelegateUtilities.SafeInvoke: DataCollectionEvents.TestCaseStart: Invoking callback 1/1 for Microsoft.TestPlatform.Extensions.BlameDataCollector.BlameCollector., took 0 ms.
TpTrace Information: 0 : 3712, 9, 2024/04/26, 11:27:04.443, 6924957617747, datacollector.dll, DataCollectionTestCaseEventHandler: Test case 'GetCartFailTest2 - 4cca94c9-9a57-9f82-4ff9-23a7ff85a09c' started.
TpTrace Information: 0 : 3712, 9, 2024/04/26, 11:27:04.443, 6924957622876, datacollector.dll, DataCollectionTestCaseEventHandler: Test case completing.
TpTrace Information: 0 : 3712, 9, 2024/04/26, 11:27:04.443, 6924957626117, datacollector.dll, BlameCollector.EventsTestCaseEnd: Test Case End
TpTrace Verbose: 0 : 3712, 9, 2024/04/26, 11:27:04.443, 6924957626692, datacollector.dll, MulticastDelegateUtilities.SafeInvoke: DataCollectionEvents.TestCaseEnd: Invoking callback 1/1 for Microsoft.TestPlatform.Extensions.BlameDataCollector.BlameCollector., took 0 ms.
TpTrace Information: 0 : 3712, 9, 2024/04/26, 11:27:04.444, 6924957627857, datacollector.dll, DataCollectionTestCaseEventHandler: Test case 'GetCartFailTest2 - 4cca94c9-9a57-9f82-4ff9-23a7ff85a09c' completed
TpTrace Information: 0 : 3712, 9, 2024/04/26, 11:27:04.445, 6924957640290, datacollector.dll, DataCollectionTestCaseEventHandler: Test case starting.
TpTrace Information: 0 : 3712, 9, 2024/04/26, 11:27:04.445, 6924957647676, datacollector.dll, BlameCollector.EventsTestCaseStart: Test Case Start
TpTrace Verbose: 0 : 3712, 9, 2024/04/26, 11:27:04.446, 6924957648287, datacollector.dll, MulticastDelegateUtilities.SafeInvoke: DataCollectionEvents.TestCaseStart: Invoking callback 1/1 for Microsoft.TestPlatform.Extensions.BlameDataCollector.BlameCollector., took 0 ms.
TpTrace Information: 0 : 3712, 9, 2024/04/26, 11:27:04.446, 6924957649508, datacollector.dll, DataCollectionTestCaseEventHandler: Test case 'GetCartTest - a1a6098e-a9c5-39ab-dfb0-fe0a8a396d2b' started.
TpTrace Information: 0 : 3712, 9, 2024/04/26, 11:27:04.447, 6924957660971, datacollector.dll, DataCollectionTestCaseEventHandler: Test case completing.
TpTrace Information: 0 : 3712, 9, 2024/04/26, 11:27:04.447, 6924957664938, datacollector.dll, BlameCollector.EventsTestCaseEnd: Test Case End
TpTrace Verbose: 0 : 3712, 9, 2024/04/26, 11:27:04.447, 6924957665568, datacollector.dll, MulticastDelegateUtilities.SafeInvoke: DataCollectionEvents.TestCaseEnd: Invoking callback 1/1 for Microsoft.TestPlatform.Extensions.BlameDataCollector.BlameCollector., took 0 ms.
TpTrace Information: 0 : 3712, 9, 2024/04/26, 11:27:04.447, 6924957666929, datacollector.dll, DataCollectionTestCaseEventHandler: Test case 'GetCartTest - a1a6098e-a9c5-39ab-dfb0-fe0a8a396d2b' completed
TpTrace Information: 0 : 3712, 9, 2024/04/26, 11:27:04.448, 6924957672884, datacollector.dll, DataCollectionTestCaseEventHandler: Test case starting.
TpTrace Information: 0 : 3712, 9, 2024/04/26, 11:27:04.448, 6924957675757, datacollector.dll, BlameCollector.EventsTestCaseStart: Test Case Start
TpTrace Verbose: 0 : 3712, 9, 2024/04/26, 11:27:04.449, 6924957679817, datacollector.dll, MulticastDelegateUtilities.SafeInvoke: DataCollectionEvents.TestCaseStart: Invoking callback 1/1 for Microsoft.TestPlatform.Extensions.BlameDataCollector.BlameCollector., took 0 ms.
TpTrace Information: 0 : 3712, 9, 2024/04/26, 11:27:04.449, 6924957680874, datacollector.dll, DataCollectionTestCaseEventHandler: Test case 'UpdateCartFailTest - b883e1ae-56d9-17ac-80a6-e326b7806507' started.
TpTrace Information: 0 : 3712, 9, 2024/04/26, 11:27:04.449, 6924957685162, datacollector.dll, DataCollectionTestCaseEventHandler: Test case completing.
TpTrace Information: 0 : 3712, 9, 2024/04/26, 11:27:04.450, 6924957688131, datacollector.dll, BlameCollector.EventsTestCaseEnd: Test Case End
TpTrace Verbose: 0 : 3712, 9, 2024/04/26, 11:27:04.450, 6924957688543, datacollector.dll, MulticastDelegateUtilities.SafeInvoke: DataCollectionEvents.TestCaseEnd: Invoking callback 1/1 for Microsoft.TestPlatform.Extensions.BlameDataCollector.BlameCollector., took 0 ms.
TpTrace Information: 0 : 3712, 9, 2024/04/26, 11:27:04.450, 6924957689277, datacollector.dll, DataCollectionTestCaseEventHandler: Test case 'UpdateCartFailTest - b883e1ae-56d9-17ac-80a6-e326b7806507' completed
TpTrace Information: 0 : 3712, 9, 2024/04/26, 11:27:04.450, 6924957694986, datacollector.dll, DataCollectionTestCaseEventHandler: Test case starting.
TpTrace Information: 0 : 3712, 9, 2024/04/26, 11:27:04.450, 6924957697610, datacollector.dll, BlameCollector.EventsTestCaseStart: Test Case Start
TpTrace Verbose: 0 : 3712, 9, 2024/04/26, 11:27:04.451, 6924957698013, datacollector.dll, MulticastDelegateUtilities.SafeInvoke: DataCollectionEvents.TestCaseStart: Invoking callback 1/1 for Microsoft.TestPlatform.Extensions.BlameDataCollector.BlameCollector., took 0 ms.
TpTrace Information: 0 : 3712, 9, 2024/04/26, 11:27:04.451, 6924957698629, datacollector.dll, DataCollectionTestCaseEventHandler: Test case 'UpdateCartFailTest2 - 46ba879c-e18f-ad18-71cf-10793e7aad4a' started.
TpTrace Information: 0 : 3712, 9, 2024/04/26, 11:27:04.451, 6924957703420, datacollector.dll, DataCollectionTestCaseEventHandler: Test case completing.
TpTrace Information: 0 : 3712, 9, 2024/04/26, 11:27:04.451, 6924957706039, datacollector.dll, BlameCollector.EventsTestCaseEnd: Test Case End
TpTrace Verbose: 0 : 3712, 9, 2024/04/26, 11:27:04.451, 6924957706428, datacollector.dll, MulticastDelegateUtilities.SafeInvoke: DataCollectionEvents.TestCaseEnd: Invoking callback 1/1 for Microsoft.TestPlatform.Extensions.BlameDataCollector.BlameCollector., took 0 ms.
TpTrace Information: 0 : 3712, 9, 2024/04/26, 11:27:04.451, 6924957707153, datacollector.dll, DataCollectionTestCaseEventHandler: Test case 'UpdateCartFailTest2 - 46ba879c-e18f-ad18-71cf-10793e7aad4a' completed
TpTrace Information: 0 : 3712, 9, 2024/04/26, 11:27:04.452, 6924957712386, datacollector.dll, DataCollectionTestCaseEventHandler: Test case starting.
TpTrace Information: 0 : 3712, 9, 2024/04/26, 11:27:04.452, 6924957714967, datacollector.dll, BlameCollector.EventsTestCaseStart: Test Case Start
TpTrace Verbose: 0 : 3712, 9, 2024/04/26, 11:27:04.452, 6924957715361, datacollector.dll, MulticastDelegateUtilities.SafeInvoke: DataCollectionEvents.TestCaseStart: Invoking callback 1/1 for Microsoft.TestPlatform.Extensions.BlameDataCollector.BlameCollector., took 0 ms.
TpTrace Information: 0 : 3712, 9, 2024/04/26, 11:27:04.452, 6924957715956, datacollector.dll, DataCollectionTestCaseEventHandler: Test case 'UpdateCartItemFailTest - 116dfd16-9f98-6b72-a53c-c80f7b2ebda8' started.
TpTrace Information: 0 : 3712, 9, 2024/04/26, 11:27:04.453, 6924957719946, datacollector.dll, DataCollectionTestCaseEventHandler: Test case completing.
TpTrace Information: 0 : 3712, 9, 2024/04/26, 11:27:04.453, 6924957722494, datacollector.dll, BlameCollector.EventsTestCaseEnd: Test Case End
TpTrace Verbose: 0 : 3712, 9, 2024/04/26, 11:27:04.453, 6924957722885, datacollector.dll, MulticastDelegateUtilities.SafeInvoke: DataCollectionEvents.TestCaseEnd: Invoking callback 1/1 for Microsoft.TestPlatform.Extensions.BlameDataCollector.BlameCollector., took 0 ms.
TpTrace Information: 0 : 3712, 9, 2024/04/26, 11:27:04.453, 6924957723579, datacollector.dll, DataCollectionTestCaseEventHandler: Test case 'UpdateCartItemFailTest - 116dfd16-9f98-6b72-a53c-c80f7b2ebda8' completed
TpTrace Information: 0 : 3712, 9, 2024/04/26, 11:27:04.454, 6924957729331, datacollector.dll, DataCollectionTestCaseEventHandler: Test case starting.
TpTrace Information: 0 : 3712, 9, 2024/04/26, 11:27:04.454, 6924957732032, datacollector.dll, BlameCollector.EventsTestCaseStart: Test Case Start
TpTrace Verbose: 0 : 3712, 9, 2024/04/26, 11:27:04.454, 6924957732399, datacollector.dll, MulticastDelegateUtilities.SafeInvoke: DataCollectionEvents.TestCaseStart: Invoking callback 1/1 for Microsoft.TestPlatform.Extensions.BlameDataCollector.BlameCollector., took 0 ms.
TpTrace Information: 0 : 3712, 9, 2024/04/26, 11:27:04.454, 6924957733007, datacollector.dll, DataCollectionTestCaseEventHandler: Test case 'UpdateCartItemFailTest2 - f7e8b1ac-c940-e9f6-f853-eee328a19e78' started.
TpTrace Information: 0 : 3712, 9, 2024/04/26, 11:27:04.455, 6924957738276, datacollector.dll, DataCollectionTestCaseEventHandler: Test case completing.
TpTrace Information: 0 : 3712, 9, 2024/04/26, 11:27:04.455, 6924957741139, datacollector.dll, BlameCollector.EventsTestCaseEnd: Test Case End
TpTrace Verbose: 0 : 3712, 9, 2024/04/26, 11:27:04.455, 6924957741620, datacollector.dll, MulticastDelegateUtilities.SafeInvoke: DataCollectionEvents.TestCaseEnd: Invoking callback 1/1 for Microsoft.TestPlatform.Extensions.BlameDataCollector.BlameCollector., took 0 ms.
TpTrace Information: 0 : 3712, 9, 2024/04/26, 11:27:04.455, 6924957742637, datacollector.dll, DataCollectionTestCaseEventHandler: Test case 'UpdateCartItemFailTest2 - f7e8b1ac-c940-e9f6-f853-eee328a19e78' completed
TpTrace Information: 0 : 3712, 9, 2024/04/26, 11:27:04.456, 6924957749862, datacollector.dll, DataCollectionTestCaseEventHandler: Test case starting.
TpTrace Information: 0 : 3712, 9, 2024/04/26, 11:27:04.456, 6924957753927, datacollector.dll, BlameCollector.EventsTestCaseStart: Test Case Start
TpTrace Verbose: 0 : 3712, 9, 2024/04/26, 11:27:04.456, 6924957754412, datacollector.dll, MulticastDelegateUtilities.SafeInvoke: DataCollectionEvents.TestCaseStart: Invoking callback 1/1 for Microsoft.TestPlatform.Extensions.BlameDataCollector.BlameCollector., took 0 ms.
TpTrace Information: 0 : 3712, 9, 2024/04/26, 11:27:04.456, 6924957755683, datacollector.dll, DataCollectionTestCaseEventHandler: Test case 'UpdateCartItemTest - fb6ba847-8472-3e08-76a2-cebff92a1074' started.
TpTrace Information: 0 : 3712, 9, 2024/04/26, 11:27:04.457, 6924957760890, datacollector.dll, DataCollectionTestCaseEventHandler: Test case completing.
TpTrace Information: 0 : 3712, 9, 2024/04/26, 11:27:04.457, 6924957763676, datacollector.dll, BlameCollector.EventsTestCaseEnd: Test Case End
TpTrace Verbose: 0 : 3712, 9, 2024/04/26, 11:27:04.457, 6924957764074, datacollector.dll, MulticastDelegateUtilities.SafeInvoke: DataCollectionEvents.TestCaseEnd: Invoking callback 1/1 for Microsoft.TestPlatform.Extensions.BlameDataCollector.BlameCollector., took 0 ms.
TpTrace Information: 0 : 3712, 9, 2024/04/26, 11:27:04.457, 6924957764819, datacollector.dll, DataCollectionTestCaseEventHandler: Test case 'UpdateCartItemTest - fb6ba847-8472-3e08-76a2-cebff92a1074' completed
TpTrace Information: 0 : 3712, 9, 2024/04/26, 11:27:04.458, 6924957770537, datacollector.dll, DataCollectionTestCaseEventHandler: Test case starting.
TpTrace Information: 0 : 3712, 9, 2024/04/26, 11:27:04.458, 6924957773162, datacollector.dll, BlameCollector.EventsTestCaseStart: Test Case Start
TpTrace Verbose: 0 : 3712, 9, 2024/04/26, 11:27:04.458, 6924957773555, datacollector.dll, MulticastDelegateUtilities.SafeInvoke: DataCollectionEvents.TestCaseStart: Invoking callback 1/1 for Microsoft.TestPlatform.Extensions.BlameDataCollector.BlameCollector., took 0 ms.
TpTrace Information: 0 : 3712, 9, 2024/04/26, 11:27:04.458, 6924957774159, datacollector.dll, DataCollectionTestCaseEventHandler: Test case 'UpdateCartTest - fd14106a-9eb1-21b6-65f6-f2d78875e48c' started.
TpTrace Information: 0 : 3712, 9, 2024/04/26, 11:27:04.459, 6924957780398, datacollector.dll, DataCollectionTestCaseEventHandler: Test case completing.
TpTrace Information: 0 : 3712, 9, 2024/04/26, 11:27:04.459, 6924957783150, datacollector.dll, BlameCollector.EventsTestCaseEnd: Test Case End
TpTrace Verbose: 0 : 3712, 9, 2024/04/26, 11:27:04.459, 6924957783563, datacollector.dll, MulticastDelegateUtilities.SafeInvoke: DataCollectionEvents.TestCaseEnd: Invoking callback 1/1 for Microsoft.TestPlatform.Extensions.BlameDataCollector.BlameCollector., took 0 ms.
TpTrace Information: 0 : 3712, 9, 2024/04/26, 11:27:04.459, 6924957784273, datacollector.dll, DataCollectionTestCaseEventHandler: Test case 'UpdateCartTest - fd14106a-9eb1-21b6-65f6-f2d78875e48c' completed
TpTrace Information: 0 : 3712, 9, 2024/04/26, 11:27:04.461, 6924957804629, datacollector.dll, DataCollectionTestCaseEventHandler: Test case starting.
TpTrace Information: 0 : 3712, 9, 2024/04/26, 11:27:04.462, 6924957809053, datacollector.dll, BlameCollector.EventsTestCaseStart: Test Case Start
TpTrace Verbose: 0 : 3712, 9, 2024/04/26, 11:27:04.462, 6924957809543, datacollector.dll, MulticastDelegateUtilities.SafeInvoke: DataCollectionEvents.TestCaseStart: Invoking callback 1/1 for Microsoft.TestPlatform.Extensions.BlameDataCollector.BlameCollector., took 0 ms.
TpTrace Information: 0 : 3712, 9, 2024/04/26, 11:27:04.462, 6924957810363, datacollector.dll, DataCollectionTestCaseEventHandler: Test case 'AddCustomerTest - 8dd508c0-a8ab-b798-a64c-68f1ba8c5eee' started.
TpTrace Information: 0 : 3712, 9, 2024/04/26, 11:27:04.462, 6924957815578, datacollector.dll, DataCollectionTestCaseEventHandler: Test case completing.
TpTrace Information: 0 : 3712, 9, 2024/04/26, 11:27:04.463, 6924957818530, datacollector.dll, BlameCollector.EventsTestCaseEnd: Test Case End
TpTrace Verbose: 0 : 3712, 9, 2024/04/26, 11:27:04.463, 6924957819107, datacollector.dll, MulticastDelegateUtilities.SafeInvoke: DataCollectionEvents.TestCaseEnd: Invoking callback 1/1 for Microsoft.TestPlatform.Extensions.BlameDataCollector.BlameCollector., took 0 ms.
TpTrace Information: 0 : 3712, 9, 2024/04/26, 11:27:04.463, 6924957819859, datacollector.dll, DataCollectionTestCaseEventHandler: Test case 'AddCustomerTest - 8dd508c0-a8ab-b798-a64c-68f1ba8c5eee' completed
TpTrace Information: 0 : 3712, 9, 2024/04/26, 11:27:04.463, 6924957825881, datacollector.dll, DataCollectionTestCaseEventHandler: Test case starting.
TpTrace Information: 0 : 3712, 9, 2024/04/26, 11:27:04.464, 6924957829039, datacollector.dll, BlameCollector.EventsTestCaseStart: Test Case Start
TpTrace Verbose: 0 : 3712, 9, 2024/04/26, 11:27:04.464, 6924957829470, datacollector.dll, MulticastDelegateUtilities.SafeInvoke: DataCollectionEvents.TestCaseStart: Invoking callback 1/1 for Microsoft.TestPlatform.Extensions.BlameDataCollector.BlameCollector., took 0 ms.
TpTrace Information: 0 : 3712, 9, 2024/04/26, 11:27:04.464, 6924957830114, datacollector.dll, DataCollectionTestCaseEventHandler: Test case 'DeleteCustomerTest - 05d1e830-e1a1-6a72-b85f-0d533931ef6e' started.
TpTrace Information: 0 : 3712, 9, 2024/04/26, 11:27:04.464, 6924957835044, datacollector.dll, DataCollectionTestCaseEventHandler: Test case completing.
TpTrace Information: 0 : 3712, 9, 2024/04/26, 11:27:04.465, 6924957837770, datacollector.dll, BlameCollector.EventsTestCaseEnd: Test Case End
TpTrace Verbose: 0 : 3712, 9, 2024/04/26, 11:27:04.465, 6924957838164, datacollector.dll, MulticastDelegateUtilities.SafeInvoke: DataCollectionEvents.TestCaseEnd: Invoking callback 1/1 for Microsoft.TestPlatform.Extensions.BlameDataCollector.BlameCollector., took 0 ms.
TpTrace Information: 0 : 3712, 9, 2024/04/26, 11:27:04.465, 6924957838878, datacollector.dll, DataCollectionTestCaseEventHandler: Test case 'DeleteCustomerTest - 05d1e830-e1a1-6a72-b85f-0d533931ef6e' completed
TpTrace Information: 0 : 3712, 9, 2024/04/26, 11:27:04.466, 6924957848711, datacollector.dll, DataCollectionTestCaseEventHandler: Test case starting.
TpTrace Information: 0 : 3712, 9, 2024/04/26, 11:27:04.466, 6924957852382, datacollector.dll, BlameCollector.EventsTestCaseStart: Test Case Start
TpTrace Verbose: 0 : 3712, 9, 2024/04/26, 11:27:04.466, 6924957852899, datacollector.dll, MulticastDelegateUtilities.SafeInvoke: DataCollectionEvents.TestCaseStart: Invoking callback 1/1 for Microsoft.TestPlatform.Extensions.BlameDataCollector.BlameCollector., took 0 ms.
TpTrace Information: 0 : 3712, 9, 2024/04/26, 11:27:04.466, 6924957853652, datacollector.dll, DataCollectionTestCaseEventHandler: Test case 'GetAllCustomerTest - 20c41af1-bffc-483f-a2b1-08da04bc7026' started.
TpTrace Information: 0 : 3712, 9, 2024/04/26, 11:27:04.467, 6924957859507, datacollector.dll, DataCollectionTestCaseEventHandler: Test case completing.
TpTrace Information: 0 : 3712, 9, 2024/04/26, 11:27:04.467, 6924957862353, datacollector.dll, BlameCollector.EventsTestCaseEnd: Test Case End
TpTrace Verbose: 0 : 3712, 9, 2024/04/26, 11:27:04.467, 6924957862750, datacollector.dll, MulticastDelegateUtilities.SafeInvoke: DataCollectionEvents.TestCaseEnd: Invoking callback 1/1 for Microsoft.TestPlatform.Extensions.BlameDataCollector.BlameCollector., took 0 ms.
TpTrace Information: 0 : 3712, 9, 2024/04/26, 11:27:04.467, 6924957863674, datacollector.dll, DataCollectionTestCaseEventHandler: Test case 'GetAllCustomerTest - 20c41af1-bffc-483f-a2b1-08da04bc7026' completed
TpTrace Information: 0 : 3712, 9, 2024/04/26, 11:27:04.468, 6924957868942, datacollector.dll, DataCollectionTestCaseEventHandler: Test case starting.
TpTrace Information: 0 : 3712, 9, 2024/04/26, 11:27:04.468, 6924957871637, datacollector.dll, BlameCollector.EventsTestCaseStart: Test Case Start
TpTrace Verbose: 0 : 3712, 9, 2024/04/26, 11:27:04.468, 6924957872051, datacollector.dll, MulticastDelegateUtilities.SafeInvoke: DataCollectionEvents.TestCaseStart: Invoking callback 1/1 for Microsoft.TestPlatform.Extensions.BlameDataCollector.BlameCollector., took 0 ms.
TpTrace Information: 0 : 3712, 9, 2024/04/26, 11:27:04.468, 6924957872664, datacollector.dll, DataCollectionTestCaseEventHandler: Test case 'GetCustomerTest - 8c645aae-a328-0315-c220-9c2fcb64a384' started.
TpTrace Information: 0 : 3712, 9, 2024/04/26, 11:27:04.469, 6924957877932, datacollector.dll, DataCollectionTestCaseEventHandler: Test case completing.
TpTrace Information: 0 : 3712, 9, 2024/04/26, 11:27:04.469, 6924957881374, datacollector.dll, BlameCollector.EventsTestCaseEnd: Test Case End
TpTrace Verbose: 0 : 3712, 9, 2024/04/26, 11:27:04.469, 6924957881806, datacollector.dll, MulticastDelegateUtilities.SafeInvoke: DataCollectionEvents.TestCaseEnd: Invoking callback 1/1 for Microsoft.TestPlatform.Extensions.BlameDataCollector.BlameCollector., took 0 ms.
TpTrace Information: 0 : 3712, 9, 2024/04/26, 11:27:04.469, 6924957882538, datacollector.dll, DataCollectionTestCaseEventHandler: Test case 'GetCustomerTest - 8c645aae-a328-0315-c220-9c2fcb64a384' completed
TpTrace Information: 0 : 3712, 9, 2024/04/26, 11:27:04.469, 6924957887490, datacollector.dll, DataCollectionTestCaseEventHandler: Test case starting.
TpTrace Information: 0 : 3712, 9, 2024/04/26, 11:27:04.470, 6924957890224, datacollector.dll, BlameCollector.EventsTestCaseStart: Test Case Start
TpTrace Verbose: 0 : 3712, 9, 2024/04/26, 11:27:04.470, 6924957890639, datacollector.dll, MulticastDelegateUtilities.SafeInvoke: DataCollectionEvents.TestCaseStart: Invoking callback 1/1 for Microsoft.TestPlatform.Extensions.BlameDataCollector.BlameCollector., took 0 ms.
TpTrace Information: 0 : 3712, 9, 2024/04/26, 11:27:04.470, 6924957891266, datacollector.dll, DataCollectionTestCaseEventHandler: Test case 'UpdateCustomerTest - eefe311c-2fe1-4ace-23c4-249c1f1d7663' started.
TpTrace Information: 0 : 3712, 9, 2024/04/26, 11:27:04.470, 6924957895922, datacollector.dll, DataCollectionTestCaseEventHandler: Test case completing.
TpTrace Information: 0 : 3712, 9, 2024/04/26, 11:27:04.471, 6924957898490, datacollector.dll, BlameCollector.EventsTestCaseEnd: Test Case End
TpTrace Verbose: 0 : 3712, 9, 2024/04/26, 11:27:04.471, 6924957898885, datacollector.dll, MulticastDelegateUtilities.SafeInvoke: DataCollectionEvents.TestCaseEnd: Invoking callback 1/1 for Microsoft.TestPlatform.Extensions.BlameDataCollector.BlameCollector., took 0 ms.
TpTrace Information: 0 : 3712, 9, 2024/04/26, 11:27:04.471, 6924957899542, datacollector.dll, DataCollectionTestCaseEventHandler: Test case 'UpdateCustomerTest - eefe311c-2fe1-4ace-23c4-249c1f1d7663' completed
TpTrace Information: 0 : 3712, 9, 2024/04/26, 11:27:04.471, 6924957905232, datacollector.dll, DataCollectionTestCaseEventHandler: Test case starting.
TpTrace Information: 0 : 3712, 9, 2024/04/26, 11:27:04.472, 6924957908387, datacollector.dll, BlameCollector.EventsTestCaseStart: Test Case Start
TpTrace Verbose: 0 : 3712, 9, 2024/04/26, 11:27:04.472, 6924957908917, datacollector.dll, MulticastDelegateUtilities.SafeInvoke: DataCollectionEvents.TestCaseStart: Invoking callback 1/1 for Microsoft.TestPlatform.Extensions.BlameDataCollector.BlameCollector., took 0 ms.
TpTrace Information: 0 : 3712, 9, 2024/04/26, 11:27:04.472, 6924957909521, datacollector.dll, DataCollectionTestCaseEventHandler: Test case 'AddProductTest - 52dc3b23-0320-646b-9fc8-5d0883e6726a' started.
TpTrace Information: 0 : 3712, 9, 2024/04/26, 11:27:04.472, 6924957914118, datacollector.dll, DataCollectionTestCaseEventHandler: Test case completing.
TpTrace Information: 0 : 3712, 9, 2024/04/26, 11:27:04.473, 6924957918234, datacollector.dll, BlameCollector.EventsTestCaseEnd: Test Case End
TpTrace Verbose: 0 : 3712, 9, 2024/04/26, 11:27:04.473, 6924957918629, datacollector.dll, MulticastDelegateUtilities.SafeInvoke: DataCollectionEvents.TestCaseEnd: Invoking callback 1/1 for Microsoft.TestPlatform.Extensions.BlameDataCollector.BlameCollector., took 0 ms.
TpTrace Information: 0 : 3712, 9, 2024/04/26, 11:27:04.473, 6924957919375, datacollector.dll, DataCollectionTestCaseEventHandler: Test case 'AddProductTest - 52dc3b23-0320-646b-9fc8-5d0883e6726a' completed
TpTrace Information: 0 : 3712, 9, 2024/04/26, 11:27:04.473, 6924957925363, datacollector.dll, DataCollectionTestCaseEventHandler: Test case starting.
TpTrace Information: 0 : 3712, 9, 2024/04/26, 11:27:04.474, 6924957928936, datacollector.dll, BlameCollector.EventsTestCaseStart: Test Case Start
TpTrace Verbose: 0 : 3712, 9, 2024/04/26, 11:27:04.474, 6924957929338, datacollector.dll, MulticastDelegateUtilities.SafeInvoke: DataCollectionEvents.TestCaseStart: Invoking callback 1/1 for Microsoft.TestPlatform.Extensions.BlameDataCollector.BlameCollector., took 0 ms.
TpTrace Information: 0 : 3712, 9, 2024/04/26, 11:27:04.474, 6924957930468, datacollector.dll, DataCollectionTestCaseEventHandler: Test case 'DeleteProductTest - 03825b12-8698-fecf-ab5d-a98d661ec4af' started.
TpTrace Information: 0 : 3712, 9, 2024/04/26, 11:27:04.474, 6924957935747, datacollector.dll, DataCollectionTestCaseEventHandler: Test case completing.
TpTrace Information: 0 : 3712, 9, 2024/04/26, 11:27:04.475, 6924957940354, datacollector.dll, BlameCollector.EventsTestCaseEnd: Test Case End
TpTrace Verbose: 0 : 3712, 9, 2024/04/26, 11:27:04.475, 6924957940978, datacollector.dll, MulticastDelegateUtilities.SafeInvoke: DataCollectionEvents.TestCaseEnd: Invoking callback 1/1 for Microsoft.TestPlatform.Extensions.BlameDataCollector.BlameCollector., took 0 ms.
TpTrace Information: 0 : 3712, 9, 2024/04/26, 11:27:04.475, 6924957941948, datacollector.dll, DataCollectionTestCaseEventHandler: Test case 'DeleteProductTest - 03825b12-8698-fecf-ab5d-a98d661ec4af' completed
TpTrace Information: 0 : 3712, 9, 2024/04/26, 11:27:04.475, 6924957946975, datacollector.dll, DataCollectionTestCaseEventHandler: Test case starting.
TpTrace Information: 0 : 3712, 9, 2024/04/26, 11:27:04.476, 6924957953175, datacollector.dll, BlameCollector.EventsTestCaseStart: Test Case Start
TpTrace Verbose: 0 : 3712, 9, 2024/04/26, 11:27:04.476, 6924957953989, datacollector.dll, MulticastDelegateUtilities.SafeInvoke: DataCollectionEvents.TestCaseStart: Invoking callback 1/1 for Microsoft.TestPlatform.Extensions.BlameDataCollector.BlameCollector., took 0 ms.
TpTrace Information: 0 : 3712, 9, 2024/04/26, 11:27:04.476, 6924957955276, datacollector.dll, DataCollectionTestCaseEventHandler: Test case 'GetAllProductTest - 6c492d13-77b1-3acb-3b51-dc0a4d58d844' started.
TpTrace Information: 0 : 3712, 9, 2024/04/26, 11:27:04.477, 6924957961277, datacollector.dll, DataCollectionTestCaseEventHandler: Test case completing.
TpTrace Information: 0 : 3712, 9, 2024/04/26, 11:27:04.477, 6924957964682, datacollector.dll, BlameCollector.EventsTestCaseEnd: Test Case End
TpTrace Verbose: 0 : 3712, 9, 2024/04/26, 11:27:04.477, 6924957965090, datacollector.dll, MulticastDelegateUtilities.SafeInvoke: DataCollectionEvents.TestCaseEnd: Invoking callback 1/1 for Microsoft.TestPlatform.Extensions.BlameDataCollector.BlameCollector., took 0 ms.
TpTrace Information: 0 : 3712, 9, 2024/04/26, 11:27:04.477, 6924957965940, datacollector.dll, DataCollectionTestCaseEventHandler: Test case 'GetAllProductTest - 6c492d13-77b1-3acb-3b51-dc0a4d58d844' completed
TpTrace Information: 0 : 3712, 9, 2024/04/26, 11:27:04.478, 6924957972327, datacollector.dll, DataCollectionTestCaseEventHandler: Test case starting.
TpTrace Information: 0 : 3712, 9, 2024/04/26, 11:27:04.478, 6924957975295, datacollector.dll, BlameCollector.EventsTestCaseStart: Test Case Start
TpTrace Verbose: 0 : 3712, 9, 2024/04/26, 11:27:04.478, 6924957975691, datacollector.dll, MulticastDelegateUtilities.SafeInvoke: DataCollectionEvents.TestCaseStart: Invoking callback 1/1 for Microsoft.TestPlatform.Extensions.BlameDataCollector.BlameCollector., took 0 ms.
TpTrace Information: 0 : 3712, 9, 2024/04/26, 11:27:04.478, 6924957976287, datacollector.dll, DataCollectionTestCaseEventHandler: Test case 'GetProductTest - 31d9a262-143b-6659-6fe4-f4d5cbd54eaf' started.
TpTrace Information: 0 : 3712, 9, 2024/04/26, 11:27:04.479, 6924957981234, datacollector.dll, DataCollectionTestCaseEventHandler: Test case completing.
TpTrace Information: 0 : 3712, 9, 2024/04/26, 11:27:04.479, 6924957984553, datacollector.dll, BlameCollector.EventsTestCaseEnd: Test Case End
TpTrace Verbose: 0 : 3712, 9, 2024/04/26, 11:27:04.479, 6924957985061, datacollector.dll, MulticastDelegateUtilities.SafeInvoke: DataCollectionEvents.TestCaseEnd: Invoking callback 1/1 for Microsoft.TestPlatform.Extensions.BlameDataCollector.BlameCollector., took 0 ms.
TpTrace Information: 0 : 3712, 9, 2024/04/26, 11:27:04.479, 6924957986452, datacollector.dll, DataCollectionTestCaseEventHandler: Test case 'GetProductTest - 31d9a262-143b-6659-6fe4-f4d5cbd54eaf' completed
TpTrace Information: 0 : 3712, 9, 2024/04/26, 11:27:04.480, 6924957992039, datacollector.dll, DataCollectionTestCaseEventHandler: Test case starting.
TpTrace Information: 0 : 3712, 9, 2024/04/26, 11:27:04.480, 6924957995060, datacollector.dll, BlameCollector.EventsTestCaseStart: Test Case Start
TpTrace Verbose: 0 : 3712, 9, 2024/04/26, 11:27:04.480, 6924957995455, datacollector.dll, MulticastDelegateUtilities.SafeInvoke: DataCollectionEvents.TestCaseStart: Invoking callback 1/1 for Microsoft.TestPlatform.Extensions.BlameDataCollector.BlameCollector., took 0 ms.
TpTrace Information: 0 : 3712, 9, 2024/04/26, 11:27:04.480, 6924957996078, datacollector.dll, DataCollectionTestCaseEventHandler: Test case 'UpdateProductTest - 19d8565b-c8a6-90d6-8012-9c8d77bf3e0a' started.
TpTrace Information: 0 : 3712, 9, 2024/04/26, 11:27:04.481, 6924958001778, datacollector.dll, DataCollectionTestCaseEventHandler: Test case completing.
TpTrace Information: 0 : 3712, 9, 2024/04/26, 11:27:04.481, 6924958006402, datacollector.dll, BlameCollector.EventsTestCaseEnd: Test Case End
TpTrace Verbose: 0 : 3712, 9, 2024/04/26, 11:27:04.481, 6924958006873, datacollector.dll, MulticastDelegateUtilities.SafeInvoke: DataCollectionEvents.TestCaseEnd: Invoking callback 1/1 for Microsoft.TestPlatform.Extensions.BlameDataCollector.BlameCollector., took 0 ms.
TpTrace Information: 0 : 3712, 9, 2024/04/26, 11:27:04.482, 6924958007865, datacollector.dll, DataCollectionTestCaseEventHandler: Test case 'UpdateProductTest - 19d8565b-c8a6-90d6-8012-9c8d77bf3e0a' completed
TpTrace Information: 0 : 3712, 9, 2024/04/26, 11:27:04.492, 6924958112157, datacollector.dll, DataCollectionTestCaseEventHandler: Test session ended
TpTrace Information: 0 : 3712, 1, 2024/04/26, 11:27:04.548, 6924958677614, datacollector.dll, DataCollectionRequestHandler.ProcessRequests: Datacollector received message: (DataCollection.AfterTestRunEnd) -> {"MessageType":"DataCollection.AfterTestRunEnd","Payload":false}
TpTrace Information: 0 : 3712, 1, 2024/04/26, 11:27:04.549, 6924958685612, datacollector.dll, Blame Collector: Session End
TpTrace Information: 0 : 3712, 1, 2024/04/26, 11:27:04.549, 6924958686173, datacollector.dll, BlameCollector.CollectDumpAndAbortTesthost: Custom path to dump directory was provided via VSTEST_DUMP_PATH. Skipping attachment upload, the caller is responsible for collecting and uploading the dumps themselves.
TpTrace Verbose: 0 : 3712, 1, 2024/04/26, 11:27:04.549, 6924958686772, datacollector.dll, MulticastDelegateUtilities.SafeInvoke: DataCollectionEvents.SessionEnd: Invoking callback 1/1 for Microsoft.TestPlatform.Extensions.BlameDataCollector.BlameCollector., took 0 ms.
TpTrace Information: 0 : 3712, 1, 2024/04/26, 11:27:04.550, 6924958692486, datacollector.dll, DataCollectionManager.CleanupPlugins: CleanupPlugins called
TpTrace Verbose: 0 : 3712, 1, 2024/04/26, 11:27:04.550, 6924958693004, datacollector.dll, DataCollectionManager.CleanupPlugins: Cleaning up 1 plugins
TpTrace Verbose: 0 : 3712, 1, 2024/04/26, 11:27:04.550, 6924958693644, datacollector.dll, dataCollectorInfo.DisposeDataCollector: calling Dispose() on Microsoft.TestPlatform.Extensions.BlameDataCollector.BlameCollector
TpTrace Information: 0 : 3712, 1, 2024/04/26, 11:27:04.550, 6924958694133, datacollector.dll, DataCollectionManager.CleanupPlugins: CleanupPlugins finished
TpTrace Information: 0 : 3712, 1, 2024/04/26, 11:27:04.554, 6924958737027, datacollector.dll, DataCollectionRequestHandler.ProcessRequests : Session End message received from server. Closing the connection.
TpTrace Information: 0 : 3712, 1, 2024/04/26, 11:27:04.555, 6924958744446, datacollector.dll, Closing the connection !
TpTrace Information: 0 : 3712, 1, 2024/04/26, 11:27:04.555, 6924958744953, datacollector.dll, DataCollectionRequestHandler.ProcessRequests : DataCollection completed
TpTrace Information: 0 : 3712, 1, 2024/04/26, 11:27:04.555, 6924958745424, datacollector.dll, Program.Main: exiting datacollector process.
