TpTrace Verbose: 0 : 51832, 1, 2024/04/25, 16:41:59.631, 6249865535042, testhost.dll, Version: 17.5.0 Current process architecture: X64
TpTrace Verbose: 0 : 51832, 1, 2024/04/25, 16:41:59.635, 6249865577557, testhost.dll, Runtime location: C:\Program Files\dotnet\shared\Microsoft.NETCore.App\6.0.29
TpTrace Information: 0 : 51832, 1, 2024/04/25, 16:41:59.639, 6249865618727, testhost.dll, DefaultEngineInvoker.Invoke: Testhost process started with args :[--port, 49847],[--endpoint, 127.0.0.1:049847],[--role, client],[--parentprocessid, 45188],[--diag, C:\Users\VC\codestack\GenSpark\day11\ShoppingSolution\ShoppingBLTets\bin\Debug\net6.0\fine-code-coverage\coverage-tool-output\diagnostics.host.24-04-25_16-41-59_41954_5.log],[--tracelevel, 4],[--datacollectionport, 49846],[--telemetryoptedin, false]
TpTrace Information: 0 : 51832, 1, 2024/04/25, 16:41:59.642, 6249865643457, testhost.dll, Setting up debug trace listener.
TpTrace Verbose: 0 : 51832, 1, 2024/04/25, 16:41:59.642, 6249865645086, testhost.dll, TestPlatformTraceListener.Setup: Replacing listener System.Diagnostics.DefaultTraceListener with TestHostTraceListener.
TpTrace Verbose: 0 : 51832, 1, 2024/04/25, 16:41:59.642, 6249865645387, testhost.dll, TestPlatformTraceListener.Setup: Added test platform trace listener.
TpTrace Information: 0 : 51832, 1, 2024/04/25, 16:41:59.642, 6249865648068, testhost.dll, DefaultEngineInvoker.SetParentProcessExitCallback: Monitoring parent process with id: '45188'
TpTrace Information: 0 : 51832, 1, 2024/04/25, 16:41:59.646, 6249865689062, testhost.dll, DefaultEngineInvoker.GetConnectionInfo: Initialize communication on endpoint address: '127.0.0.1:049847'
TpTrace Information: 0 : 51832, 1, 2024/04/25, 16:41:59.658, 6249865803476, testhost.dll, SocketClient.Start: connecting to server endpoint: 127.0.0.1:049847
TpTrace Information: 0 : 51832, 1, 2024/04/25, 16:41:59.666, 6249865886565, testhost.dll, DefaultEngineInvoker.ConnectToDatacollector: Connecting to datacollector, port: 49846
TpTrace Information: 0 : 51832, 10, 2024/04/25, 16:41:59.668, 6249865904816, testhost.dll, SocketClient.OnServerConnected: connected to server endpoint: 127.0.0.1:049847
TpTrace Information: 0 : 51832, 1, 2024/04/25, 16:41:59.671, 6249865935804, testhost.dll, Trying to connect to server on socket : 127.0.0.1:49846 
TpTrace Verbose: 0 : 51832, 1, 2024/04/25, 16:41:59.672, 6249865940376, testhost.dll, SocketCommunicationManager : SetupClientAsync : Attempting to connect to the server.
TpTrace Verbose: 0 : 51832, 10, 2024/04/25, 16:41:59.672, 6249865942047, testhost.dll, MulticastDelegateUtilities.SafeInvoke: SocketClient: ServerConnected: Invoking callback 1/1 for Microsoft.VisualStudio.TestPlatform.CommunicationUtilities.TestRequestHandler., took 0 ms.
TpTrace Verbose: 0 : 51832, 10, 2024/04/25, 16:41:59.672, 6249865942753, testhost.dll, Connected to server, and starting MessageLoopAsync
TpTrace Information: 0 : 51832, 11, 2024/04/25, 16:41:59.676, 6249865981813, testhost.dll, Connected to the server successfully 
TpTrace Information: 0 : 51832, 11, 2024/04/25, 16:41:59.676, 6249865983132, testhost.dll, Using the buffer size of 16384 bytes
TpTrace Verbose: 0 : 51832, 1, 2024/04/25, 16:41:59.676, 6249865984633, testhost.dll, SocketCommunicationManager.WaitForServerConnection took: 0 ms, with 90000 ms timeout, and finished with True.
TpTrace Information: 0 : 51832, 1, 2024/04/25, 16:41:59.676, 6249865986214, testhost.dll, DefaultEngineInvoker.Invoke: Start Request Processing.
TpTrace Verbose: 0 : 51832, 10, 2024/04/25, 16:41:59.677, 6249865991973, testhost.dll, TcpClientExtensions.MessageLoopAsync: Polling on remoteEndPoint: [::ffff:127.0.0.1]:49847 localEndPoint: [::ffff:127.0.0.1]:49848
TpTrace Information: 0 : 51832, 12, 2024/04/25, 16:41:59.677, 6249865995112, testhost.dll, DefaultEngineInvoker.StartProcessingAsync: Connected to vstest.console, Starting process requests.
TpTrace Verbose: 0 : 51832, 10, 2024/04/25, 16:41:59.677, 6249865996055, testhost.dll, TcpClientExtensions.MessageLoopAsync: NotifyDataAvailable remoteEndPoint: [::ffff:127.0.0.1]:49847 localEndPoint: [::ffff:127.0.0.1]:49848
TpTrace Information: 0 : 51832, 10, 2024/04/25, 16:41:59.681, 6249866035378, testhost.dll, TestRequestHandler.OnMessageReceived: received message: (ProtocolVersion) -> {"MessageType":"ProtocolVersion","Payload":7}
TpTrace Verbose: 0 : 51832, 10, 2024/04/25, 16:41:59.858, 6249867808244, testhost.dll, TestRequestHandler.SendData: sending data from testhost: {"Version":7,"MessageType":"TestSession.Message","Payload":{"MessageLevel":0,"Message":"Logging TestHost Diagnostics in file: C:\\Users\\VC\\codestack\\GenSpark\\day11\\ShoppingSolution\\ShoppingBLTets\\bin\\Debug\\net6.0\\fine-code-coverage\\coverage-tool-output\\diagnostics.host.24-04-25_16-41-59_41954_5.log"}}
TpTrace Verbose: 0 : 51832, 10, 2024/04/25, 16:41:59.859, 6249867811375, testhost.dll, MulticastDelegateUtilities.SafeInvoke: LengthPrefixCommunicationChannel: MessageReceived: Invoking callback 1/1 for Microsoft.VisualStudio.TestPlatform.CommunicationUtilities.TestRequestHandler., took 180 ms.
TpTrace Verbose: 0 : 51832, 10, 2024/04/25, 16:41:59.859, 6249867811843, testhost.dll, TcpClientExtensions.MessageLoopAsync: Polling on remoteEndPoint: [::ffff:127.0.0.1]:49847 localEndPoint: [::ffff:127.0.0.1]:49848
TpTrace Verbose: 0 : 51832, 10, 2024/04/25, 16:41:59.859, 6249867812383, testhost.dll, TcpClientExtensions.MessageLoopAsync: NotifyDataAvailable remoteEndPoint: [::ffff:127.0.0.1]:49847 localEndPoint: [::ffff:127.0.0.1]:49848
TpTrace Information: 0 : 51832, 10, 2024/04/25, 16:41:59.859, 6249867813214, testhost.dll, TestRequestHandler.OnMessageReceived: received message: (TestExecution.Initialize) -> {"Version":7,"MessageType":"TestExecution.Initialize","Payload":["C:\\Users\\VC\\codestack\\GenSpark\\day11\\ShoppingSolution\\ShoppingBLTets\\bin\\Debug\\net6.0\\fine-code-coverage\\build-output\\NUnit3.TestAdapter.dll"]}
TpTrace Verbose: 0 : 51832, 10, 2024/04/25, 16:41:59.870, 6249867929436, testhost.dll, MulticastDelegateUtilities.SafeInvoke: LengthPrefixCommunicationChannel: MessageReceived: Invoking callback 1/1 for Microsoft.VisualStudio.TestPlatform.CommunicationUtilities.TestRequestHandler., took 11 ms.
TpTrace Verbose: 0 : 51832, 10, 2024/04/25, 16:41:59.871, 6249867930833, testhost.dll, TcpClientExtensions.MessageLoopAsync: Polling on remoteEndPoint: [::ffff:127.0.0.1]:49847 localEndPoint: [::ffff:127.0.0.1]:49848
TpTrace Verbose: 0 : 51832, 10, 2024/04/25, 16:41:59.871, 6249867931452, testhost.dll, TcpClientExtensions.MessageLoopAsync: NotifyDataAvailable remoteEndPoint: [::ffff:127.0.0.1]:49847 localEndPoint: [::ffff:127.0.0.1]:49848
TpTrace Information: 0 : 51832, 10, 2024/04/25, 16:41:59.871, 6249867932961, testhost.dll, TestRequestHandler.OnMessageReceived: received message: (TestExecution.StartWithSources) -> {"Version":7,"MessageType":"TestExecution.StartWithSources","Payload":{"AdapterSourceMap":{"_none_":["C:\\Users\\VC\\codestack\\GenSpark\\day11\\ShoppingSolution\\ShoppingBLTets\\bin\\Debug\\net6.0\\fine-code-coverage\\build-output\\ShoppingBLTets.dll"]},"RunSettings":"<RunSettings>\r\n  <RunConfiguration>\r\n    <ResultsDirectory>C:\\Users\\VC\\codestack\\GenSpark\\day11\\ShoppingSolution\\ShoppingBLTets\\bin\\Debug\\net6.0\\fine-code-coverage\\coverage-tool-output</ResultsDirectory>\r\n    <TargetFrameworkVersion>.NETCoreApp,Version=v6.0</TargetFrameworkVersion>\r\n    <DesignMode>False</DesignMode>\r\n    <CollectSourceInformation>False</CollectSourceInformation>\r\n  </RunConfiguration>\r\n  <LoggerRunSettings>\r\n    <Loggers>\r\n      <Logger friendlyName=\"blame\" enabled=\"True\" />\r\n      <Logger friendlyName=\"Console\" uri=\"logger://microsoft/TestPlatform/ConsoleLogger/v1\" assemblyQualifiedName=\"Microsoft.VisualStudio.TestPlatform.CommandLine.Internal.ConsoleLogger, vstest.console, Version=15.0.0.0, Culture=neutral, PublicKeyToken=b03f5f7f11d50a3a\" codeBase=\"C:\\Program Files\\dotnet\\sdk\\8.0.202\\vstest.console.dll\" enabled=\"True\" />\r\n    </Loggers>\r\n  </LoggerRunSettings>\r\n  <DataCollectionRunSettings>\r\n    <DataCollectors>\r\n      <DataCollector friendlyName=\"blame\" enabled=\"True\">\r\n        <Configuration>\r\n          <ResultsDirectory>C:\\Users\\VC\\codestack\\GenSpark\\day11\\ShoppingSolution\\ShoppingBLTets\\bin\\Debug\\net6.0\\fine-code-coverage\\coverage-tool-output</ResultsDirectory>\r\n        </Configuration>\r\n      </DataCollector>\r\n    </DataCollectors>\r\n  </DataCollectionRunSettings>\r\n</RunSettings>","TestExecutionContext":{"FrequencyOfRunStatsChangeEvent":10,"RunStatsChangeEventTimeout":"00:00:01.5000000","InIsolation":false,"KeepAlive":false,"AreTestCaseLevelEventsRequired":false,"IsDebug":false,"TestCaseFilter":null,"FilterOptions":null},"Package":null}}
TpTrace Information: 0 : 51832, 4, 2024/04/25, 16:41:59.871, 6249867933963, testhost.dll, TestRequestHandler.OnMessageReceived: Running job 'TestExecution.Initialize'.
TpTrace Verbose: 0 : 51832, 4, 2024/04/25, 16:41:59.874, 6249867961723, testhost.dll, TestExecutorService: Loading the extensions
TpTrace Verbose: 0 : 51832, 4, 2024/04/25, 16:41:59.876, 6249867987146, testhost.dll, TestPluginCache.DiscoverTestExtensions: finding test extensions in assemblies ends with: TestAdapter.dll TPluginInfo: Microsoft.VisualStudio.TestPlatform.Common.ExtensionFramework.Utilities.TestExecutorPluginInformation TExtension: Microsoft.VisualStudio.TestPlatform.ObjectModel.Adapter.ITestExecutor
TpTrace Verbose: 0 : 51832, 4, 2024/04/25, 16:41:59.877, 6249867997846, testhost.dll, TestPluginCache.GetExtensionPaths: Filtered extension paths: 
TpTrace Verbose: 0 : 51832, 4, 2024/04/25, 16:41:59.878, 6249868001821, testhost.dll, TestPluginCache.GetExtensionPaths: Added default extension paths: C:\Users\VC\codestack\GenSpark\day11\ShoppingSolution\ShoppingBLTets\bin\Debug\net6.0\fine-code-coverage\build-output\NUnit3.TestAdapter.dll
TpTrace Verbose: 0 : 51832, 4, 2024/04/25, 16:41:59.878, 6249868002200, testhost.dll, TestPluginCache.GetExtensionPaths: Added unfilterableExtensionPaths: 
TpTrace Information: 0 : 51832, 4, 2024/04/25, 16:41:59.879, 6249868016593, testhost.dll, AssemblyResolver.ctor: Creating AssemblyResolver with searchDirectories C:\Users\VC\codestack\GenSpark\day11\ShoppingSolution\ShoppingBLTets\bin\Debug\net6.0\fine-code-coverage\build-output
TpTrace Verbose: 0 : 51832, 4, 2024/04/25, 16:41:59.883, 6249868057642, testhost.dll, TestPluginCache.DiscoverTestExtensions: Discovering the extensions using extension path.
TpTrace Verbose: 0 : 51832, 4, 2024/04/25, 16:41:59.884, 6249868060384, testhost.dll, TestPluginCache.GetExtensionPaths: Filtered extension paths: 
TpTrace Verbose: 0 : 51832, 4, 2024/04/25, 16:41:59.884, 6249868061254, testhost.dll, TestPluginCache.GetExtensionPaths: Added default extension paths: C:\Users\VC\codestack\GenSpark\day11\ShoppingSolution\ShoppingBLTets\bin\Debug\net6.0\fine-code-coverage\build-output\NUnit3.TestAdapter.dll
TpTrace Verbose: 0 : 51832, 4, 2024/04/25, 16:41:59.884, 6249868061667, testhost.dll, TestPluginCache.GetExtensionPaths: Added unfilterableExtensionPaths: 
TpTrace Verbose: 0 : 51832, 4, 2024/04/25, 16:41:59.884, 6249868062468, testhost.dll, TestPluginCache.DiscoverTestExtensions: Discovering the extensions using allExtensionPaths: C:\Users\VC\codestack\GenSpark\day11\ShoppingSolution\ShoppingBLTets\bin\Debug\net6.0\fine-code-coverage\build-output\NUnit3.TestAdapter.dll
TpTrace Information: 0 : 51832, 4, 2024/04/25, 16:41:59.885, 6249868073511, testhost.dll, AssemblyResolver.AddSearchDirectories: Adding more searchDirectories C:\Users\VC\codestack\GenSpark\day11\ShoppingSolution\ShoppingBLTets\bin\Debug\net6.0\fine-code-coverage\build-output
TpTrace Information: 0 : 51832, 4, 2024/04/25, 16:41:59.893, 6249868160363, testhost.dll, AssemblyResolver.OnResolve: NUnit3.TestAdapter: Resolving assembly.
TpTrace Information: 0 : 51832, 4, 2024/04/25, 16:41:59.894, 6249868162990, testhost.dll, AssemblyResolver.OnResolve: NUnit3.TestAdapter: Searching in: 'C:\Users\VC\codestack\GenSpark\day11\ShoppingSolution\ShoppingBLTets\bin\Debug\net6.0\fine-code-coverage\build-output'.
TpTrace Information: 0 : 51832, 4, 2024/04/25, 16:41:59.896, 6249868180994, testhost.dll, AssemblyResolver.OnResolve: NUnit3.TestAdapter: Loading assembly 'C:\Users\VC\codestack\GenSpark\day11\ShoppingSolution\ShoppingBLTets\bin\Debug\net6.0\fine-code-coverage\build-output\NUnit3.TestAdapter.dll'.
TpTrace Information: 0 : 51832, 4, 2024/04/25, 16:41:59.897, 6249868192567, testhost.dll, AssemblyResolver.OnResolve: Resolved assembly: NUnit3.TestAdapter, from path: C:\Users\VC\codestack\GenSpark\day11\ShoppingSolution\ShoppingBLTets\bin\Debug\net6.0\fine-code-coverage\build-output\NUnit3.TestAdapter.dll
TpTrace Verbose: 0 : 51832, 10, 2024/04/25, 16:41:59.928, 6249868509421, testhost.dll, MulticastDelegateUtilities.SafeInvoke: LengthPrefixCommunicationChannel: MessageReceived: Invoking callback 1/1 for Microsoft.VisualStudio.TestPlatform.CommunicationUtilities.TestRequestHandler., took 57 ms.
TpTrace Verbose: 0 : 51832, 10, 2024/04/25, 16:41:59.929, 6249868510778, testhost.dll, TcpClientExtensions.MessageLoopAsync: Polling on remoteEndPoint: [::ffff:127.0.0.1]:49847 localEndPoint: [::ffff:127.0.0.1]:49848
TpTrace Verbose: 0 : 51832, 4, 2024/04/25, 16:41:59.931, 6249868536380, testhost.dll, MetadataReaderExtensionsHelper: Discovering extensions inside assembly 'NUnit3.TestAdapter, Version=4.4.0.0, Culture=neutral, PublicKeyToken=4cb40d35494691ac' file path 'C:\Users\VC\codestack\GenSpark\day11\ShoppingSolution\ShoppingBLTets\bin\Debug\net6.0\fine-code-coverage\build-output\NUnit3.TestAdapter.dll'
TpTrace Information: 0 : 51832, 4, 2024/04/25, 16:41:59.942, 6249868648342, testhost.dll, AssemblyResolver.OnResolve: nunit.engine.api: Resolving assembly.
TpTrace Information: 0 : 51832, 4, 2024/04/25, 16:41:59.942, 6249868649909, testhost.dll, AssemblyResolver.OnResolve: nunit.engine.api: Searching in: 'C:\Users\VC\codestack\GenSpark\day11\ShoppingSolution\ShoppingBLTets\bin\Debug\net6.0\fine-code-coverage\build-output'.
TpTrace Information: 0 : 51832, 4, 2024/04/25, 16:41:59.943, 6249868653647, testhost.dll, AssemblyResolver.OnResolve: nunit.engine.api: Loading assembly 'C:\Users\VC\codestack\GenSpark\day11\ShoppingSolution\ShoppingBLTets\bin\Debug\net6.0\fine-code-coverage\build-output\nunit.engine.api.dll'.
TpTrace Information: 0 : 51832, 4, 2024/04/25, 16:41:59.944, 6249868661713, testhost.dll, AssemblyResolver.OnResolve: Resolved assembly: nunit.engine.api, from path: C:\Users\VC\codestack\GenSpark\day11\ShoppingSolution\ShoppingBLTets\bin\Debug\net6.0\fine-code-coverage\build-output\nunit.engine.api.dll
TpTrace Information: 0 : 51832, 4, 2024/04/25, 16:41:59.949, 6249868716803, testhost.dll, GetTestExtensionFromType: Register extension with identifier data 'executor://NUnit3TestExecutor' and type 'NUnit.VisualStudio.TestAdapter.NUnit3TestExecutor, NUnit3.TestAdapter, Version=4.4.0.0, Culture=neutral, PublicKeyToken=4cb40d35494691ac' inside file 'C:\Users\VC\codestack\GenSpark\day11\ShoppingSolution\ShoppingBLTets\bin\Debug\net6.0\fine-code-coverage\build-output\NUnit3.TestAdapter.dll'
TpTrace Verbose: 0 : 51832, 4, 2024/04/25, 16:41:59.954, 6249868762982, testhost.dll, TestPluginCache: Discovered the extensions using extension path ''.
TpTrace Verbose: 0 : 51832, 4, 2024/04/25, 16:41:59.955, 6249868773074, testhost.dll, TestPluginCache: Discoverers are ''.
TpTrace Verbose: 0 : 51832, 4, 2024/04/25, 16:41:59.955, 6249868774577, testhost.dll, TestPluginCache: Executors are 'executor://NUnit3TestExecutor'.
TpTrace Verbose: 0 : 51832, 4, 2024/04/25, 16:41:59.955, 6249868776326, testhost.dll, TestPluginCache: Executors2 are ''.
TpTrace Verbose: 0 : 51832, 4, 2024/04/25, 16:41:59.955, 6249868777063, testhost.dll, TestPluginCache: Setting providers are ''.
TpTrace Verbose: 0 : 51832, 4, 2024/04/25, 16:41:59.955, 6249868777721, testhost.dll, TestPluginCache: Loggers are ''.
TpTrace Verbose: 0 : 51832, 4, 2024/04/25, 16:41:59.955, 6249868778385, testhost.dll, TestPluginCache: TestHosts are ''.
TpTrace Verbose: 0 : 51832, 4, 2024/04/25, 16:41:59.955, 6249868778914, testhost.dll, TestPluginCache: DataCollectors are ''.
TpTrace Verbose: 0 : 51832, 4, 2024/04/25, 16:41:59.960, 6249868829490, testhost.dll, TestPluginCache.DiscoverTestExtensions: finding test extensions in assemblies ends with: TestAdapter.dll TPluginInfo: Microsoft.VisualStudio.TestPlatform.Common.ExtensionFramework.Utilities.TestExecutorPluginInformation2 TExtension: Microsoft.VisualStudio.TestPlatform.ObjectModel.Adapter.ITestExecutor2
TpTrace Verbose: 0 : 51832, 4, 2024/04/25, 16:41:59.961, 6249868836436, testhost.dll, TestPluginCache.GetExtensionPaths: Filtered extension paths: 
TpTrace Verbose: 0 : 51832, 4, 2024/04/25, 16:41:59.961, 6249868837435, testhost.dll, TestPluginCache.GetExtensionPaths: Added default extension paths: C:\Users\VC\codestack\GenSpark\day11\ShoppingSolution\ShoppingBLTets\bin\Debug\net6.0\fine-code-coverage\build-output\NUnit3.TestAdapter.dll
TpTrace Verbose: 0 : 51832, 4, 2024/04/25, 16:41:59.961, 6249868837843, testhost.dll, TestPluginCache.GetExtensionPaths: Added unfilterableExtensionPaths: 
TpTrace Information: 0 : 51832, 4, 2024/04/25, 16:41:59.962, 6249868840937, testhost.dll, AssemblyResolver.AddSearchDirectories: Adding more searchDirectories C:\Users\VC\codestack\GenSpark\day11\ShoppingSolution\ShoppingBLTets\bin\Debug\net6.0\fine-code-coverage\build-output
TpTrace Verbose: 0 : 51832, 4, 2024/04/25, 16:41:59.962, 6249868841989, testhost.dll, TestPluginCache.DiscoverTestExtensions: Discovering the extensions using extension path.
TpTrace Verbose: 0 : 51832, 4, 2024/04/25, 16:41:59.962, 6249868842392, testhost.dll, TestPluginCache.GetExtensionPaths: Filtered extension paths: 
TpTrace Verbose: 0 : 51832, 4, 2024/04/25, 16:41:59.962, 6249868842729, testhost.dll, TestPluginCache.GetExtensionPaths: Added default extension paths: C:\Users\VC\codestack\GenSpark\day11\ShoppingSolution\ShoppingBLTets\bin\Debug\net6.0\fine-code-coverage\build-output\NUnit3.TestAdapter.dll
TpTrace Verbose: 0 : 51832, 4, 2024/04/25, 16:41:59.962, 6249868843055, testhost.dll, TestPluginCache.GetExtensionPaths: Added unfilterableExtensionPaths: 
TpTrace Verbose: 0 : 51832, 4, 2024/04/25, 16:41:59.962, 6249868843432, testhost.dll, TestPluginCache.DiscoverTestExtensions: Discovering the extensions using allExtensionPaths: C:\Users\VC\codestack\GenSpark\day11\ShoppingSolution\ShoppingBLTets\bin\Debug\net6.0\fine-code-coverage\build-output\NUnit3.TestAdapter.dll
TpTrace Information: 0 : 51832, 4, 2024/04/25, 16:41:59.962, 6249868844049, testhost.dll, AssemblyResolver.AddSearchDirectories: Adding more searchDirectories C:\Users\VC\codestack\GenSpark\day11\ShoppingSolution\ShoppingBLTets\bin\Debug\net6.0\fine-code-coverage\build-output
TpTrace Verbose: 0 : 51832, 4, 2024/04/25, 16:41:59.962, 6249868845029, testhost.dll, MetadataReaderExtensionsHelper: Discovering extensions inside assembly 'NUnit3.TestAdapter, Version=4.4.0.0, Culture=neutral, PublicKeyToken=4cb40d35494691ac' file path 'C:\Users\VC\codestack\GenSpark\day11\ShoppingSolution\ShoppingBLTets\bin\Debug\net6.0\fine-code-coverage\build-output\NUnit3.TestAdapter.dll'
TpTrace Verbose: 0 : 51832, 4, 2024/04/25, 16:41:59.963, 6249868855114, testhost.dll, TestPluginCache: Discovered the extensions using extension path ''.
TpTrace Verbose: 0 : 51832, 4, 2024/04/25, 16:41:59.963, 6249868856454, testhost.dll, TestPluginCache: Discoverers are ''.
TpTrace Verbose: 0 : 51832, 4, 2024/04/25, 16:41:59.963, 6249868857033, testhost.dll, TestPluginCache: Executors are 'executor://NUnit3TestExecutor'.
TpTrace Verbose: 0 : 51832, 4, 2024/04/25, 16:41:59.963, 6249868858208, testhost.dll, TestPluginCache: Executors2 are ''.
TpTrace Verbose: 0 : 51832, 4, 2024/04/25, 16:41:59.963, 6249868858554, testhost.dll, TestPluginCache: Setting providers are ''.
TpTrace Verbose: 0 : 51832, 4, 2024/04/25, 16:41:59.963, 6249868858932, testhost.dll, TestPluginCache: Loggers are ''.
TpTrace Verbose: 0 : 51832, 4, 2024/04/25, 16:41:59.963, 6249868859237, testhost.dll, TestPluginCache: TestHosts are ''.
TpTrace Verbose: 0 : 51832, 4, 2024/04/25, 16:41:59.963, 6249868859730, testhost.dll, TestPluginCache: DataCollectors are ''.
TpTrace Information: 0 : 51832, 4, 2024/04/25, 16:41:59.968, 6249868910085, testhost.dll, TestPluginManager.CreateTestExtension: Attempting to load test extension: NUnit.VisualStudio.TestAdapter.NUnit3TestExecutor
TpTrace Verbose: 0 : 51832, 4, 2024/04/25, 16:41:59.969, 6249868918659, testhost.dll, TestExecutorExtensionManager: Loading executor Microsoft.VisualStudio.TestPlatform.Common.ExtensionDecorators.SerialTestRunDecorator
TpTrace Verbose: 0 : 51832, 4, 2024/04/25, 16:41:59.969, 6249868919536, testhost.dll, TestExecutorService: Loaded the executors
TpTrace Verbose: 0 : 51832, 4, 2024/04/25, 16:41:59.970, 6249868929586, testhost.dll, TestPluginCache.DiscoverTestExtensions: finding test extensions in assemblies ends with: TestAdapter.dll TPluginInfo: Microsoft.VisualStudio.TestPlatform.Common.ExtensionFramework.Utilities.TestSettingsProviderPluginInformation TExtension: Microsoft.VisualStudio.TestPlatform.ObjectModel.Adapter.ISettingsProvider
TpTrace Verbose: 0 : 51832, 4, 2024/04/25, 16:41:59.971, 6249868930633, testhost.dll, TestPluginCache.GetExtensionPaths: Filtered extension paths: 
TpTrace Verbose: 0 : 51832, 4, 2024/04/25, 16:41:59.971, 6249868930960, testhost.dll, TestPluginCache.GetExtensionPaths: Added default extension paths: C:\Users\VC\codestack\GenSpark\day11\ShoppingSolution\ShoppingBLTets\bin\Debug\net6.0\fine-code-coverage\build-output\NUnit3.TestAdapter.dll
TpTrace Verbose: 0 : 51832, 4, 2024/04/25, 16:41:59.971, 6249868931200, testhost.dll, TestPluginCache.GetExtensionPaths: Added unfilterableExtensionPaths: 
TpTrace Information: 0 : 51832, 4, 2024/04/25, 16:41:59.971, 6249868932494, testhost.dll, AssemblyResolver.AddSearchDirectories: Adding more searchDirectories C:\Users\VC\codestack\GenSpark\day11\ShoppingSolution\ShoppingBLTets\bin\Debug\net6.0\fine-code-coverage\build-output
TpTrace Verbose: 0 : 51832, 4, 2024/04/25, 16:41:59.971, 6249868932843, testhost.dll, TestPluginCache.DiscoverTestExtensions: Discovering the extensions using extension path.
TpTrace Verbose: 0 : 51832, 4, 2024/04/25, 16:41:59.971, 6249868933099, testhost.dll, TestPluginCache.GetExtensionPaths: Filtered extension paths: 
TpTrace Verbose: 0 : 51832, 4, 2024/04/25, 16:41:59.971, 6249868933386, testhost.dll, TestPluginCache.GetExtensionPaths: Added default extension paths: C:\Users\VC\codestack\GenSpark\day11\ShoppingSolution\ShoppingBLTets\bin\Debug\net6.0\fine-code-coverage\build-output\NUnit3.TestAdapter.dll
TpTrace Verbose: 0 : 51832, 4, 2024/04/25, 16:41:59.971, 6249868933647, testhost.dll, TestPluginCache.GetExtensionPaths: Added unfilterableExtensionPaths: 
TpTrace Verbose: 0 : 51832, 4, 2024/04/25, 16:41:59.971, 6249868933929, testhost.dll, TestPluginCache.DiscoverTestExtensions: Discovering the extensions using allExtensionPaths: C:\Users\VC\codestack\GenSpark\day11\ShoppingSolution\ShoppingBLTets\bin\Debug\net6.0\fine-code-coverage\build-output\NUnit3.TestAdapter.dll
TpTrace Information: 0 : 51832, 4, 2024/04/25, 16:41:59.971, 6249868934347, testhost.dll, AssemblyResolver.AddSearchDirectories: Adding more searchDirectories C:\Users\VC\codestack\GenSpark\day11\ShoppingSolution\ShoppingBLTets\bin\Debug\net6.0\fine-code-coverage\build-output
TpTrace Verbose: 0 : 51832, 4, 2024/04/25, 16:41:59.971, 6249868935101, testhost.dll, MetadataReaderExtensionsHelper: Discovering extensions inside assembly 'NUnit3.TestAdapter, Version=4.4.0.0, Culture=neutral, PublicKeyToken=4cb40d35494691ac' file path 'C:\Users\VC\codestack\GenSpark\day11\ShoppingSolution\ShoppingBLTets\bin\Debug\net6.0\fine-code-coverage\build-output\NUnit3.TestAdapter.dll'
TpTrace Verbose: 0 : 51832, 4, 2024/04/25, 16:41:59.971, 6249868940005, testhost.dll, TestPluginCache: Discovered the extensions using extension path ''.
TpTrace Verbose: 0 : 51832, 4, 2024/04/25, 16:41:59.972, 6249868940523, testhost.dll, TestPluginCache: Discoverers are ''.
TpTrace Verbose: 0 : 51832, 4, 2024/04/25, 16:41:59.972, 6249868940773, testhost.dll, TestPluginCache: Executors are 'executor://NUnit3TestExecutor'.
TpTrace Verbose: 0 : 51832, 4, 2024/04/25, 16:41:59.972, 6249868941064, testhost.dll, TestPluginCache: Executors2 are ''.
TpTrace Verbose: 0 : 51832, 4, 2024/04/25, 16:41:59.972, 6249868942021, testhost.dll, TestPluginCache: Setting providers are ''.
TpTrace Verbose: 0 : 51832, 4, 2024/04/25, 16:41:59.972, 6249868942398, testhost.dll, TestPluginCache: Loggers are ''.
TpTrace Verbose: 0 : 51832, 4, 2024/04/25, 16:41:59.972, 6249868942651, testhost.dll, TestPluginCache: TestHosts are ''.
TpTrace Verbose: 0 : 51832, 4, 2024/04/25, 16:41:59.972, 6249868942902, testhost.dll, TestPluginCache: DataCollectors are ''.
TpTrace Verbose: 0 : 51832, 4, 2024/04/25, 16:41:59.973, 6249868959258, testhost.dll, TestExecutorService: Loaded the settings providers
TpTrace Information: 0 : 51832, 4, 2024/04/25, 16:41:59.974, 6249868961240, testhost.dll, TestExecutorService: Loaded the extensions
TpTrace Information: 0 : 51832, 4, 2024/04/25, 16:41:59.975, 6249868970962, testhost.dll, TestRequestHandler.OnMessageReceived: Running job 'TestExecution.StartWithSources'.
TpTrace Verbose: 0 : 51832, 4, 2024/04/25, 16:42:00.060, 6249869828155, testhost.dll, MulticastDelegateUtilities.SafeInvoke: TestCaseEventsHandler.RaiseSessionStart: Invoking callbacks was skipped because there are no subscribers.
TpTrace Information: 0 : 51832, 4, 2024/04/25, 16:42:00.066, 6249869888690, testhost.dll, TestDiscoveryManager: Discovering tests from sources C:\Users\VC\codestack\GenSpark\day11\ShoppingSolution\ShoppingBLTets\bin\Debug\net6.0\fine-code-coverage\build-output\ShoppingBLTets.dll
TpTrace Verbose: 0 : 51832, 4, 2024/04/25, 16:42:00.070, 6249869928473, testhost.dll, TestPluginCache.DiscoverTestExtensions: finding test extensions in assemblies ends with: TestAdapter.dll TPluginInfo: Microsoft.VisualStudio.TestPlatform.Common.ExtensionFramework.Utilities.TestDiscovererPluginInformation TExtension: Microsoft.VisualStudio.TestPlatform.ObjectModel.Adapter.ITestDiscoverer
TpTrace Verbose: 0 : 51832, 4, 2024/04/25, 16:42:00.070, 6249869930074, testhost.dll, TestPluginCache.GetExtensionPaths: Filtered extension paths: 
TpTrace Verbose: 0 : 51832, 4, 2024/04/25, 16:42:00.071, 6249869930424, testhost.dll, TestPluginCache.GetExtensionPaths: Added default extension paths: C:\Users\VC\codestack\GenSpark\day11\ShoppingSolution\ShoppingBLTets\bin\Debug\net6.0\fine-code-coverage\build-output\NUnit3.TestAdapter.dll
TpTrace Verbose: 0 : 51832, 4, 2024/04/25, 16:42:00.071, 6249869930664, testhost.dll, TestPluginCache.GetExtensionPaths: Added unfilterableExtensionPaths: 
TpTrace Information: 0 : 51832, 4, 2024/04/25, 16:42:00.071, 6249869932054, testhost.dll, AssemblyResolver.AddSearchDirectories: Adding more searchDirectories C:\Users\VC\codestack\GenSpark\day11\ShoppingSolution\ShoppingBLTets\bin\Debug\net6.0\fine-code-coverage\build-output
TpTrace Verbose: 0 : 51832, 4, 2024/04/25, 16:42:00.071, 6249869932423, testhost.dll, TestPluginCache.DiscoverTestExtensions: Discovering the extensions using extension path.
TpTrace Verbose: 0 : 51832, 4, 2024/04/25, 16:42:00.071, 6249869932680, testhost.dll, TestPluginCache.GetExtensionPaths: Filtered extension paths: 
TpTrace Verbose: 0 : 51832, 4, 2024/04/25, 16:42:00.071, 6249869933777, testhost.dll, TestPluginCache.GetExtensionPaths: Added default extension paths: C:\Users\VC\codestack\GenSpark\day11\ShoppingSolution\ShoppingBLTets\bin\Debug\net6.0\fine-code-coverage\build-output\NUnit3.TestAdapter.dll
TpTrace Verbose: 0 : 51832, 4, 2024/04/25, 16:42:00.071, 6249869935463, testhost.dll, TestPluginCache.GetExtensionPaths: Added unfilterableExtensionPaths: 
TpTrace Verbose: 0 : 51832, 4, 2024/04/25, 16:42:00.071, 6249869935956, testhost.dll, TestPluginCache.DiscoverTestExtensions: Discovering the extensions using allExtensionPaths: C:\Users\VC\codestack\GenSpark\day11\ShoppingSolution\ShoppingBLTets\bin\Debug\net6.0\fine-code-coverage\build-output\NUnit3.TestAdapter.dll
TpTrace Information: 0 : 51832, 4, 2024/04/25, 16:42:00.071, 6249869937450, testhost.dll, AssemblyResolver.AddSearchDirectories: Adding more searchDirectories C:\Users\VC\codestack\GenSpark\day11\ShoppingSolution\ShoppingBLTets\bin\Debug\net6.0\fine-code-coverage\build-output
TpTrace Verbose: 0 : 51832, 4, 2024/04/25, 16:42:00.071, 6249869939354, testhost.dll, MetadataReaderExtensionsHelper: Discovering extensions inside assembly 'NUnit3.TestAdapter, Version=4.4.0.0, Culture=neutral, PublicKeyToken=4cb40d35494691ac' file path 'C:\Users\VC\codestack\GenSpark\day11\ShoppingSolution\ShoppingBLTets\bin\Debug\net6.0\fine-code-coverage\build-output\NUnit3.TestAdapter.dll'
TpTrace Information: 0 : 51832, 4, 2024/04/25, 16:42:00.076, 6249869984918, testhost.dll, GetTestExtensionFromType: Register extension with identifier data 'NUnit.VisualStudio.TestAdapter.NUnit3TestDiscoverer, NUnit3.TestAdapter, Version=4.4.0.0, Culture=neutral, PublicKeyToken=4cb40d35494691ac' and type 'NUnit.VisualStudio.TestAdapter.NUnit3TestDiscoverer, NUnit3.TestAdapter, Version=4.4.0.0, Culture=neutral, PublicKeyToken=4cb40d35494691ac' inside file 'C:\Users\VC\codestack\GenSpark\day11\ShoppingSolution\ShoppingBLTets\bin\Debug\net6.0\fine-code-coverage\build-output\NUnit3.TestAdapter.dll'
TpTrace Verbose: 0 : 51832, 4, 2024/04/25, 16:42:00.076, 6249869988075, testhost.dll, TestPluginCache: Discovered the extensions using extension path ''.
TpTrace Verbose: 0 : 51832, 4, 2024/04/25, 16:42:00.076, 6249869989013, testhost.dll, TestPluginCache: Discoverers are 'NUnit.VisualStudio.TestAdapter.NUnit3TestDiscoverer, NUnit3.TestAdapter, Version=4.4.0.0, Culture=neutral, PublicKeyToken=4cb40d35494691ac'.
TpTrace Verbose: 0 : 51832, 4, 2024/04/25, 16:42:00.076, 6249869989407, testhost.dll, TestPluginCache: Executors are 'executor://NUnit3TestExecutor'.
TpTrace Verbose: 0 : 51832, 4, 2024/04/25, 16:42:00.076, 6249869989796, testhost.dll, TestPluginCache: Executors2 are ''.
TpTrace Verbose: 0 : 51832, 4, 2024/04/25, 16:42:00.076, 6249869990156, testhost.dll, TestPluginCache: Setting providers are ''.
TpTrace Verbose: 0 : 51832, 4, 2024/04/25, 16:42:00.077, 6249869990601, testhost.dll, TestPluginCache: Loggers are ''.
TpTrace Verbose: 0 : 51832, 4, 2024/04/25, 16:42:00.077, 6249869990949, testhost.dll, TestPluginCache: TestHosts are ''.
TpTrace Verbose: 0 : 51832, 4, 2024/04/25, 16:42:00.077, 6249869991266, testhost.dll, TestPluginCache: DataCollectors are ''.
TpTrace Information: 0 : 51832, 4, 2024/04/25, 16:42:00.082, 6249870044367, testhost.dll, PEReaderHelper.GetAssemblyType: Determined assemblyType:'Managed' for source: 'C:\Users\VC\codestack\GenSpark\day11\ShoppingSolution\ShoppingBLTets\bin\Debug\net6.0\fine-code-coverage\build-output\ShoppingBLTets.dll'
TpTrace Verbose: 0 : 51832, 4, 2024/04/25, 16:42:00.091, 6249870135354, testhost.dll, BaseRunTests.RunTestInternalWithExecutors: Running tests for executor://NUnit3TestExecutor
TpTrace Information: 0 : 51832, 4, 2024/04/25, 16:42:00.100, 6249870220880, testhost.dll, AssemblyResolver.OnResolve: nunit.engine: Resolving assembly.
TpTrace Information: 0 : 51832, 4, 2024/04/25, 16:42:00.100, 6249870222284, testhost.dll, AssemblyResolver.OnResolve: nunit.engine: Searching in: 'C:\Users\VC\codestack\GenSpark\day11\ShoppingSolution\ShoppingBLTets\bin\Debug\net6.0\fine-code-coverage\build-output'.
TpTrace Information: 0 : 51832, 4, 2024/04/25, 16:42:00.100, 6249870225024, testhost.dll, AssemblyResolver.OnResolve: nunit.engine: Loading assembly 'C:\Users\VC\codestack\GenSpark\day11\ShoppingSolution\ShoppingBLTets\bin\Debug\net6.0\fine-code-coverage\build-output\nunit.engine.dll'.
TpTrace Information: 0 : 51832, 4, 2024/04/25, 16:42:00.101, 6249870231024, testhost.dll, AssemblyResolver.OnResolve: Resolved assembly: nunit.engine, from path: C:\Users\VC\codestack\GenSpark\day11\ShoppingSolution\ShoppingBLTets\bin\Debug\net6.0\fine-code-coverage\build-output\nunit.engine.dll
TpTrace Information: 0 : 51832, 4, 2024/04/25, 16:42:00.101, 6249870232147, testhost.dll, AssemblyResolver.OnResolve: nunit.engine.core: Resolving assembly.
TpTrace Information: 0 : 51832, 4, 2024/04/25, 16:42:00.101, 6249870232596, testhost.dll, AssemblyResolver.OnResolve: nunit.engine.core: Searching in: 'C:\Users\VC\codestack\GenSpark\day11\ShoppingSolution\ShoppingBLTets\bin\Debug\net6.0\fine-code-coverage\build-output'.
TpTrace Information: 0 : 51832, 4, 2024/04/25, 16:42:00.101, 6249870234731, testhost.dll, AssemblyResolver.OnResolve: nunit.engine.core: Loading assembly 'C:\Users\VC\codestack\GenSpark\day11\ShoppingSolution\ShoppingBLTets\bin\Debug\net6.0\fine-code-coverage\build-output\nunit.engine.core.dll'.
TpTrace Information: 0 : 51832, 4, 2024/04/25, 16:42:00.101, 6249870239396, testhost.dll, AssemblyResolver.OnResolve: Resolved assembly: nunit.engine.core, from path: C:\Users\VC\codestack\GenSpark\day11\ShoppingSolution\ShoppingBLTets\bin\Debug\net6.0\fine-code-coverage\build-output\nunit.engine.core.dll
TpTrace Information: 0 : 51832, 4, 2024/04/25, 16:42:00.117, 6249870393012, testhost.dll, NUnit Adapter 4.4.0.0: Test execution started
TpTrace Verbose: 0 : 51832, 4, 2024/04/25, 16:42:00.117, 6249870394682, testhost.dll, TestRequestHandler.SendData: sending data from testhost: {"Version":7,"MessageType":"TestSession.Message","Payload":{"MessageLevel":0,"Message":"NUnit Adapter 4.4.0.0: Test execution started"}}
TpTrace Verbose: 0 : 51832, 4, 2024/04/25, 16:42:00.117, 6249870396430, testhost.dll, MulticastDelegateUtilities.SafeInvoke: TestRunMessageLoggerProxy.SendMessage: Invoking callback 1/1 for Microsoft.VisualStudio.TestPlatform.CrossPlatEngine.Execution.RunTestsWithSources., took 0 ms.
TpTrace Information: 0 : 51832, 4, 2024/04/25, 16:42:00.151, 6249870732396, testhost.dll, Running all tests in C:\Users\VC\codestack\GenSpark\day11\ShoppingSolution\ShoppingBLTets\bin\Debug\net6.0\fine-code-coverage\build-output\ShoppingBLTets.dll
TpTrace Verbose: 0 : 51832, 4, 2024/04/25, 16:42:00.151, 6249870734090, testhost.dll, TestRequestHandler.SendData: sending data from testhost: {"Version":7,"MessageType":"TestSession.Message","Payload":{"MessageLevel":0,"Message":"Running all tests in C:\\Users\\VC\\codestack\\GenSpark\\day11\\ShoppingSolution\\ShoppingBLTets\\bin\\Debug\\net6.0\\fine-code-coverage\\build-output\\ShoppingBLTets.dll"}}
TpTrace Verbose: 0 : 51832, 4, 2024/04/25, 16:42:00.151, 6249870735434, testhost.dll, MulticastDelegateUtilities.SafeInvoke: TestRunMessageLoggerProxy.SendMessage: Invoking callback 1/1 for Microsoft.VisualStudio.TestPlatform.CrossPlatEngine.Execution.RunTestsWithSources., took 0 ms.
TpTrace Information: 0 : 51832, 4, 2024/04/25, 16:42:00.159, 6249870816762, testhost.dll, AssemblyResolver.OnResolve: testcentric.engine.metadata: Resolving assembly.
TpTrace Information: 0 : 51832, 4, 2024/04/25, 16:42:00.159, 6249870818274, testhost.dll, AssemblyResolver.OnResolve: testcentric.engine.metadata: Searching in: 'C:\Users\VC\codestack\GenSpark\day11\ShoppingSolution\ShoppingBLTets\bin\Debug\net6.0\fine-code-coverage\build-output'.
TpTrace Information: 0 : 51832, 4, 2024/04/25, 16:42:00.160, 6249870821748, testhost.dll, AssemblyResolver.OnResolve: testcentric.engine.metadata: Loading assembly 'C:\Users\VC\codestack\GenSpark\day11\ShoppingSolution\ShoppingBLTets\bin\Debug\net6.0\fine-code-coverage\build-output\testcentric.engine.metadata.dll'.
TpTrace Information: 0 : 51832, 4, 2024/04/25, 16:42:00.160, 6249870829115, testhost.dll, AssemblyResolver.OnResolve: Resolved assembly: testcentric.engine.metadata, from path: C:\Users\VC\codestack\GenSpark\day11\ShoppingSolution\ShoppingBLTets\bin\Debug\net6.0\fine-code-coverage\build-output\testcentric.engine.metadata.dll
TpTrace Information: 0 : 51832, 4, 2024/04/25, 16:42:00.308, 6249872304910, testhost.dll,    NUnit3TestExecutor discovered 10 of 10 NUnit test cases using Current Discovery mode, Non-Explicit run
TpTrace Verbose: 0 : 51832, 4, 2024/04/25, 16:42:00.308, 6249872306602, testhost.dll, TestRequestHandler.SendData: sending data from testhost: {"Version":7,"MessageType":"TestSession.Message","Payload":{"MessageLevel":0,"Message":"   NUnit3TestExecutor discovered 10 of 10 NUnit test cases using Current Discovery mode, Non-Explicit run"}}
TpTrace Verbose: 0 : 51832, 4, 2024/04/25, 16:42:00.308, 6249872307916, testhost.dll, MulticastDelegateUtilities.SafeInvoke: TestRunMessageLoggerProxy.SendMessage: Invoking callback 1/1 for Microsoft.VisualStudio.TestPlatform.CrossPlatEngine.Execution.RunTestsWithSources., took 0 ms.
TpTrace Verbose: 0 : 51832, 14, 2024/04/25, 16:42:00.337, 6249872593006, testhost.dll, TestExecutionRecorder.RecordStart: Starting test: ShoppingBLTets.CustomerBLTest.AddCustomerTest.
TpTrace Verbose: 0 : 51832, 14, 2024/04/25, 16:42:00.389, 6249873113573, testhost.dll, MulticastDelegateUtilities.SafeInvoke: TestCaseEventsHandler.RaiseTestCaseStart: Invoking callback 1/1 for Microsoft.VisualStudio.TestPlatform.CrossPlatEngine.DataCollection.ProxyOutOfProcDataCollectionManager., took 39 ms.
TpTrace Verbose: 0 : 51832, 14, 2024/04/25, 16:42:00.404, 6249873262171, testhost.dll, TestExecutionRecorder.RecordEnd: test: ShoppingBLTets.CustomerBLTest.AddCustomerTest execution completed.
TpTrace Verbose: 0 : 51832, 14, 2024/04/25, 16:42:00.421, 6249873438248, testhost.dll, MulticastDelegateUtilities.SafeInvoke: TestCaseEventsHandler.RaiseTestCaseEnd: Invoking callback 1/1 for Microsoft.VisualStudio.TestPlatform.CrossPlatEngine.DataCollection.ProxyOutOfProcDataCollectionManager., took 16 ms.
TpTrace Verbose: 0 : 51832, 14, 2024/04/25, 16:42:00.423, 6249873455138, testhost.dll, TestExecutionRecorder.RecordResult: Received result for test: ShoppingBLTets.CustomerBLTest.AddCustomerTest.
TpTrace Verbose: 0 : 51832, 14, 2024/04/25, 16:42:00.425, 6249873479382, testhost.dll, MulticastDelegateUtilities.SafeInvoke: TestCaseEventsHandler.RaiseTestCaseEnd: Invoking callback 1/1 for Microsoft.VisualStudio.TestPlatform.CrossPlatEngine.DataCollection.ProxyOutOfProcDataCollectionManager., took 1 ms.
TpTrace Warning: 0 : 51832, 14, 2024/04/25, 16:42:00.428, 6249873510191, testhost.dll, TestRunCache: InProgressTests is null
TpTrace Warning: 0 : 51832, 14, 2024/04/25, 16:42:00.429, 6249873511979, testhost.dll, TestRunCache: No test found corresponding to testResult 'AddCustomerTest' in inProgress list.
TpTrace Verbose: 0 : 51832, 14, 2024/04/25, 16:42:00.429, 6249873513803, testhost.dll, TestExecutionRecorder.RecordStart: Starting test: ShoppingBLTets.CustomerBLTest.DeleteCustomerTest.
TpTrace Verbose: 0 : 51832, 14, 2024/04/25, 16:42:00.431, 6249873530980, testhost.dll, MulticastDelegateUtilities.SafeInvoke: TestCaseEventsHandler.RaiseTestCaseStart: Invoking callback 1/1 for Microsoft.VisualStudio.TestPlatform.CrossPlatEngine.DataCollection.ProxyOutOfProcDataCollectionManager., took 1 ms.
TpTrace Verbose: 0 : 51832, 14, 2024/04/25, 16:42:00.431, 6249873534537, testhost.dll, TestExecutionRecorder.RecordEnd: test: ShoppingBLTets.CustomerBLTest.DeleteCustomerTest execution completed.
TpTrace Verbose: 0 : 51832, 14, 2024/04/25, 16:42:00.433, 6249873556599, testhost.dll, MulticastDelegateUtilities.SafeInvoke: TestCaseEventsHandler.RaiseTestCaseEnd: Invoking callback 1/1 for Microsoft.VisualStudio.TestPlatform.CrossPlatEngine.DataCollection.ProxyOutOfProcDataCollectionManager., took 2 ms.
TpTrace Verbose: 0 : 51832, 14, 2024/04/25, 16:42:00.433, 6249873557915, testhost.dll, TestExecutionRecorder.RecordResult: Received result for test: ShoppingBLTets.CustomerBLTest.DeleteCustomerTest.
TpTrace Verbose: 0 : 51832, 14, 2024/04/25, 16:42:00.433, 6249873558711, testhost.dll, MulticastDelegateUtilities.SafeInvoke: TestCaseEventsHandler.RaiseTestCaseEnd: Invoking callback 1/1 for Microsoft.VisualStudio.TestPlatform.CrossPlatEngine.DataCollection.ProxyOutOfProcDataCollectionManager., took 0 ms.
TpTrace Warning: 0 : 51832, 14, 2024/04/25, 16:42:00.433, 6249873559217, testhost.dll, TestRunCache: InProgressTests is null
TpTrace Warning: 0 : 51832, 14, 2024/04/25, 16:42:00.433, 6249873559556, testhost.dll, TestRunCache: No test found corresponding to testResult 'DeleteCustomerTest' in inProgress list.
TpTrace Verbose: 0 : 51832, 14, 2024/04/25, 16:42:00.434, 6249873560922, testhost.dll, TestExecutionRecorder.RecordStart: Starting test: ShoppingBLTets.CustomerBLTest.GetAllCustomerTest.
TpTrace Verbose: 0 : 51832, 14, 2024/04/25, 16:42:00.435, 6249873577393, testhost.dll, MulticastDelegateUtilities.SafeInvoke: TestCaseEventsHandler.RaiseTestCaseStart: Invoking callback 1/1 for Microsoft.VisualStudio.TestPlatform.CrossPlatEngine.DataCollection.ProxyOutOfProcDataCollectionManager., took 1 ms.
TpTrace Verbose: 0 : 51832, 14, 2024/04/25, 16:42:00.436, 6249873581172, testhost.dll, TestExecutionRecorder.RecordEnd: test: ShoppingBLTets.CustomerBLTest.GetAllCustomerTest execution completed.
TpTrace Verbose: 0 : 51832, 14, 2024/04/25, 16:42:00.437, 6249873595007, testhost.dll, MulticastDelegateUtilities.SafeInvoke: TestCaseEventsHandler.RaiseTestCaseEnd: Invoking callback 1/1 for Microsoft.VisualStudio.TestPlatform.CrossPlatEngine.DataCollection.ProxyOutOfProcDataCollectionManager., took 1 ms.
TpTrace Verbose: 0 : 51832, 14, 2024/04/25, 16:42:00.437, 6249873595940, testhost.dll, TestExecutionRecorder.RecordResult: Received result for test: ShoppingBLTets.CustomerBLTest.GetAllCustomerTest.
TpTrace Verbose: 0 : 51832, 14, 2024/04/25, 16:42:00.437, 6249873596439, testhost.dll, MulticastDelegateUtilities.SafeInvoke: TestCaseEventsHandler.RaiseTestCaseEnd: Invoking callback 1/1 for Microsoft.VisualStudio.TestPlatform.CrossPlatEngine.DataCollection.ProxyOutOfProcDataCollectionManager., took 0 ms.
TpTrace Warning: 0 : 51832, 14, 2024/04/25, 16:42:00.437, 6249873597178, testhost.dll, TestRunCache: InProgressTests is null
TpTrace Warning: 0 : 51832, 14, 2024/04/25, 16:42:00.437, 6249873597478, testhost.dll, TestRunCache: No test found corresponding to testResult 'GetAllCustomerTest' in inProgress list.
TpTrace Verbose: 0 : 51832, 14, 2024/04/25, 16:42:00.437, 6249873598950, testhost.dll, TestExecutionRecorder.RecordStart: Starting test: ShoppingBLTets.CustomerBLTest.GetCustomerTest.
TpTrace Verbose: 0 : 51832, 14, 2024/04/25, 16:42:00.439, 6249873611636, testhost.dll, MulticastDelegateUtilities.SafeInvoke: TestCaseEventsHandler.RaiseTestCaseStart: Invoking callback 1/1 for Microsoft.VisualStudio.TestPlatform.CrossPlatEngine.DataCollection.ProxyOutOfProcDataCollectionManager., took 1 ms.
TpTrace Verbose: 0 : 51832, 14, 2024/04/25, 16:42:00.439, 6249873614174, testhost.dll, TestExecutionRecorder.RecordEnd: test: ShoppingBLTets.CustomerBLTest.GetCustomerTest execution completed.
TpTrace Verbose: 0 : 51832, 14, 2024/04/25, 16:42:00.440, 6249873624563, testhost.dll, MulticastDelegateUtilities.SafeInvoke: TestCaseEventsHandler.RaiseTestCaseEnd: Invoking callback 1/1 for Microsoft.VisualStudio.TestPlatform.CrossPlatEngine.DataCollection.ProxyOutOfProcDataCollectionManager., took 0 ms.
TpTrace Verbose: 0 : 51832, 14, 2024/04/25, 16:42:00.440, 6249873625270, testhost.dll, TestExecutionRecorder.RecordResult: Received result for test: ShoppingBLTets.CustomerBLTest.GetCustomerTest.
TpTrace Verbose: 0 : 51832, 14, 2024/04/25, 16:42:00.440, 6249873625699, testhost.dll, MulticastDelegateUtilities.SafeInvoke: TestCaseEventsHandler.RaiseTestCaseEnd: Invoking callback 1/1 for Microsoft.VisualStudio.TestPlatform.CrossPlatEngine.DataCollection.ProxyOutOfProcDataCollectionManager., took 0 ms.
TpTrace Warning: 0 : 51832, 14, 2024/04/25, 16:42:00.440, 6249873626061, testhost.dll, TestRunCache: InProgressTests is null
TpTrace Warning: 0 : 51832, 14, 2024/04/25, 16:42:00.440, 6249873626318, testhost.dll, TestRunCache: No test found corresponding to testResult 'GetCustomerTest' in inProgress list.
TpTrace Verbose: 0 : 51832, 14, 2024/04/25, 16:42:00.440, 6249873627315, testhost.dll, TestExecutionRecorder.RecordStart: Starting test: ShoppingBLTets.CustomerBLTest.UpdateCustomerTest.
TpTrace Verbose: 0 : 51832, 14, 2024/04/25, 16:42:00.441, 6249873639599, testhost.dll, MulticastDelegateUtilities.SafeInvoke: TestCaseEventsHandler.RaiseTestCaseStart: Invoking callback 1/1 for Microsoft.VisualStudio.TestPlatform.CrossPlatEngine.DataCollection.ProxyOutOfProcDataCollectionManager., took 1 ms.
TpTrace Verbose: 0 : 51832, 14, 2024/04/25, 16:42:00.442, 6249873643242, testhost.dll, TestExecutionRecorder.RecordEnd: test: ShoppingBLTets.CustomerBLTest.UpdateCustomerTest execution completed.
TpTrace Verbose: 0 : 51832, 14, 2024/04/25, 16:42:00.443, 6249873657002, testhost.dll, MulticastDelegateUtilities.SafeInvoke: TestCaseEventsHandler.RaiseTestCaseEnd: Invoking callback 1/1 for Microsoft.VisualStudio.TestPlatform.CrossPlatEngine.DataCollection.ProxyOutOfProcDataCollectionManager., took 1 ms.
TpTrace Verbose: 0 : 51832, 14, 2024/04/25, 16:42:00.443, 6249873658104, testhost.dll, TestExecutionRecorder.RecordResult: Received result for test: ShoppingBLTets.CustomerBLTest.UpdateCustomerTest.
TpTrace Verbose: 0 : 51832, 14, 2024/04/25, 16:42:00.443, 6249873658544, testhost.dll, MulticastDelegateUtilities.SafeInvoke: TestCaseEventsHandler.RaiseTestCaseEnd: Invoking callback 1/1 for Microsoft.VisualStudio.TestPlatform.CrossPlatEngine.DataCollection.ProxyOutOfProcDataCollectionManager., took 0 ms.
TpTrace Warning: 0 : 51832, 14, 2024/04/25, 16:42:00.443, 6249873658880, testhost.dll, TestRunCache: InProgressTests is null
TpTrace Warning: 0 : 51832, 14, 2024/04/25, 16:42:00.443, 6249873659107, testhost.dll, TestRunCache: No test found corresponding to testResult 'UpdateCustomerTest' in inProgress list.
TpTrace Verbose: 0 : 51832, 14, 2024/04/25, 16:42:00.444, 6249873669062, testhost.dll, TestExecutionRecorder.RecordStart: Starting test: ShoppingBLTets.ProductBLTest.AddProductTest.
TpTrace Verbose: 0 : 51832, 14, 2024/04/25, 16:42:00.446, 6249873683976, testhost.dll, MulticastDelegateUtilities.SafeInvoke: TestCaseEventsHandler.RaiseTestCaseStart: Invoking callback 1/1 for Microsoft.VisualStudio.TestPlatform.CrossPlatEngine.DataCollection.ProxyOutOfProcDataCollectionManager., took 1 ms.
TpTrace Verbose: 0 : 51832, 14, 2024/04/25, 16:42:00.446, 6249873686954, testhost.dll, TestExecutionRecorder.RecordEnd: test: ShoppingBLTets.ProductBLTest.AddProductTest execution completed.
TpTrace Verbose: 0 : 51832, 14, 2024/04/25, 16:42:00.447, 6249873698245, testhost.dll, MulticastDelegateUtilities.SafeInvoke: TestCaseEventsHandler.RaiseTestCaseEnd: Invoking callback 1/1 for Microsoft.VisualStudio.TestPlatform.CrossPlatEngine.DataCollection.ProxyOutOfProcDataCollectionManager., took 1 ms.
TpTrace Verbose: 0 : 51832, 14, 2024/04/25, 16:42:00.447, 6249873699070, testhost.dll, TestExecutionRecorder.RecordResult: Received result for test: ShoppingBLTets.ProductBLTest.AddProductTest.
TpTrace Verbose: 0 : 51832, 14, 2024/04/25, 16:42:00.447, 6249873699556, testhost.dll, MulticastDelegateUtilities.SafeInvoke: TestCaseEventsHandler.RaiseTestCaseEnd: Invoking callback 1/1 for Microsoft.VisualStudio.TestPlatform.CrossPlatEngine.DataCollection.ProxyOutOfProcDataCollectionManager., took 0 ms.
TpTrace Warning: 0 : 51832, 14, 2024/04/25, 16:42:00.447, 6249873699994, testhost.dll, TestRunCache: InProgressTests is null
TpTrace Warning: 0 : 51832, 14, 2024/04/25, 16:42:00.447, 6249873700296, testhost.dll, TestRunCache: No test found corresponding to testResult 'AddProductTest' in inProgress list.
TpTrace Verbose: 0 : 51832, 14, 2024/04/25, 16:42:00.448, 6249873701307, testhost.dll, TestExecutionRecorder.RecordStart: Starting test: ShoppingBLTets.ProductBLTest.DeleteProductTest.
TpTrace Verbose: 0 : 51832, 14, 2024/04/25, 16:42:00.449, 6249873710541, testhost.dll, MulticastDelegateUtilities.SafeInvoke: TestCaseEventsHandler.RaiseTestCaseStart: Invoking callback 1/1 for Microsoft.VisualStudio.TestPlatform.CrossPlatEngine.DataCollection.ProxyOutOfProcDataCollectionManager., took 0 ms.
TpTrace Verbose: 0 : 51832, 14, 2024/04/25, 16:42:00.449, 6249873712746, testhost.dll, TestExecutionRecorder.RecordEnd: test: ShoppingBLTets.ProductBLTest.DeleteProductTest execution completed.
TpTrace Verbose: 0 : 51832, 14, 2024/04/25, 16:42:00.450, 6249873721382, testhost.dll, MulticastDelegateUtilities.SafeInvoke: TestCaseEventsHandler.RaiseTestCaseEnd: Invoking callback 1/1 for Microsoft.VisualStudio.TestPlatform.CrossPlatEngine.DataCollection.ProxyOutOfProcDataCollectionManager., took 0 ms.
TpTrace Verbose: 0 : 51832, 14, 2024/04/25, 16:42:00.450, 6249873722078, testhost.dll, TestExecutionRecorder.RecordResult: Received result for test: ShoppingBLTets.ProductBLTest.DeleteProductTest.
TpTrace Verbose: 0 : 51832, 14, 2024/04/25, 16:42:00.450, 6249873722515, testhost.dll, MulticastDelegateUtilities.SafeInvoke: TestCaseEventsHandler.RaiseTestCaseEnd: Invoking callback 1/1 for Microsoft.VisualStudio.TestPlatform.CrossPlatEngine.DataCollection.ProxyOutOfProcDataCollectionManager., took 0 ms.
TpTrace Warning: 0 : 51832, 14, 2024/04/25, 16:42:00.450, 6249873722928, testhost.dll, TestRunCache: InProgressTests is null
TpTrace Warning: 0 : 51832, 14, 2024/04/25, 16:42:00.450, 6249873723252, testhost.dll, TestRunCache: No test found corresponding to testResult 'DeleteProductTest' in inProgress list.
TpTrace Verbose: 0 : 51832, 14, 2024/04/25, 16:42:00.450, 6249873724126, testhost.dll, TestExecutionRecorder.RecordStart: Starting test: ShoppingBLTets.ProductBLTest.GetAllProductTest.
TpTrace Verbose: 0 : 51832, 14, 2024/04/25, 16:42:00.451, 6249873734551, testhost.dll, MulticastDelegateUtilities.SafeInvoke: TestCaseEventsHandler.RaiseTestCaseStart: Invoking callback 1/1 for Microsoft.VisualStudio.TestPlatform.CrossPlatEngine.DataCollection.ProxyOutOfProcDataCollectionManager., took 0 ms.
TpTrace Verbose: 0 : 51832, 14, 2024/04/25, 16:42:00.451, 6249873736881, testhost.dll, TestExecutionRecorder.RecordEnd: test: ShoppingBLTets.ProductBLTest.GetAllProductTest execution completed.
TpTrace Verbose: 0 : 51832, 14, 2024/04/25, 16:42:00.453, 6249873757566, testhost.dll, MulticastDelegateUtilities.SafeInvoke: TestCaseEventsHandler.RaiseTestCaseEnd: Invoking callback 1/1 for Microsoft.VisualStudio.TestPlatform.CrossPlatEngine.DataCollection.ProxyOutOfProcDataCollectionManager., took 2 ms.
TpTrace Verbose: 0 : 51832, 14, 2024/04/25, 16:42:00.453, 6249873758812, testhost.dll, TestExecutionRecorder.RecordResult: Received result for test: ShoppingBLTets.ProductBLTest.GetAllProductTest.
TpTrace Verbose: 0 : 51832, 14, 2024/04/25, 16:42:00.453, 6249873759396, testhost.dll, MulticastDelegateUtilities.SafeInvoke: TestCaseEventsHandler.RaiseTestCaseEnd: Invoking callback 1/1 for Microsoft.VisualStudio.TestPlatform.CrossPlatEngine.DataCollection.ProxyOutOfProcDataCollectionManager., took 0 ms.
TpTrace Warning: 0 : 51832, 14, 2024/04/25, 16:42:00.453, 6249873759803, testhost.dll, TestRunCache: InProgressTests is null
TpTrace Warning: 0 : 51832, 14, 2024/04/25, 16:42:00.453, 6249873760104, testhost.dll, TestRunCache: No test found corresponding to testResult 'GetAllProductTest' in inProgress list.
TpTrace Verbose: 0 : 51832, 14, 2024/04/25, 16:42:00.454, 6249873761409, testhost.dll, TestExecutionRecorder.RecordStart: Starting test: ShoppingBLTets.ProductBLTest.GetProductTest.
TpTrace Verbose: 0 : 51832, 14, 2024/04/25, 16:42:00.455, 6249873778473, testhost.dll, MulticastDelegateUtilities.SafeInvoke: TestCaseEventsHandler.RaiseTestCaseStart: Invoking callback 1/1 for Microsoft.VisualStudio.TestPlatform.CrossPlatEngine.DataCollection.ProxyOutOfProcDataCollectionManager., took 1 ms.
TpTrace Verbose: 0 : 51832, 14, 2024/04/25, 16:42:00.456, 6249873782507, testhost.dll, TestExecutionRecorder.RecordEnd: test: ShoppingBLTets.ProductBLTest.GetProductTest execution completed.
TpTrace Verbose: 0 : 51832, 14, 2024/04/25, 16:42:00.459, 6249873812353, testhost.dll, MulticastDelegateUtilities.SafeInvoke: TestCaseEventsHandler.RaiseTestCaseEnd: Invoking callback 1/1 for Microsoft.VisualStudio.TestPlatform.CrossPlatEngine.DataCollection.ProxyOutOfProcDataCollectionManager., took 2 ms.
TpTrace Verbose: 0 : 51832, 14, 2024/04/25, 16:42:00.459, 6249873813404, testhost.dll, TestExecutionRecorder.RecordResult: Received result for test: ShoppingBLTets.ProductBLTest.GetProductTest.
TpTrace Verbose: 0 : 51832, 14, 2024/04/25, 16:42:00.459, 6249873813959, testhost.dll, MulticastDelegateUtilities.SafeInvoke: TestCaseEventsHandler.RaiseTestCaseEnd: Invoking callback 1/1 for Microsoft.VisualStudio.TestPlatform.CrossPlatEngine.DataCollection.ProxyOutOfProcDataCollectionManager., took 0 ms.
TpTrace Warning: 0 : 51832, 14, 2024/04/25, 16:42:00.459, 6249873814386, testhost.dll, TestRunCache: InProgressTests is null
TpTrace Warning: 0 : 51832, 14, 2024/04/25, 16:42:00.459, 6249873814690, testhost.dll, TestRunCache: No test found corresponding to testResult 'GetProductTest' in inProgress list.
TpTrace Verbose: 0 : 51832, 14, 2024/04/25, 16:42:00.459, 6249873816145, testhost.dll, TestExecutionRecorder.RecordStart: Starting test: ShoppingBLTets.ProductBLTest.UpdateProductTest.
TpTrace Information: 0 : 51832, 14, 2024/04/25, 16:42:00.461, 6249873839853, testhost.dll, Sending test run statistics
TpTrace Verbose: 0 : 51832, 14, 2024/04/25, 16:42:00.490, 6249874125060, testhost.dll, TestRequestHandler.SendData: sending data from testhost: {"Version":7,"MessageType":"TestExecution.StatsChange","Payload":{"NewTestResults":[{"TestCase":{"Id":"8dd508c0-a8ab-b798-a64c-68f1ba8c5eee","FullyQualifiedName":"ShoppingBLTets.CustomerBLTest.AddCustomerTest","DisplayName":"AddCustomerTest","ExecutorUri":"executor://NUnit3TestExecutor","Source":"C:\\Users\\VC\\codestack\\GenSpark\\day11\\ShoppingSolution\\ShoppingBLTets\\bin\\Debug\\net6.0\\fine-code-coverage\\build-output\\ShoppingBLTets.dll","CodeFilePath":null,"LineNumber":0,"Properties":[{"Key":{"Id":"NUnit.Seed","Label":"Seed","Category":"","Description":"","Attributes":0,"ValueType":"System.String"},"Value":"105354426"}]},"Attachments":[],"Outcome":1,"ErrorMessage":null,"ErrorStackTrace":null,"DisplayName":"AddCustomerTest","Messages":[],"ComputerName":"J9GCBX3","Duration":"00:00:00.0224900","StartTime":"2024-04-25T11:12:00.3345475+00:00","EndTime":"2024-04-25T11:12:00.3569638+00:00","Properties":[{"Key":{"Id":"NUnit.Seed","Label":"Seed","Category":"","Description":"","Attributes":0,"ValueType":"System.String"},"Value":"105354426"}]},{"TestCase":{"Id":"05d1e830-e1a1-6a72-b85f-0d533931ef6e","FullyQualifiedName":"ShoppingBLTets.CustomerBLTest.DeleteCustomerTest","DisplayName":"DeleteCustomerTest","ExecutorUri":"executor://NUnit3TestExecutor","Source":"C:\\Users\\VC\\codestack\\GenSpark\\day11\\ShoppingSolution\\ShoppingBLTets\\bin\\Debug\\net6.0\\fine-code-coverage\\build-output\\ShoppingBLTets.dll","CodeFilePath":null,"LineNumber":0,"Properties":[{"Key":{"Id":"NUnit.Seed","Label":"Seed","Category":"","Description":"","Attributes":0,"ValueType":"System.String"},"Value":"205952764"}]},"Attachments":[],"Outcome":1,"ErrorMessage":null,"ErrorStackTrace":null,"DisplayName":"DeleteCustomerTest","Messages":[],"ComputerName":"J9GCBX3","Duration":"00:00:00.0068100","StartTime":"2024-04-25T11:12:00.359199+00:00","EndTime":"2024-04-25T11:12:00.3660087+00:00","Properties":[{"Key":{"Id":"NUnit.Seed","Label":"Seed","Category":"","Description":"","Attributes":0,"ValueType":"System.String"},"Value":"205952764"}]},{"TestCase":{"Id":"20c41af1-bffc-483f-a2b1-08da04bc7026","FullyQualifiedName":"ShoppingBLTets.CustomerBLTest.GetAllCustomerTest","DisplayName":"GetAllCustomerTest","ExecutorUri":"executor://NUnit3TestExecutor","Source":"C:\\Users\\VC\\codestack\\GenSpark\\day11\\ShoppingSolution\\ShoppingBLTets\\bin\\Debug\\net6.0\\fine-code-coverage\\build-output\\ShoppingBLTets.dll","CodeFilePath":null,"LineNumber":0,"Properties":[{"Key":{"Id":"NUnit.Seed","Label":"Seed","Category":"","Description":"","Attributes":0,"ValueType":"System.String"},"Value":"846033870"}]},"Attachments":[],"Outcome":1,"ErrorMessage":null,"ErrorStackTrace":null,"DisplayName":"GetAllCustomerTest","Messages":[],"ComputerName":"J9GCBX3","Duration":"00:00:00.0004940","StartTime":"2024-04-25T11:12:00.366045+00:00","EndTime":"2024-04-25T11:12:00.3665385+00:00","Properties":[{"Key":{"Id":"NUnit.Seed","Label":"Seed","Category":"","Description":"","Attributes":0,"ValueType":"System.String"},"Value":"846033870"}]},{"TestCase":{"Id":"8c645aae-a328-0315-c220-9c2fcb64a384","FullyQualifiedName":"ShoppingBLTets.CustomerBLTest.GetCustomerTest","DisplayName":"GetCustomerTest","ExecutorUri":"executor://NUnit3TestExecutor","Source":"C:\\Users\\VC\\codestack\\GenSpark\\day11\\ShoppingSolution\\ShoppingBLTets\\bin\\Debug\\net6.0\\fine-code-coverage\\build-output\\ShoppingBLTets.dll","CodeFilePath":null,"LineNumber":0,"Properties":[{"Key":{"Id":"NUnit.Seed","Label":"Seed","Category":"","Description":"","Attributes":0,"ValueType":"System.String"},"Value":"699160044"}]},"Attachments":[],"Outcome":1,"ErrorMessage":null,"ErrorStackTrace":null,"DisplayName":"GetCustomerTest","Messages":[],"ComputerName":"J9GCBX3","Duration":"00:00:00.0002340","StartTime":"2024-04-25T11:12:00.3665587+00:00","EndTime":"2024-04-25T11:12:00.3667929+00:00","Properties":[{"Key":{"Id":"NUnit.Seed","Label":"Seed","Category":"","Description":"","Attributes":0,"ValueType":"System.String"},"Value":"699160044"}]},{"TestCase":{"Id":"eefe311c-2fe1-4ace-23c4-249c1f1d7663","FullyQualifiedName":"ShoppingBLTets.CustomerBLTest.UpdateCustomerTest","DisplayName":"UpdateCustomerTest","ExecutorUri":"executor://NUnit3TestExecutor","Source":"C:\\Users\\VC\\codestack\\GenSpark\\day11\\ShoppingSolution\\ShoppingBLTets\\bin\\Debug\\net6.0\\fine-code-coverage\\build-output\\ShoppingBLTets.dll","CodeFilePath":null,"LineNumber":0,"Properties":[{"Key":{"Id":"NUnit.Seed","Label":"Seed","Category":"","Description":"","Attributes":0,"ValueType":"System.String"},"Value":"535034961"}]},"Attachments":[],"Outcome":1,"ErrorMessage":null,"ErrorStackTrace":null,"DisplayName":"UpdateCustomerTest","Messages":[],"ComputerName":"J9GCBX3","Duration":"00:00:00.0003560","StartTime":"2024-04-25T11:12:00.366809+00:00","EndTime":"2024-04-25T11:12:00.3671652+00:00","Properties":[{"Key":{"Id":"NUnit.Seed","Label":"Seed","Category":"","Description":"","Attributes":0,"ValueType":"System.String"},"Value":"535034961"}]},{"TestCase":{"Id":"52dc3b23-0320-646b-9fc8-5d0883e6726a","FullyQualifiedName":"ShoppingBLTets.ProductBLTest.AddProductTest","DisplayName":"AddProductTest","ExecutorUri":"executor://NUnit3TestExecutor","Source":"C:\\Users\\VC\\codestack\\GenSpark\\day11\\ShoppingSolution\\ShoppingBLTets\\bin\\Debug\\net6.0\\fine-code-coverage\\build-output\\ShoppingBLTets.dll","CodeFilePath":null,"LineNumber":0,"Properties":[{"Key":{"Id":"NUnit.Seed","Label":"Seed","Category":"","Description":"","Attributes":0,"ValueType":"System.String"},"Value":"879981202"}]},"Attachments":[],"Outcome":1,"ErrorMessage":null,"ErrorStackTrace":null,"DisplayName":"AddProductTest","Messages":[],"ComputerName":"J9GCBX3","Duration":"00:00:00.0011450","StartTime":"2024-04-25T11:12:00.3696808+00:00","EndTime":"2024-04-25T11:12:00.3708251+00:00","Properties":[{"Key":{"Id":"NUnit.Seed","Label":"Seed","Category":"","Description":"","Attributes":0,"ValueType":"System.String"},"Value":"879981202"}]},{"TestCase":{"Id":"03825b12-8698-fecf-ab5d-a98d661ec4af","FullyQualifiedName":"ShoppingBLTets.ProductBLTest.DeleteProductTest","DisplayName":"DeleteProductTest","ExecutorUri":"executor://NUnit3TestExecutor","Source":"C:\\Users\\VC\\codestack\\GenSpark\\day11\\ShoppingSolution\\ShoppingBLTets\\bin\\Debug\\net6.0\\fine-code-coverage\\build-output\\ShoppingBLTets.dll","CodeFilePath":null,"LineNumber":0,"Properties":[{"Key":{"Id":"NUnit.Seed","Label":"Seed","Category":"","Description":"","Attributes":0,"ValueType":"System.String"},"Value":"84968095"}]},"Attachments":[],"Outcome":1,"ErrorMessage":null,"ErrorStackTrace":null,"DisplayName":"DeleteProductTest","Messages":[],"ComputerName":"J9GCBX3","Duration":"00:00:00.0007930","StartTime":"2024-04-25T11:12:00.370852+00:00","EndTime":"2024-04-25T11:12:00.3716446+00:00","Properties":[{"Key":{"Id":"NUnit.Seed","Label":"Seed","Category":"","Description":"","Attributes":0,"ValueType":"System.String"},"Value":"84968095"}]},{"TestCase":{"Id":"6c492d13-77b1-3acb-3b51-dc0a4d58d844","FullyQualifiedName":"ShoppingBLTets.ProductBLTest.GetAllProductTest","DisplayName":"GetAllProductTest","ExecutorUri":"executor://NUnit3TestExecutor","Source":"C:\\Users\\VC\\codestack\\GenSpark\\day11\\ShoppingSolution\\ShoppingBLTets\\bin\\Debug\\net6.0\\fine-code-coverage\\build-output\\ShoppingBLTets.dll","CodeFilePath":null,"LineNumber":0,"Properties":[{"Key":{"Id":"NUnit.Seed","Label":"Seed","Category":"","Description":"","Attributes":0,"ValueType":"System.String"},"Value":"282571567"}]},"Attachments":[],"Outcome":1,"ErrorMessage":null,"ErrorStackTrace":null,"DisplayName":"GetAllProductTest","Messages":[],"ComputerName":"J9GCBX3","Duration":"00:00:00.0003840","StartTime":"2024-04-25T11:12:00.3716671+00:00","EndTime":"2024-04-25T11:12:00.3720502+00:00","Properties":[{"Key":{"Id":"NUnit.Seed","Label":"Seed","Category":"","Description":"","Attributes":0,"ValueType":"System.String"},"Value":"282571567"}]},{"TestCase":{"Id":"31d9a262-143b-6659-6fe4-f4d5cbd54eaf","FullyQualifiedName":"ShoppingBLTets.ProductBLTest.GetProductTest","DisplayName":"GetProductTest","ExecutorUri":"executor://NUnit3TestExecutor","Source":"C:\\Users\\VC\\codestack\\GenSpark\\day11\\ShoppingSolution\\ShoppingBLTets\\bin\\Debug\\net6.0\\fine-code-coverage\\build-output\\ShoppingBLTets.dll","CodeFilePath":null,"LineNumber":0,"Properties":[{"Key":{"Id":"NUnit.Seed","Label":"Seed","Category":"","Description":"","Attributes":0,"ValueType":"System.String"},"Value":"1530414042"}]},"Attachments":[],"Outcome":1,"ErrorMessage":null,"ErrorStackTrace":null,"DisplayName":"GetProductTest","Messages":[],"ComputerName":"J9GCBX3","Duration":"00:00:00.0001680","StartTime":"2024-04-25T11:12:00.3720684+00:00","EndTime":"2024-04-25T11:12:00.3722363+00:00","Properties":[{"Key":{"Id":"NUnit.Seed","Label":"Seed","Category":"","Description":"","Attributes":0,"ValueType":"System.String"},"Value":"1530414042"}]}],"TestRunStatistics":{"ExecutedTests":9,"Stats":{"Passed":9}},"ActiveTests":[{"Id":"19d8565b-c8a6-90d6-8012-9c8d77bf3e0a","FullyQualifiedName":"ShoppingBLTets.ProductBLTest.UpdateProductTest","DisplayName":"UpdateProductTest","ExecutorUri":"executor://NUnit3TestExecutor","Source":"C:\\Users\\VC\\codestack\\GenSpark\\day11\\ShoppingSolution\\ShoppingBLTets\\bin\\Debug\\net6.0\\fine-code-coverage\\build-output\\ShoppingBLTets.dll","CodeFilePath":null,"LineNumber":0,"Properties":[{"Key":{"Id":"NUnit.Seed","Label":"Seed","Category":"","Description":"","Attributes":0,"ValueType":"System.String"},"Value":"1496132658"}]}]}}
TpTrace Verbose: 0 : 51832, 14, 2024/04/25, 16:42:00.490, 6249874128294, testhost.dll, TestRunCache: OnNewTestResult: Notified the onCacheHit callback.
TpTrace Verbose: 0 : 51832, 14, 2024/04/25, 16:42:00.492, 6249874142905, testhost.dll, MulticastDelegateUtilities.SafeInvoke: TestCaseEventsHandler.RaiseTestCaseStart: Invoking callback 1/1 for Microsoft.VisualStudio.TestPlatform.CrossPlatEngine.DataCollection.ProxyOutOfProcDataCollectionManager., took 1 ms.
TpTrace Verbose: 0 : 51832, 14, 2024/04/25, 16:42:00.493, 6249874150479, testhost.dll, TestExecutionRecorder.RecordEnd: test: ShoppingBLTets.ProductBLTest.UpdateProductTest execution completed.
TpTrace Warning: 0 : 51832, 14, 2024/04/25, 16:42:00.493, 6249874152201, testhost.dll, TestRunCache: InProgressTests is null
TpTrace Verbose: 0 : 51832, 14, 2024/04/25, 16:42:00.495, 6249874179859, testhost.dll, MulticastDelegateUtilities.SafeInvoke: TestCaseEventsHandler.RaiseTestCaseEnd: Invoking callback 1/1 for Microsoft.VisualStudio.TestPlatform.CrossPlatEngine.DataCollection.ProxyOutOfProcDataCollectionManager., took 2 ms.
TpTrace Verbose: 0 : 51832, 14, 2024/04/25, 16:42:00.496, 6249874180782, testhost.dll, TestExecutionRecorder.RecordResult: Received result for test: ShoppingBLTets.ProductBLTest.UpdateProductTest.
TpTrace Verbose: 0 : 51832, 14, 2024/04/25, 16:42:00.496, 6249874181369, testhost.dll, MulticastDelegateUtilities.SafeInvoke: TestCaseEventsHandler.RaiseTestCaseEnd: Invoking callback 1/1 for Microsoft.VisualStudio.TestPlatform.CrossPlatEngine.DataCollection.ProxyOutOfProcDataCollectionManager., took 0 ms.
TpTrace Warning: 0 : 51832, 14, 2024/04/25, 16:42:00.496, 6249874181735, testhost.dll, TestRunCache: InProgressTests is null
TpTrace Warning: 0 : 51832, 14, 2024/04/25, 16:42:00.496, 6249874181982, testhost.dll, TestRunCache: No test found corresponding to testResult 'UpdateProductTest' in inProgress list.
TpTrace Information: 0 : 51832, 4, 2024/04/25, 16:42:00.500, 6249874222036, testhost.dll, NUnit Adapter 4.4.0.0: Test execution complete
TpTrace Verbose: 0 : 51832, 4, 2024/04/25, 16:42:00.500, 6249874223429, testhost.dll, TestRequestHandler.SendData: sending data from testhost: {"Version":7,"MessageType":"TestSession.Message","Payload":{"MessageLevel":0,"Message":"NUnit Adapter 4.4.0.0: Test execution complete"}}
TpTrace Verbose: 0 : 51832, 4, 2024/04/25, 16:42:00.500, 6249874224505, testhost.dll, MulticastDelegateUtilities.SafeInvoke: TestRunMessageLoggerProxy.SendMessage: Invoking callback 1/1 for Microsoft.VisualStudio.TestPlatform.CrossPlatEngine.Execution.RunTestsWithSources., took 0 ms.
TpTrace Verbose: 0 : 51832, 4, 2024/04/25, 16:42:00.506, 6249874283251, testhost.dll, BaseRunTests.RunTestInternalWithExecutors: Completed running tests for executor://NUnit3TestExecutor
TpTrace Verbose: 0 : 51832, 4, 2024/04/25, 16:42:00.507, 6249874293510, testhost.dll, MulticastDelegateUtilities.SafeInvoke: TestCaseEventsHandler.RaiseSessionEnd: Invoking callback 1/1 for Microsoft.VisualStudio.TestPlatform.CrossPlatEngine.DataCollection.ProxyOutOfProcDataCollectionManager., took 0 ms.
TpTrace Information: 0 : 51832, 4, 2024/04/25, 16:42:00.510, 6249874322080, testhost.dll, Sending test run complete
TpTrace Verbose: 0 : 51832, 4, 2024/04/25, 16:42:00.521, 6249874434544, testhost.dll, TestRequestHandler.SendData: sending data from testhost: {"Version":7,"MessageType":"TestExecution.Completed","Payload":{"TestRunCompleteArgs":{"TestRunStatistics":{"ExecutedTests":10,"Stats":{"Passed":10}},"IsCanceled":false,"IsAborted":false,"Error":null,"AttachmentSets":[],"InvokedDataCollectors":[],"ElapsedTimeInRunningTests":"00:00:00.4218815","Metrics":{},"DiscoveredExtensions":{"TestDiscoverers":["NUnit.VisualStudio.TestAdapter.NUnit3TestDiscoverer, NUnit3.TestAdapter, Version=4.4.0.0, Culture=neutral, PublicKeyToken=4cb40d35494691ac"],"TestExecutors":["executor://NUnit3TestExecutor"],"TestExecutors2":[],"TestSettingsProviders":[]}},"LastRunTests":{"NewTestResults":[{"TestCase":{"Id":"19d8565b-c8a6-90d6-8012-9c8d77bf3e0a","FullyQualifiedName":"ShoppingBLTets.ProductBLTest.UpdateProductTest","DisplayName":"UpdateProductTest","ExecutorUri":"executor://NUnit3TestExecutor","Source":"C:\\Users\\VC\\codestack\\GenSpark\\day11\\ShoppingSolution\\ShoppingBLTets\\bin\\Debug\\net6.0\\fine-code-coverage\\build-output\\ShoppingBLTets.dll","CodeFilePath":null,"LineNumber":0,"Properties":[{"Key":{"Id":"NUnit.Seed","Label":"Seed","Category":"","Description":"","Attributes":0,"ValueType":"System.String"},"Value":"1496132658"}]},"Attachments":[],"Outcome":1,"ErrorMessage":null,"ErrorStackTrace":null,"DisplayName":"UpdateProductTest","Messages":[],"ComputerName":"J9GCBX3","Duration":"00:00:00.0006500","StartTime":"2024-04-25T11:12:00.3722477+00:00","EndTime":"2024-04-25T11:12:00.3728969+00:00","Properties":[{"Key":{"Id":"NUnit.Seed","Label":"Seed","Category":"","Description":"","Attributes":0,"ValueType":"System.String"},"Value":"1496132658"}]}],"TestRunStatistics":{"ExecutedTests":10,"Stats":{"Passed":10}},"ActiveTests":[]},"RunAttachments":[],"ExecutorUris":["executor://nunit3testexecutor/"]}}
TpTrace Verbose: 0 : 51832, 4, 2024/04/25, 16:42:00.521, 6249874437342, testhost.dll, BaseRunTests.RunTests: Run is complete.
TpTrace Verbose: 0 : 51832, 10, 2024/04/25, 16:42:00.522, 6249874443360, testhost.dll, TcpClientExtensions.MessageLoopAsync: NotifyDataAvailable remoteEndPoint: [::ffff:127.0.0.1]:49847 localEndPoint: [::ffff:127.0.0.1]:49848
TpTrace Information: 0 : 51832, 10, 2024/04/25, 16:42:00.522, 6249874444417, testhost.dll, TestRequestHandler.OnMessageReceived: received message: (TestSession.Terminate) -> {"MessageType":"TestSession.Terminate","Payload":null}
TpTrace Information: 0 : 51832, 10, 2024/04/25, 16:42:00.522, 6249874444846, testhost.dll, Session End message received from server. Closing the connection.
TpTrace Information: 0 : 51832, 10, 2024/04/25, 16:42:00.523, 6249874451242, testhost.dll, SocketClient.Stop: Stop communication from server endpoint: 127.0.0.1:049847
TpTrace Information: 0 : 51832, 10, 2024/04/25, 16:42:00.523, 6249874451833, testhost.dll, SocketClient: Stop: Cancellation requested. Stopping message loop.
TpTrace Verbose: 0 : 51832, 10, 2024/04/25, 16:42:00.523, 6249874453438, testhost.dll, LengthPrefixCommunicationChannel.Dispose: Dispose reader and writer.
TpTrace Information: 0 : 51832, 10, 2024/04/25, 16:42:00.523, 6249874453981, testhost.dll, Closing the connection !
TpTrace Verbose: 0 : 51832, 10, 2024/04/25, 16:42:00.523, 6249874454424, testhost.dll, MulticastDelegateUtilities.SafeInvoke: LengthPrefixCommunicationChannel: MessageReceived: Invoking callback 1/1 for Microsoft.VisualStudio.TestPlatform.CommunicationUtilities.TestRequestHandler., took 1 ms.
TpTrace Information: 0 : 51832, 10, 2024/04/25, 16:42:00.523, 6249874456649, testhost.dll, SocketClient.PrivateStop: Stop communication from server endpoint: 127.0.0.1:049847, error:
TpTrace Information: 0 : 51832, 1, 2024/04/25, 16:42:00.523, 6249874457474, testhost.dll, Closing the connection!
TpTrace Verbose: 0 : 51832, 10, 2024/04/25, 16:42:00.523, 6249874458041, testhost.dll, LengthPrefixCommunicationChannel.Dispose: Dispose reader and writer.
TpTrace Verbose: 0 : 51832, 10, 2024/04/25, 16:42:00.523, 6249874458880, testhost.dll, TcpClientExtensions.MessageLoopAsync: exiting MessageLoopAsync remoteEndPoint: [::ffff:127.0.0.1]:49847 localEndPoint: [::ffff:127.0.0.1]:49848
TpTrace Information: 0 : 51832, 1, 2024/04/25, 16:42:00.523, 6249874459306, testhost.dll, Testhost process exiting.
