TpTrace Verbose: 0 : 61556, 1, 2024/04/26, 09:28:12.065, 6853633845567, datacollector.dll, Version: 17.9.0-release-24072-02
TpTrace Information: 0 : 61556, 1, 2024/04/26, 09:28:12.069, 6853633878533, datacollector.dll, DataCollectorMain.Run: Starting data collector run with args: --port,62539,--parentprocessid,62868,--diag,C:\Users\VC\codestack\GenSpark\day11\ShoppingSolution\ShoppingBLTets\bin\Debug\net6.0\fine-code-coverage\coverage-tool-output\diagnostics.datacollector.24-04-26_09-28-11_93550_5.log,--tracelevel,4
TpTrace Information: 0 : 61556, 1, 2024/04/26, 09:28:12.070, 6853633896978, datacollector.dll, DataCollector: Monitoring parent process with id: '62868'
TpTrace Information: 0 : 61556, 1, 2024/04/26, 09:28:12.076, 6853633954081, datacollector.dll, Trying to connect to server on socket : 127.0.0.1:62539 
TpTrace Verbose: 0 : 61556, 1, 2024/04/26, 09:28:12.083, 6853634024305, datacollector.dll, SocketCommunicationManager : SetupClientAsync : Attempting to connect to the server.
TpTrace Information: 0 : 61556, 6, 2024/04/26, 09:28:12.089, 6853634086346, datacollector.dll, Connected to the server successfully 
TpTrace Information: 0 : 61556, 6, 2024/04/26, 09:28:12.089, 6853634087253, datacollector.dll, Using the buffer size of 16384 bytes
TpTrace Information: 0 : 61556, 1, 2024/04/26, 09:28:12.129, 6853634478152, datacollector.dll, DataCollector: Start Request Processing.
TpTrace Verbose: 0 : 61556, 1, 2024/04/26, 09:28:12.129, 6853634480200, datacollector.dll, SocketCommunicationManager.WaitForServerConnection took: 0 ms, with 90000 ms timeout, and finished with True.
TpTrace Information: 0 : 61556, 1, 2024/04/26, 09:28:12.129, 6853634482628, datacollector.dll, DataCollectionRequestHandler.ProcessRequests: Datacollector received message: (DataCollection.BeforeTestRunStart) -> {"MessageType":"DataCollection.BeforeTestRunStart","Payload":{"SettingsXml":"<RunSettings><RunConfiguration><ResultsDirectory>C:\\Users\\VC\\codestack\\GenSpark\\day11\\ShoppingSolution\\ShoppingBLTets\\bin\\Debug\\net6.0\\fine-code-coverage\\coverage-tool-output</ResultsDirectory><TargetPlatform>X64</TargetPlatform><TargetFrameworkVersion>.NETCoreApp,Version=v6.0</TargetFrameworkVersion><DesignMode>False</DesignMode><CollectSourceInformation>False</CollectSourceInformation><TestAdaptersPaths>C:\\Program Files\\dotnet\\sdk\\8.0.202\\Extensions</TestAdaptersPaths></RunConfiguration><LoggerRunSettings><Loggers><Logger friendlyName=\"blame\" enabled=\"True\" /><Logger friendlyName=\"Console\" uri=\"logger://microsoft/TestPlatform/ConsoleLogger/v1\" assemblyQualifiedName=\"Microsoft.VisualStudio.TestPlatform.CommandLine.Internal.ConsoleLogger, vstest.console, Version=15.0.0.0, Culture=neutral, PublicKeyToken=b03f5f7f11d50a3a\" codeBase=\"C:\\Program Files\\dotnet\\sdk\\8.0.202\\vstest.console.dll\" enabled=\"True\" /></Loggers></LoggerRunSettings><DataCollectionRunSettings><DataCollectors><DataCollector friendlyName=\"blame\" enabled=\"True\"><Configuration><ResultsDirectory>C:\\Users\\VC\\codestack\\GenSpark\\day11\\ShoppingSolution\\ShoppingBLTets\\bin\\Debug\\net6.0\\fine-code-coverage\\coverage-tool-output</ResultsDirectory></Configuration></DataCollector></DataCollectors></DataCollectionRunSettings></RunSettings>","Sources":["C:\\Users\\VC\\codestack\\GenSpark\\day11\\ShoppingSolution\\ShoppingBLTets\\bin\\Debug\\net6.0\\fine-code-coverage\\build-output\\ShoppingBLTets.dll"],"IsTelemetryOptedIn":false}}
TpTrace Verbose: 0 : 61556, 1, 2024/04/26, 09:28:12.156, 6853634753723, datacollector.dll, TestPluginCache: Update extensions started. Skip filter = False
TpTrace Verbose: 0 : 61556, 1, 2024/04/26, 09:28:12.157, 6853634758232, datacollector.dll, TestPluginCache: Using directories for assembly resolution 'C:\Program Files\dotnet\sdk\8.0.202\Extensions'.
TpTrace Verbose: 0 : 61556, 1, 2024/04/26, 09:28:12.157, 6853634758777, datacollector.dll, TestPluginCache: Updated the available extensions to 'C:\Program Files\dotnet\sdk\8.0.202\Extensions\Microsoft.TestPlatform.Extensions.BlameDataCollector.dll,C:\Program Files\dotnet\sdk\8.0.202\Extensions\Microsoft.TestPlatform.Extensions.EventLogCollector.dll'.
TpTrace Verbose: 0 : 61556, 1, 2024/04/26, 09:28:12.160, 6853634795902, datacollector.dll, TestPluginCache.DiscoverTestExtensions: finding test extensions in assemblies ends with: Collector.dll TPluginInfo: Microsoft.VisualStudio.TestPlatform.Common.DataCollector.DataCollectorConfig TExtension: Microsoft.VisualStudio.TestPlatform.ObjectModel.DataCollection.DataCollector
TpTrace Verbose: 0 : 61556, 1, 2024/04/26, 09:28:12.161, 6853634803333, datacollector.dll, TestPluginCache.GetExtensionPaths: Filtered extension paths: C:\Program Files\dotnet\sdk\8.0.202\Extensions\Microsoft.TestPlatform.Extensions.BlameDataCollector.dll
C:\Program Files\dotnet\sdk\8.0.202\Extensions\Microsoft.TestPlatform.Extensions.EventLogCollector.dll
TpTrace Verbose: 0 : 61556, 1, 2024/04/26, 09:28:12.161, 6853634803918, datacollector.dll, TestPluginCache.GetExtensionPaths: Added default extension paths: 
TpTrace Verbose: 0 : 61556, 1, 2024/04/26, 09:28:12.161, 6853634804131, datacollector.dll, TestPluginCache.GetExtensionPaths: Added unfilterableExtensionPaths: 
TpTrace Information: 0 : 61556, 1, 2024/04/26, 09:28:12.161, 6853634807596, datacollector.dll, AssemblyResolver.ctor: Creating AssemblyResolver with searchDirectories C:\Program Files\dotnet\sdk\8.0.202\Extensions,C:\Program Files\dotnet\sdk\8.0.202
TpTrace Verbose: 0 : 61556, 1, 2024/04/26, 09:28:12.162, 6853634815108, datacollector.dll, TestPluginCache.DiscoverTestExtensions: Discovering the extensions using extension path.
TpTrace Verbose: 0 : 61556, 1, 2024/04/26, 09:28:12.162, 6853634816168, datacollector.dll, TestPluginCache.GetExtensionPaths: Filtered extension paths: C:\Program Files\dotnet\sdk\8.0.202\Extensions\Microsoft.TestPlatform.Extensions.BlameDataCollector.dll
C:\Program Files\dotnet\sdk\8.0.202\Extensions\Microsoft.TestPlatform.Extensions.EventLogCollector.dll
TpTrace Verbose: 0 : 61556, 1, 2024/04/26, 09:28:12.162, 6853634816470, datacollector.dll, TestPluginCache.GetExtensionPaths: Added default extension paths: 
TpTrace Verbose: 0 : 61556, 1, 2024/04/26, 09:28:12.162, 6853634816674, datacollector.dll, TestPluginCache.GetExtensionPaths: Added unfilterableExtensionPaths: 
TpTrace Verbose: 0 : 61556, 1, 2024/04/26, 09:28:12.162, 6853634817047, datacollector.dll, TestPluginCache.DiscoverTestExtensions: Discovering the extensions using allExtensionPaths: C:\Program Files\dotnet\sdk\8.0.202\Extensions\Microsoft.TestPlatform.Extensions.BlameDataCollector.dll
C:\Program Files\dotnet\sdk\8.0.202\Extensions\Microsoft.TestPlatform.Extensions.EventLogCollector.dll
TpTrace Information: 0 : 61556, 1, 2024/04/26, 09:28:12.162, 6853634817670, datacollector.dll, AssemblyResolver.AddSearchDirectories: Adding more searchDirectories C:\Program Files\dotnet\sdk\8.0.202\Extensions,C:\Program Files\dotnet\sdk\8.0.202
TpTrace Information: 0 : 61556, 1, 2024/04/26, 09:28:12.163, 6853634818113, datacollector.dll, AssemblyResolver.AddSearchDirectories: Adding more searchDirectories C:\Program Files\dotnet\sdk\8.0.202\Extensions,C:\Program Files\dotnet\sdk\8.0.202
TpTrace Information: 0 : 61556, 1, 2024/04/26, 09:28:12.163, 6853634820746, datacollector.dll, AssemblyResolver.OnResolve: Microsoft.TestPlatform.Extensions.BlameDataCollector: Resolving assembly.
TpTrace Information: 0 : 61556, 1, 2024/04/26, 09:28:12.163, 6853634821279, datacollector.dll, AssemblyResolver.OnResolve: Microsoft.TestPlatform.Extensions.BlameDataCollector: Searching in: 'C:\Program Files\dotnet\sdk\8.0.202\Extensions'.
TpTrace Information: 0 : 61556, 1, 2024/04/26, 09:28:12.168, 6853634870094, datacollector.dll, AssemblyResolver.OnResolve: Microsoft.TestPlatform.Extensions.BlameDataCollector: Loading assembly 'C:\Program Files\dotnet\sdk\8.0.202\Extensions\Microsoft.TestPlatform.Extensions.BlameDataCollector.dll'.
TpTrace Information: 0 : 61556, 1, 2024/04/26, 09:28:12.168, 6853634874747, datacollector.dll, AssemblyResolver.OnResolve: Resolved assembly: Microsoft.TestPlatform.Extensions.BlameDataCollector, from path: C:\Program Files\dotnet\sdk\8.0.202\Extensions\Microsoft.TestPlatform.Extensions.BlameDataCollector.dll
TpTrace Verbose: 0 : 61556, 1, 2024/04/26, 09:28:12.171, 6853634907652, datacollector.dll, MetadataReaderExtensionsHelper: Discovering extensions inside assembly 'Microsoft.TestPlatform.Extensions.BlameDataCollector, Version=15.0.0.0, Culture=neutral, PublicKeyToken=b03f5f7f11d50a3a' file path 'C:\Program Files\dotnet\sdk\8.0.202\Extensions\Microsoft.TestPlatform.Extensions.BlameDataCollector.dll'
TpTrace Error: 0 : 61556, 1, 2024/04/26, 09:28:12.173, 6853634925551, datacollector.dll, The type "Microsoft.TestPlatform.Extensions.BlameDataCollector.BlameCollector" defined in "Microsoft.TestPlatform.Extensions.BlameDataCollector.dll" does not have ExtensionUri attribute.
TpTrace Information: 0 : 61556, 1, 2024/04/26, 09:28:12.178, 6853634977229, datacollector.dll, GetTestExtensionFromType: Register extension with identifier data 'datacollector://microsoft/TestPlatform/Extensions/Blame/v1' and type 'Microsoft.TestPlatform.Extensions.BlameDataCollector.BlameCollector, Microsoft.TestPlatform.Extensions.BlameDataCollector, Version=15.0.0.0, Culture=neutral, PublicKeyToken=b03f5f7f11d50a3a' inside file 'C:\Program Files\dotnet\sdk\8.0.202\Extensions\Microsoft.TestPlatform.Extensions.BlameDataCollector.dll'
TpTrace Information: 0 : 61556, 1, 2024/04/26, 09:28:12.179, 6853634978376, datacollector.dll, AssemblyResolver.OnResolve: Microsoft.TestPlatform.Extensions.EventLogCollector: Resolving assembly.
TpTrace Information: 0 : 61556, 1, 2024/04/26, 09:28:12.179, 6853634978680, datacollector.dll, AssemblyResolver.OnResolve: Microsoft.TestPlatform.Extensions.EventLogCollector: Searching in: 'C:\Program Files\dotnet\sdk\8.0.202\Extensions'.
TpTrace Information: 0 : 61556, 1, 2024/04/26, 09:28:12.179, 6853634981626, datacollector.dll, AssemblyResolver.OnResolve: Microsoft.TestPlatform.Extensions.EventLogCollector: Loading assembly 'C:\Program Files\dotnet\sdk\8.0.202\Extensions\Microsoft.TestPlatform.Extensions.EventLogCollector.dll'.
TpTrace Information: 0 : 61556, 1, 2024/04/26, 09:28:12.179, 6853634986855, datacollector.dll, AssemblyResolver.OnResolve: Resolved assembly: Microsoft.TestPlatform.Extensions.EventLogCollector, from path: C:\Program Files\dotnet\sdk\8.0.202\Extensions\Microsoft.TestPlatform.Extensions.EventLogCollector.dll
TpTrace Verbose: 0 : 61556, 1, 2024/04/26, 09:28:12.179, 6853634987602, datacollector.dll, MetadataReaderExtensionsHelper: Discovering extensions inside assembly 'Microsoft.TestPlatform.Extensions.EventLogCollector, Version=15.0.0.0, Culture=neutral, PublicKeyToken=b03f5f7f11d50a3a' file path 'C:\Program Files\dotnet\sdk\8.0.202\Extensions\Microsoft.TestPlatform.Extensions.EventLogCollector.dll'
TpTrace Error: 0 : 61556, 1, 2024/04/26, 09:28:12.181, 6853635004151, datacollector.dll, The type "Microsoft.TestPlatform.Extensions.EventLogCollector.EventLogDataCollector" defined in "Microsoft.TestPlatform.Extensions.EventLogCollector.dll" does not have ExtensionUri attribute.
TpTrace Information: 0 : 61556, 1, 2024/04/26, 09:28:12.181, 6853635006381, datacollector.dll, GetTestExtensionFromType: Register extension with identifier data 'datacollector://microsoft/EventLog/2.0' and type 'Microsoft.TestPlatform.Extensions.EventLogCollector.EventLogDataCollector, Microsoft.TestPlatform.Extensions.EventLogCollector, Version=15.0.0.0, Culture=neutral, PublicKeyToken=b03f5f7f11d50a3a' inside file 'C:\Program Files\dotnet\sdk\8.0.202\Extensions\Microsoft.TestPlatform.Extensions.EventLogCollector.dll'
TpTrace Verbose: 0 : 61556, 1, 2024/04/26, 09:28:12.182, 6853635007853, datacollector.dll, TestPluginCache: Discovered the extensions using extension path 'C:\Program Files\dotnet\sdk\8.0.202\Extensions\Microsoft.TestPlatform.Extensions.BlameDataCollector.dll,C:\Program Files\dotnet\sdk\8.0.202\Extensions\Microsoft.TestPlatform.Extensions.EventLogCollector.dll'.
TpTrace Verbose: 0 : 61556, 1, 2024/04/26, 09:28:12.182, 6853635008208, datacollector.dll, TestPluginCache: Discoverers are ''.
TpTrace Verbose: 0 : 61556, 1, 2024/04/26, 09:28:12.182, 6853635008409, datacollector.dll, TestPluginCache: Executors are ''.
TpTrace Verbose: 0 : 61556, 1, 2024/04/26, 09:28:12.182, 6853635008640, datacollector.dll, TestPluginCache: Executors2 are ''.
TpTrace Verbose: 0 : 61556, 1, 2024/04/26, 09:28:12.182, 6853635008848, datacollector.dll, TestPluginCache: Setting providers are ''.
TpTrace Verbose: 0 : 61556, 1, 2024/04/26, 09:28:12.182, 6853635009044, datacollector.dll, TestPluginCache: Loggers are ''.
TpTrace Verbose: 0 : 61556, 1, 2024/04/26, 09:28:12.182, 6853635009237, datacollector.dll, TestPluginCache: TestHosts are ''.
TpTrace Verbose: 0 : 61556, 1, 2024/04/26, 09:28:12.182, 6853635010525, datacollector.dll, TestPluginCache: DataCollectors are 'datacollector://microsoft/TestPlatform/Extensions/Blame/v1,datacollector://microsoft/EventLog/2.0'.
TpTrace Information: 0 : 61556, 1, 2024/04/26, 09:28:12.183, 6853635020088, datacollector.dll, TestPluginManager.CreateTestExtension: Attempting to load test extension: Microsoft.TestPlatform.Extensions.BlameDataCollector.BlameCollector
TpTrace Information: 0 : 61556, 1, 2024/04/26, 09:28:12.186, 6853635048284, datacollector.dll, [MonitorPostmortemDump]Monitor enabled: 'False'
TpTrace Verbose: 0 : 61556, 1, 2024/04/26, 09:28:12.186, 6853635052729, datacollector.dll, MulticastDelegateUtilities.SafeInvoke: DataCollectionEvents.SessionStart: Invoking callbacks was skipped because there are no subscribers.
TpTrace Information: 0 : 61556, 1, 2024/04/26, 09:28:12.186, 6853635056583, datacollector.dll, Listening on Endpoint : 127.0.0.1:62541
TpTrace Information: 0 : 61556, 1, 2024/04/26, 09:28:12.191, 6853635097920, datacollector.dll, DataCollectionRequestHandler.ProcessRequests : DataCollection started.
TpTrace Information: 0 : 61556, 1, 2024/04/26, 09:28:12.202, 6853635208646, datacollector.dll, DataCollectionRequestHandler.ProcessRequests: Datacollector received message: (DataCollection.TestHostLaunched) -> {"MessageType":"DataCollection.TestHostLaunched","Payload":{"ProcessId":67144}}
TpTrace Verbose: 0 : 61556, 1, 2024/04/26, 09:28:12.203, 6853635222906, datacollector.dll, MulticastDelegateUtilities.SafeInvoke: DataCollectionEvents.TestHostLaunched: Invoking callback 1/1 for Microsoft.TestPlatform.Extensions.BlameDataCollector.BlameCollector., took 0 ms.
TpTrace Information: 0 : 61556, 8, 2024/04/26, 09:28:12.379, 6853636984660, datacollector.dll, Using the buffer size of 16384 bytes
TpTrace Verbose: 0 : 61556, 6, 2024/04/26, 09:28:12.379, 6853636984894, datacollector.dll, SocketCommunicationManager.WaitForClientConnection took: 190 ms, with 90000 ms timeout, and finished with True.
TpTrace Information: 0 : 61556, 8, 2024/04/26, 09:28:12.379, 6853636985993, datacollector.dll, Accepted Client request and set the flag
TpTrace Information: 0 : 61556, 6, 2024/04/26, 09:28:12.831, 6853641499379, datacollector.dll, DataCollectionTestCaseEventHandler: Test case starting.
TpTrace Information: 0 : 61556, 6, 2024/04/26, 09:28:12.839, 6853641584617, datacollector.dll, BlameCollector.EventsTestCaseStart: Test Case Start
TpTrace Verbose: 0 : 61556, 6, 2024/04/26, 09:28:12.839, 6853641586939, datacollector.dll, MulticastDelegateUtilities.SafeInvoke: DataCollectionEvents.TestCaseStart: Invoking callback 1/1 for Microsoft.TestPlatform.Extensions.BlameDataCollector.BlameCollector., took 0 ms.
TpTrace Information: 0 : 61556, 6, 2024/04/26, 09:28:12.840, 6853641589010, datacollector.dll, DataCollectionTestCaseEventHandler: Test case 'AddCartItemFailTest - 83fb54a5-887f-cbb6-13d2-7b58e5f91bcc' started.
TpTrace Information: 0 : 61556, 6, 2024/04/26, 09:28:12.850, 6853641691073, datacollector.dll, DataCollectionTestCaseEventHandler: Test case completing.
TpTrace Information: 0 : 61556, 6, 2024/04/26, 09:28:12.853, 6853641724243, datacollector.dll, BlameCollector.EventsTestCaseEnd: Test Case End
TpTrace Verbose: 0 : 61556, 6, 2024/04/26, 09:28:12.853, 6853641726512, datacollector.dll, MulticastDelegateUtilities.SafeInvoke: DataCollectionEvents.TestCaseEnd: Invoking callback 1/1 for Microsoft.TestPlatform.Extensions.BlameDataCollector.BlameCollector., took 0 ms.
TpTrace Information: 0 : 61556, 6, 2024/04/26, 09:28:12.855, 6853641741653, datacollector.dll, DataCollectionTestCaseEventHandler: Test case 'AddCartItemFailTest - 83fb54a5-887f-cbb6-13d2-7b58e5f91bcc' completed
TpTrace Information: 0 : 61556, 6, 2024/04/26, 09:28:12.862, 6853641812973, datacollector.dll, DataCollectionTestCaseEventHandler: Test case starting.
TpTrace Information: 0 : 61556, 6, 2024/04/26, 09:28:12.863, 6853641820120, datacollector.dll, BlameCollector.EventsTestCaseStart: Test Case Start
TpTrace Verbose: 0 : 61556, 6, 2024/04/26, 09:28:12.863, 6853641820883, datacollector.dll, MulticastDelegateUtilities.SafeInvoke: DataCollectionEvents.TestCaseStart: Invoking callback 1/1 for Microsoft.TestPlatform.Extensions.BlameDataCollector.BlameCollector., took 0 ms.
TpTrace Information: 0 : 61556, 6, 2024/04/26, 09:28:12.863, 6853641821968, datacollector.dll, DataCollectionTestCaseEventHandler: Test case 'AddCartItemFailTest2 - 597c96e6-f2a3-9470-20f3-efd0e23bfa95' started.
TpTrace Information: 0 : 61556, 6, 2024/04/26, 09:28:12.864, 6853641828570, datacollector.dll, DataCollectionTestCaseEventHandler: Test case completing.
TpTrace Information: 0 : 61556, 6, 2024/04/26, 09:28:12.864, 6853641834027, datacollector.dll, BlameCollector.EventsTestCaseEnd: Test Case End
TpTrace Verbose: 0 : 61556, 6, 2024/04/26, 09:28:12.864, 6853641834535, datacollector.dll, MulticastDelegateUtilities.SafeInvoke: DataCollectionEvents.TestCaseEnd: Invoking callback 1/1 for Microsoft.TestPlatform.Extensions.BlameDataCollector.BlameCollector., took 0 ms.
TpTrace Information: 0 : 61556, 6, 2024/04/26, 09:28:12.864, 6853641835569, datacollector.dll, DataCollectionTestCaseEventHandler: Test case 'AddCartItemFailTest2 - 597c96e6-f2a3-9470-20f3-efd0e23bfa95' completed
TpTrace Information: 0 : 61556, 6, 2024/04/26, 09:28:12.865, 6853641843008, datacollector.dll, DataCollectionTestCaseEventHandler: Test case starting.
TpTrace Information: 0 : 61556, 6, 2024/04/26, 09:28:12.865, 6853641846553, datacollector.dll, BlameCollector.EventsTestCaseStart: Test Case Start
TpTrace Verbose: 0 : 61556, 6, 2024/04/26, 09:28:12.865, 6853641846979, datacollector.dll, MulticastDelegateUtilities.SafeInvoke: DataCollectionEvents.TestCaseStart: Invoking callback 1/1 for Microsoft.TestPlatform.Extensions.BlameDataCollector.BlameCollector., took 0 ms.
TpTrace Information: 0 : 61556, 6, 2024/04/26, 09:28:12.865, 6853641847611, datacollector.dll, DataCollectionTestCaseEventHandler: Test case 'AddCartItemFailTest3 - 2c720b73-7193-d067-07fb-cee59e096d10' started.
TpTrace Information: 0 : 61556, 6, 2024/04/26, 09:28:12.866, 6853641852996, datacollector.dll, DataCollectionTestCaseEventHandler: Test case completing.
TpTrace Information: 0 : 61556, 6, 2024/04/26, 09:28:12.866, 6853641856254, datacollector.dll, BlameCollector.EventsTestCaseEnd: Test Case End
TpTrace Verbose: 0 : 61556, 6, 2024/04/26, 09:28:12.866, 6853641856650, datacollector.dll, MulticastDelegateUtilities.SafeInvoke: DataCollectionEvents.TestCaseEnd: Invoking callback 1/1 for Microsoft.TestPlatform.Extensions.BlameDataCollector.BlameCollector., took 0 ms.
TpTrace Information: 0 : 61556, 6, 2024/04/26, 09:28:12.866, 6853641857410, datacollector.dll, DataCollectionTestCaseEventHandler: Test case 'AddCartItemFailTest3 - 2c720b73-7193-d067-07fb-cee59e096d10' completed
TpTrace Information: 0 : 61556, 6, 2024/04/26, 09:28:12.867, 6853641864373, datacollector.dll, DataCollectionTestCaseEventHandler: Test case starting.
TpTrace Information: 0 : 61556, 6, 2024/04/26, 09:28:12.868, 6853641868421, datacollector.dll, BlameCollector.EventsTestCaseStart: Test Case Start
TpTrace Verbose: 0 : 61556, 6, 2024/04/26, 09:28:12.868, 6853641869141, datacollector.dll, MulticastDelegateUtilities.SafeInvoke: DataCollectionEvents.TestCaseStart: Invoking callback 1/1 for Microsoft.TestPlatform.Extensions.BlameDataCollector.BlameCollector., took 0 ms.
TpTrace Information: 0 : 61556, 6, 2024/04/26, 09:28:12.868, 6853641870189, datacollector.dll, DataCollectionTestCaseEventHandler: Test case 'AddCartItemTest - 62353e63-26c7-a811-9b42-7298a81aa895' started.
TpTrace Information: 0 : 61556, 6, 2024/04/26, 09:28:12.868, 6853641875509, datacollector.dll, DataCollectionTestCaseEventHandler: Test case completing.
TpTrace Information: 0 : 61556, 6, 2024/04/26, 09:28:12.869, 6853641879032, datacollector.dll, BlameCollector.EventsTestCaseEnd: Test Case End
TpTrace Verbose: 0 : 61556, 6, 2024/04/26, 09:28:12.869, 6853641879520, datacollector.dll, MulticastDelegateUtilities.SafeInvoke: DataCollectionEvents.TestCaseEnd: Invoking callback 1/1 for Microsoft.TestPlatform.Extensions.BlameDataCollector.BlameCollector., took 0 ms.
TpTrace Information: 0 : 61556, 6, 2024/04/26, 09:28:12.869, 6853641880285, datacollector.dll, DataCollectionTestCaseEventHandler: Test case 'AddCartItemTest - 62353e63-26c7-a811-9b42-7298a81aa895' completed
TpTrace Information: 0 : 61556, 6, 2024/04/26, 09:28:12.869, 6853641886230, datacollector.dll, DataCollectionTestCaseEventHandler: Test case starting.
TpTrace Information: 0 : 61556, 6, 2024/04/26, 09:28:12.870, 6853641891994, datacollector.dll, BlameCollector.EventsTestCaseStart: Test Case Start
TpTrace Verbose: 0 : 61556, 6, 2024/04/26, 09:28:12.870, 6853641892903, datacollector.dll, MulticastDelegateUtilities.SafeInvoke: DataCollectionEvents.TestCaseStart: Invoking callback 1/1 for Microsoft.TestPlatform.Extensions.BlameDataCollector.BlameCollector., took 0 ms.
TpTrace Information: 0 : 61556, 6, 2024/04/26, 09:28:12.870, 6853641893933, datacollector.dll, DataCollectionTestCaseEventHandler: Test case 'CreateCartFailTest - 039254a2-5048-e8fb-5def-c11b9ef10b29' started.
TpTrace Information: 0 : 61556, 6, 2024/04/26, 09:28:12.871, 6853641899280, datacollector.dll, DataCollectionTestCaseEventHandler: Test case completing.
TpTrace Information: 0 : 61556, 6, 2024/04/26, 09:28:12.871, 6853641902777, datacollector.dll, BlameCollector.EventsTestCaseEnd: Test Case End
TpTrace Verbose: 0 : 61556, 6, 2024/04/26, 09:28:12.871, 6853641903165, datacollector.dll, MulticastDelegateUtilities.SafeInvoke: DataCollectionEvents.TestCaseEnd: Invoking callback 1/1 for Microsoft.TestPlatform.Extensions.BlameDataCollector.BlameCollector., took 0 ms.
TpTrace Information: 0 : 61556, 6, 2024/04/26, 09:28:12.871, 6853641903918, datacollector.dll, DataCollectionTestCaseEventHandler: Test case 'CreateCartFailTest - 039254a2-5048-e8fb-5def-c11b9ef10b29' completed
TpTrace Information: 0 : 61556, 6, 2024/04/26, 09:28:12.872, 6853641911184, datacollector.dll, DataCollectionTestCaseEventHandler: Test case starting.
TpTrace Information: 0 : 61556, 6, 2024/04/26, 09:28:12.872, 6853641914731, datacollector.dll, BlameCollector.EventsTestCaseStart: Test Case Start
TpTrace Verbose: 0 : 61556, 6, 2024/04/26, 09:28:12.872, 6853641915152, datacollector.dll, MulticastDelegateUtilities.SafeInvoke: DataCollectionEvents.TestCaseStart: Invoking callback 1/1 for Microsoft.TestPlatform.Extensions.BlameDataCollector.BlameCollector., took 0 ms.
TpTrace Information: 0 : 61556, 6, 2024/04/26, 09:28:12.872, 6853641916103, datacollector.dll, DataCollectionTestCaseEventHandler: Test case 'CreateCartFailTest2 - b2f3460f-a82b-b92c-d603-44f5e20477df' started.
TpTrace Information: 0 : 61556, 6, 2024/04/26, 09:28:12.873, 6853641921389, datacollector.dll, DataCollectionTestCaseEventHandler: Test case completing.
TpTrace Information: 0 : 61556, 6, 2024/04/26, 09:28:12.873, 6853641924937, datacollector.dll, BlameCollector.EventsTestCaseEnd: Test Case End
TpTrace Verbose: 0 : 61556, 6, 2024/04/26, 09:28:12.873, 6853641925345, datacollector.dll, MulticastDelegateUtilities.SafeInvoke: DataCollectionEvents.TestCaseEnd: Invoking callback 1/1 for Microsoft.TestPlatform.Extensions.BlameDataCollector.BlameCollector., took 0 ms.
TpTrace Information: 0 : 61556, 6, 2024/04/26, 09:28:12.873, 6853641926104, datacollector.dll, DataCollectionTestCaseEventHandler: Test case 'CreateCartFailTest2 - b2f3460f-a82b-b92c-d603-44f5e20477df' completed
TpTrace Information: 0 : 61556, 6, 2024/04/26, 09:28:12.874, 6853641933187, datacollector.dll, DataCollectionTestCaseEventHandler: Test case starting.
TpTrace Information: 0 : 61556, 6, 2024/04/26, 09:28:12.874, 6853641937240, datacollector.dll, BlameCollector.EventsTestCaseStart: Test Case Start
TpTrace Verbose: 0 : 61556, 6, 2024/04/26, 09:28:12.875, 6853641937937, datacollector.dll, MulticastDelegateUtilities.SafeInvoke: DataCollectionEvents.TestCaseStart: Invoking callback 1/1 for Microsoft.TestPlatform.Extensions.BlameDataCollector.BlameCollector., took 0 ms.
TpTrace Information: 0 : 61556, 6, 2024/04/26, 09:28:12.875, 6853641938872, datacollector.dll, DataCollectionTestCaseEventHandler: Test case 'CreateCartTest - 9efd4c0d-ba49-1d35-ccf1-4fc6cf0f8ff8' started.
TpTrace Information: 0 : 61556, 6, 2024/04/26, 09:28:12.875, 6853641944125, datacollector.dll, DataCollectionTestCaseEventHandler: Test case completing.
TpTrace Information: 0 : 61556, 6, 2024/04/26, 09:28:12.876, 6853641947953, datacollector.dll, BlameCollector.EventsTestCaseEnd: Test Case End
TpTrace Verbose: 0 : 61556, 6, 2024/04/26, 09:28:12.876, 6853641948375, datacollector.dll, MulticastDelegateUtilities.SafeInvoke: DataCollectionEvents.TestCaseEnd: Invoking callback 1/1 for Microsoft.TestPlatform.Extensions.BlameDataCollector.BlameCollector., took 0 ms.
TpTrace Information: 0 : 61556, 6, 2024/04/26, 09:28:12.876, 6853641949166, datacollector.dll, DataCollectionTestCaseEventHandler: Test case 'CreateCartTest - 9efd4c0d-ba49-1d35-ccf1-4fc6cf0f8ff8' completed
TpTrace Information: 0 : 61556, 6, 2024/04/26, 09:28:12.876, 6853641955442, datacollector.dll, DataCollectionTestCaseEventHandler: Test case starting.
TpTrace Information: 0 : 61556, 6, 2024/04/26, 09:28:12.877, 6853641958788, datacollector.dll, BlameCollector.EventsTestCaseStart: Test Case Start
TpTrace Verbose: 0 : 61556, 6, 2024/04/26, 09:28:12.877, 6853641959340, datacollector.dll, MulticastDelegateUtilities.SafeInvoke: DataCollectionEvents.TestCaseStart: Invoking callback 1/1 for Microsoft.TestPlatform.Extensions.BlameDataCollector.BlameCollector., took 0 ms.
TpTrace Information: 0 : 61556, 6, 2024/04/26, 09:28:12.877, 6853641960019, datacollector.dll, DataCollectionTestCaseEventHandler: Test case 'DeleteCartItemFailTest - c3dbbabc-cd03-7fc0-8272-fa9b9c870a52' started.
TpTrace Information: 0 : 61556, 6, 2024/04/26, 09:28:12.877, 6853641965155, datacollector.dll, DataCollectionTestCaseEventHandler: Test case completing.
TpTrace Information: 0 : 61556, 6, 2024/04/26, 09:28:12.878, 6853641968429, datacollector.dll, BlameCollector.EventsTestCaseEnd: Test Case End
TpTrace Verbose: 0 : 61556, 6, 2024/04/26, 09:28:12.878, 6853641968815, datacollector.dll, MulticastDelegateUtilities.SafeInvoke: DataCollectionEvents.TestCaseEnd: Invoking callback 1/1 for Microsoft.TestPlatform.Extensions.BlameDataCollector.BlameCollector., took 0 ms.
TpTrace Information: 0 : 61556, 6, 2024/04/26, 09:28:12.878, 6853641969549, datacollector.dll, DataCollectionTestCaseEventHandler: Test case 'DeleteCartItemFailTest - c3dbbabc-cd03-7fc0-8272-fa9b9c870a52' completed
TpTrace Information: 0 : 61556, 6, 2024/04/26, 09:28:12.878, 6853641975217, datacollector.dll, DataCollectionTestCaseEventHandler: Test case starting.
TpTrace Information: 0 : 61556, 6, 2024/04/26, 09:28:12.879, 6853641978421, datacollector.dll, BlameCollector.EventsTestCaseStart: Test Case Start
TpTrace Verbose: 0 : 61556, 6, 2024/04/26, 09:28:12.879, 6853641978817, datacollector.dll, MulticastDelegateUtilities.SafeInvoke: DataCollectionEvents.TestCaseStart: Invoking callback 1/1 for Microsoft.TestPlatform.Extensions.BlameDataCollector.BlameCollector., took 0 ms.
TpTrace Information: 0 : 61556, 6, 2024/04/26, 09:28:12.879, 6853641979427, datacollector.dll, DataCollectionTestCaseEventHandler: Test case 'DeleteCartItemTest - 86fce94e-003e-6759-169d-791155832e8a' started.
TpTrace Information: 0 : 61556, 6, 2024/04/26, 09:28:12.880, 6853641990561, datacollector.dll, DataCollectionTestCaseEventHandler: Test case completing.
TpTrace Information: 0 : 61556, 6, 2024/04/26, 09:28:12.880, 6853641993786, datacollector.dll, BlameCollector.EventsTestCaseEnd: Test Case End
TpTrace Verbose: 0 : 61556, 6, 2024/04/26, 09:28:12.880, 6853641994201, datacollector.dll, MulticastDelegateUtilities.SafeInvoke: DataCollectionEvents.TestCaseEnd: Invoking callback 1/1 for Microsoft.TestPlatform.Extensions.BlameDataCollector.BlameCollector., took 0 ms.
TpTrace Information: 0 : 61556, 6, 2024/04/26, 09:28:12.880, 6853641994971, datacollector.dll, DataCollectionTestCaseEventHandler: Test case 'DeleteCartItemTest - 86fce94e-003e-6759-169d-791155832e8a' completed
TpTrace Information: 0 : 61556, 6, 2024/04/26, 09:28:12.901, 6853642207236, datacollector.dll, DataCollectionTestCaseEventHandler: Test case starting.
TpTrace Information: 0 : 61556, 6, 2024/04/26, 09:28:12.902, 6853642212557, datacollector.dll, BlameCollector.EventsTestCaseStart: Test Case Start
TpTrace Verbose: 0 : 61556, 6, 2024/04/26, 09:28:12.902, 6853642213062, datacollector.dll, MulticastDelegateUtilities.SafeInvoke: DataCollectionEvents.TestCaseStart: Invoking callback 1/1 for Microsoft.TestPlatform.Extensions.BlameDataCollector.BlameCollector., took 0 ms.
TpTrace Information: 0 : 61556, 6, 2024/04/26, 09:28:12.902, 6853642213998, datacollector.dll, DataCollectionTestCaseEventHandler: Test case 'GetCartFailTest - 4223f6eb-e636-c163-09e8-11840ff71d89' started.
TpTrace Information: 0 : 61556, 6, 2024/04/26, 09:28:12.903, 6853642222580, datacollector.dll, DataCollectionTestCaseEventHandler: Test case completing.
TpTrace Information: 0 : 61556, 6, 2024/04/26, 09:28:12.903, 6853642226588, datacollector.dll, BlameCollector.EventsTestCaseEnd: Test Case End
TpTrace Verbose: 0 : 61556, 6, 2024/04/26, 09:28:12.903, 6853642227028, datacollector.dll, MulticastDelegateUtilities.SafeInvoke: DataCollectionEvents.TestCaseEnd: Invoking callback 1/1 for Microsoft.TestPlatform.Extensions.BlameDataCollector.BlameCollector., took 0 ms.
TpTrace Information: 0 : 61556, 6, 2024/04/26, 09:28:12.904, 6853642228009, datacollector.dll, DataCollectionTestCaseEventHandler: Test case 'GetCartFailTest - 4223f6eb-e636-c163-09e8-11840ff71d89' completed
TpTrace Information: 0 : 61556, 6, 2024/04/26, 09:28:12.904, 6853642234449, datacollector.dll, DataCollectionTestCaseEventHandler: Test case starting.
TpTrace Information: 0 : 61556, 6, 2024/04/26, 09:28:12.905, 6853642237948, datacollector.dll, BlameCollector.EventsTestCaseStart: Test Case Start
TpTrace Verbose: 0 : 61556, 6, 2024/04/26, 09:28:12.905, 6853642238415, datacollector.dll, MulticastDelegateUtilities.SafeInvoke: DataCollectionEvents.TestCaseStart: Invoking callback 1/1 for Microsoft.TestPlatform.Extensions.BlameDataCollector.BlameCollector., took 0 ms.
TpTrace Information: 0 : 61556, 6, 2024/04/26, 09:28:12.905, 6853642239056, datacollector.dll, DataCollectionTestCaseEventHandler: Test case 'GetCartTest - a1a6098e-a9c5-39ab-dfb0-fe0a8a396d2b' started.
TpTrace Information: 0 : 61556, 6, 2024/04/26, 09:28:12.905, 6853642245168, datacollector.dll, DataCollectionTestCaseEventHandler: Test case completing.
TpTrace Information: 0 : 61556, 6, 2024/04/26, 09:28:12.906, 6853642248922, datacollector.dll, BlameCollector.EventsTestCaseEnd: Test Case End
TpTrace Verbose: 0 : 61556, 6, 2024/04/26, 09:28:12.906, 6853642249452, datacollector.dll, MulticastDelegateUtilities.SafeInvoke: DataCollectionEvents.TestCaseEnd: Invoking callback 1/1 for Microsoft.TestPlatform.Extensions.BlameDataCollector.BlameCollector., took 0 ms.
TpTrace Information: 0 : 61556, 6, 2024/04/26, 09:28:12.906, 6853642250278, datacollector.dll, DataCollectionTestCaseEventHandler: Test case 'GetCartTest - a1a6098e-a9c5-39ab-dfb0-fe0a8a396d2b' completed
TpTrace Information: 0 : 61556, 6, 2024/04/26, 09:28:12.906, 6853642256486, datacollector.dll, DataCollectionTestCaseEventHandler: Test case starting.
TpTrace Information: 0 : 61556, 6, 2024/04/26, 09:28:12.907, 6853642261116, datacollector.dll, BlameCollector.EventsTestCaseStart: Test Case Start
TpTrace Verbose: 0 : 61556, 6, 2024/04/26, 09:28:12.907, 6853642261586, datacollector.dll, MulticastDelegateUtilities.SafeInvoke: DataCollectionEvents.TestCaseStart: Invoking callback 1/1 for Microsoft.TestPlatform.Extensions.BlameDataCollector.BlameCollector., took 0 ms.
TpTrace Information: 0 : 61556, 6, 2024/04/26, 09:28:12.907, 6853642264222, datacollector.dll, DataCollectionTestCaseEventHandler: Test case 'UpdateCartItemFailTest - 116dfd16-9f98-6b72-a53c-c80f7b2ebda8' started.
TpTrace Information: 0 : 61556, 6, 2024/04/26, 09:28:12.908, 6853642270713, datacollector.dll, DataCollectionTestCaseEventHandler: Test case completing.
TpTrace Information: 0 : 61556, 6, 2024/04/26, 09:28:12.908, 6853642275105, datacollector.dll, BlameCollector.EventsTestCaseEnd: Test Case End
TpTrace Verbose: 0 : 61556, 6, 2024/04/26, 09:28:12.908, 6853642275794, datacollector.dll, MulticastDelegateUtilities.SafeInvoke: DataCollectionEvents.TestCaseEnd: Invoking callback 1/1 for Microsoft.TestPlatform.Extensions.BlameDataCollector.BlameCollector., took 0 ms.
TpTrace Information: 0 : 61556, 6, 2024/04/26, 09:28:12.908, 6853642276909, datacollector.dll, DataCollectionTestCaseEventHandler: Test case 'UpdateCartItemFailTest - 116dfd16-9f98-6b72-a53c-c80f7b2ebda8' completed
TpTrace Information: 0 : 61556, 6, 2024/04/26, 09:28:12.909, 6853642284064, datacollector.dll, DataCollectionTestCaseEventHandler: Test case starting.
TpTrace Information: 0 : 61556, 6, 2024/04/26, 09:28:12.912, 6853642310331, datacollector.dll, BlameCollector.EventsTestCaseStart: Test Case Start
TpTrace Verbose: 0 : 61556, 6, 2024/04/26, 09:28:12.912, 6853642311570, datacollector.dll, MulticastDelegateUtilities.SafeInvoke: DataCollectionEvents.TestCaseStart: Invoking callback 1/1 for Microsoft.TestPlatform.Extensions.BlameDataCollector.BlameCollector., took 0 ms.
TpTrace Information: 0 : 61556, 6, 2024/04/26, 09:28:12.912, 6853642312842, datacollector.dll, DataCollectionTestCaseEventHandler: Test case 'UpdateCartItemTest - fb6ba847-8472-3e08-76a2-cebff92a1074' started.
TpTrace Information: 0 : 61556, 6, 2024/04/26, 09:28:12.913, 6853642319187, datacollector.dll, DataCollectionTestCaseEventHandler: Test case completing.
TpTrace Information: 0 : 61556, 6, 2024/04/26, 09:28:12.913, 6853642323173, datacollector.dll, BlameCollector.EventsTestCaseEnd: Test Case End
TpTrace Verbose: 0 : 61556, 6, 2024/04/26, 09:28:12.913, 6853642323600, datacollector.dll, MulticastDelegateUtilities.SafeInvoke: DataCollectionEvents.TestCaseEnd: Invoking callback 1/1 for Microsoft.TestPlatform.Extensions.BlameDataCollector.BlameCollector., took 0 ms.
TpTrace Information: 0 : 61556, 6, 2024/04/26, 09:28:12.913, 6853642324904, datacollector.dll, DataCollectionTestCaseEventHandler: Test case 'UpdateCartItemTest - fb6ba847-8472-3e08-76a2-cebff92a1074' completed
TpTrace Information: 0 : 61556, 6, 2024/04/26, 09:28:12.915, 6853642340740, datacollector.dll, DataCollectionTestCaseEventHandler: Test case starting.
TpTrace Information: 0 : 61556, 6, 2024/04/26, 09:28:12.915, 6853642344424, datacollector.dll, BlameCollector.EventsTestCaseStart: Test Case Start
TpTrace Verbose: 0 : 61556, 6, 2024/04/26, 09:28:12.915, 6853642344909, datacollector.dll, MulticastDelegateUtilities.SafeInvoke: DataCollectionEvents.TestCaseStart: Invoking callback 1/1 for Microsoft.TestPlatform.Extensions.BlameDataCollector.BlameCollector., took 0 ms.
TpTrace Information: 0 : 61556, 6, 2024/04/26, 09:28:12.915, 6853642345586, datacollector.dll, DataCollectionTestCaseEventHandler: Test case 'AddCustomerTest - 8dd508c0-a8ab-b798-a64c-68f1ba8c5eee' started.
TpTrace Information: 0 : 61556, 6, 2024/04/26, 09:28:12.916, 6853642351597, datacollector.dll, DataCollectionTestCaseEventHandler: Test case completing.
TpTrace Information: 0 : 61556, 6, 2024/04/26, 09:28:12.916, 6853642354624, datacollector.dll, BlameCollector.EventsTestCaseEnd: Test Case End
TpTrace Verbose: 0 : 61556, 6, 2024/04/26, 09:28:12.916, 6853642355055, datacollector.dll, MulticastDelegateUtilities.SafeInvoke: DataCollectionEvents.TestCaseEnd: Invoking callback 1/1 for Microsoft.TestPlatform.Extensions.BlameDataCollector.BlameCollector., took 0 ms.
TpTrace Information: 0 : 61556, 6, 2024/04/26, 09:28:12.916, 6853642355759, datacollector.dll, DataCollectionTestCaseEventHandler: Test case 'AddCustomerTest - 8dd508c0-a8ab-b798-a64c-68f1ba8c5eee' completed
TpTrace Information: 0 : 61556, 6, 2024/04/26, 09:28:12.917, 6853642361500, datacollector.dll, DataCollectionTestCaseEventHandler: Test case starting.
TpTrace Information: 0 : 61556, 6, 2024/04/26, 09:28:12.917, 6853642364391, datacollector.dll, BlameCollector.EventsTestCaseStart: Test Case Start
TpTrace Verbose: 0 : 61556, 6, 2024/04/26, 09:28:12.917, 6853642364806, datacollector.dll, MulticastDelegateUtilities.SafeInvoke: DataCollectionEvents.TestCaseStart: Invoking callback 1/1 for Microsoft.TestPlatform.Extensions.BlameDataCollector.BlameCollector., took 0 ms.
TpTrace Information: 0 : 61556, 6, 2024/04/26, 09:28:12.917, 6853642365413, datacollector.dll, DataCollectionTestCaseEventHandler: Test case 'DeleteCustomerTest - 05d1e830-e1a1-6a72-b85f-0d533931ef6e' started.
TpTrace Information: 0 : 61556, 6, 2024/04/26, 09:28:12.918, 6853642370551, datacollector.dll, DataCollectionTestCaseEventHandler: Test case completing.
TpTrace Information: 0 : 61556, 6, 2024/04/26, 09:28:12.918, 6853642373793, datacollector.dll, BlameCollector.EventsTestCaseEnd: Test Case End
TpTrace Verbose: 0 : 61556, 6, 2024/04/26, 09:28:12.918, 6853642374257, datacollector.dll, MulticastDelegateUtilities.SafeInvoke: DataCollectionEvents.TestCaseEnd: Invoking callback 1/1 for Microsoft.TestPlatform.Extensions.BlameDataCollector.BlameCollector., took 0 ms.
TpTrace Information: 0 : 61556, 6, 2024/04/26, 09:28:12.918, 6853642375124, datacollector.dll, DataCollectionTestCaseEventHandler: Test case 'DeleteCustomerTest - 05d1e830-e1a1-6a72-b85f-0d533931ef6e' completed
TpTrace Information: 0 : 61556, 6, 2024/04/26, 09:28:12.919, 6853642381553, datacollector.dll, DataCollectionTestCaseEventHandler: Test case starting.
TpTrace Information: 0 : 61556, 6, 2024/04/26, 09:28:12.919, 6853642384566, datacollector.dll, BlameCollector.EventsTestCaseStart: Test Case Start
TpTrace Verbose: 0 : 61556, 6, 2024/04/26, 09:28:12.919, 6853642385007, datacollector.dll, MulticastDelegateUtilities.SafeInvoke: DataCollectionEvents.TestCaseStart: Invoking callback 1/1 for Microsoft.TestPlatform.Extensions.BlameDataCollector.BlameCollector., took 0 ms.
TpTrace Information: 0 : 61556, 6, 2024/04/26, 09:28:12.919, 6853642385632, datacollector.dll, DataCollectionTestCaseEventHandler: Test case 'GetAllCustomerTest - 20c41af1-bffc-483f-a2b1-08da04bc7026' started.
TpTrace Information: 0 : 61556, 6, 2024/04/26, 09:28:12.920, 6853642391328, datacollector.dll, DataCollectionTestCaseEventHandler: Test case completing.
TpTrace Information: 0 : 61556, 6, 2024/04/26, 09:28:12.920, 6853642394374, datacollector.dll, BlameCollector.EventsTestCaseEnd: Test Case End
TpTrace Verbose: 0 : 61556, 6, 2024/04/26, 09:28:12.920, 6853642394791, datacollector.dll, MulticastDelegateUtilities.SafeInvoke: DataCollectionEvents.TestCaseEnd: Invoking callback 1/1 for Microsoft.TestPlatform.Extensions.BlameDataCollector.BlameCollector., took 0 ms.
TpTrace Information: 0 : 61556, 6, 2024/04/26, 09:28:12.920, 6853642395489, datacollector.dll, DataCollectionTestCaseEventHandler: Test case 'GetAllCustomerTest - 20c41af1-bffc-483f-a2b1-08da04bc7026' completed
TpTrace Information: 0 : 61556, 6, 2024/04/26, 09:28:12.921, 6853642401283, datacollector.dll, DataCollectionTestCaseEventHandler: Test case starting.
TpTrace Information: 0 : 61556, 6, 2024/04/26, 09:28:12.921, 6853642404083, datacollector.dll, BlameCollector.EventsTestCaseStart: Test Case Start
TpTrace Verbose: 0 : 61556, 6, 2024/04/26, 09:28:12.921, 6853642404504, datacollector.dll, MulticastDelegateUtilities.SafeInvoke: DataCollectionEvents.TestCaseStart: Invoking callback 1/1 for Microsoft.TestPlatform.Extensions.BlameDataCollector.BlameCollector., took 0 ms.
TpTrace Information: 0 : 61556, 6, 2024/04/26, 09:28:12.921, 6853642405107, datacollector.dll, DataCollectionTestCaseEventHandler: Test case 'GetCustomerTest - 8c645aae-a328-0315-c220-9c2fcb64a384' started.
TpTrace Information: 0 : 61556, 6, 2024/04/26, 09:28:12.922, 6853642410600, datacollector.dll, DataCollectionTestCaseEventHandler: Test case completing.
TpTrace Information: 0 : 61556, 6, 2024/04/26, 09:28:12.922, 6853642413609, datacollector.dll, BlameCollector.EventsTestCaseEnd: Test Case End
TpTrace Verbose: 0 : 61556, 6, 2024/04/26, 09:28:12.922, 6853642414005, datacollector.dll, MulticastDelegateUtilities.SafeInvoke: DataCollectionEvents.TestCaseEnd: Invoking callback 1/1 for Microsoft.TestPlatform.Extensions.BlameDataCollector.BlameCollector., took 0 ms.
TpTrace Information: 0 : 61556, 6, 2024/04/26, 09:28:12.922, 6853642414876, datacollector.dll, DataCollectionTestCaseEventHandler: Test case 'GetCustomerTest - 8c645aae-a328-0315-c220-9c2fcb64a384' completed
TpTrace Information: 0 : 61556, 6, 2024/04/26, 09:28:12.923, 6853642423670, datacollector.dll, DataCollectionTestCaseEventHandler: Test case starting.
TpTrace Information: 0 : 61556, 6, 2024/04/26, 09:28:12.924, 6853642429939, datacollector.dll, BlameCollector.EventsTestCaseStart: Test Case Start
TpTrace Verbose: 0 : 61556, 6, 2024/04/26, 09:28:12.924, 6853642430755, datacollector.dll, MulticastDelegateUtilities.SafeInvoke: DataCollectionEvents.TestCaseStart: Invoking callback 1/1 for Microsoft.TestPlatform.Extensions.BlameDataCollector.BlameCollector., took 0 ms.
TpTrace Information: 0 : 61556, 6, 2024/04/26, 09:28:12.924, 6853642431921, datacollector.dll, DataCollectionTestCaseEventHandler: Test case 'UpdateCustomerTest - eefe311c-2fe1-4ace-23c4-249c1f1d7663' started.
TpTrace Information: 0 : 61556, 6, 2024/04/26, 09:28:12.925, 6853642438551, datacollector.dll, DataCollectionTestCaseEventHandler: Test case completing.
TpTrace Information: 0 : 61556, 6, 2024/04/26, 09:28:12.925, 6853642441684, datacollector.dll, BlameCollector.EventsTestCaseEnd: Test Case End
TpTrace Verbose: 0 : 61556, 6, 2024/04/26, 09:28:12.925, 6853642442070, datacollector.dll, MulticastDelegateUtilities.SafeInvoke: DataCollectionEvents.TestCaseEnd: Invoking callback 1/1 for Microsoft.TestPlatform.Extensions.BlameDataCollector.BlameCollector., took 0 ms.
TpTrace Information: 0 : 61556, 6, 2024/04/26, 09:28:12.925, 6853642442836, datacollector.dll, DataCollectionTestCaseEventHandler: Test case 'UpdateCustomerTest - eefe311c-2fe1-4ace-23c4-249c1f1d7663' completed
TpTrace Information: 0 : 61556, 6, 2024/04/26, 09:28:12.927, 6853642465321, datacollector.dll, DataCollectionTestCaseEventHandler: Test case starting.
TpTrace Information: 0 : 61556, 6, 2024/04/26, 09:28:12.928, 6853642468916, datacollector.dll, BlameCollector.EventsTestCaseStart: Test Case Start
TpTrace Verbose: 0 : 61556, 6, 2024/04/26, 09:28:12.928, 6853642469341, datacollector.dll, MulticastDelegateUtilities.SafeInvoke: DataCollectionEvents.TestCaseStart: Invoking callback 1/1 for Microsoft.TestPlatform.Extensions.BlameDataCollector.BlameCollector., took 0 ms.
TpTrace Information: 0 : 61556, 6, 2024/04/26, 09:28:12.928, 6853642470210, datacollector.dll, DataCollectionTestCaseEventHandler: Test case 'AddProductTest - 52dc3b23-0320-646b-9fc8-5d0883e6726a' started.
TpTrace Information: 0 : 61556, 6, 2024/04/26, 09:28:12.928, 6853642475744, datacollector.dll, DataCollectionTestCaseEventHandler: Test case completing.
TpTrace Information: 0 : 61556, 6, 2024/04/26, 09:28:12.929, 6853642479467, datacollector.dll, BlameCollector.EventsTestCaseEnd: Test Case End
TpTrace Verbose: 0 : 61556, 6, 2024/04/26, 09:28:12.929, 6853642479912, datacollector.dll, MulticastDelegateUtilities.SafeInvoke: DataCollectionEvents.TestCaseEnd: Invoking callback 1/1 for Microsoft.TestPlatform.Extensions.BlameDataCollector.BlameCollector., took 0 ms.
TpTrace Information: 0 : 61556, 6, 2024/04/26, 09:28:12.929, 6853642480875, datacollector.dll, DataCollectionTestCaseEventHandler: Test case 'AddProductTest - 52dc3b23-0320-646b-9fc8-5d0883e6726a' completed
TpTrace Information: 0 : 61556, 6, 2024/04/26, 09:28:12.930, 6853642487724, datacollector.dll, DataCollectionTestCaseEventHandler: Test case starting.
TpTrace Information: 0 : 61556, 6, 2024/04/26, 09:28:12.930, 6853642491189, datacollector.dll, BlameCollector.EventsTestCaseStart: Test Case Start
TpTrace Verbose: 0 : 61556, 6, 2024/04/26, 09:28:12.930, 6853642491658, datacollector.dll, MulticastDelegateUtilities.SafeInvoke: DataCollectionEvents.TestCaseStart: Invoking callback 1/1 for Microsoft.TestPlatform.Extensions.BlameDataCollector.BlameCollector., took 0 ms.
TpTrace Information: 0 : 61556, 6, 2024/04/26, 09:28:12.930, 6853642492484, datacollector.dll, DataCollectionTestCaseEventHandler: Test case 'DeleteProductTest - 03825b12-8698-fecf-ab5d-a98d661ec4af' started.
TpTrace Information: 0 : 61556, 6, 2024/04/26, 09:28:12.930, 6853642497120, datacollector.dll, DataCollectionTestCaseEventHandler: Test case completing.
TpTrace Information: 0 : 61556, 6, 2024/04/26, 09:28:12.931, 6853642500318, datacollector.dll, BlameCollector.EventsTestCaseEnd: Test Case End
TpTrace Verbose: 0 : 61556, 6, 2024/04/26, 09:28:12.931, 6853642500733, datacollector.dll, MulticastDelegateUtilities.SafeInvoke: DataCollectionEvents.TestCaseEnd: Invoking callback 1/1 for Microsoft.TestPlatform.Extensions.BlameDataCollector.BlameCollector., took 0 ms.
TpTrace Information: 0 : 61556, 6, 2024/04/26, 09:28:12.931, 6853642501539, datacollector.dll, DataCollectionTestCaseEventHandler: Test case 'DeleteProductTest - 03825b12-8698-fecf-ab5d-a98d661ec4af' completed
TpTrace Information: 0 : 61556, 6, 2024/04/26, 09:28:12.931, 6853642506631, datacollector.dll, DataCollectionTestCaseEventHandler: Test case starting.
TpTrace Information: 0 : 61556, 6, 2024/04/26, 09:28:12.932, 6853642509721, datacollector.dll, BlameCollector.EventsTestCaseStart: Test Case Start
TpTrace Verbose: 0 : 61556, 6, 2024/04/26, 09:28:12.932, 6853642510140, datacollector.dll, MulticastDelegateUtilities.SafeInvoke: DataCollectionEvents.TestCaseStart: Invoking callback 1/1 for Microsoft.TestPlatform.Extensions.BlameDataCollector.BlameCollector., took 0 ms.
TpTrace Information: 0 : 61556, 6, 2024/04/26, 09:28:12.932, 6853642510834, datacollector.dll, DataCollectionTestCaseEventHandler: Test case 'GetAllProductTest - 6c492d13-77b1-3acb-3b51-dc0a4d58d844' started.
TpTrace Information: 0 : 61556, 6, 2024/04/26, 09:28:12.932, 6853642515503, datacollector.dll, DataCollectionTestCaseEventHandler: Test case completing.
TpTrace Information: 0 : 61556, 6, 2024/04/26, 09:28:12.933, 6853642518859, datacollector.dll, BlameCollector.EventsTestCaseEnd: Test Case End
TpTrace Verbose: 0 : 61556, 6, 2024/04/26, 09:28:12.933, 6853642519308, datacollector.dll, MulticastDelegateUtilities.SafeInvoke: DataCollectionEvents.TestCaseEnd: Invoking callback 1/1 for Microsoft.TestPlatform.Extensions.BlameDataCollector.BlameCollector., took 0 ms.
TpTrace Information: 0 : 61556, 6, 2024/04/26, 09:28:12.933, 6853642520143, datacollector.dll, DataCollectionTestCaseEventHandler: Test case 'GetAllProductTest - 6c492d13-77b1-3acb-3b51-dc0a4d58d844' completed
TpTrace Information: 0 : 61556, 6, 2024/04/26, 09:28:12.933, 6853642525352, datacollector.dll, DataCollectionTestCaseEventHandler: Test case starting.
TpTrace Information: 0 : 61556, 6, 2024/04/26, 09:28:12.934, 6853642528677, datacollector.dll, BlameCollector.EventsTestCaseStart: Test Case Start
TpTrace Verbose: 0 : 61556, 6, 2024/04/26, 09:28:12.934, 6853642529128, datacollector.dll, MulticastDelegateUtilities.SafeInvoke: DataCollectionEvents.TestCaseStart: Invoking callback 1/1 for Microsoft.TestPlatform.Extensions.BlameDataCollector.BlameCollector., took 0 ms.
TpTrace Information: 0 : 61556, 6, 2024/04/26, 09:28:12.934, 6853642529881, datacollector.dll, DataCollectionTestCaseEventHandler: Test case 'GetProductTest - 31d9a262-143b-6659-6fe4-f4d5cbd54eaf' started.
TpTrace Information: 0 : 61556, 6, 2024/04/26, 09:28:12.934, 6853642534323, datacollector.dll, DataCollectionTestCaseEventHandler: Test case completing.
TpTrace Information: 0 : 61556, 6, 2024/04/26, 09:28:12.934, 6853642537633, datacollector.dll, BlameCollector.EventsTestCaseEnd: Test Case End
TpTrace Verbose: 0 : 61556, 6, 2024/04/26, 09:28:12.935, 6853642538075, datacollector.dll, MulticastDelegateUtilities.SafeInvoke: DataCollectionEvents.TestCaseEnd: Invoking callback 1/1 for Microsoft.TestPlatform.Extensions.BlameDataCollector.BlameCollector., took 0 ms.
TpTrace Information: 0 : 61556, 6, 2024/04/26, 09:28:12.935, 6853642538954, datacollector.dll, DataCollectionTestCaseEventHandler: Test case 'GetProductTest - 31d9a262-143b-6659-6fe4-f4d5cbd54eaf' completed
TpTrace Information: 0 : 61556, 6, 2024/04/26, 09:28:12.935, 6853642544058, datacollector.dll, DataCollectionTestCaseEventHandler: Test case starting.
TpTrace Information: 0 : 61556, 6, 2024/04/26, 09:28:12.935, 6853642547312, datacollector.dll, BlameCollector.EventsTestCaseStart: Test Case Start
TpTrace Verbose: 0 : 61556, 6, 2024/04/26, 09:28:12.936, 6853642547765, datacollector.dll, MulticastDelegateUtilities.SafeInvoke: DataCollectionEvents.TestCaseStart: Invoking callback 1/1 for Microsoft.TestPlatform.Extensions.BlameDataCollector.BlameCollector., took 0 ms.
TpTrace Information: 0 : 61556, 6, 2024/04/26, 09:28:12.936, 6853642548516, datacollector.dll, DataCollectionTestCaseEventHandler: Test case 'UpdateProductTest - 19d8565b-c8a6-90d6-8012-9c8d77bf3e0a' started.
TpTrace Information: 0 : 61556, 6, 2024/04/26, 09:28:12.936, 6853642552939, datacollector.dll, DataCollectionTestCaseEventHandler: Test case completing.
TpTrace Information: 0 : 61556, 6, 2024/04/26, 09:28:12.936, 6853642556250, datacollector.dll, BlameCollector.EventsTestCaseEnd: Test Case End
TpTrace Verbose: 0 : 61556, 6, 2024/04/26, 09:28:12.936, 6853642556699, datacollector.dll, MulticastDelegateUtilities.SafeInvoke: DataCollectionEvents.TestCaseEnd: Invoking callback 1/1 for Microsoft.TestPlatform.Extensions.BlameDataCollector.BlameCollector., took 0 ms.
TpTrace Information: 0 : 61556, 6, 2024/04/26, 09:28:12.936, 6853642557517, datacollector.dll, DataCollectionTestCaseEventHandler: Test case 'UpdateProductTest - 19d8565b-c8a6-90d6-8012-9c8d77bf3e0a' completed
TpTrace Information: 0 : 61556, 6, 2024/04/26, 09:28:12.948, 6853642674988, datacollector.dll, DataCollectionTestCaseEventHandler: Test session ended
TpTrace Information: 0 : 61556, 1, 2024/04/26, 09:28:12.996, 6853643151414, datacollector.dll, DataCollectionRequestHandler.ProcessRequests: Datacollector received message: (DataCollection.AfterTestRunEnd) -> {"MessageType":"DataCollection.AfterTestRunEnd","Payload":false}
TpTrace Information: 0 : 61556, 1, 2024/04/26, 09:28:12.997, 6853643158407, datacollector.dll, Blame Collector: Session End
TpTrace Information: 0 : 61556, 1, 2024/04/26, 09:28:12.997, 6853643159035, datacollector.dll, BlameCollector.CollectDumpAndAbortTesthost: Custom path to dump directory was provided via VSTEST_DUMP_PATH. Skipping attachment upload, the caller is responsible for collecting and uploading the dumps themselves.
TpTrace Verbose: 0 : 61556, 1, 2024/04/26, 09:28:12.997, 6853643159579, datacollector.dll, MulticastDelegateUtilities.SafeInvoke: DataCollectionEvents.SessionEnd: Invoking callback 1/1 for Microsoft.TestPlatform.Extensions.BlameDataCollector.BlameCollector., took 0 ms.
TpTrace Information: 0 : 61556, 1, 2024/04/26, 09:28:12.997, 6853643164406, datacollector.dll, DataCollectionManager.CleanupPlugins: CleanupPlugins called
TpTrace Verbose: 0 : 61556, 1, 2024/04/26, 09:28:12.997, 6853643164922, datacollector.dll, DataCollectionManager.CleanupPlugins: Cleaning up 1 plugins
TpTrace Verbose: 0 : 61556, 1, 2024/04/26, 09:28:12.997, 6853643165560, datacollector.dll, dataCollectorInfo.DisposeDataCollector: calling Dispose() on Microsoft.TestPlatform.Extensions.BlameDataCollector.BlameCollector
TpTrace Information: 0 : 61556, 1, 2024/04/26, 09:28:12.997, 6853643166078, datacollector.dll, DataCollectionManager.CleanupPlugins: CleanupPlugins finished
TpTrace Information: 0 : 61556, 1, 2024/04/26, 09:28:13.000, 6853643192722, datacollector.dll, DataCollectionRequestHandler.ProcessRequests : Session End message received from server. Closing the connection.
TpTrace Information: 0 : 61556, 1, 2024/04/26, 09:28:13.000, 6853643194153, datacollector.dll, Closing the connection !
TpTrace Information: 0 : 61556, 1, 2024/04/26, 09:28:13.000, 6853643194490, datacollector.dll, DataCollectionRequestHandler.ProcessRequests : DataCollection completed
TpTrace Information: 0 : 61556, 1, 2024/04/26, 09:28:13.000, 6853643194911, datacollector.dll, Program.Main: exiting datacollector process.
