TpTrace Verbose: 0 : 51284, 1, 2024/04/25, 16:28:23.083, 6241700053827, datacollector.dll, Version: 17.9.0-release-24072-02
TpTrace Information: 0 : 51284, 1, 2024/04/25, 16:28:23.087, 6241700097342, datacollector.dll, DataCollectorMain.Run: Starting data collector run with args: --port,49682,--parentprocessid,50588,--diag,C:\Users\VC\codestack\GenSpark\day11\ShoppingSolution\ShoppingBLTets\bin\Debug\net6.0\fine-code-coverage\coverage-tool-output\diagnostics.datacollector.24-04-25_16-28-22_88058_5.log,--tracelevel,4
TpTrace Information: 0 : 51284, 1, 2024/04/25, 16:28:23.088, 6241700102426, datacollector.dll, DataCollector: Monitoring parent process with id: '50588'
TpTrace Information: 0 : 51284, 1, 2024/04/25, 16:28:23.096, 6241700180958, datacollector.dll, Trying to connect to server on socket : 127.0.0.1:49682 
TpTrace Verbose: 0 : 51284, 1, 2024/04/25, 16:28:23.106, 6241700286952, datacollector.dll, SocketCommunicationManager : SetupClientAsync : Attempting to connect to the server.
TpTrace Information: 0 : 51284, 6, 2024/04/25, 16:28:23.115, 6241700374344, datacollector.dll, Connected to the server successfully 
TpTrace Information: 0 : 51284, 6, 2024/04/25, 16:28:23.115, 6241700376713, datacollector.dll, Using the buffer size of 16384 bytes
TpTrace Information: 0 : 51284, 1, 2024/04/25, 16:28:23.179, 6241701014673, datacollector.dll, DataCollector: Start Request Processing.
TpTrace Verbose: 0 : 51284, 1, 2024/04/25, 16:28:23.179, 6241701018034, datacollector.dll, SocketCommunicationManager.WaitForServerConnection took: 0 ms, with 90000 ms timeout, and finished with True.
TpTrace Information: 0 : 51284, 1, 2024/04/25, 16:28:23.180, 6241701021984, datacollector.dll, DataCollectionRequestHandler.ProcessRequests: Datacollector received message: (DataCollection.BeforeTestRunStart) -> {"MessageType":"DataCollection.BeforeTestRunStart","Payload":{"SettingsXml":"<RunSettings><RunConfiguration><ResultsDirectory>C:\\Users\\VC\\codestack\\GenSpark\\day11\\ShoppingSolution\\ShoppingBLTets\\bin\\Debug\\net6.0\\fine-code-coverage\\coverage-tool-output</ResultsDirectory><TargetPlatform>X64</TargetPlatform><TargetFrameworkVersion>.NETCoreApp,Version=v6.0</TargetFrameworkVersion><DesignMode>False</DesignMode><CollectSourceInformation>False</CollectSourceInformation><TestAdaptersPaths>C:\\Program Files\\dotnet\\sdk\\8.0.202\\Extensions</TestAdaptersPaths></RunConfiguration><LoggerRunSettings><Loggers><Logger friendlyName=\"blame\" enabled=\"True\" /><Logger friendlyName=\"Console\" uri=\"logger://microsoft/TestPlatform/ConsoleLogger/v1\" assemblyQualifiedName=\"Microsoft.VisualStudio.TestPlatform.CommandLine.Internal.ConsoleLogger, vstest.console, Version=15.0.0.0, Culture=neutral, PublicKeyToken=b03f5f7f11d50a3a\" codeBase=\"C:\\Program Files\\dotnet\\sdk\\8.0.202\\vstest.console.dll\" enabled=\"True\" /></Loggers></LoggerRunSettings><DataCollectionRunSettings><DataCollectors><DataCollector friendlyName=\"blame\" enabled=\"True\"><Configuration><ResultsDirectory>C:\\Users\\VC\\codestack\\GenSpark\\day11\\ShoppingSolution\\ShoppingBLTets\\bin\\Debug\\net6.0\\fine-code-coverage\\coverage-tool-output</ResultsDirectory></Configuration></DataCollector></DataCollectors></DataCollectionRunSettings></RunSettings>","Sources":["C:\\Users\\VC\\codestack\\GenSpark\\day11\\ShoppingSolution\\ShoppingBLTets\\bin\\Debug\\net6.0\\fine-code-coverage\\build-output\\ShoppingBLTets.dll"],"IsTelemetryOptedIn":false}}
TpTrace Verbose: 0 : 51284, 1, 2024/04/25, 16:28:23.230, 6241701520955, datacollector.dll, TestPluginCache: Update extensions started. Skip filter = False
TpTrace Verbose: 0 : 51284, 1, 2024/04/25, 16:28:23.230, 6241701529556, datacollector.dll, TestPluginCache: Using directories for assembly resolution 'C:\Program Files\dotnet\sdk\8.0.202\Extensions'.
TpTrace Verbose: 0 : 51284, 1, 2024/04/25, 16:28:23.231, 6241701530704, datacollector.dll, TestPluginCache: Updated the available extensions to 'C:\Program Files\dotnet\sdk\8.0.202\Extensions\Microsoft.TestPlatform.Extensions.BlameDataCollector.dll,C:\Program Files\dotnet\sdk\8.0.202\Extensions\Microsoft.TestPlatform.Extensions.EventLogCollector.dll'.
TpTrace Verbose: 0 : 51284, 1, 2024/04/25, 16:28:23.237, 6241701595224, datacollector.dll, TestPluginCache.DiscoverTestExtensions: finding test extensions in assemblies ends with: Collector.dll TPluginInfo: Microsoft.VisualStudio.TestPlatform.Common.DataCollector.DataCollectorConfig TExtension: Microsoft.VisualStudio.TestPlatform.ObjectModel.DataCollection.DataCollector
TpTrace Verbose: 0 : 51284, 1, 2024/04/25, 16:28:23.238, 6241701607797, datacollector.dll, TestPluginCache.GetExtensionPaths: Filtered extension paths: C:\Program Files\dotnet\sdk\8.0.202\Extensions\Microsoft.TestPlatform.Extensions.BlameDataCollector.dll
C:\Program Files\dotnet\sdk\8.0.202\Extensions\Microsoft.TestPlatform.Extensions.EventLogCollector.dll
TpTrace Verbose: 0 : 51284, 1, 2024/04/25, 16:28:23.238, 6241701608829, datacollector.dll, TestPluginCache.GetExtensionPaths: Added default extension paths: 
TpTrace Verbose: 0 : 51284, 1, 2024/04/25, 16:28:23.238, 6241701609072, datacollector.dll, TestPluginCache.GetExtensionPaths: Added unfilterableExtensionPaths: 
TpTrace Information: 0 : 51284, 1, 2024/04/25, 16:28:23.239, 6241701613958, datacollector.dll, AssemblyResolver.ctor: Creating AssemblyResolver with searchDirectories C:\Program Files\dotnet\sdk\8.0.202\Extensions,C:\Program Files\dotnet\sdk\8.0.202
TpTrace Verbose: 0 : 51284, 1, 2024/04/25, 16:28:23.240, 6241701627368, datacollector.dll, TestPluginCache.DiscoverTestExtensions: Discovering the extensions using extension path.
TpTrace Verbose: 0 : 51284, 1, 2024/04/25, 16:28:23.240, 6241701628729, datacollector.dll, TestPluginCache.GetExtensionPaths: Filtered extension paths: C:\Program Files\dotnet\sdk\8.0.202\Extensions\Microsoft.TestPlatform.Extensions.BlameDataCollector.dll
C:\Program Files\dotnet\sdk\8.0.202\Extensions\Microsoft.TestPlatform.Extensions.EventLogCollector.dll
TpTrace Verbose: 0 : 51284, 1, 2024/04/25, 16:28:23.240, 6241701629130, datacollector.dll, TestPluginCache.GetExtensionPaths: Added default extension paths: 
TpTrace Verbose: 0 : 51284, 1, 2024/04/25, 16:28:23.240, 6241701629364, datacollector.dll, TestPluginCache.GetExtensionPaths: Added unfilterableExtensionPaths: 
TpTrace Verbose: 0 : 51284, 1, 2024/04/25, 16:28:23.240, 6241701629736, datacollector.dll, TestPluginCache.DiscoverTestExtensions: Discovering the extensions using allExtensionPaths: C:\Program Files\dotnet\sdk\8.0.202\Extensions\Microsoft.TestPlatform.Extensions.BlameDataCollector.dll
C:\Program Files\dotnet\sdk\8.0.202\Extensions\Microsoft.TestPlatform.Extensions.EventLogCollector.dll
TpTrace Information: 0 : 51284, 1, 2024/04/25, 16:28:23.241, 6241701630486, datacollector.dll, AssemblyResolver.AddSearchDirectories: Adding more searchDirectories C:\Program Files\dotnet\sdk\8.0.202\Extensions,C:\Program Files\dotnet\sdk\8.0.202
TpTrace Information: 0 : 51284, 1, 2024/04/25, 16:28:23.241, 6241701630940, datacollector.dll, AssemblyResolver.AddSearchDirectories: Adding more searchDirectories C:\Program Files\dotnet\sdk\8.0.202\Extensions,C:\Program Files\dotnet\sdk\8.0.202
TpTrace Information: 0 : 51284, 1, 2024/04/25, 16:28:23.241, 6241701634594, datacollector.dll, AssemblyResolver.OnResolve: Microsoft.TestPlatform.Extensions.BlameDataCollector: Resolving assembly.
TpTrace Information: 0 : 51284, 1, 2024/04/25, 16:28:23.241, 6241701635267, datacollector.dll, AssemblyResolver.OnResolve: Microsoft.TestPlatform.Extensions.BlameDataCollector: Searching in: 'C:\Program Files\dotnet\sdk\8.0.202\Extensions'.
TpTrace Information: 0 : 51284, 1, 2024/04/25, 16:28:23.249, 6241701712375, datacollector.dll, AssemblyResolver.OnResolve: Microsoft.TestPlatform.Extensions.BlameDataCollector: Loading assembly 'C:\Program Files\dotnet\sdk\8.0.202\Extensions\Microsoft.TestPlatform.Extensions.BlameDataCollector.dll'.
TpTrace Information: 0 : 51284, 1, 2024/04/25, 16:28:23.250, 6241701723354, datacollector.dll, AssemblyResolver.OnResolve: Resolved assembly: Microsoft.TestPlatform.Extensions.BlameDataCollector, from path: C:\Program Files\dotnet\sdk\8.0.202\Extensions\Microsoft.TestPlatform.Extensions.BlameDataCollector.dll
TpTrace Verbose: 0 : 51284, 1, 2024/04/25, 16:28:23.256, 6241701784391, datacollector.dll, MetadataReaderExtensionsHelper: Discovering extensions inside assembly 'Microsoft.TestPlatform.Extensions.BlameDataCollector, Version=15.0.0.0, Culture=neutral, PublicKeyToken=b03f5f7f11d50a3a' file path 'C:\Program Files\dotnet\sdk\8.0.202\Extensions\Microsoft.TestPlatform.Extensions.BlameDataCollector.dll'
TpTrace Error: 0 : 51284, 1, 2024/04/25, 16:28:23.259, 6241701817318, datacollector.dll, The type "Microsoft.TestPlatform.Extensions.BlameDataCollector.BlameCollector" defined in "Microsoft.TestPlatform.Extensions.BlameDataCollector.dll" does not have ExtensionUri attribute.
TpTrace Information: 0 : 51284, 1, 2024/04/25, 16:28:23.264, 6241701867705, datacollector.dll, GetTestExtensionFromType: Register extension with identifier data 'datacollector://microsoft/TestPlatform/Extensions/Blame/v1' and type 'Microsoft.TestPlatform.Extensions.BlameDataCollector.BlameCollector, Microsoft.TestPlatform.Extensions.BlameDataCollector, Version=15.0.0.0, Culture=neutral, PublicKeyToken=b03f5f7f11d50a3a' inside file 'C:\Program Files\dotnet\sdk\8.0.202\Extensions\Microsoft.TestPlatform.Extensions.BlameDataCollector.dll'
TpTrace Information: 0 : 51284, 1, 2024/04/25, 16:28:23.264, 6241701869657, datacollector.dll, AssemblyResolver.OnResolve: Microsoft.TestPlatform.Extensions.EventLogCollector: Resolving assembly.
TpTrace Information: 0 : 51284, 1, 2024/04/25, 16:28:23.264, 6241701870109, datacollector.dll, AssemblyResolver.OnResolve: Microsoft.TestPlatform.Extensions.EventLogCollector: Searching in: 'C:\Program Files\dotnet\sdk\8.0.202\Extensions'.
TpTrace Information: 0 : 51284, 1, 2024/04/25, 16:28:23.265, 6241701874563, datacollector.dll, AssemblyResolver.OnResolve: Microsoft.TestPlatform.Extensions.EventLogCollector: Loading assembly 'C:\Program Files\dotnet\sdk\8.0.202\Extensions\Microsoft.TestPlatform.Extensions.EventLogCollector.dll'.
TpTrace Information: 0 : 51284, 1, 2024/04/25, 16:28:23.266, 6241701881721, datacollector.dll, AssemblyResolver.OnResolve: Resolved assembly: Microsoft.TestPlatform.Extensions.EventLogCollector, from path: C:\Program Files\dotnet\sdk\8.0.202\Extensions\Microsoft.TestPlatform.Extensions.EventLogCollector.dll
TpTrace Verbose: 0 : 51284, 1, 2024/04/25, 16:28:23.266, 6241701882845, datacollector.dll, MetadataReaderExtensionsHelper: Discovering extensions inside assembly 'Microsoft.TestPlatform.Extensions.EventLogCollector, Version=15.0.0.0, Culture=neutral, PublicKeyToken=b03f5f7f11d50a3a' file path 'C:\Program Files\dotnet\sdk\8.0.202\Extensions\Microsoft.TestPlatform.Extensions.EventLogCollector.dll'
TpTrace Error: 0 : 51284, 1, 2024/04/25, 16:28:23.269, 6241701910903, datacollector.dll, The type "Microsoft.TestPlatform.Extensions.EventLogCollector.EventLogDataCollector" defined in "Microsoft.TestPlatform.Extensions.EventLogCollector.dll" does not have ExtensionUri attribute.
TpTrace Information: 0 : 51284, 1, 2024/04/25, 16:28:23.269, 6241701915010, datacollector.dll, GetTestExtensionFromType: Register extension with identifier data 'datacollector://microsoft/EventLog/2.0' and type 'Microsoft.TestPlatform.Extensions.EventLogCollector.EventLogDataCollector, Microsoft.TestPlatform.Extensions.EventLogCollector, Version=15.0.0.0, Culture=neutral, PublicKeyToken=b03f5f7f11d50a3a' inside file 'C:\Program Files\dotnet\sdk\8.0.202\Extensions\Microsoft.TestPlatform.Extensions.EventLogCollector.dll'
TpTrace Verbose: 0 : 51284, 1, 2024/04/25, 16:28:23.269, 6241701917244, datacollector.dll, TestPluginCache: Discovered the extensions using extension path 'C:\Program Files\dotnet\sdk\8.0.202\Extensions\Microsoft.TestPlatform.Extensions.BlameDataCollector.dll,C:\Program Files\dotnet\sdk\8.0.202\Extensions\Microsoft.TestPlatform.Extensions.EventLogCollector.dll'.
TpTrace Verbose: 0 : 51284, 1, 2024/04/25, 16:28:23.269, 6241701917835, datacollector.dll, TestPluginCache: Discoverers are ''.
TpTrace Verbose: 0 : 51284, 1, 2024/04/25, 16:28:23.269, 6241701918160, datacollector.dll, TestPluginCache: Executors are ''.
TpTrace Verbose: 0 : 51284, 1, 2024/04/25, 16:28:23.269, 6241701918523, datacollector.dll, TestPluginCache: Executors2 are ''.
TpTrace Verbose: 0 : 51284, 1, 2024/04/25, 16:28:23.269, 6241701918937, datacollector.dll, TestPluginCache: Setting providers are ''.
TpTrace Verbose: 0 : 51284, 1, 2024/04/25, 16:28:23.269, 6241701919227, datacollector.dll, TestPluginCache: Loggers are ''.
TpTrace Verbose: 0 : 51284, 1, 2024/04/25, 16:28:23.269, 6241701919522, datacollector.dll, TestPluginCache: TestHosts are ''.
TpTrace Verbose: 0 : 51284, 1, 2024/04/25, 16:28:23.270, 6241701921292, datacollector.dll, TestPluginCache: DataCollectors are 'datacollector://microsoft/TestPlatform/Extensions/Blame/v1,datacollector://microsoft/EventLog/2.0'.
TpTrace Information: 0 : 51284, 1, 2024/04/25, 16:28:23.271, 6241701935732, datacollector.dll, TestPluginManager.CreateTestExtension: Attempting to load test extension: Microsoft.TestPlatform.Extensions.BlameDataCollector.BlameCollector
TpTrace Information: 0 : 51284, 1, 2024/04/25, 16:28:23.276, 6241701982298, datacollector.dll, [MonitorPostmortemDump]Monitor enabled: 'False'
TpTrace Verbose: 0 : 51284, 1, 2024/04/25, 16:28:23.276, 6241701990298, datacollector.dll, MulticastDelegateUtilities.SafeInvoke: DataCollectionEvents.SessionStart: Invoking callbacks was skipped because there are no subscribers.
TpTrace Information: 0 : 51284, 1, 2024/04/25, 16:28:23.277, 6241701998893, datacollector.dll, Listening on Endpoint : 127.0.0.1:49684
TpTrace Information: 0 : 51284, 1, 2024/04/25, 16:28:23.285, 6241702074510, datacollector.dll, DataCollectionRequestHandler.ProcessRequests : DataCollection started.
TpTrace Information: 0 : 51284, 1, 2024/04/25, 16:28:23.304, 6241702268773, datacollector.dll, DataCollectionRequestHandler.ProcessRequests: Datacollector received message: (DataCollection.TestHostLaunched) -> {"MessageType":"DataCollection.TestHostLaunched","Payload":{"ProcessId":8208}}
TpTrace Verbose: 0 : 51284, 1, 2024/04/25, 16:28:23.306, 6241702286103, datacollector.dll, MulticastDelegateUtilities.SafeInvoke: DataCollectionEvents.TestHostLaunched: Invoking callback 1/1 for Microsoft.TestPlatform.Extensions.BlameDataCollector.BlameCollector., took 0 ms.
TpTrace Verbose: 0 : 51284, 6, 2024/04/25, 16:28:23.580, 6241705025887, datacollector.dll, SocketCommunicationManager.WaitForClientConnection took: 298 ms, with 90000 ms timeout, and finished with True.
TpTrace Information: 0 : 51284, 8, 2024/04/25, 16:28:23.580, 6241705025821, datacollector.dll, Using the buffer size of 16384 bytes
TpTrace Information: 0 : 51284, 8, 2024/04/25, 16:28:23.580, 6241705027852, datacollector.dll, Accepted Client request and set the flag
TpTrace Information: 0 : 51284, 6, 2024/04/25, 16:28:24.235, 6241711570422, datacollector.dll, DataCollectionTestCaseEventHandler: Test case starting.
TpTrace Information: 0 : 51284, 6, 2024/04/25, 16:28:24.243, 6241711652993, datacollector.dll, BlameCollector.EventsTestCaseStart: Test Case Start
TpTrace Verbose: 0 : 51284, 6, 2024/04/25, 16:28:24.243, 6241711655076, datacollector.dll, MulticastDelegateUtilities.SafeInvoke: DataCollectionEvents.TestCaseStart: Invoking callback 1/1 for Microsoft.TestPlatform.Extensions.BlameDataCollector.BlameCollector., took 0 ms.
TpTrace Information: 0 : 51284, 6, 2024/04/25, 16:28:24.243, 6241711657077, datacollector.dll, DataCollectionTestCaseEventHandler: Test case 'AddCustomerTest - 8dd508c0-a8ab-b798-a64c-68f1ba8c5eee' started.
TpTrace Information: 0 : 51284, 6, 2024/04/25, 16:28:24.257, 6241711791600, datacollector.dll, DataCollectionTestCaseEventHandler: Test case completing.
TpTrace Information: 0 : 51284, 6, 2024/04/25, 16:28:24.262, 6241711847781, datacollector.dll, BlameCollector.EventsTestCaseEnd: Test Case End
TpTrace Verbose: 0 : 51284, 6, 2024/04/25, 16:28:24.263, 6241711852597, datacollector.dll, MulticastDelegateUtilities.SafeInvoke: DataCollectionEvents.TestCaseEnd: Invoking callback 1/1 for Microsoft.TestPlatform.Extensions.BlameDataCollector.BlameCollector., took 0 ms.
TpTrace Information: 0 : 51284, 6, 2024/04/25, 16:28:24.265, 6241711872986, datacollector.dll, DataCollectionTestCaseEventHandler: Test case 'AddCustomerTest - 8dd508c0-a8ab-b798-a64c-68f1ba8c5eee' completed
TpTrace Information: 0 : 51284, 6, 2024/04/25, 16:28:24.279, 6241712014874, datacollector.dll, DataCollectionTestCaseEventHandler: Test case starting.
TpTrace Information: 0 : 51284, 6, 2024/04/25, 16:28:24.280, 6241712024584, datacollector.dll, BlameCollector.EventsTestCaseStart: Test Case Start
TpTrace Verbose: 0 : 51284, 6, 2024/04/25, 16:28:24.280, 6241712025653, datacollector.dll, MulticastDelegateUtilities.SafeInvoke: DataCollectionEvents.TestCaseStart: Invoking callback 1/1 for Microsoft.TestPlatform.Extensions.BlameDataCollector.BlameCollector., took 0 ms.
TpTrace Information: 0 : 51284, 6, 2024/04/25, 16:28:24.280, 6241712027571, datacollector.dll, DataCollectionTestCaseEventHandler: Test case 'DeleteCustomerTest - 05d1e830-e1a1-6a72-b85f-0d533931ef6e' started.
TpTrace Information: 0 : 51284, 6, 2024/04/25, 16:28:24.281, 6241712034304, datacollector.dll, DataCollectionTestCaseEventHandler: Test case completing.
TpTrace Information: 0 : 51284, 6, 2024/04/25, 16:28:24.282, 6241712041727, datacollector.dll, BlameCollector.EventsTestCaseEnd: Test Case End
TpTrace Verbose: 0 : 51284, 6, 2024/04/25, 16:28:24.282, 6241712042903, datacollector.dll, MulticastDelegateUtilities.SafeInvoke: DataCollectionEvents.TestCaseEnd: Invoking callback 1/1 for Microsoft.TestPlatform.Extensions.BlameDataCollector.BlameCollector., took 0 ms.
TpTrace Information: 0 : 51284, 6, 2024/04/25, 16:28:24.282, 6241712047185, datacollector.dll, DataCollectionTestCaseEventHandler: Test case 'DeleteCustomerTest - 05d1e830-e1a1-6a72-b85f-0d533931ef6e' completed
TpTrace Information: 0 : 51284, 6, 2024/04/25, 16:28:24.284, 6241712060435, datacollector.dll, DataCollectionTestCaseEventHandler: Test case starting.
TpTrace Information: 0 : 51284, 6, 2024/04/25, 16:28:24.284, 6241712069525, datacollector.dll, BlameCollector.EventsTestCaseStart: Test Case Start
TpTrace Verbose: 0 : 51284, 6, 2024/04/25, 16:28:24.285, 6241712070480, datacollector.dll, MulticastDelegateUtilities.SafeInvoke: DataCollectionEvents.TestCaseStart: Invoking callback 1/1 for Microsoft.TestPlatform.Extensions.BlameDataCollector.BlameCollector., took 0 ms.
TpTrace Information: 0 : 51284, 6, 2024/04/25, 16:28:24.285, 6241712071756, datacollector.dll, DataCollectionTestCaseEventHandler: Test case 'GetCustomerTest - 8c645aae-a328-0315-c220-9c2fcb64a384' started.
TpTrace Information: 0 : 51284, 6, 2024/04/25, 16:28:24.286, 6241712080789, datacollector.dll, DataCollectionTestCaseEventHandler: Test case completing.
TpTrace Information: 0 : 51284, 6, 2024/04/25, 16:28:24.286, 6241712088256, datacollector.dll, BlameCollector.EventsTestCaseEnd: Test Case End
TpTrace Verbose: 0 : 51284, 6, 2024/04/25, 16:28:24.286, 6241712089035, datacollector.dll, MulticastDelegateUtilities.SafeInvoke: DataCollectionEvents.TestCaseEnd: Invoking callback 1/1 for Microsoft.TestPlatform.Extensions.BlameDataCollector.BlameCollector., took 0 ms.
TpTrace Information: 0 : 51284, 6, 2024/04/25, 16:28:24.287, 6241712090691, datacollector.dll, DataCollectionTestCaseEventHandler: Test case 'GetCustomerTest - 8c645aae-a328-0315-c220-9c2fcb64a384' completed
TpTrace Information: 0 : 51284, 6, 2024/04/25, 16:28:24.287, 6241712098685, datacollector.dll, DataCollectionTestCaseEventHandler: Test case starting.
TpTrace Information: 0 : 51284, 6, 2024/04/25, 16:28:24.288, 6241712105573, datacollector.dll, BlameCollector.EventsTestCaseStart: Test Case Start
TpTrace Verbose: 0 : 51284, 6, 2024/04/25, 16:28:24.288, 6241712106839, datacollector.dll, MulticastDelegateUtilities.SafeInvoke: DataCollectionEvents.TestCaseStart: Invoking callback 1/1 for Microsoft.TestPlatform.Extensions.BlameDataCollector.BlameCollector., took 0 ms.
TpTrace Information: 0 : 51284, 6, 2024/04/25, 16:28:24.288, 6241712108585, datacollector.dll, DataCollectionTestCaseEventHandler: Test case 'UpdateCustomerTest - eefe311c-2fe1-4ace-23c4-249c1f1d7663' started.
TpTrace Information: 0 : 51284, 6, 2024/04/25, 16:28:24.289, 6241712113320, datacollector.dll, DataCollectionTestCaseEventHandler: Test case completing.
TpTrace Information: 0 : 51284, 6, 2024/04/25, 16:28:24.289, 6241712118949, datacollector.dll, BlameCollector.EventsTestCaseEnd: Test Case End
TpTrace Verbose: 0 : 51284, 6, 2024/04/25, 16:28:24.289, 6241712119529, datacollector.dll, MulticastDelegateUtilities.SafeInvoke: DataCollectionEvents.TestCaseEnd: Invoking callback 1/1 for Microsoft.TestPlatform.Extensions.BlameDataCollector.BlameCollector., took 0 ms.
TpTrace Information: 0 : 51284, 6, 2024/04/25, 16:28:24.290, 6241712120980, datacollector.dll, DataCollectionTestCaseEventHandler: Test case 'UpdateCustomerTest - eefe311c-2fe1-4ace-23c4-249c1f1d7663' completed
TpTrace Information: 0 : 51284, 6, 2024/04/25, 16:28:24.302, 6241712244773, datacollector.dll, DataCollectionTestCaseEventHandler: Test session ended
TpTrace Information: 0 : 51284, 1, 2024/04/25, 16:28:24.375, 6241712977890, datacollector.dll, DataCollectionRequestHandler.ProcessRequests: Datacollector received message: (DataCollection.AfterTestRunEnd) -> {"MessageType":"DataCollection.AfterTestRunEnd","Payload":false}
TpTrace Information: 0 : 51284, 1, 2024/04/25, 16:28:24.377, 6241712992481, datacollector.dll, Blame Collector: Session End
TpTrace Information: 0 : 51284, 1, 2024/04/25, 16:28:24.377, 6241712993876, datacollector.dll, BlameCollector.CollectDumpAndAbortTesthost: Custom path to dump directory was provided via VSTEST_DUMP_PATH. Skipping attachment upload, the caller is responsible for collecting and uploading the dumps themselves.
TpTrace Verbose: 0 : 51284, 1, 2024/04/25, 16:28:24.377, 6241712995308, datacollector.dll, MulticastDelegateUtilities.SafeInvoke: DataCollectionEvents.SessionEnd: Invoking callback 1/1 for Microsoft.TestPlatform.Extensions.BlameDataCollector.BlameCollector., took 0 ms.
TpTrace Information: 0 : 51284, 1, 2024/04/25, 16:28:24.378, 6241713003598, datacollector.dll, DataCollectionManager.CleanupPlugins: CleanupPlugins called
TpTrace Verbose: 0 : 51284, 1, 2024/04/25, 16:28:24.378, 6241713004546, datacollector.dll, DataCollectionManager.CleanupPlugins: Cleaning up 1 plugins
TpTrace Verbose: 0 : 51284, 1, 2024/04/25, 16:28:24.378, 6241713005496, datacollector.dll, dataCollectorInfo.DisposeDataCollector: calling Dispose() on Microsoft.TestPlatform.Extensions.BlameDataCollector.BlameCollector
TpTrace Information: 0 : 51284, 1, 2024/04/25, 16:28:24.378, 6241713006280, datacollector.dll, DataCollectionManager.CleanupPlugins: CleanupPlugins finished
TpTrace Information: 0 : 51284, 1, 2024/04/25, 16:28:24.383, 6241713053132, datacollector.dll, DataCollectionRequestHandler.ProcessRequests : Session End message received from server. Closing the connection.
TpTrace Information: 0 : 51284, 1, 2024/04/25, 16:28:24.383, 6241713057144, datacollector.dll, Closing the connection !
TpTrace Information: 0 : 51284, 1, 2024/04/25, 16:28:24.383, 6241713057874, datacollector.dll, DataCollectionRequestHandler.ProcessRequests : DataCollection completed
TpTrace Information: 0 : 51284, 1, 2024/04/25, 16:28:24.383, 6241713058324, datacollector.dll, Program.Main: exiting datacollector process.
