TpTrace Verbose: 0 : 8208, 1, 2024/04/25, 16:28:23.537, 6241704600052, testhost.dll, Version: 17.5.0 Current process architecture: X64
TpTrace Verbose: 0 : 8208, 1, 2024/04/25, 16:28:23.540, 6241704625551, testhost.dll, Runtime location: C:\Program Files\dotnet\shared\Microsoft.NETCore.App\6.0.29
TpTrace Information: 0 : 8208, 1, 2024/04/25, 16:28:23.543, 6241704656314, testhost.dll, DefaultEngineInvoker.Invoke: Testhost process started with args :[--port, 49685],[--endpoint, 127.0.0.1:049685],[--role, client],[--parentprocessid, 50588],[--diag, C:\Users\VC\codestack\GenSpark\day11\ShoppingSolution\ShoppingBLTets\bin\Debug\net6.0\fine-code-coverage\coverage-tool-output\diagnostics.host.24-04-25_16-28-23_29117_5.log],[--tracelevel, 4],[--datacollectionport, 49684],[--telemetryoptedin, false]
TpTrace Information: 0 : 8208, 1, 2024/04/25, 16:28:23.545, 6241704672320, testhost.dll, Setting up debug trace listener.
TpTrace Verbose: 0 : 8208, 1, 2024/04/25, 16:28:23.545, 6241704674589, testhost.dll, TestPlatformTraceListener.Setup: Replacing listener System.Diagnostics.DefaultTraceListener with TestHostTraceListener.
TpTrace Verbose: 0 : 8208, 1, 2024/04/25, 16:28:23.545, 6241704675048, testhost.dll, TestPlatformTraceListener.Setup: Added test platform trace listener.
TpTrace Information: 0 : 8208, 1, 2024/04/25, 16:28:23.545, 6241704677730, testhost.dll, DefaultEngineInvoker.SetParentProcessExitCallback: Monitoring parent process with id: '50588'
TpTrace Information: 0 : 8208, 1, 2024/04/25, 16:28:23.550, 6241704723581, testhost.dll, DefaultEngineInvoker.GetConnectionInfo: Initialize communication on endpoint address: '127.0.0.1:049685'
TpTrace Information: 0 : 8208, 1, 2024/04/25, 16:28:23.564, 6241704866965, testhost.dll, SocketClient.Start: connecting to server endpoint: 127.0.0.1:049685
TpTrace Information: 0 : 8208, 1, 2024/04/25, 16:28:23.574, 6241704962973, testhost.dll, DefaultEngineInvoker.ConnectToDatacollector: Connecting to datacollector, port: 49684
TpTrace Information: 0 : 8208, 10, 2024/04/25, 16:28:23.575, 6241704980025, testhost.dll, SocketClient.OnServerConnected: connected to server endpoint: 127.0.0.1:049685
TpTrace Information: 0 : 8208, 1, 2024/04/25, 16:28:23.578, 6241705002211, testhost.dll, Trying to connect to server on socket : 127.0.0.1:49684 
TpTrace Verbose: 0 : 8208, 1, 2024/04/25, 16:28:23.578, 6241705006324, testhost.dll, SocketCommunicationManager : SetupClientAsync : Attempting to connect to the server.
TpTrace Verbose: 0 : 8208, 10, 2024/04/25, 16:28:23.579, 6241705018096, testhost.dll, MulticastDelegateUtilities.SafeInvoke: SocketClient: ServerConnected: Invoking callback 1/1 for Microsoft.VisualStudio.TestPlatform.CommunicationUtilities.TestRequestHandler., took 0 ms.
TpTrace Verbose: 0 : 8208, 10, 2024/04/25, 16:28:23.579, 6241705019440, testhost.dll, Connected to server, and starting MessageLoopAsync
TpTrace Information: 0 : 8208, 9, 2024/04/25, 16:28:23.580, 6241705020904, testhost.dll, Connected to the server successfully 
TpTrace Information: 0 : 8208, 9, 2024/04/25, 16:28:23.580, 6241705021573, testhost.dll, Using the buffer size of 16384 bytes
TpTrace Verbose: 0 : 8208, 1, 2024/04/25, 16:28:23.580, 6241705022810, testhost.dll, SocketCommunicationManager.WaitForServerConnection took: 0 ms, with 90000 ms timeout, and finished with True.
TpTrace Information: 0 : 8208, 1, 2024/04/25, 16:28:23.580, 6241705023753, testhost.dll, DefaultEngineInvoker.Invoke: Start Request Processing.
TpTrace Information: 0 : 8208, 12, 2024/04/25, 16:28:23.581, 6241705031787, testhost.dll, DefaultEngineInvoker.StartProcessingAsync: Connected to vstest.console, Starting process requests.
TpTrace Verbose: 0 : 8208, 9, 2024/04/25, 16:28:23.583, 6241705054497, testhost.dll, TcpClientExtensions.MessageLoopAsync: Polling on remoteEndPoint: [::ffff:127.0.0.1]:49685 localEndPoint: [::ffff:127.0.0.1]:49686
TpTrace Verbose: 0 : 8208, 9, 2024/04/25, 16:28:23.583, 6241705058796, testhost.dll, TcpClientExtensions.MessageLoopAsync: NotifyDataAvailable remoteEndPoint: [::ffff:127.0.0.1]:49685 localEndPoint: [::ffff:127.0.0.1]:49686
TpTrace Information: 0 : 8208, 9, 2024/04/25, 16:28:23.587, 6241705095486, testhost.dll, TestRequestHandler.OnMessageReceived: received message: (ProtocolVersion) -> {"MessageType":"ProtocolVersion","Payload":7}
TpTrace Verbose: 0 : 8208, 9, 2024/04/25, 16:28:23.726, 6241706489820, testhost.dll, TestRequestHandler.SendData: sending data from testhost: {"Version":7,"MessageType":"TestSession.Message","Payload":{"MessageLevel":0,"Message":"Logging TestHost Diagnostics in file: C:\\Users\\VC\\codestack\\GenSpark\\day11\\ShoppingSolution\\ShoppingBLTets\\bin\\Debug\\net6.0\\fine-code-coverage\\coverage-tool-output\\diagnostics.host.24-04-25_16-28-23_29117_5.log"}}
TpTrace Verbose: 0 : 8208, 9, 2024/04/25, 16:28:23.727, 6241706492818, testhost.dll, MulticastDelegateUtilities.SafeInvoke: LengthPrefixCommunicationChannel: MessageReceived: Invoking callback 1/1 for Microsoft.VisualStudio.TestPlatform.CommunicationUtilities.TestRequestHandler., took 141 ms.
TpTrace Verbose: 0 : 8208, 9, 2024/04/25, 16:28:23.727, 6241706493510, testhost.dll, TcpClientExtensions.MessageLoopAsync: Polling on remoteEndPoint: [::ffff:127.0.0.1]:49685 localEndPoint: [::ffff:127.0.0.1]:49686
TpTrace Verbose: 0 : 8208, 9, 2024/04/25, 16:28:23.727, 6241706493977, testhost.dll, TcpClientExtensions.MessageLoopAsync: NotifyDataAvailable remoteEndPoint: [::ffff:127.0.0.1]:49685 localEndPoint: [::ffff:127.0.0.1]:49686
TpTrace Information: 0 : 8208, 9, 2024/04/25, 16:28:23.727, 6241706494851, testhost.dll, TestRequestHandler.OnMessageReceived: received message: (TestExecution.Initialize) -> {"Version":7,"MessageType":"TestExecution.Initialize","Payload":["C:\\Users\\VC\\codestack\\GenSpark\\day11\\ShoppingSolution\\ShoppingBLTets\\bin\\Debug\\net6.0\\fine-code-coverage\\build-output\\NUnit3.TestAdapter.dll"]}
TpTrace Verbose: 0 : 8208, 9, 2024/04/25, 16:28:23.736, 6241706588035, testhost.dll, MulticastDelegateUtilities.SafeInvoke: LengthPrefixCommunicationChannel: MessageReceived: Invoking callback 1/1 for Microsoft.VisualStudio.TestPlatform.CommunicationUtilities.TestRequestHandler., took 9 ms.
TpTrace Verbose: 0 : 8208, 9, 2024/04/25, 16:28:23.736, 6241706589731, testhost.dll, TcpClientExtensions.MessageLoopAsync: Polling on remoteEndPoint: [::ffff:127.0.0.1]:49685 localEndPoint: [::ffff:127.0.0.1]:49686
TpTrace Information: 0 : 8208, 4, 2024/04/25, 16:28:23.737, 6241706596093, testhost.dll, TestRequestHandler.OnMessageReceived: Running job 'TestExecution.Initialize'.
TpTrace Verbose: 0 : 8208, 4, 2024/04/25, 16:28:23.741, 6241706636603, testhost.dll, TestExecutorService: Loading the extensions
TpTrace Verbose: 0 : 8208, 9, 2024/04/25, 16:28:23.743, 6241706654525, testhost.dll, TcpClientExtensions.MessageLoopAsync: NotifyDataAvailable remoteEndPoint: [::ffff:127.0.0.1]:49685 localEndPoint: [::ffff:127.0.0.1]:49686
TpTrace Information: 0 : 8208, 9, 2024/04/25, 16:28:23.743, 6241706657756, testhost.dll, TestRequestHandler.OnMessageReceived: received message: (TestExecution.StartWithSources) -> {"Version":7,"MessageType":"TestExecution.StartWithSources","Payload":{"AdapterSourceMap":{"_none_":["C:\\Users\\VC\\codestack\\GenSpark\\day11\\ShoppingSolution\\ShoppingBLTets\\bin\\Debug\\net6.0\\fine-code-coverage\\build-output\\ShoppingBLTets.dll"]},"RunSettings":"<RunSettings>\r\n  <RunConfiguration>\r\n    <ResultsDirectory>C:\\Users\\VC\\codestack\\GenSpark\\day11\\ShoppingSolution\\ShoppingBLTets\\bin\\Debug\\net6.0\\fine-code-coverage\\coverage-tool-output</ResultsDirectory>\r\n    <TargetFrameworkVersion>.NETCoreApp,Version=v6.0</TargetFrameworkVersion>\r\n    <DesignMode>False</DesignMode>\r\n    <CollectSourceInformation>False</CollectSourceInformation>\r\n  </RunConfiguration>\r\n  <LoggerRunSettings>\r\n    <Loggers>\r\n      <Logger friendlyName=\"blame\" enabled=\"True\" />\r\n      <Logger friendlyName=\"Console\" uri=\"logger://microsoft/TestPlatform/ConsoleLogger/v1\" assemblyQualifiedName=\"Microsoft.VisualStudio.TestPlatform.CommandLine.Internal.ConsoleLogger, vstest.console, Version=15.0.0.0, Culture=neutral, PublicKeyToken=b03f5f7f11d50a3a\" codeBase=\"C:\\Program Files\\dotnet\\sdk\\8.0.202\\vstest.console.dll\" enabled=\"True\" />\r\n    </Loggers>\r\n  </LoggerRunSettings>\r\n  <DataCollectionRunSettings>\r\n    <DataCollectors>\r\n      <DataCollector friendlyName=\"blame\" enabled=\"True\">\r\n        <Configuration>\r\n          <ResultsDirectory>C:\\Users\\VC\\codestack\\GenSpark\\day11\\ShoppingSolution\\ShoppingBLTets\\bin\\Debug\\net6.0\\fine-code-coverage\\coverage-tool-output</ResultsDirectory>\r\n        </Configuration>\r\n      </DataCollector>\r\n    </DataCollectors>\r\n  </DataCollectionRunSettings>\r\n</RunSettings>","TestExecutionContext":{"FrequencyOfRunStatsChangeEvent":10,"RunStatsChangeEventTimeout":"00:00:01.5000000","InIsolation":false,"KeepAlive":false,"AreTestCaseLevelEventsRequired":false,"IsDebug":false,"TestCaseFilter":null,"FilterOptions":null},"Package":null}}
TpTrace Verbose: 0 : 8208, 4, 2024/04/25, 16:28:23.744, 6241706664464, testhost.dll, TestPluginCache.DiscoverTestExtensions: finding test extensions in assemblies ends with: TestAdapter.dll TPluginInfo: Microsoft.VisualStudio.TestPlatform.Common.ExtensionFramework.Utilities.TestExecutorPluginInformation TExtension: Microsoft.VisualStudio.TestPlatform.ObjectModel.Adapter.ITestExecutor
TpTrace Verbose: 0 : 8208, 4, 2024/04/25, 16:28:23.746, 6241706680990, testhost.dll, TestPluginCache.GetExtensionPaths: Filtered extension paths: 
TpTrace Verbose: 0 : 8208, 4, 2024/04/25, 16:28:23.746, 6241706685069, testhost.dll, TestPluginCache.GetExtensionPaths: Added default extension paths: C:\Users\VC\codestack\GenSpark\day11\ShoppingSolution\ShoppingBLTets\bin\Debug\net6.0\fine-code-coverage\build-output\NUnit3.TestAdapter.dll
TpTrace Verbose: 0 : 8208, 4, 2024/04/25, 16:28:23.746, 6241706685496, testhost.dll, TestPluginCache.GetExtensionPaths: Added unfilterableExtensionPaths: 
TpTrace Information: 0 : 8208, 4, 2024/04/25, 16:28:23.748, 6241706705543, testhost.dll, AssemblyResolver.ctor: Creating AssemblyResolver with searchDirectories C:\Users\VC\codestack\GenSpark\day11\ShoppingSolution\ShoppingBLTets\bin\Debug\net6.0\fine-code-coverage\build-output
TpTrace Verbose: 0 : 8208, 4, 2024/04/25, 16:28:23.750, 6241706725608, testhost.dll, TestPluginCache.DiscoverTestExtensions: Discovering the extensions using extension path.
TpTrace Verbose: 0 : 8208, 4, 2024/04/25, 16:28:23.750, 6241706726656, testhost.dll, TestPluginCache.GetExtensionPaths: Filtered extension paths: 
TpTrace Verbose: 0 : 8208, 4, 2024/04/25, 16:28:23.750, 6241706727011, testhost.dll, TestPluginCache.GetExtensionPaths: Added default extension paths: C:\Users\VC\codestack\GenSpark\day11\ShoppingSolution\ShoppingBLTets\bin\Debug\net6.0\fine-code-coverage\build-output\NUnit3.TestAdapter.dll
TpTrace Verbose: 0 : 8208, 4, 2024/04/25, 16:28:23.750, 6241706727238, testhost.dll, TestPluginCache.GetExtensionPaths: Added unfilterableExtensionPaths: 
TpTrace Verbose: 0 : 8208, 4, 2024/04/25, 16:28:23.750, 6241706727616, testhost.dll, TestPluginCache.DiscoverTestExtensions: Discovering the extensions using allExtensionPaths: C:\Users\VC\codestack\GenSpark\day11\ShoppingSolution\ShoppingBLTets\bin\Debug\net6.0\fine-code-coverage\build-output\NUnit3.TestAdapter.dll
TpTrace Information: 0 : 8208, 4, 2024/04/25, 16:28:23.751, 6241706732938, testhost.dll, AssemblyResolver.AddSearchDirectories: Adding more searchDirectories C:\Users\VC\codestack\GenSpark\day11\ShoppingSolution\ShoppingBLTets\bin\Debug\net6.0\fine-code-coverage\build-output
TpTrace Information: 0 : 8208, 4, 2024/04/25, 16:28:23.755, 6241706777885, testhost.dll, AssemblyResolver.OnResolve: NUnit3.TestAdapter: Resolving assembly.
TpTrace Information: 0 : 8208, 4, 2024/04/25, 16:28:23.755, 6241706779849, testhost.dll, AssemblyResolver.OnResolve: NUnit3.TestAdapter: Searching in: 'C:\Users\VC\codestack\GenSpark\day11\ShoppingSolution\ShoppingBLTets\bin\Debug\net6.0\fine-code-coverage\build-output'.
TpTrace Information: 0 : 8208, 4, 2024/04/25, 16:28:23.757, 6241706792322, testhost.dll, AssemblyResolver.OnResolve: NUnit3.TestAdapter: Loading assembly 'C:\Users\VC\codestack\GenSpark\day11\ShoppingSolution\ShoppingBLTets\bin\Debug\net6.0\fine-code-coverage\build-output\NUnit3.TestAdapter.dll'.
TpTrace Information: 0 : 8208, 4, 2024/04/25, 16:28:23.759, 6241706812426, testhost.dll, AssemblyResolver.OnResolve: Resolved assembly: NUnit3.TestAdapter, from path: C:\Users\VC\codestack\GenSpark\day11\ShoppingSolution\ShoppingBLTets\bin\Debug\net6.0\fine-code-coverage\build-output\NUnit3.TestAdapter.dll
TpTrace Verbose: 0 : 8208, 9, 2024/04/25, 16:28:23.780, 6241707021220, testhost.dll, MulticastDelegateUtilities.SafeInvoke: LengthPrefixCommunicationChannel: MessageReceived: Invoking callback 1/1 for Microsoft.VisualStudio.TestPlatform.CommunicationUtilities.TestRequestHandler., took 36 ms.
TpTrace Verbose: 0 : 8208, 9, 2024/04/25, 16:28:23.780, 6241707022957, testhost.dll, TcpClientExtensions.MessageLoopAsync: Polling on remoteEndPoint: [::ffff:127.0.0.1]:49685 localEndPoint: [::ffff:127.0.0.1]:49686
TpTrace Verbose: 0 : 8208, 4, 2024/04/25, 16:28:23.784, 6241707065936, testhost.dll, MetadataReaderExtensionsHelper: Discovering extensions inside assembly 'NUnit3.TestAdapter, Version=4.4.0.0, Culture=neutral, PublicKeyToken=4cb40d35494691ac' file path 'C:\Users\VC\codestack\GenSpark\day11\ShoppingSolution\ShoppingBLTets\bin\Debug\net6.0\fine-code-coverage\build-output\NUnit3.TestAdapter.dll'
TpTrace Information: 0 : 8208, 4, 2024/04/25, 16:28:23.794, 6241707167240, testhost.dll, AssemblyResolver.OnResolve: nunit.engine.api: Resolving assembly.
TpTrace Information: 0 : 8208, 4, 2024/04/25, 16:28:23.794, 6241707170115, testhost.dll, AssemblyResolver.OnResolve: nunit.engine.api: Searching in: 'C:\Users\VC\codestack\GenSpark\day11\ShoppingSolution\ShoppingBLTets\bin\Debug\net6.0\fine-code-coverage\build-output'.
TpTrace Information: 0 : 8208, 4, 2024/04/25, 16:28:23.795, 6241707174584, testhost.dll, AssemblyResolver.OnResolve: nunit.engine.api: Loading assembly 'C:\Users\VC\codestack\GenSpark\day11\ShoppingSolution\ShoppingBLTets\bin\Debug\net6.0\fine-code-coverage\build-output\nunit.engine.api.dll'.
TpTrace Information: 0 : 8208, 4, 2024/04/25, 16:28:23.797, 6241707192468, testhost.dll, AssemblyResolver.OnResolve: Resolved assembly: nunit.engine.api, from path: C:\Users\VC\codestack\GenSpark\day11\ShoppingSolution\ShoppingBLTets\bin\Debug\net6.0\fine-code-coverage\build-output\nunit.engine.api.dll
TpTrace Information: 0 : 8208, 4, 2024/04/25, 16:28:23.801, 6241707234966, testhost.dll, GetTestExtensionFromType: Register extension with identifier data 'executor://NUnit3TestExecutor' and type 'NUnit.VisualStudio.TestAdapter.NUnit3TestExecutor, NUnit3.TestAdapter, Version=4.4.0.0, Culture=neutral, PublicKeyToken=4cb40d35494691ac' inside file 'C:\Users\VC\codestack\GenSpark\day11\ShoppingSolution\ShoppingBLTets\bin\Debug\net6.0\fine-code-coverage\build-output\NUnit3.TestAdapter.dll'
TpTrace Verbose: 0 : 8208, 4, 2024/04/25, 16:28:23.804, 6241707261501, testhost.dll, TestPluginCache: Discovered the extensions using extension path ''.
TpTrace Verbose: 0 : 8208, 4, 2024/04/25, 16:28:23.804, 6241707268129, testhost.dll, TestPluginCache: Discoverers are ''.
TpTrace Verbose: 0 : 8208, 4, 2024/04/25, 16:28:23.804, 6241707269096, testhost.dll, TestPluginCache: Executors are 'executor://NUnit3TestExecutor'.
TpTrace Verbose: 0 : 8208, 4, 2024/04/25, 16:28:23.804, 6241707269689, testhost.dll, TestPluginCache: Executors2 are ''.
TpTrace Verbose: 0 : 8208, 4, 2024/04/25, 16:28:23.804, 6241707270211, testhost.dll, TestPluginCache: Setting providers are ''.
TpTrace Verbose: 0 : 8208, 4, 2024/04/25, 16:28:23.805, 6241707270761, testhost.dll, TestPluginCache: Loggers are ''.
TpTrace Verbose: 0 : 8208, 4, 2024/04/25, 16:28:23.805, 6241707271327, testhost.dll, TestPluginCache: TestHosts are ''.
TpTrace Verbose: 0 : 8208, 4, 2024/04/25, 16:28:23.805, 6241707271790, testhost.dll, TestPluginCache: DataCollectors are ''.
TpTrace Verbose: 0 : 8208, 4, 2024/04/25, 16:28:23.808, 6241707305217, testhost.dll, TestPluginCache.DiscoverTestExtensions: finding test extensions in assemblies ends with: TestAdapter.dll TPluginInfo: Microsoft.VisualStudio.TestPlatform.Common.ExtensionFramework.Utilities.TestExecutorPluginInformation2 TExtension: Microsoft.VisualStudio.TestPlatform.ObjectModel.Adapter.ITestExecutor2
TpTrace Verbose: 0 : 8208, 4, 2024/04/25, 16:28:23.808, 6241707309917, testhost.dll, TestPluginCache.GetExtensionPaths: Filtered extension paths: 
TpTrace Verbose: 0 : 8208, 4, 2024/04/25, 16:28:23.809, 6241707310577, testhost.dll, TestPluginCache.GetExtensionPaths: Added default extension paths: C:\Users\VC\codestack\GenSpark\day11\ShoppingSolution\ShoppingBLTets\bin\Debug\net6.0\fine-code-coverage\build-output\NUnit3.TestAdapter.dll
TpTrace Verbose: 0 : 8208, 4, 2024/04/25, 16:28:23.809, 6241707310903, testhost.dll, TestPluginCache.GetExtensionPaths: Added unfilterableExtensionPaths: 
TpTrace Information: 0 : 8208, 4, 2024/04/25, 16:28:23.809, 6241707312778, testhost.dll, AssemblyResolver.AddSearchDirectories: Adding more searchDirectories C:\Users\VC\codestack\GenSpark\day11\ShoppingSolution\ShoppingBLTets\bin\Debug\net6.0\fine-code-coverage\build-output
TpTrace Verbose: 0 : 8208, 4, 2024/04/25, 16:28:23.809, 6241707313310, testhost.dll, TestPluginCache.DiscoverTestExtensions: Discovering the extensions using extension path.
TpTrace Verbose: 0 : 8208, 4, 2024/04/25, 16:28:23.809, 6241707313635, testhost.dll, TestPluginCache.GetExtensionPaths: Filtered extension paths: 
TpTrace Verbose: 0 : 8208, 4, 2024/04/25, 16:28:23.809, 6241707313931, testhost.dll, TestPluginCache.GetExtensionPaths: Added default extension paths: C:\Users\VC\codestack\GenSpark\day11\ShoppingSolution\ShoppingBLTets\bin\Debug\net6.0\fine-code-coverage\build-output\NUnit3.TestAdapter.dll
TpTrace Verbose: 0 : 8208, 4, 2024/04/25, 16:28:23.809, 6241707315412, testhost.dll, TestPluginCache.GetExtensionPaths: Added unfilterableExtensionPaths: 
TpTrace Verbose: 0 : 8208, 4, 2024/04/25, 16:28:23.809, 6241707315769, testhost.dll, TestPluginCache.DiscoverTestExtensions: Discovering the extensions using allExtensionPaths: C:\Users\VC\codestack\GenSpark\day11\ShoppingSolution\ShoppingBLTets\bin\Debug\net6.0\fine-code-coverage\build-output\NUnit3.TestAdapter.dll
TpTrace Information: 0 : 8208, 4, 2024/04/25, 16:28:23.809, 6241707316325, testhost.dll, AssemblyResolver.AddSearchDirectories: Adding more searchDirectories C:\Users\VC\codestack\GenSpark\day11\ShoppingSolution\ShoppingBLTets\bin\Debug\net6.0\fine-code-coverage\build-output
TpTrace Verbose: 0 : 8208, 4, 2024/04/25, 16:28:23.809, 6241707317771, testhost.dll, MetadataReaderExtensionsHelper: Discovering extensions inside assembly 'NUnit3.TestAdapter, Version=4.4.0.0, Culture=neutral, PublicKeyToken=4cb40d35494691ac' file path 'C:\Users\VC\codestack\GenSpark\day11\ShoppingSolution\ShoppingBLTets\bin\Debug\net6.0\fine-code-coverage\build-output\NUnit3.TestAdapter.dll'
TpTrace Verbose: 0 : 8208, 4, 2024/04/25, 16:28:23.810, 6241707327317, testhost.dll, TestPluginCache: Discovered the extensions using extension path ''.
TpTrace Verbose: 0 : 8208, 4, 2024/04/25, 16:28:23.810, 6241707328333, testhost.dll, TestPluginCache: Discoverers are ''.
TpTrace Verbose: 0 : 8208, 4, 2024/04/25, 16:28:23.810, 6241707329343, testhost.dll, TestPluginCache: Executors are 'executor://NUnit3TestExecutor'.
TpTrace Verbose: 0 : 8208, 4, 2024/04/25, 16:28:23.811, 6241707330732, testhost.dll, TestPluginCache: Executors2 are ''.
TpTrace Verbose: 0 : 8208, 4, 2024/04/25, 16:28:23.811, 6241707331065, testhost.dll, TestPluginCache: Setting providers are ''.
TpTrace Verbose: 0 : 8208, 4, 2024/04/25, 16:28:23.811, 6241707331423, testhost.dll, TestPluginCache: Loggers are ''.
TpTrace Verbose: 0 : 8208, 4, 2024/04/25, 16:28:23.811, 6241707331713, testhost.dll, TestPluginCache: TestHosts are ''.
TpTrace Verbose: 0 : 8208, 4, 2024/04/25, 16:28:23.811, 6241707331998, testhost.dll, TestPluginCache: DataCollectors are ''.
TpTrace Information: 0 : 8208, 4, 2024/04/25, 16:28:23.819, 6241707415435, testhost.dll, TestPluginManager.CreateTestExtension: Attempting to load test extension: NUnit.VisualStudio.TestAdapter.NUnit3TestExecutor
TpTrace Verbose: 0 : 8208, 4, 2024/04/25, 16:28:23.821, 6241707431652, testhost.dll, TestExecutorExtensionManager: Loading executor Microsoft.VisualStudio.TestPlatform.Common.ExtensionDecorators.SerialTestRunDecorator
TpTrace Verbose: 0 : 8208, 4, 2024/04/25, 16:28:23.821, 6241707433359, testhost.dll, TestExecutorService: Loaded the executors
TpTrace Verbose: 0 : 8208, 4, 2024/04/25, 16:28:23.822, 6241707450344, testhost.dll, TestPluginCache.DiscoverTestExtensions: finding test extensions in assemblies ends with: TestAdapter.dll TPluginInfo: Microsoft.VisualStudio.TestPlatform.Common.ExtensionFramework.Utilities.TestSettingsProviderPluginInformation TExtension: Microsoft.VisualStudio.TestPlatform.ObjectModel.Adapter.ISettingsProvider
TpTrace Verbose: 0 : 8208, 4, 2024/04/25, 16:28:23.823, 6241707452627, testhost.dll, TestPluginCache.GetExtensionPaths: Filtered extension paths: 
TpTrace Verbose: 0 : 8208, 4, 2024/04/25, 16:28:23.823, 6241707453671, testhost.dll, TestPluginCache.GetExtensionPaths: Added default extension paths: C:\Users\VC\codestack\GenSpark\day11\ShoppingSolution\ShoppingBLTets\bin\Debug\net6.0\fine-code-coverage\build-output\NUnit3.TestAdapter.dll
TpTrace Verbose: 0 : 8208, 4, 2024/04/25, 16:28:23.823, 6241707454143, testhost.dll, TestPluginCache.GetExtensionPaths: Added unfilterableExtensionPaths: 
TpTrace Information: 0 : 8208, 4, 2024/04/25, 16:28:23.823, 6241707456703, testhost.dll, AssemblyResolver.AddSearchDirectories: Adding more searchDirectories C:\Users\VC\codestack\GenSpark\day11\ShoppingSolution\ShoppingBLTets\bin\Debug\net6.0\fine-code-coverage\build-output
TpTrace Verbose: 0 : 8208, 4, 2024/04/25, 16:28:23.823, 6241707457548, testhost.dll, TestPluginCache.DiscoverTestExtensions: Discovering the extensions using extension path.
TpTrace Verbose: 0 : 8208, 4, 2024/04/25, 16:28:23.823, 6241707458018, testhost.dll, TestPluginCache.GetExtensionPaths: Filtered extension paths: 
TpTrace Verbose: 0 : 8208, 4, 2024/04/25, 16:28:23.823, 6241707458952, testhost.dll, TestPluginCache.GetExtensionPaths: Added default extension paths: C:\Users\VC\codestack\GenSpark\day11\ShoppingSolution\ShoppingBLTets\bin\Debug\net6.0\fine-code-coverage\build-output\NUnit3.TestAdapter.dll
TpTrace Verbose: 0 : 8208, 4, 2024/04/25, 16:28:23.823, 6241707459458, testhost.dll, TestPluginCache.GetExtensionPaths: Added unfilterableExtensionPaths: 
TpTrace Verbose: 0 : 8208, 4, 2024/04/25, 16:28:23.823, 6241707459971, testhost.dll, TestPluginCache.DiscoverTestExtensions: Discovering the extensions using allExtensionPaths: C:\Users\VC\codestack\GenSpark\day11\ShoppingSolution\ShoppingBLTets\bin\Debug\net6.0\fine-code-coverage\build-output\NUnit3.TestAdapter.dll
TpTrace Information: 0 : 8208, 4, 2024/04/25, 16:28:23.824, 6241707460764, testhost.dll, AssemblyResolver.AddSearchDirectories: Adding more searchDirectories C:\Users\VC\codestack\GenSpark\day11\ShoppingSolution\ShoppingBLTets\bin\Debug\net6.0\fine-code-coverage\build-output
TpTrace Verbose: 0 : 8208, 4, 2024/04/25, 16:28:23.824, 6241707462221, testhost.dll, MetadataReaderExtensionsHelper: Discovering extensions inside assembly 'NUnit3.TestAdapter, Version=4.4.0.0, Culture=neutral, PublicKeyToken=4cb40d35494691ac' file path 'C:\Users\VC\codestack\GenSpark\day11\ShoppingSolution\ShoppingBLTets\bin\Debug\net6.0\fine-code-coverage\build-output\NUnit3.TestAdapter.dll'
TpTrace Verbose: 0 : 8208, 4, 2024/04/25, 16:28:23.825, 6241707472721, testhost.dll, TestPluginCache: Discovered the extensions using extension path ''.
TpTrace Verbose: 0 : 8208, 4, 2024/04/25, 16:28:23.825, 6241707473525, testhost.dll, TestPluginCache: Discoverers are ''.
TpTrace Verbose: 0 : 8208, 4, 2024/04/25, 16:28:23.825, 6241707473877, testhost.dll, TestPluginCache: Executors are 'executor://NUnit3TestExecutor'.
TpTrace Verbose: 0 : 8208, 4, 2024/04/25, 16:28:23.825, 6241707474289, testhost.dll, TestPluginCache: Executors2 are ''.
TpTrace Verbose: 0 : 8208, 4, 2024/04/25, 16:28:23.825, 6241707474729, testhost.dll, TestPluginCache: Setting providers are ''.
TpTrace Verbose: 0 : 8208, 4, 2024/04/25, 16:28:23.825, 6241707475172, testhost.dll, TestPluginCache: Loggers are ''.
TpTrace Verbose: 0 : 8208, 4, 2024/04/25, 16:28:23.825, 6241707475509, testhost.dll, TestPluginCache: TestHosts are ''.
TpTrace Verbose: 0 : 8208, 4, 2024/04/25, 16:28:23.825, 6241707475819, testhost.dll, TestPluginCache: DataCollectors are ''.
TpTrace Verbose: 0 : 8208, 4, 2024/04/25, 16:28:23.826, 6241707486646, testhost.dll, TestExecutorService: Loaded the settings providers
TpTrace Information: 0 : 8208, 4, 2024/04/25, 16:28:23.826, 6241707487522, testhost.dll, TestExecutorService: Loaded the extensions
TpTrace Information: 0 : 8208, 4, 2024/04/25, 16:28:23.827, 6241707493406, testhost.dll, TestRequestHandler.OnMessageReceived: Running job 'TestExecution.StartWithSources'.
TpTrace Verbose: 0 : 8208, 4, 2024/04/25, 16:28:23.904, 6241708260805, testhost.dll, MulticastDelegateUtilities.SafeInvoke: TestCaseEventsHandler.RaiseSessionStart: Invoking callbacks was skipped because there are no subscribers.
TpTrace Information: 0 : 8208, 4, 2024/04/25, 16:28:23.907, 6241708296578, testhost.dll, TestDiscoveryManager: Discovering tests from sources C:\Users\VC\codestack\GenSpark\day11\ShoppingSolution\ShoppingBLTets\bin\Debug\net6.0\fine-code-coverage\build-output\ShoppingBLTets.dll
TpTrace Verbose: 0 : 8208, 4, 2024/04/25, 16:28:23.910, 6241708329688, testhost.dll, TestPluginCache.DiscoverTestExtensions: finding test extensions in assemblies ends with: TestAdapter.dll TPluginInfo: Microsoft.VisualStudio.TestPlatform.Common.ExtensionFramework.Utilities.TestDiscovererPluginInformation TExtension: Microsoft.VisualStudio.TestPlatform.ObjectModel.Adapter.ITestDiscoverer
TpTrace Verbose: 0 : 8208, 4, 2024/04/25, 16:28:23.911, 6241708331249, testhost.dll, TestPluginCache.GetExtensionPaths: Filtered extension paths: 
TpTrace Verbose: 0 : 8208, 4, 2024/04/25, 16:28:23.911, 6241708331623, testhost.dll, TestPluginCache.GetExtensionPaths: Added default extension paths: C:\Users\VC\codestack\GenSpark\day11\ShoppingSolution\ShoppingBLTets\bin\Debug\net6.0\fine-code-coverage\build-output\NUnit3.TestAdapter.dll
TpTrace Verbose: 0 : 8208, 4, 2024/04/25, 16:28:23.911, 6241708331865, testhost.dll, TestPluginCache.GetExtensionPaths: Added unfilterableExtensionPaths: 
TpTrace Information: 0 : 8208, 4, 2024/04/25, 16:28:23.911, 6241708333752, testhost.dll, AssemblyResolver.AddSearchDirectories: Adding more searchDirectories C:\Users\VC\codestack\GenSpark\day11\ShoppingSolution\ShoppingBLTets\bin\Debug\net6.0\fine-code-coverage\build-output
TpTrace Verbose: 0 : 8208, 4, 2024/04/25, 16:28:23.911, 6241708334110, testhost.dll, TestPluginCache.DiscoverTestExtensions: Discovering the extensions using extension path.
TpTrace Verbose: 0 : 8208, 4, 2024/04/25, 16:28:23.911, 6241708334360, testhost.dll, TestPluginCache.GetExtensionPaths: Filtered extension paths: 
TpTrace Verbose: 0 : 8208, 4, 2024/04/25, 16:28:23.911, 6241708334583, testhost.dll, TestPluginCache.GetExtensionPaths: Added default extension paths: C:\Users\VC\codestack\GenSpark\day11\ShoppingSolution\ShoppingBLTets\bin\Debug\net6.0\fine-code-coverage\build-output\NUnit3.TestAdapter.dll
TpTrace Verbose: 0 : 8208, 4, 2024/04/25, 16:28:23.911, 6241708334811, testhost.dll, TestPluginCache.GetExtensionPaths: Added unfilterableExtensionPaths: 
TpTrace Verbose: 0 : 8208, 4, 2024/04/25, 16:28:23.911, 6241708335156, testhost.dll, TestPluginCache.DiscoverTestExtensions: Discovering the extensions using allExtensionPaths: C:\Users\VC\codestack\GenSpark\day11\ShoppingSolution\ShoppingBLTets\bin\Debug\net6.0\fine-code-coverage\build-output\NUnit3.TestAdapter.dll
TpTrace Information: 0 : 8208, 4, 2024/04/25, 16:28:23.911, 6241708335498, testhost.dll, AssemblyResolver.AddSearchDirectories: Adding more searchDirectories C:\Users\VC\codestack\GenSpark\day11\ShoppingSolution\ShoppingBLTets\bin\Debug\net6.0\fine-code-coverage\build-output
TpTrace Verbose: 0 : 8208, 4, 2024/04/25, 16:28:23.911, 6241708336093, testhost.dll, MetadataReaderExtensionsHelper: Discovering extensions inside assembly 'NUnit3.TestAdapter, Version=4.4.0.0, Culture=neutral, PublicKeyToken=4cb40d35494691ac' file path 'C:\Users\VC\codestack\GenSpark\day11\ShoppingSolution\ShoppingBLTets\bin\Debug\net6.0\fine-code-coverage\build-output\NUnit3.TestAdapter.dll'
TpTrace Information: 0 : 8208, 4, 2024/04/25, 16:28:23.915, 6241708380178, testhost.dll, GetTestExtensionFromType: Register extension with identifier data 'NUnit.VisualStudio.TestAdapter.NUnit3TestDiscoverer, NUnit3.TestAdapter, Version=4.4.0.0, Culture=neutral, PublicKeyToken=4cb40d35494691ac' and type 'NUnit.VisualStudio.TestAdapter.NUnit3TestDiscoverer, NUnit3.TestAdapter, Version=4.4.0.0, Culture=neutral, PublicKeyToken=4cb40d35494691ac' inside file 'C:\Users\VC\codestack\GenSpark\day11\ShoppingSolution\ShoppingBLTets\bin\Debug\net6.0\fine-code-coverage\build-output\NUnit3.TestAdapter.dll'
TpTrace Verbose: 0 : 8208, 4, 2024/04/25, 16:28:23.916, 6241708384353, testhost.dll, TestPluginCache: Discovered the extensions using extension path ''.
TpTrace Verbose: 0 : 8208, 4, 2024/04/25, 16:28:23.916, 6241708386003, testhost.dll, TestPluginCache: Discoverers are 'NUnit.VisualStudio.TestAdapter.NUnit3TestDiscoverer, NUnit3.TestAdapter, Version=4.4.0.0, Culture=neutral, PublicKeyToken=4cb40d35494691ac'.
TpTrace Verbose: 0 : 8208, 4, 2024/04/25, 16:28:23.916, 6241708387027, testhost.dll, TestPluginCache: Executors are 'executor://NUnit3TestExecutor'.
TpTrace Verbose: 0 : 8208, 4, 2024/04/25, 16:28:23.916, 6241708387417, testhost.dll, TestPluginCache: Executors2 are ''.
TpTrace Verbose: 0 : 8208, 4, 2024/04/25, 16:28:23.916, 6241708388353, testhost.dll, TestPluginCache: Setting providers are ''.
TpTrace Verbose: 0 : 8208, 4, 2024/04/25, 16:28:23.916, 6241708388767, testhost.dll, TestPluginCache: Loggers are ''.
TpTrace Verbose: 0 : 8208, 4, 2024/04/25, 16:28:23.916, 6241708389562, testhost.dll, TestPluginCache: TestHosts are ''.
TpTrace Verbose: 0 : 8208, 4, 2024/04/25, 16:28:23.916, 6241708389889, testhost.dll, TestPluginCache: DataCollectors are ''.
TpTrace Information: 0 : 8208, 4, 2024/04/25, 16:28:23.923, 6241708458112, testhost.dll, PEReaderHelper.GetAssemblyType: Determined assemblyType:'Managed' for source: 'C:\Users\VC\codestack\GenSpark\day11\ShoppingSolution\ShoppingBLTets\bin\Debug\net6.0\fine-code-coverage\build-output\ShoppingBLTets.dll'
TpTrace Verbose: 0 : 8208, 4, 2024/04/25, 16:28:23.931, 6241708535331, testhost.dll, BaseRunTests.RunTestInternalWithExecutors: Running tests for executor://NUnit3TestExecutor
TpTrace Information: 0 : 8208, 4, 2024/04/25, 16:28:23.938, 6241708609243, testhost.dll, AssemblyResolver.OnResolve: nunit.engine: Resolving assembly.
TpTrace Information: 0 : 8208, 4, 2024/04/25, 16:28:23.939, 6241708610499, testhost.dll, AssemblyResolver.OnResolve: nunit.engine: Searching in: 'C:\Users\VC\codestack\GenSpark\day11\ShoppingSolution\ShoppingBLTets\bin\Debug\net6.0\fine-code-coverage\build-output'.
TpTrace Information: 0 : 8208, 4, 2024/04/25, 16:28:23.939, 6241708613131, testhost.dll, AssemblyResolver.OnResolve: nunit.engine: Loading assembly 'C:\Users\VC\codestack\GenSpark\day11\ShoppingSolution\ShoppingBLTets\bin\Debug\net6.0\fine-code-coverage\build-output\nunit.engine.dll'.
TpTrace Information: 0 : 8208, 4, 2024/04/25, 16:28:23.940, 6241708628464, testhost.dll, AssemblyResolver.OnResolve: Resolved assembly: nunit.engine, from path: C:\Users\VC\codestack\GenSpark\day11\ShoppingSolution\ShoppingBLTets\bin\Debug\net6.0\fine-code-coverage\build-output\nunit.engine.dll
TpTrace Information: 0 : 8208, 4, 2024/04/25, 16:28:23.940, 6241708629976, testhost.dll, AssemblyResolver.OnResolve: nunit.engine.core: Resolving assembly.
TpTrace Information: 0 : 8208, 4, 2024/04/25, 16:28:23.941, 6241708630518, testhost.dll, AssemblyResolver.OnResolve: nunit.engine.core: Searching in: 'C:\Users\VC\codestack\GenSpark\day11\ShoppingSolution\ShoppingBLTets\bin\Debug\net6.0\fine-code-coverage\build-output'.
TpTrace Information: 0 : 8208, 4, 2024/04/25, 16:28:23.941, 6241708632993, testhost.dll, AssemblyResolver.OnResolve: nunit.engine.core: Loading assembly 'C:\Users\VC\codestack\GenSpark\day11\ShoppingSolution\ShoppingBLTets\bin\Debug\net6.0\fine-code-coverage\build-output\nunit.engine.core.dll'.
TpTrace Information: 0 : 8208, 4, 2024/04/25, 16:28:23.942, 6241708643653, testhost.dll, AssemblyResolver.OnResolve: Resolved assembly: nunit.engine.core, from path: C:\Users\VC\codestack\GenSpark\day11\ShoppingSolution\ShoppingBLTets\bin\Debug\net6.0\fine-code-coverage\build-output\nunit.engine.core.dll
TpTrace Information: 0 : 8208, 4, 2024/04/25, 16:28:23.963, 6241708858312, testhost.dll, NUnit Adapter 4.4.0.0: Test execution started
TpTrace Verbose: 0 : 8208, 4, 2024/04/25, 16:28:23.964, 6241708860890, testhost.dll, TestRequestHandler.SendData: sending data from testhost: {"Version":7,"MessageType":"TestSession.Message","Payload":{"MessageLevel":0,"Message":"NUnit Adapter 4.4.0.0: Test execution started"}}
TpTrace Verbose: 0 : 8208, 4, 2024/04/25, 16:28:23.964, 6241708863627, testhost.dll, MulticastDelegateUtilities.SafeInvoke: TestRunMessageLoggerProxy.SendMessage: Invoking callback 1/1 for Microsoft.VisualStudio.TestPlatform.CrossPlatEngine.Execution.RunTestsWithSources., took 0 ms.
TpTrace Information: 0 : 8208, 4, 2024/04/25, 16:28:24.000, 6241709227802, testhost.dll, Running all tests in C:\Users\VC\codestack\GenSpark\day11\ShoppingSolution\ShoppingBLTets\bin\Debug\net6.0\fine-code-coverage\build-output\ShoppingBLTets.dll
TpTrace Verbose: 0 : 8208, 4, 2024/04/25, 16:28:24.000, 6241709229597, testhost.dll, TestRequestHandler.SendData: sending data from testhost: {"Version":7,"MessageType":"TestSession.Message","Payload":{"MessageLevel":0,"Message":"Running all tests in C:\\Users\\VC\\codestack\\GenSpark\\day11\\ShoppingSolution\\ShoppingBLTets\\bin\\Debug\\net6.0\\fine-code-coverage\\build-output\\ShoppingBLTets.dll"}}
TpTrace Verbose: 0 : 8208, 4, 2024/04/25, 16:28:24.001, 6241709230789, testhost.dll, MulticastDelegateUtilities.SafeInvoke: TestRunMessageLoggerProxy.SendMessage: Invoking callback 1/1 for Microsoft.VisualStudio.TestPlatform.CrossPlatEngine.Execution.RunTestsWithSources., took 0 ms.
TpTrace Information: 0 : 8208, 4, 2024/04/25, 16:28:24.011, 6241709337184, testhost.dll, AssemblyResolver.OnResolve: testcentric.engine.metadata: Resolving assembly.
TpTrace Information: 0 : 8208, 4, 2024/04/25, 16:28:24.011, 6241709339115, testhost.dll, AssemblyResolver.OnResolve: testcentric.engine.metadata: Searching in: 'C:\Users\VC\codestack\GenSpark\day11\ShoppingSolution\ShoppingBLTets\bin\Debug\net6.0\fine-code-coverage\build-output'.
TpTrace Information: 0 : 8208, 4, 2024/04/25, 16:28:24.012, 6241709344005, testhost.dll, AssemblyResolver.OnResolve: testcentric.engine.metadata: Loading assembly 'C:\Users\VC\codestack\GenSpark\day11\ShoppingSolution\ShoppingBLTets\bin\Debug\net6.0\fine-code-coverage\build-output\testcentric.engine.metadata.dll'.
TpTrace Information: 0 : 8208, 4, 2024/04/25, 16:28:24.015, 6241709373132, testhost.dll, AssemblyResolver.OnResolve: Resolved assembly: testcentric.engine.metadata, from path: C:\Users\VC\codestack\GenSpark\day11\ShoppingSolution\ShoppingBLTets\bin\Debug\net6.0\fine-code-coverage\build-output\testcentric.engine.metadata.dll
TpTrace Information: 0 : 8208, 4, 2024/04/25, 16:28:24.159, 6241710819444, testhost.dll,    NUnit3TestExecutor discovered 4 of 4 NUnit test cases using Current Discovery mode, Non-Explicit run
TpTrace Verbose: 0 : 8208, 4, 2024/04/25, 16:28:24.160, 6241710821189, testhost.dll, TestRequestHandler.SendData: sending data from testhost: {"Version":7,"MessageType":"TestSession.Message","Payload":{"MessageLevel":0,"Message":"   NUnit3TestExecutor discovered 4 of 4 NUnit test cases using Current Discovery mode, Non-Explicit run"}}
TpTrace Verbose: 0 : 8208, 4, 2024/04/25, 16:28:24.160, 6241710822400, testhost.dll, MulticastDelegateUtilities.SafeInvoke: TestRunMessageLoggerProxy.SendMessage: Invoking callback 1/1 for Microsoft.VisualStudio.TestPlatform.CrossPlatEngine.Execution.RunTestsWithSources., took 0 ms.
TpTrace Verbose: 0 : 8208, 14, 2024/04/25, 16:28:24.196, 6241711186694, testhost.dll, TestExecutionRecorder.RecordStart: Starting test: ShoppingBLTets.CustomerBLTest.AddCustomerTest.
TpTrace Verbose: 0 : 8208, 14, 2024/04/25, 16:28:24.243, 6241711657634, testhost.dll, MulticastDelegateUtilities.SafeInvoke: TestCaseEventsHandler.RaiseTestCaseStart: Invoking callback 1/1 for Microsoft.VisualStudio.TestPlatform.CrossPlatEngine.DataCollection.ProxyOutOfProcDataCollectionManager., took 36 ms.
TpTrace Verbose: 0 : 8208, 14, 2024/04/25, 16:28:24.252, 6241711741232, testhost.dll, TestExecutionRecorder.RecordEnd: test: ShoppingBLTets.CustomerBLTest.AddCustomerTest execution completed.
TpTrace Verbose: 0 : 8208, 14, 2024/04/25, 16:28:24.267, 6241711897585, testhost.dll, MulticastDelegateUtilities.SafeInvoke: TestCaseEventsHandler.RaiseTestCaseEnd: Invoking callback 1/1 for Microsoft.VisualStudio.TestPlatform.CrossPlatEngine.DataCollection.ProxyOutOfProcDataCollectionManager., took 14 ms.
TpTrace Verbose: 0 : 8208, 14, 2024/04/25, 16:28:24.268, 6241711908037, testhost.dll, TestExecutionRecorder.RecordResult: Received result for test: ShoppingBLTets.CustomerBLTest.AddCustomerTest.
TpTrace Verbose: 0 : 8208, 14, 2024/04/25, 16:28:24.270, 6241711925039, testhost.dll, MulticastDelegateUtilities.SafeInvoke: TestCaseEventsHandler.RaiseTestCaseEnd: Invoking callback 1/1 for Microsoft.VisualStudio.TestPlatform.CrossPlatEngine.DataCollection.ProxyOutOfProcDataCollectionManager., took 1 ms.
TpTrace Warning: 0 : 8208, 14, 2024/04/25, 16:28:24.273, 6241711952077, testhost.dll, TestRunCache: InProgressTests is null
TpTrace Warning: 0 : 8208, 14, 2024/04/25, 16:28:24.273, 6241711954248, testhost.dll, TestRunCache: No test found corresponding to testResult 'AddCustomerTest' in inProgress list.
TpTrace Verbose: 0 : 8208, 14, 2024/04/25, 16:28:24.278, 6241712005224, testhost.dll, TestExecutionRecorder.RecordStart: Starting test: ShoppingBLTets.CustomerBLTest.DeleteCustomerTest.
TpTrace Verbose: 0 : 8208, 14, 2024/04/25, 16:28:24.280, 6241712027856, testhost.dll, MulticastDelegateUtilities.SafeInvoke: TestCaseEventsHandler.RaiseTestCaseStart: Invoking callback 1/1 for Microsoft.VisualStudio.TestPlatform.CrossPlatEngine.DataCollection.ProxyOutOfProcDataCollectionManager., took 1 ms.
TpTrace Verbose: 0 : 8208, 14, 2024/04/25, 16:28:24.281, 6241712031353, testhost.dll, TestExecutionRecorder.RecordEnd: test: ShoppingBLTets.CustomerBLTest.DeleteCustomerTest execution completed.
TpTrace Verbose: 0 : 8208, 14, 2024/04/25, 16:28:24.282, 6241712048290, testhost.dll, MulticastDelegateUtilities.SafeInvoke: TestCaseEventsHandler.RaiseTestCaseEnd: Invoking callback 1/1 for Microsoft.VisualStudio.TestPlatform.CrossPlatEngine.DataCollection.ProxyOutOfProcDataCollectionManager., took 1 ms.
TpTrace Verbose: 0 : 8208, 14, 2024/04/25, 16:28:24.282, 6241712049300, testhost.dll, TestExecutionRecorder.RecordResult: Received result for test: ShoppingBLTets.CustomerBLTest.DeleteCustomerTest.
TpTrace Verbose: 0 : 8208, 14, 2024/04/25, 16:28:24.283, 6241712051497, testhost.dll, MulticastDelegateUtilities.SafeInvoke: TestCaseEventsHandler.RaiseTestCaseEnd: Invoking callback 1/1 for Microsoft.VisualStudio.TestPlatform.CrossPlatEngine.DataCollection.ProxyOutOfProcDataCollectionManager., took 0 ms.
TpTrace Warning: 0 : 8208, 14, 2024/04/25, 16:28:24.283, 6241712052962, testhost.dll, TestRunCache: InProgressTests is null
TpTrace Warning: 0 : 8208, 14, 2024/04/25, 16:28:24.283, 6241712053744, testhost.dll, TestRunCache: No test found corresponding to testResult 'DeleteCustomerTest' in inProgress list.
TpTrace Verbose: 0 : 8208, 14, 2024/04/25, 16:28:24.283, 6241712056336, testhost.dll, TestExecutionRecorder.RecordStart: Starting test: ShoppingBLTets.CustomerBLTest.GetCustomerTest.
TpTrace Verbose: 0 : 8208, 14, 2024/04/25, 16:28:24.285, 6241712072638, testhost.dll, MulticastDelegateUtilities.SafeInvoke: TestCaseEventsHandler.RaiseTestCaseStart: Invoking callback 1/1 for Microsoft.VisualStudio.TestPlatform.CrossPlatEngine.DataCollection.ProxyOutOfProcDataCollectionManager., took 1 ms.
TpTrace Verbose: 0 : 8208, 14, 2024/04/25, 16:28:24.285, 6241712076281, testhost.dll, TestExecutionRecorder.RecordEnd: test: ShoppingBLTets.CustomerBLTest.GetCustomerTest execution completed.
TpTrace Verbose: 0 : 8208, 14, 2024/04/25, 16:28:24.287, 6241712091216, testhost.dll, MulticastDelegateUtilities.SafeInvoke: TestCaseEventsHandler.RaiseTestCaseEnd: Invoking callback 1/1 for Microsoft.VisualStudio.TestPlatform.CrossPlatEngine.DataCollection.ProxyOutOfProcDataCollectionManager., took 1 ms.
TpTrace Verbose: 0 : 8208, 14, 2024/04/25, 16:28:24.287, 6241712091931, testhost.dll, TestExecutionRecorder.RecordResult: Received result for test: ShoppingBLTets.CustomerBLTest.GetCustomerTest.
TpTrace Verbose: 0 : 8208, 14, 2024/04/25, 16:28:24.287, 6241712092294, testhost.dll, MulticastDelegateUtilities.SafeInvoke: TestCaseEventsHandler.RaiseTestCaseEnd: Invoking callback 1/1 for Microsoft.VisualStudio.TestPlatform.CrossPlatEngine.DataCollection.ProxyOutOfProcDataCollectionManager., took 0 ms.
TpTrace Warning: 0 : 8208, 14, 2024/04/25, 16:28:24.287, 6241712092630, testhost.dll, TestRunCache: InProgressTests is null
TpTrace Warning: 0 : 8208, 14, 2024/04/25, 16:28:24.287, 6241712092878, testhost.dll, TestRunCache: No test found corresponding to testResult 'GetCustomerTest' in inProgress list.
TpTrace Verbose: 0 : 8208, 14, 2024/04/25, 16:28:24.287, 6241712093757, testhost.dll, TestExecutionRecorder.RecordStart: Starting test: ShoppingBLTets.CustomerBLTest.UpdateCustomerTest.
TpTrace Verbose: 0 : 8208, 14, 2024/04/25, 16:28:24.288, 6241712108668, testhost.dll, MulticastDelegateUtilities.SafeInvoke: TestCaseEventsHandler.RaiseTestCaseStart: Invoking callback 1/1 for Microsoft.VisualStudio.TestPlatform.CrossPlatEngine.DataCollection.ProxyOutOfProcDataCollectionManager., took 1 ms.
TpTrace Verbose: 0 : 8208, 14, 2024/04/25, 16:28:24.289, 6241712110840, testhost.dll, TestExecutionRecorder.RecordEnd: test: ShoppingBLTets.CustomerBLTest.UpdateCustomerTest execution completed.
TpTrace Verbose: 0 : 8208, 14, 2024/04/25, 16:28:24.290, 6241712121344, testhost.dll, MulticastDelegateUtilities.SafeInvoke: TestCaseEventsHandler.RaiseTestCaseEnd: Invoking callback 1/1 for Microsoft.VisualStudio.TestPlatform.CrossPlatEngine.DataCollection.ProxyOutOfProcDataCollectionManager., took 1 ms.
TpTrace Verbose: 0 : 8208, 14, 2024/04/25, 16:28:24.290, 6241712121763, testhost.dll, TestExecutionRecorder.RecordResult: Received result for test: ShoppingBLTets.CustomerBLTest.UpdateCustomerTest.
TpTrace Verbose: 0 : 8208, 14, 2024/04/25, 16:28:24.290, 6241712122169, testhost.dll, MulticastDelegateUtilities.SafeInvoke: TestCaseEventsHandler.RaiseTestCaseEnd: Invoking callback 1/1 for Microsoft.VisualStudio.TestPlatform.CrossPlatEngine.DataCollection.ProxyOutOfProcDataCollectionManager., took 0 ms.
TpTrace Warning: 0 : 8208, 14, 2024/04/25, 16:28:24.290, 6241712122463, testhost.dll, TestRunCache: InProgressTests is null
TpTrace Warning: 0 : 8208, 14, 2024/04/25, 16:28:24.290, 6241712122692, testhost.dll, TestRunCache: No test found corresponding to testResult 'UpdateCustomerTest' in inProgress list.
TpTrace Information: 0 : 8208, 4, 2024/04/25, 16:28:24.294, 6241712167310, testhost.dll, NUnit Adapter 4.4.0.0: Test execution complete
TpTrace Verbose: 0 : 8208, 4, 2024/04/25, 16:28:24.295, 6241712170932, testhost.dll, TestRequestHandler.SendData: sending data from testhost: {"Version":7,"MessageType":"TestSession.Message","Payload":{"MessageLevel":0,"Message":"NUnit Adapter 4.4.0.0: Test execution complete"}}
TpTrace Verbose: 0 : 8208, 4, 2024/04/25, 16:28:24.295, 6241712173659, testhost.dll, MulticastDelegateUtilities.SafeInvoke: TestRunMessageLoggerProxy.SendMessage: Invoking callback 1/1 for Microsoft.VisualStudio.TestPlatform.CrossPlatEngine.Execution.RunTestsWithSources., took 0 ms.
TpTrace Verbose: 0 : 8208, 4, 2024/04/25, 16:28:24.301, 6241712235434, testhost.dll, BaseRunTests.RunTestInternalWithExecutors: Completed running tests for executor://NUnit3TestExecutor
TpTrace Verbose: 0 : 8208, 4, 2024/04/25, 16:28:24.302, 6241712244348, testhost.dll, MulticastDelegateUtilities.SafeInvoke: TestCaseEventsHandler.RaiseSessionEnd: Invoking callback 1/1 for Microsoft.VisualStudio.TestPlatform.CrossPlatEngine.DataCollection.ProxyOutOfProcDataCollectionManager., took 0 ms.
TpTrace Information: 0 : 8208, 4, 2024/04/25, 16:28:24.305, 6241712276871, testhost.dll, Sending test run complete
TpTrace Verbose: 0 : 8208, 4, 2024/04/25, 16:28:24.336, 6241712583261, testhost.dll, TestRequestHandler.SendData: sending data from testhost: {"Version":7,"MessageType":"TestExecution.Completed","Payload":{"TestRunCompleteArgs":{"TestRunStatistics":{"ExecutedTests":4,"Stats":{"Passed":4}},"IsCanceled":false,"IsAborted":false,"Error":null,"AttachmentSets":[],"InvokedDataCollectors":[],"ElapsedTimeInRunningTests":"00:00:00.3753460","Metrics":{},"DiscoveredExtensions":{"TestDiscoverers":["NUnit.VisualStudio.TestAdapter.NUnit3TestDiscoverer, NUnit3.TestAdapter, Version=4.4.0.0, Culture=neutral, PublicKeyToken=4cb40d35494691ac"],"TestExecutors":["executor://NUnit3TestExecutor"],"TestExecutors2":[],"TestSettingsProviders":[]}},"LastRunTests":{"NewTestResults":[{"TestCase":{"Id":"8dd508c0-a8ab-b798-a64c-68f1ba8c5eee","FullyQualifiedName":"ShoppingBLTets.CustomerBLTest.AddCustomerTest","DisplayName":"AddCustomerTest","ExecutorUri":"executor://NUnit3TestExecutor","Source":"C:\\Users\\VC\\codestack\\GenSpark\\day11\\ShoppingSolution\\ShoppingBLTets\\bin\\Debug\\net6.0\\fine-code-coverage\\build-output\\ShoppingBLTets.dll","CodeFilePath":null,"LineNumber":0,"Properties":[{"Key":{"Id":"NUnit.Seed","Label":"Seed","Category":"","Description":"","Attributes":0,"ValueType":"System.String"},"Value":"1639986187"}]},"Attachments":[],"Outcome":1,"ErrorMessage":null,"ErrorStackTrace":null,"DisplayName":"AddCustomerTest","Messages":[],"ComputerName":"J9GCBX3","Duration":"00:00:00.0219660","StartTime":"2024-04-25T10:58:24.1929448+00:00","EndTime":"2024-04-25T10:58:24.2147925+00:00","Properties":[{"Key":{"Id":"NUnit.Seed","Label":"Seed","Category":"","Description":"","Attributes":0,"ValueType":"System.String"},"Value":"1639986187"}]},{"TestCase":{"Id":"05d1e830-e1a1-6a72-b85f-0d533931ef6e","FullyQualifiedName":"ShoppingBLTets.CustomerBLTest.DeleteCustomerTest","DisplayName":"DeleteCustomerTest","ExecutorUri":"executor://NUnit3TestExecutor","Source":"C:\\Users\\VC\\codestack\\GenSpark\\day11\\ShoppingSolution\\ShoppingBLTets\\bin\\Debug\\net6.0\\fine-code-coverage\\build-output\\ShoppingBLTets.dll","CodeFilePath":null,"LineNumber":0,"Properties":[{"Key":{"Id":"NUnit.Seed","Label":"Seed","Category":"","Description":"","Attributes":0,"ValueType":"System.String"},"Value":"920949844"}]},"Attachments":[],"Outcome":1,"ErrorMessage":null,"ErrorStackTrace":null,"DisplayName":"DeleteCustomerTest","Messages":[],"ComputerName":"J9GCBX3","Duration":"00:00:00.0080410","StartTime":"2024-04-25T10:58:24.2172006+00:00","EndTime":"2024-04-25T10:58:24.2252419+00:00","Properties":[{"Key":{"Id":"NUnit.Seed","Label":"Seed","Category":"","Description":"","Attributes":0,"ValueType":"System.String"},"Value":"920949844"}]},{"TestCase":{"Id":"8c645aae-a328-0315-c220-9c2fcb64a384","FullyQualifiedName":"ShoppingBLTets.CustomerBLTest.GetCustomerTest","DisplayName":"GetCustomerTest","ExecutorUri":"executor://NUnit3TestExecutor","Source":"C:\\Users\\VC\\codestack\\GenSpark\\day11\\ShoppingSolution\\ShoppingBLTets\\bin\\Debug\\net6.0\\fine-code-coverage\\build-output\\ShoppingBLTets.dll","CodeFilePath":null,"LineNumber":0,"Properties":[{"Key":{"Id":"NUnit.Seed","Label":"Seed","Category":"","Description":"","Attributes":0,"ValueType":"System.String"},"Value":"442654742"}]},"Attachments":[],"Outcome":1,"ErrorMessage":null,"ErrorStackTrace":null,"DisplayName":"GetCustomerTest","Messages":[],"ComputerName":"J9GCBX3","Duration":"00:00:00.0001789","StartTime":"2024-04-25T10:58:24.225311+00:00","EndTime":"2024-04-25T10:58:24.2254906+00:00","Properties":[{"Key":{"Id":"NUnit.Seed","Label":"Seed","Category":"","Description":"","Attributes":0,"ValueType":"System.String"},"Value":"442654742"}]},{"TestCase":{"Id":"eefe311c-2fe1-4ace-23c4-249c1f1d7663","FullyQualifiedName":"ShoppingBLTets.CustomerBLTest.UpdateCustomerTest","DisplayName":"UpdateCustomerTest","ExecutorUri":"executor://NUnit3TestExecutor","Source":"C:\\Users\\VC\\codestack\\GenSpark\\day11\\ShoppingSolution\\ShoppingBLTets\\bin\\Debug\\net6.0\\fine-code-coverage\\build-output\\ShoppingBLTets.dll","CodeFilePath":null,"LineNumber":0,"Properties":[{"Key":{"Id":"NUnit.Seed","Label":"Seed","Category":"","Description":"","Attributes":0,"ValueType":"System.String"},"Value":"735683352"}]},"Attachments":[],"Outcome":1,"ErrorMessage":null,"ErrorStackTrace":null,"DisplayName":"UpdateCustomerTest","Messages":[],"ComputerName":"J9GCBX3","Duration":"00:00:00.0002100","StartTime":"2024-04-25T10:58:24.2255024+00:00","EndTime":"2024-04-25T10:58:24.2257119+00:00","Properties":[{"Key":{"Id":"NUnit.Seed","Label":"Seed","Category":"","Description":"","Attributes":0,"ValueType":"System.String"},"Value":"735683352"}]}],"TestRunStatistics":{"ExecutedTests":4,"Stats":{"Passed":4}},"ActiveTests":[]},"RunAttachments":[],"ExecutorUris":["executor://nunit3testexecutor/"]}}
TpTrace Verbose: 0 : 8208, 4, 2024/04/25, 16:28:24.336, 6241712586746, testhost.dll, BaseRunTests.RunTests: Run is complete.
TpTrace Verbose: 0 : 8208, 9, 2024/04/25, 16:28:24.337, 6241712592569, testhost.dll, TcpClientExtensions.MessageLoopAsync: NotifyDataAvailable remoteEndPoint: [::ffff:127.0.0.1]:49685 localEndPoint: [::ffff:127.0.0.1]:49686
TpTrace Information: 0 : 8208, 9, 2024/04/25, 16:28:24.337, 6241712593692, testhost.dll, TestRequestHandler.OnMessageReceived: received message: (TestSession.Terminate) -> {"MessageType":"TestSession.Terminate","Payload":null}
TpTrace Information: 0 : 8208, 9, 2024/04/25, 16:28:24.337, 6241712594046, testhost.dll, Session End message received from server. Closing the connection.
TpTrace Information: 0 : 8208, 9, 2024/04/25, 16:28:24.337, 6241712597270, testhost.dll, SocketClient.Stop: Stop communication from server endpoint: 127.0.0.1:049685
TpTrace Information: 0 : 8208, 9, 2024/04/25, 16:28:24.337, 6241712597760, testhost.dll, SocketClient: Stop: Cancellation requested. Stopping message loop.
TpTrace Verbose: 0 : 8208, 9, 2024/04/25, 16:28:24.337, 6241712599207, testhost.dll, LengthPrefixCommunicationChannel.Dispose: Dispose reader and writer.
TpTrace Information: 0 : 8208, 9, 2024/04/25, 16:28:24.337, 6241712599706, testhost.dll, Closing the connection !
TpTrace Verbose: 0 : 8208, 9, 2024/04/25, 16:28:24.337, 6241712600091, testhost.dll, MulticastDelegateUtilities.SafeInvoke: LengthPrefixCommunicationChannel: MessageReceived: Invoking callback 1/1 for Microsoft.VisualStudio.TestPlatform.CommunicationUtilities.TestRequestHandler., took 0 ms.
TpTrace Information: 0 : 8208, 9, 2024/04/25, 16:28:24.338, 6241712601863, testhost.dll, SocketClient.PrivateStop: Stop communication from server endpoint: 127.0.0.1:049685, error:
TpTrace Information: 0 : 8208, 1, 2024/04/25, 16:28:24.338, 6241712602764, testhost.dll, Closing the connection!
TpTrace Verbose: 0 : 8208, 9, 2024/04/25, 16:28:24.338, 6241712603579, testhost.dll, LengthPrefixCommunicationChannel.Dispose: Dispose reader and writer.
TpTrace Information: 0 : 8208, 1, 2024/04/25, 16:28:24.338, 6241712603737, testhost.dll, Testhost process exiting.
TpTrace Verbose: 0 : 8208, 9, 2024/04/25, 16:28:24.338, 6241712604507, testhost.dll, TcpClientExtensions.MessageLoopAsync: exiting MessageLoopAsync remoteEndPoint: [::ffff:127.0.0.1]:49685 localEndPoint: [::ffff:127.0.0.1]:49686
